[2025-03-27T08:30:52.080+0000] {taskinstance.py:1956} INFO - Dependencies all met for dep_context=non-requeueable deps ti=<TaskInstance: fetch_aqi_multiple_cities.fetch_aqi_all_cities manual__2025-03-27T08:30:50.937083+00:00 [queued]>
[2025-03-27T08:30:52.085+0000] {taskinstance.py:1956} INFO - Dependencies all met for dep_context=requeueable deps ti=<TaskInstance: fetch_aqi_multiple_cities.fetch_aqi_all_cities manual__2025-03-27T08:30:50.937083+00:00 [queued]>
[2025-03-27T08:30:52.085+0000] {taskinstance.py:2170} INFO - Starting attempt 1 of 2
[2025-03-27T08:30:52.091+0000] {taskinstance.py:2191} INFO - Executing <Task(PythonOperator): fetch_aqi_all_cities> on 2025-03-27 08:30:50.937083+00:00
[2025-03-27T08:30:52.093+0000] {standard_task_runner.py:60} INFO - Started process 695 to run task
[2025-03-27T08:30:52.095+0000] {standard_task_runner.py:87} INFO - Running: ['***', 'tasks', 'run', 'fetch_aqi_multiple_cities', 'fetch_aqi_all_cities', 'manual__2025-03-27T08:30:50.937083+00:00', '--job-id', '19', '--raw', '--subdir', 'DAGS_FOLDER/fetch_multiple_cities.py', '--cfg-path', '/tmp/tmplkydij0q']
[2025-03-27T08:30:52.096+0000] {standard_task_runner.py:88} INFO - Job 19: Subtask fetch_aqi_all_cities
[2025-03-27T08:30:52.103+0000] {logging_mixin.py:188} WARNING - /home/***/.local/lib/python3.8/site-packages/***/settings.py:194 DeprecationWarning: The sql_alchemy_conn option in [core] has been moved to the sql_alchemy_conn option in [database] - the old setting has been used, but please update your config.
[2025-03-27T08:30:52.118+0000] {task_command.py:423} INFO - Running <TaskInstance: fetch_aqi_multiple_cities.fetch_aqi_all_cities manual__2025-03-27T08:30:50.937083+00:00 [running]> on host 79a5714298e2
[2025-03-27T08:30:52.146+0000] {taskinstance.py:2480} INFO - Exporting env vars: AIRFLOW_CTX_DAG_OWNER='***' AIRFLOW_CTX_DAG_ID='fetch_aqi_multiple_cities' AIRFLOW_CTX_TASK_ID='fetch_aqi_all_cities' AIRFLOW_CTX_EXECUTION_DATE='2025-03-27T08:30:50.937083+00:00' AIRFLOW_CTX_TRY_NUMBER='1' AIRFLOW_CTX_DAG_RUN_ID='manual__2025-03-27T08:30:50.937083+00:00'
[2025-03-27T08:30:52.432+0000] {fetch_multiple_cities.py:50} INFO - ✅ Bangkok: AQI = 129
[2025-03-27T08:30:52.441+0000] {base.py:83} INFO - Using connection ID 'postgres_conn' for task execution.
[2025-03-27T08:30:52.444+0000] {sql.py:450} INFO - Running statement: 
                        INSERT INTO air_quality_data (city, aqi, timestamp_utc)
                        VALUES (%s, %s, %s);
                    , parameters: ('Bangkok', 129, datetime.datetime(2025, 3, 27, 8, 30, 52, 146547))
[2025-03-27T08:30:52.445+0000] {sql.py:459} INFO - Rows affected: 1
[2025-03-27T08:30:52.707+0000] {fetch_multiple_cities.py:59} WARNING - ❌ API error for Nonthaburi: 400
[2025-03-27T08:30:52.955+0000] {fetch_multiple_cities.py:50} INFO - ✅ Chiang Mai: AQI = 149
[2025-03-27T08:30:52.963+0000] {base.py:83} INFO - Using connection ID 'postgres_conn' for task execution.
[2025-03-27T08:30:52.966+0000] {sql.py:450} INFO - Running statement: 
                        INSERT INTO air_quality_data (city, aqi, timestamp_utc)
                        VALUES (%s, %s, %s);
                    , parameters: ('Chiang Mai', 149, datetime.datetime(2025, 3, 27, 8, 30, 52, 146547))
[2025-03-27T08:30:52.967+0000] {sql.py:459} INFO - Rows affected: 1
[2025-03-27T08:30:53.216+0000] {fetch_multiple_cities.py:59} WARNING - ❌ API error for Suphanburi: 429
[2025-03-27T08:30:53.473+0000] {fetch_multiple_cities.py:59} WARNING - ❌ API error for Ratchaburi: 429
[2025-03-27T08:30:53.474+0000] {python.py:201} INFO - Done. Returned value was: None
[2025-03-27T08:30:53.488+0000] {taskinstance.py:1138} INFO - Marking task as SUCCESS. dag_id=fetch_aqi_multiple_cities, task_id=fetch_aqi_all_cities, execution_date=20250327T083050, start_date=20250327T083052, end_date=20250327T083053
[2025-03-27T08:30:53.518+0000] {local_task_job_runner.py:234} INFO - Task exited with return code 0
[2025-03-27T08:30:53.530+0000] {taskinstance.py:3280} INFO - 0 downstream tasks scheduled from follow-on schedule check
