[2025-03-28T15:00:00.735+0000] {taskinstance.py:1956} INFO - Dependencies all met for dep_context=non-requeueable deps ti=<TaskInstance: fetch_aqi_multiple_cities.fetch_aqi_all_cities scheduled__2025-03-28T14:00:00+00:00 [queued]>
[2025-03-28T15:00:00.737+0000] {taskinstance.py:1956} INFO - Dependencies all met for dep_context=requeueable deps ti=<TaskInstance: fetch_aqi_multiple_cities.fetch_aqi_all_cities scheduled__2025-03-28T14:00:00+00:00 [queued]>
[2025-03-28T15:00:00.737+0000] {taskinstance.py:2170} INFO - Starting attempt 1 of 2
[2025-03-28T15:00:00.741+0000] {taskinstance.py:2191} INFO - Executing <Task(PythonOperator): fetch_aqi_all_cities> on 2025-03-28 14:00:00+00:00
[2025-03-28T15:00:00.743+0000] {standard_task_runner.py:60} INFO - Started process 7948 to run task
[2025-03-28T15:00:00.745+0000] {standard_task_runner.py:87} INFO - Running: ['***', 'tasks', 'run', 'fetch_aqi_multiple_cities', 'fetch_aqi_all_cities', 'scheduled__2025-03-28T14:00:00+00:00', '--job-id', '81', '--raw', '--subdir', 'DAGS_FOLDER/fetch_multiple_cities.py', '--cfg-path', '/tmp/tmp38wtlaqm']
[2025-03-28T15:00:00.746+0000] {standard_task_runner.py:88} INFO - Job 81: Subtask fetch_aqi_all_cities
[2025-03-28T15:00:00.751+0000] {logging_mixin.py:188} WARNING - /home/***/.local/lib/python3.8/site-packages/***/settings.py:194 DeprecationWarning: The sql_alchemy_conn option in [core] has been moved to the sql_alchemy_conn option in [database] - the old setting has been used, but please update your config.
[2025-03-28T15:00:00.762+0000] {task_command.py:423} INFO - Running <TaskInstance: fetch_aqi_multiple_cities.fetch_aqi_all_cities scheduled__2025-03-28T14:00:00+00:00 [running]> on host f5300fe43025
[2025-03-28T15:00:00.786+0000] {taskinstance.py:2480} INFO - Exporting env vars: AIRFLOW_CTX_DAG_OWNER='***' AIRFLOW_CTX_DAG_ID='fetch_aqi_multiple_cities' AIRFLOW_CTX_TASK_ID='fetch_aqi_all_cities' AIRFLOW_CTX_EXECUTION_DATE='2025-03-28T14:00:00+00:00' AIRFLOW_CTX_TRY_NUMBER='1' AIRFLOW_CTX_DAG_RUN_ID='scheduled__2025-03-28T14:00:00+00:00'
[2025-03-28T15:00:01.020+0000] {fetch_multiple_cities.py:51} INFO - ✅ Bangkok: AQI = 114
[2025-03-28T15:00:01.034+0000] {base.py:83} INFO - Using connection ID 'postgres_conn' for task execution.
[2025-03-28T15:00:01.038+0000] {sql.py:450} INFO - Running statement: 
                        INSERT INTO air_quality_data (city, aqi, timestamp_utc)
                        VALUES (%s, %s, %s);
                    , parameters: ('Bangkok', 114, datetime.datetime(2025, 3, 28, 22, 0, 0, 787335, tzinfo=<DstTzInfo 'Asia/Bangkok' +07+7:00:00 STD>))
[2025-03-28T15:00:01.039+0000] {sql.py:459} INFO - Rows affected: 1
[2025-03-28T15:00:16.394+0000] {fetch_multiple_cities.py:51} INFO - ✅ Chiang Mai: AQI = 141
[2025-03-28T15:00:16.409+0000] {base.py:83} INFO - Using connection ID 'postgres_conn' for task execution.
[2025-03-28T15:00:16.412+0000] {sql.py:450} INFO - Running statement: 
                        INSERT INTO air_quality_data (city, aqi, timestamp_utc)
                        VALUES (%s, %s, %s);
                    , parameters: ('Chiang Mai', 141, datetime.datetime(2025, 3, 28, 22, 0, 0, 787335, tzinfo=<DstTzInfo 'Asia/Bangkok' +07+7:00:00 STD>))
[2025-03-28T15:00:16.413+0000] {sql.py:459} INFO - Rows affected: 1
[2025-03-28T15:00:31.674+0000] {fetch_multiple_cities.py:51} INFO - ✅ Ratchaburi: AQI = 73
[2025-03-28T15:00:31.679+0000] {base.py:83} INFO - Using connection ID 'postgres_conn' for task execution.
[2025-03-28T15:00:31.682+0000] {sql.py:450} INFO - Running statement: 
                        INSERT INTO air_quality_data (city, aqi, timestamp_utc)
                        VALUES (%s, %s, %s);
                    , parameters: ('Ratchaburi', 73, datetime.datetime(2025, 3, 28, 22, 0, 0, 787335, tzinfo=<DstTzInfo 'Asia/Bangkok' +07+7:00:00 STD>))
[2025-03-28T15:00:31.682+0000] {sql.py:459} INFO - Rows affected: 1
[2025-03-28T15:00:46.922+0000] {fetch_multiple_cities.py:51} INFO - ✅ Rua Yai: AQI = 66
[2025-03-28T15:00:46.931+0000] {base.py:83} INFO - Using connection ID 'postgres_conn' for task execution.
[2025-03-28T15:00:46.936+0000] {sql.py:450} INFO - Running statement: 
                        INSERT INTO air_quality_data (city, aqi, timestamp_utc)
                        VALUES (%s, %s, %s);
                    , parameters: ('Rua Yai', 66, datetime.datetime(2025, 3, 28, 22, 0, 0, 787335, tzinfo=<DstTzInfo 'Asia/Bangkok' +07+7:00:00 STD>))
[2025-03-28T15:00:46.937+0000] {sql.py:459} INFO - Rows affected: 1
[2025-03-28T15:01:02.301+0000] {fetch_multiple_cities.py:51} INFO - ✅ Mueang Nonthaburi: AQI = 107
[2025-03-28T15:01:02.310+0000] {base.py:83} INFO - Using connection ID 'postgres_conn' for task execution.
[2025-03-28T15:01:02.314+0000] {sql.py:450} INFO - Running statement: 
                        INSERT INTO air_quality_data (city, aqi, timestamp_utc)
                        VALUES (%s, %s, %s);
                    , parameters: ('Mueang Nonthaburi', 107, datetime.datetime(2025, 3, 28, 22, 0, 0, 787335, tzinfo=<DstTzInfo 'Asia/Bangkok' +07+7:00:00 STD>))
[2025-03-28T15:01:02.316+0000] {sql.py:459} INFO - Rows affected: 1
[2025-03-28T15:01:17.319+0000] {python.py:201} INFO - Done. Returned value was: None
[2025-03-28T15:01:17.323+0000] {taskinstance.py:1138} INFO - Marking task as SUCCESS. dag_id=fetch_aqi_multiple_cities, task_id=fetch_aqi_all_cities, execution_date=20250328T140000, start_date=20250328T150000, end_date=20250328T150117
[2025-03-28T15:01:17.345+0000] {local_task_job_runner.py:234} INFO - Task exited with return code 0
[2025-03-28T15:01:17.351+0000] {taskinstance.py:3280} INFO - 0 downstream tasks scheduled from follow-on schedule check
