[2025-03-30T17:07:36.782+0000] {taskinstance.py:1956} INFO - Dependencies all met for dep_context=non-requeueable deps ti=<TaskInstance: fetch_aqi_multiple_cities.fetch_aqi_all_cities scheduled__2025-03-30T16:00:00+00:00 [queued]>
[2025-03-30T17:07:36.786+0000] {taskinstance.py:1956} INFO - Dependencies all met for dep_context=requeueable deps ti=<TaskInstance: fetch_aqi_multiple_cities.fetch_aqi_all_cities scheduled__2025-03-30T16:00:00+00:00 [queued]>
[2025-03-30T17:07:36.786+0000] {taskinstance.py:2170} INFO - Starting attempt 1 of 2
[2025-03-30T17:07:36.792+0000] {taskinstance.py:2191} INFO - Executing <Task(PythonOperator): fetch_aqi_all_cities> on 2025-03-30 16:00:00+00:00
[2025-03-30T17:07:36.794+0000] {standard_task_runner.py:60} INFO - Started process 36232 to run task
[2025-03-30T17:07:36.796+0000] {standard_task_runner.py:87} INFO - Running: ['***', 'tasks', 'run', 'fetch_aqi_multiple_cities', 'fetch_aqi_all_cities', 'scheduled__2025-03-30T16:00:00+00:00', '--job-id', '135', '--raw', '--subdir', 'DAGS_FOLDER/fetch_multiple_cities.py', '--cfg-path', '/tmp/tmpbfrolqkr']
[2025-03-30T17:07:36.797+0000] {standard_task_runner.py:88} INFO - Job 135: Subtask fetch_aqi_all_cities
[2025-03-30T17:07:36.804+0000] {logging_mixin.py:188} WARNING - /home/***/.local/lib/python3.8/site-packages/***/settings.py:194 DeprecationWarning: The sql_alchemy_conn option in [core] has been moved to the sql_alchemy_conn option in [database] - the old setting has been used, but please update your config.
[2025-03-30T17:07:36.820+0000] {task_command.py:423} INFO - Running <TaskInstance: fetch_aqi_multiple_cities.fetch_aqi_all_cities scheduled__2025-03-30T16:00:00+00:00 [running]> on host f5300fe43025
[2025-03-30T17:07:36.854+0000] {taskinstance.py:2480} INFO - Exporting env vars: AIRFLOW_CTX_DAG_OWNER='***' AIRFLOW_CTX_DAG_ID='fetch_aqi_multiple_cities' AIRFLOW_CTX_TASK_ID='fetch_aqi_all_cities' AIRFLOW_CTX_EXECUTION_DATE='2025-03-30T16:00:00+00:00' AIRFLOW_CTX_TRY_NUMBER='1' AIRFLOW_CTX_DAG_RUN_ID='scheduled__2025-03-30T16:00:00+00:00'
[2025-03-30T17:07:37.096+0000] {fetch_multiple_cities.py:51} INFO - ✅ Bangkok: AQI = 84
[2025-03-30T17:07:37.101+0000] {base.py:83} INFO - Using connection ID 'postgres_conn' for task execution.
[2025-03-30T17:07:37.107+0000] {sql.py:450} INFO - Running statement: 
                        INSERT INTO air_quality_data (city, aqi, timestamp_utc)
                        VALUES (%s, %s, %s);
                    , parameters: ('Bangkok', 84, datetime.datetime(2025, 3, 31, 0, 7, 36, 855328, tzinfo=<DstTzInfo 'Asia/Bangkok' +07+7:00:00 STD>))
[2025-03-30T17:07:37.109+0000] {sql.py:459} INFO - Rows affected: 1
[2025-03-30T17:07:52.413+0000] {fetch_multiple_cities.py:51} INFO - ✅ Chiang Mai: AQI = 170
[2025-03-30T17:07:52.423+0000] {base.py:83} INFO - Using connection ID 'postgres_conn' for task execution.
[2025-03-30T17:07:52.426+0000] {sql.py:450} INFO - Running statement: 
                        INSERT INTO air_quality_data (city, aqi, timestamp_utc)
                        VALUES (%s, %s, %s);
                    , parameters: ('Chiang Mai', 170, datetime.datetime(2025, 3, 31, 0, 7, 36, 855328, tzinfo=<DstTzInfo 'Asia/Bangkok' +07+7:00:00 STD>))
[2025-03-30T17:07:52.427+0000] {sql.py:459} INFO - Rows affected: 1
[2025-03-30T17:14:17.226+0000] {fetch_multiple_cities.py:51} INFO - ✅ Ratchaburi: AQI = 49
[2025-03-30T17:14:17.229+0000] {base.py:83} INFO - Using connection ID 'postgres_conn' for task execution.
[2025-03-30T17:14:17.230+0000] {sql.py:450} INFO - Running statement: 
                        INSERT INTO air_quality_data (city, aqi, timestamp_utc)
                        VALUES (%s, %s, %s);
                    , parameters: ('Ratchaburi', 49, datetime.datetime(2025, 3, 31, 0, 7, 36, 855328, tzinfo=<DstTzInfo 'Asia/Bangkok' +07+7:00:00 STD>))
[2025-03-30T17:14:17.231+0000] {sql.py:459} INFO - Rows affected: 1
[2025-03-30T17:14:32.504+0000] {fetch_multiple_cities.py:51} INFO - ✅ Rua Yai: AQI = 88
[2025-03-30T17:14:32.514+0000] {base.py:83} INFO - Using connection ID 'postgres_conn' for task execution.
[2025-03-30T17:14:32.518+0000] {sql.py:450} INFO - Running statement: 
                        INSERT INTO air_quality_data (city, aqi, timestamp_utc)
                        VALUES (%s, %s, %s);
                    , parameters: ('Rua Yai', 88, datetime.datetime(2025, 3, 31, 0, 7, 36, 855328, tzinfo=<DstTzInfo 'Asia/Bangkok' +07+7:00:00 STD>))
[2025-03-30T17:14:32.519+0000] {sql.py:459} INFO - Rows affected: 1
[2025-03-30T17:37:18.583+0000] {fetch_multiple_cities.py:51} INFO - ✅ Mueang Nonthaburi: AQI = 75
[2025-03-30T17:37:18.591+0000] {base.py:83} INFO - Using connection ID 'postgres_conn' for task execution.
[2025-03-30T17:37:18.595+0000] {sql.py:450} INFO - Running statement: 
                        INSERT INTO air_quality_data (city, aqi, timestamp_utc)
                        VALUES (%s, %s, %s);
                    , parameters: ('Mueang Nonthaburi', 75, datetime.datetime(2025, 3, 31, 0, 7, 36, 855328, tzinfo=<DstTzInfo 'Asia/Bangkok' +07+7:00:00 STD>))
[2025-03-30T17:37:18.596+0000] {sql.py:459} INFO - Rows affected: 1
[2025-03-30T17:37:33.619+0000] {python.py:201} INFO - Done. Returned value was: None
[2025-03-30T17:37:33.632+0000] {taskinstance.py:1138} INFO - Marking task as SUCCESS. dag_id=fetch_aqi_multiple_cities, task_id=fetch_aqi_all_cities, execution_date=20250330T160000, start_date=20250330T170736, end_date=20250330T173733
[2025-03-30T17:37:33.667+0000] {local_task_job_runner.py:234} INFO - Task exited with return code 0
[2025-03-30T17:37:33.677+0000] {taskinstance.py:3280} INFO - 0 downstream tasks scheduled from follow-on schedule check
