[2025-03-30T02:11:19.768+0000] {taskinstance.py:1956} INFO - Dependencies all met for dep_context=non-requeueable deps ti=<TaskInstance: fetch_aqi_multiple_cities.fetch_aqi_all_cities scheduled__2025-03-30T01:00:00+00:00 [queued]>
[2025-03-30T02:11:19.772+0000] {taskinstance.py:1956} INFO - Dependencies all met for dep_context=requeueable deps ti=<TaskInstance: fetch_aqi_multiple_cities.fetch_aqi_all_cities scheduled__2025-03-30T01:00:00+00:00 [queued]>
[2025-03-30T02:11:19.772+0000] {taskinstance.py:2170} INFO - Starting attempt 1 of 2
[2025-03-30T02:11:19.777+0000] {taskinstance.py:2191} INFO - Executing <Task(PythonOperator): fetch_aqi_all_cities> on 2025-03-30 01:00:00+00:00
[2025-03-30T02:11:19.780+0000] {standard_task_runner.py:60} INFO - Started process 27422 to run task
[2025-03-30T02:11:19.782+0000] {standard_task_runner.py:87} INFO - Running: ['***', 'tasks', 'run', 'fetch_aqi_multiple_cities', 'fetch_aqi_all_cities', 'scheduled__2025-03-30T01:00:00+00:00', '--job-id', '120', '--raw', '--subdir', 'DAGS_FOLDER/fetch_multiple_cities.py', '--cfg-path', '/tmp/tmpyc82b7_z']
[2025-03-30T02:11:19.783+0000] {standard_task_runner.py:88} INFO - Job 120: Subtask fetch_aqi_all_cities
[2025-03-30T02:11:19.789+0000] {logging_mixin.py:188} WARNING - /home/***/.local/lib/python3.8/site-packages/***/settings.py:194 DeprecationWarning: The sql_alchemy_conn option in [core] has been moved to the sql_alchemy_conn option in [database] - the old setting has been used, but please update your config.
[2025-03-30T02:11:19.802+0000] {task_command.py:423} INFO - Running <TaskInstance: fetch_aqi_multiple_cities.fetch_aqi_all_cities scheduled__2025-03-30T01:00:00+00:00 [running]> on host f5300fe43025
[2025-03-30T02:11:19.829+0000] {taskinstance.py:2480} INFO - Exporting env vars: AIRFLOW_CTX_DAG_OWNER='***' AIRFLOW_CTX_DAG_ID='fetch_aqi_multiple_cities' AIRFLOW_CTX_TASK_ID='fetch_aqi_all_cities' AIRFLOW_CTX_EXECUTION_DATE='2025-03-30T01:00:00+00:00' AIRFLOW_CTX_TRY_NUMBER='1' AIRFLOW_CTX_DAG_RUN_ID='scheduled__2025-03-30T01:00:00+00:00'
[2025-03-30T02:11:20.171+0000] {fetch_multiple_cities.py:51} INFO - ✅ Bangkok: AQI = 105
[2025-03-30T02:11:20.175+0000] {base.py:83} INFO - Using connection ID 'postgres_conn' for task execution.
[2025-03-30T02:11:20.177+0000] {sql.py:450} INFO - Running statement: 
                        INSERT INTO air_quality_data (city, aqi, timestamp_utc)
                        VALUES (%s, %s, %s);
                    , parameters: ('Bangkok', 105, datetime.datetime(2025, 3, 30, 9, 11, 19, 830117, tzinfo=<DstTzInfo 'Asia/Bangkok' +07+7:00:00 STD>))
[2025-03-30T02:11:20.177+0000] {sql.py:459} INFO - Rows affected: 1
[2025-03-30T02:11:35.440+0000] {fetch_multiple_cities.py:51} INFO - ✅ Chiang Mai: AQI = 187
[2025-03-30T02:11:35.450+0000] {base.py:83} INFO - Using connection ID 'postgres_conn' for task execution.
[2025-03-30T02:11:35.454+0000] {sql.py:450} INFO - Running statement: 
                        INSERT INTO air_quality_data (city, aqi, timestamp_utc)
                        VALUES (%s, %s, %s);
                    , parameters: ('Chiang Mai', 187, datetime.datetime(2025, 3, 30, 9, 11, 19, 830117, tzinfo=<DstTzInfo 'Asia/Bangkok' +07+7:00:00 STD>))
[2025-03-30T02:11:35.456+0000] {sql.py:459} INFO - Rows affected: 1
[2025-03-30T02:14:52.393+0000] {fetch_multiple_cities.py:51} INFO - ✅ Ratchaburi: AQI = 84
[2025-03-30T02:14:52.402+0000] {base.py:83} INFO - Using connection ID 'postgres_conn' for task execution.
[2025-03-30T02:14:52.404+0000] {sql.py:450} INFO - Running statement: 
                        INSERT INTO air_quality_data (city, aqi, timestamp_utc)
                        VALUES (%s, %s, %s);
                    , parameters: ('Ratchaburi', 84, datetime.datetime(2025, 3, 30, 9, 11, 19, 830117, tzinfo=<DstTzInfo 'Asia/Bangkok' +07+7:00:00 STD>))
[2025-03-30T02:14:52.405+0000] {sql.py:459} INFO - Rows affected: 1
[2025-03-30T02:15:07.711+0000] {fetch_multiple_cities.py:51} INFO - ✅ Rua Yai: AQI = 113
[2025-03-30T02:15:07.720+0000] {base.py:83} INFO - Using connection ID 'postgres_conn' for task execution.
[2025-03-30T02:15:07.724+0000] {sql.py:450} INFO - Running statement: 
                        INSERT INTO air_quality_data (city, aqi, timestamp_utc)
                        VALUES (%s, %s, %s);
                    , parameters: ('Rua Yai', 113, datetime.datetime(2025, 3, 30, 9, 11, 19, 830117, tzinfo=<DstTzInfo 'Asia/Bangkok' +07+7:00:00 STD>))
[2025-03-30T02:15:07.726+0000] {sql.py:459} INFO - Rows affected: 1
[2025-03-30T02:17:51.866+0000] {fetch_multiple_cities.py:51} INFO - ✅ Mueang Nonthaburi: AQI = 105
[2025-03-30T02:17:51.878+0000] {base.py:83} INFO - Using connection ID 'postgres_conn' for task execution.
[2025-03-30T02:17:51.882+0000] {sql.py:450} INFO - Running statement: 
                        INSERT INTO air_quality_data (city, aqi, timestamp_utc)
                        VALUES (%s, %s, %s);
                    , parameters: ('Mueang Nonthaburi', 105, datetime.datetime(2025, 3, 30, 9, 11, 19, 830117, tzinfo=<DstTzInfo 'Asia/Bangkok' +07+7:00:00 STD>))
[2025-03-30T02:17:51.883+0000] {sql.py:459} INFO - Rows affected: 1
[2025-03-30T02:18:06.897+0000] {python.py:201} INFO - Done. Returned value was: None
[2025-03-30T02:18:06.910+0000] {taskinstance.py:1138} INFO - Marking task as SUCCESS. dag_id=fetch_aqi_multiple_cities, task_id=fetch_aqi_all_cities, execution_date=20250330T010000, start_date=20250330T021119, end_date=20250330T021806
[2025-03-30T02:18:06.938+0000] {local_task_job_runner.py:234} INFO - Task exited with return code 0
[2025-03-30T02:18:06.949+0000] {taskinstance.py:3280} INFO - 0 downstream tasks scheduled from follow-on schedule check
