[2025-03-29T19:07:10.937+0000] {taskinstance.py:1956} INFO - Dependencies all met for dep_context=non-requeueable deps ti=<TaskInstance: fetch_aqi_multiple_cities.fetch_aqi_all_cities scheduled__2025-03-29T18:00:00+00:00 [queued]>
[2025-03-29T19:07:10.941+0000] {taskinstance.py:1956} INFO - Dependencies all met for dep_context=requeueable deps ti=<TaskInstance: fetch_aqi_multiple_cities.fetch_aqi_all_cities scheduled__2025-03-29T18:00:00+00:00 [queued]>
[2025-03-29T19:07:10.941+0000] {taskinstance.py:2170} INFO - Starting attempt 1 of 2
[2025-03-29T19:07:10.946+0000] {taskinstance.py:2191} INFO - Executing <Task(PythonOperator): fetch_aqi_all_cities> on 2025-03-29 18:00:00+00:00
[2025-03-29T19:07:10.948+0000] {standard_task_runner.py:60} INFO - Started process 25648 to run task
[2025-03-29T19:07:10.950+0000] {standard_task_runner.py:87} INFO - Running: ['***', 'tasks', 'run', 'fetch_aqi_multiple_cities', 'fetch_aqi_all_cities', 'scheduled__2025-03-29T18:00:00+00:00', '--job-id', '112', '--raw', '--subdir', 'DAGS_FOLDER/fetch_multiple_cities.py', '--cfg-path', '/tmp/tmpqpf9f1im']
[2025-03-29T19:07:10.951+0000] {standard_task_runner.py:88} INFO - Job 112: Subtask fetch_aqi_all_cities
[2025-03-29T19:07:10.958+0000] {logging_mixin.py:188} WARNING - /home/***/.local/lib/python3.8/site-packages/***/settings.py:194 DeprecationWarning: The sql_alchemy_conn option in [core] has been moved to the sql_alchemy_conn option in [database] - the old setting has been used, but please update your config.
[2025-03-29T19:07:10.972+0000] {task_command.py:423} INFO - Running <TaskInstance: fetch_aqi_multiple_cities.fetch_aqi_all_cities scheduled__2025-03-29T18:00:00+00:00 [running]> on host f5300fe43025
[2025-03-29T19:07:11.005+0000] {taskinstance.py:2480} INFO - Exporting env vars: AIRFLOW_CTX_DAG_OWNER='***' AIRFLOW_CTX_DAG_ID='fetch_aqi_multiple_cities' AIRFLOW_CTX_TASK_ID='fetch_aqi_all_cities' AIRFLOW_CTX_EXECUTION_DATE='2025-03-29T18:00:00+00:00' AIRFLOW_CTX_TRY_NUMBER='1' AIRFLOW_CTX_DAG_RUN_ID='scheduled__2025-03-29T18:00:00+00:00'
[2025-03-29T19:07:11.256+0000] {fetch_multiple_cities.py:51} INFO - ✅ Bangkok: AQI = 125
[2025-03-29T19:07:11.263+0000] {base.py:83} INFO - Using connection ID 'postgres_conn' for task execution.
[2025-03-29T19:07:11.265+0000] {sql.py:450} INFO - Running statement: 
                        INSERT INTO air_quality_data (city, aqi, timestamp_utc)
                        VALUES (%s, %s, %s);
                    , parameters: ('Bangkok', 125, datetime.datetime(2025, 3, 30, 2, 7, 11, 6586, tzinfo=<DstTzInfo 'Asia/Bangkok' +07+7:00:00 STD>))
[2025-03-29T19:07:11.266+0000] {sql.py:459} INFO - Rows affected: 1
[2025-03-29T19:07:26.634+0000] {fetch_multiple_cities.py:51} INFO - ✅ Chiang Mai: AQI = 174
[2025-03-29T19:07:26.644+0000] {base.py:83} INFO - Using connection ID 'postgres_conn' for task execution.
[2025-03-29T19:07:26.649+0000] {sql.py:450} INFO - Running statement: 
                        INSERT INTO air_quality_data (city, aqi, timestamp_utc)
                        VALUES (%s, %s, %s);
                    , parameters: ('Chiang Mai', 174, datetime.datetime(2025, 3, 30, 2, 7, 11, 6586, tzinfo=<DstTzInfo 'Asia/Bangkok' +07+7:00:00 STD>))
[2025-03-29T19:07:26.650+0000] {sql.py:459} INFO - Rows affected: 1
[2025-03-29T19:24:30.125+0000] {fetch_multiple_cities.py:51} INFO - ✅ Ratchaburi: AQI = 69
[2025-03-29T19:24:30.134+0000] {base.py:83} INFO - Using connection ID 'postgres_conn' for task execution.
[2025-03-29T19:24:30.137+0000] {sql.py:450} INFO - Running statement: 
                        INSERT INTO air_quality_data (city, aqi, timestamp_utc)
                        VALUES (%s, %s, %s);
                    , parameters: ('Ratchaburi', 69, datetime.datetime(2025, 3, 30, 2, 7, 11, 6586, tzinfo=<DstTzInfo 'Asia/Bangkok' +07+7:00:00 STD>))
[2025-03-29T19:24:30.144+0000] {sql.py:459} INFO - Rows affected: 1
[2025-03-29T19:24:45.447+0000] {fetch_multiple_cities.py:51} INFO - ✅ Rua Yai: AQI = 141
[2025-03-29T19:24:45.456+0000] {base.py:83} INFO - Using connection ID 'postgres_conn' for task execution.
[2025-03-29T19:24:45.460+0000] {sql.py:450} INFO - Running statement: 
                        INSERT INTO air_quality_data (city, aqi, timestamp_utc)
                        VALUES (%s, %s, %s);
                    , parameters: ('Rua Yai', 141, datetime.datetime(2025, 3, 30, 2, 7, 11, 6586, tzinfo=<DstTzInfo 'Asia/Bangkok' +07+7:00:00 STD>))
[2025-03-29T19:24:45.461+0000] {sql.py:459} INFO - Rows affected: 1
[2025-03-29T19:40:12.794+0000] {fetch_multiple_cities.py:51} INFO - ✅ Mueang Nonthaburi: AQI = 112
[2025-03-29T19:40:12.800+0000] {base.py:83} INFO - Using connection ID 'postgres_conn' for task execution.
[2025-03-29T19:40:12.802+0000] {sql.py:450} INFO - Running statement: 
                        INSERT INTO air_quality_data (city, aqi, timestamp_utc)
                        VALUES (%s, %s, %s);
                    , parameters: ('Mueang Nonthaburi', 112, datetime.datetime(2025, 3, 30, 2, 7, 11, 6586, tzinfo=<DstTzInfo 'Asia/Bangkok' +07+7:00:00 STD>))
[2025-03-29T19:40:12.803+0000] {sql.py:459} INFO - Rows affected: 1
[2025-03-29T19:40:27.807+0000] {python.py:201} INFO - Done. Returned value was: None
[2025-03-29T19:40:27.821+0000] {taskinstance.py:1138} INFO - Marking task as SUCCESS. dag_id=fetch_aqi_multiple_cities, task_id=fetch_aqi_all_cities, execution_date=20250329T180000, start_date=20250329T190710, end_date=20250329T194027
[2025-03-29T19:40:27.847+0000] {local_task_job_runner.py:234} INFO - Task exited with return code 0
[2025-03-29T19:40:27.857+0000] {taskinstance.py:3280} INFO - 0 downstream tasks scheduled from follow-on schedule check
