[2025-03-27T14:00:00.633+0000] {taskinstance.py:1956} INFO - Dependencies all met for dep_context=non-requeueable deps ti=<TaskInstance: fetch_aqi_multiple_cities.fetch_aqi_all_cities scheduled__2025-03-27T13:00:00+00:00 [queued]>
[2025-03-27T14:00:00.636+0000] {taskinstance.py:1956} INFO - Dependencies all met for dep_context=requeueable deps ti=<TaskInstance: fetch_aqi_multiple_cities.fetch_aqi_all_cities scheduled__2025-03-27T13:00:00+00:00 [queued]>
[2025-03-27T14:00:00.636+0000] {taskinstance.py:2170} INFO - Starting attempt 1 of 2
[2025-03-27T14:00:00.641+0000] {taskinstance.py:2191} INFO - Executing <Task(PythonOperator): fetch_aqi_all_cities> on 2025-03-27 13:00:00+00:00
[2025-03-27T14:00:00.642+0000] {standard_task_runner.py:60} INFO - Started process 2557 to run task
[2025-03-27T14:00:00.645+0000] {standard_task_runner.py:87} INFO - Running: ['***', 'tasks', 'run', 'fetch_aqi_multiple_cities', 'fetch_aqi_all_cities', 'scheduled__2025-03-27T13:00:00+00:00', '--job-id', '42', '--raw', '--subdir', 'DAGS_FOLDER/fetch_multiple_cities.py', '--cfg-path', '/tmp/tmpwa0qnrbc']
[2025-03-27T14:00:00.646+0000] {standard_task_runner.py:88} INFO - Job 42: Subtask fetch_aqi_all_cities
[2025-03-27T14:00:00.653+0000] {logging_mixin.py:188} WARNING - /home/***/.local/lib/python3.8/site-packages/***/settings.py:194 DeprecationWarning: The sql_alchemy_conn option in [core] has been moved to the sql_alchemy_conn option in [database] - the old setting has been used, but please update your config.
[2025-03-27T14:00:00.670+0000] {task_command.py:423} INFO - Running <TaskInstance: fetch_aqi_multiple_cities.fetch_aqi_all_cities scheduled__2025-03-27T13:00:00+00:00 [running]> on host deb394d50d01
[2025-03-27T14:00:00.704+0000] {taskinstance.py:2480} INFO - Exporting env vars: AIRFLOW_CTX_DAG_OWNER='***' AIRFLOW_CTX_DAG_ID='fetch_aqi_multiple_cities' AIRFLOW_CTX_TASK_ID='fetch_aqi_all_cities' AIRFLOW_CTX_EXECUTION_DATE='2025-03-27T13:00:00+00:00' AIRFLOW_CTX_TRY_NUMBER='1' AIRFLOW_CTX_DAG_RUN_ID='scheduled__2025-03-27T13:00:00+00:00'
[2025-03-27T14:00:01.083+0000] {fetch_multiple_cities.py:52} INFO - ✅ Bangkok: AQI = 110
[2025-03-27T14:00:01.092+0000] {base.py:83} INFO - Using connection ID 'postgres_conn' for task execution.
[2025-03-27T14:00:01.096+0000] {sql.py:450} INFO - Running statement: 
                        INSERT INTO air_quality_data (city, aqi, timestamp_utc)
                        VALUES (%s, %s, %s);
                    , parameters: ('Bangkok', 110, datetime.datetime(2025, 3, 27, 21, 0, 0, 705877, tzinfo=<DstTzInfo 'Asia/Bangkok' +07+7:00:00 STD>))
[2025-03-27T14:00:01.097+0000] {sql.py:459} INFO - Rows affected: 1
[2025-03-27T14:00:01.388+0000] {fetch_multiple_cities.py:52} INFO - ✅ Chiang Mai: AQI = 149
[2025-03-27T14:00:01.396+0000] {base.py:83} INFO - Using connection ID 'postgres_conn' for task execution.
[2025-03-27T14:00:01.399+0000] {sql.py:450} INFO - Running statement: 
                        INSERT INTO air_quality_data (city, aqi, timestamp_utc)
                        VALUES (%s, %s, %s);
                    , parameters: ('Chiang Mai', 149, datetime.datetime(2025, 3, 27, 21, 0, 0, 705877, tzinfo=<DstTzInfo 'Asia/Bangkok' +07+7:00:00 STD>))
[2025-03-27T14:00:01.400+0000] {sql.py:459} INFO - Rows affected: 1
[2025-03-27T14:00:01.621+0000] {fetch_multiple_cities.py:52} INFO - ✅ Ratchaburi: AQI = 62
[2025-03-27T14:00:01.625+0000] {base.py:83} INFO - Using connection ID 'postgres_conn' for task execution.
[2025-03-27T14:00:01.627+0000] {sql.py:450} INFO - Running statement: 
                        INSERT INTO air_quality_data (city, aqi, timestamp_utc)
                        VALUES (%s, %s, %s);
                    , parameters: ('Ratchaburi', 62, datetime.datetime(2025, 3, 27, 21, 0, 0, 705877, tzinfo=<DstTzInfo 'Asia/Bangkok' +07+7:00:00 STD>))
[2025-03-27T14:00:01.627+0000] {sql.py:459} INFO - Rows affected: 1
[2025-03-27T14:00:01.913+0000] {fetch_multiple_cities.py:61} WARNING - ❌ API error for Rua Yai: 429
[2025-03-27T14:00:02.137+0000] {fetch_multiple_cities.py:61} WARNING - ❌ API error for Mueang Nonthaburi: 429
[2025-03-27T14:00:02.139+0000] {python.py:201} INFO - Done. Returned value was: None
[2025-03-27T14:00:02.149+0000] {taskinstance.py:1138} INFO - Marking task as SUCCESS. dag_id=fetch_aqi_multiple_cities, task_id=fetch_aqi_all_cities, execution_date=20250327T130000, start_date=20250327T140000, end_date=20250327T140002
[2025-03-27T14:00:02.189+0000] {local_task_job_runner.py:234} INFO - Task exited with return code 0
[2025-03-27T14:00:02.199+0000] {taskinstance.py:3280} INFO - 0 downstream tasks scheduled from follow-on schedule check
