[2025-03-28T09:00:00.394+0000] {taskinstance.py:1956} INFO - Dependencies all met for dep_context=non-requeueable deps ti=<TaskInstance: fetch_aqi_multiple_cities.fetch_aqi_all_cities scheduled__2025-03-28T08:00:00+00:00 [queued]>
[2025-03-28T09:00:00.396+0000] {taskinstance.py:1956} INFO - Dependencies all met for dep_context=requeueable deps ti=<TaskInstance: fetch_aqi_multiple_cities.fetch_aqi_all_cities scheduled__2025-03-28T08:00:00+00:00 [queued]>
[2025-03-28T09:00:00.397+0000] {taskinstance.py:2170} INFO - Starting attempt 1 of 2
[2025-03-28T09:00:00.400+0000] {taskinstance.py:2191} INFO - Executing <Task(PythonOperator): fetch_aqi_all_cities> on 2025-03-28 08:00:00+00:00
[2025-03-28T09:00:00.402+0000] {standard_task_runner.py:60} INFO - Started process 3200 to run task
[2025-03-28T09:00:00.403+0000] {standard_task_runner.py:87} INFO - Running: ['***', 'tasks', 'run', 'fetch_aqi_multiple_cities', 'fetch_aqi_all_cities', 'scheduled__2025-03-28T08:00:00+00:00', '--job-id', '72', '--raw', '--subdir', 'DAGS_FOLDER/fetch_multiple_cities.py', '--cfg-path', '/tmp/tmpif1xvizz']
[2025-03-28T09:00:00.404+0000] {standard_task_runner.py:88} INFO - Job 72: Subtask fetch_aqi_all_cities
[2025-03-28T09:00:00.410+0000] {logging_mixin.py:188} WARNING - /home/***/.local/lib/python3.8/site-packages/***/settings.py:194 DeprecationWarning: The sql_alchemy_conn option in [core] has been moved to the sql_alchemy_conn option in [database] - the old setting has been used, but please update your config.
[2025-03-28T09:00:00.421+0000] {task_command.py:423} INFO - Running <TaskInstance: fetch_aqi_multiple_cities.fetch_aqi_all_cities scheduled__2025-03-28T08:00:00+00:00 [running]> on host 6ee4946a1911
[2025-03-28T09:00:00.445+0000] {taskinstance.py:2480} INFO - Exporting env vars: AIRFLOW_CTX_DAG_OWNER='***' AIRFLOW_CTX_DAG_ID='fetch_aqi_multiple_cities' AIRFLOW_CTX_TASK_ID='fetch_aqi_all_cities' AIRFLOW_CTX_EXECUTION_DATE='2025-03-28T08:00:00+00:00' AIRFLOW_CTX_TRY_NUMBER='1' AIRFLOW_CTX_DAG_RUN_ID='scheduled__2025-03-28T08:00:00+00:00'
[2025-03-28T09:00:00.792+0000] {fetch_multiple_cities.py:51} INFO - ✅ Bangkok: AQI = 102
[2025-03-28T09:00:00.803+0000] {base.py:83} INFO - Using connection ID 'postgres_conn' for task execution.
[2025-03-28T09:00:00.807+0000] {sql.py:450} INFO - Running statement: 
                        INSERT INTO air_quality_data (city, aqi, timestamp_utc)
                        VALUES (%s, %s, %s);
                    , parameters: ('Bangkok', 102, datetime.datetime(2025, 3, 28, 16, 0, 0, 445935, tzinfo=<DstTzInfo 'Asia/Bangkok' +07+7:00:00 STD>))
[2025-03-28T09:00:00.809+0000] {sql.py:459} INFO - Rows affected: 1
[2025-03-28T09:00:16.113+0000] {fetch_multiple_cities.py:51} INFO - ✅ Chiang Mai: AQI = 157
[2025-03-28T09:00:16.125+0000] {base.py:83} INFO - Using connection ID 'postgres_conn' for task execution.
[2025-03-28T09:00:16.130+0000] {sql.py:450} INFO - Running statement: 
                        INSERT INTO air_quality_data (city, aqi, timestamp_utc)
                        VALUES (%s, %s, %s);
                    , parameters: ('Chiang Mai', 157, datetime.datetime(2025, 3, 28, 16, 0, 0, 445935, tzinfo=<DstTzInfo 'Asia/Bangkok' +07+7:00:00 STD>))
[2025-03-28T09:00:16.131+0000] {sql.py:459} INFO - Rows affected: 1
[2025-03-28T09:00:31.412+0000] {fetch_multiple_cities.py:51} INFO - ✅ Ratchaburi: AQI = 58
[2025-03-28T09:00:31.417+0000] {base.py:83} INFO - Using connection ID 'postgres_conn' for task execution.
[2025-03-28T09:00:31.419+0000] {sql.py:450} INFO - Running statement: 
                        INSERT INTO air_quality_data (city, aqi, timestamp_utc)
                        VALUES (%s, %s, %s);
                    , parameters: ('Ratchaburi', 58, datetime.datetime(2025, 3, 28, 16, 0, 0, 445935, tzinfo=<DstTzInfo 'Asia/Bangkok' +07+7:00:00 STD>))
[2025-03-28T09:00:31.420+0000] {sql.py:459} INFO - Rows affected: 1
[2025-03-28T09:00:46.693+0000] {fetch_multiple_cities.py:51} INFO - ✅ Rua Yai: AQI = 90
[2025-03-28T09:00:46.705+0000] {base.py:83} INFO - Using connection ID 'postgres_conn' for task execution.
[2025-03-28T09:00:46.709+0000] {sql.py:450} INFO - Running statement: 
                        INSERT INTO air_quality_data (city, aqi, timestamp_utc)
                        VALUES (%s, %s, %s);
                    , parameters: ('Rua Yai', 90, datetime.datetime(2025, 3, 28, 16, 0, 0, 445935, tzinfo=<DstTzInfo 'Asia/Bangkok' +07+7:00:00 STD>))
[2025-03-28T09:00:46.711+0000] {sql.py:459} INFO - Rows affected: 1
[2025-03-28T09:01:02.003+0000] {fetch_multiple_cities.py:51} INFO - ✅ Mueang Nonthaburi: AQI = 99
[2025-03-28T09:01:02.014+0000] {base.py:83} INFO - Using connection ID 'postgres_conn' for task execution.
[2025-03-28T09:01:02.019+0000] {sql.py:450} INFO - Running statement: 
                        INSERT INTO air_quality_data (city, aqi, timestamp_utc)
                        VALUES (%s, %s, %s);
                    , parameters: ('Mueang Nonthaburi', 99, datetime.datetime(2025, 3, 28, 16, 0, 0, 445935, tzinfo=<DstTzInfo 'Asia/Bangkok' +07+7:00:00 STD>))
[2025-03-28T09:01:02.020+0000] {sql.py:459} INFO - Rows affected: 1
[2025-03-28T09:01:17.022+0000] {python.py:201} INFO - Done. Returned value was: None
[2025-03-28T09:01:17.039+0000] {taskinstance.py:1138} INFO - Marking task as SUCCESS. dag_id=fetch_aqi_multiple_cities, task_id=fetch_aqi_all_cities, execution_date=20250328T080000, start_date=20250328T090000, end_date=20250328T090117
[2025-03-28T09:01:17.064+0000] {local_task_job_runner.py:234} INFO - Task exited with return code 0
[2025-03-28T09:01:17.074+0000] {taskinstance.py:3280} INFO - 0 downstream tasks scheduled from follow-on schedule check
