[2025-03-29T13:00:00.774+0000] {taskinstance.py:1956} INFO - Dependencies all met for dep_context=non-requeueable deps ti=<TaskInstance: fetch_aqi_multiple_cities.fetch_aqi_all_cities scheduled__2025-03-29T12:00:00+00:00 [queued]>
[2025-03-29T13:00:00.777+0000] {taskinstance.py:1956} INFO - Dependencies all met for dep_context=requeueable deps ti=<TaskInstance: fetch_aqi_multiple_cities.fetch_aqi_all_cities scheduled__2025-03-29T12:00:00+00:00 [queued]>
[2025-03-29T13:00:00.777+0000] {taskinstance.py:2170} INFO - Starting attempt 1 of 2
[2025-03-29T13:00:00.781+0000] {taskinstance.py:2191} INFO - Executing <Task(PythonOperator): fetch_aqi_all_cities> on 2025-03-29 12:00:00+00:00
[2025-03-29T13:00:00.783+0000] {standard_task_runner.py:60} INFO - Started process 22215 to run task
[2025-03-29T13:00:00.784+0000] {standard_task_runner.py:87} INFO - Running: ['***', 'tasks', 'run', 'fetch_aqi_multiple_cities', 'fetch_aqi_all_cities', 'scheduled__2025-03-29T12:00:00+00:00', '--job-id', '105', '--raw', '--subdir', 'DAGS_FOLDER/fetch_multiple_cities.py', '--cfg-path', '/tmp/tmpk2ak78a4']
[2025-03-29T13:00:00.785+0000] {standard_task_runner.py:88} INFO - Job 105: Subtask fetch_aqi_all_cities
[2025-03-29T13:00:00.790+0000] {logging_mixin.py:188} WARNING - /home/***/.local/lib/python3.8/site-packages/***/settings.py:194 DeprecationWarning: The sql_alchemy_conn option in [core] has been moved to the sql_alchemy_conn option in [database] - the old setting has been used, but please update your config.
[2025-03-29T13:00:00.801+0000] {task_command.py:423} INFO - Running <TaskInstance: fetch_aqi_multiple_cities.fetch_aqi_all_cities scheduled__2025-03-29T12:00:00+00:00 [running]> on host f5300fe43025
[2025-03-29T13:00:00.825+0000] {taskinstance.py:2480} INFO - Exporting env vars: AIRFLOW_CTX_DAG_OWNER='***' AIRFLOW_CTX_DAG_ID='fetch_aqi_multiple_cities' AIRFLOW_CTX_TASK_ID='fetch_aqi_all_cities' AIRFLOW_CTX_EXECUTION_DATE='2025-03-29T12:00:00+00:00' AIRFLOW_CTX_TRY_NUMBER='1' AIRFLOW_CTX_DAG_RUN_ID='scheduled__2025-03-29T12:00:00+00:00'
[2025-03-29T13:00:01.090+0000] {fetch_multiple_cities.py:51} INFO - ✅ Bangkok: AQI = 110
[2025-03-29T13:00:01.102+0000] {base.py:83} INFO - Using connection ID 'postgres_conn' for task execution.
[2025-03-29T13:00:01.107+0000] {sql.py:450} INFO - Running statement: 
                        INSERT INTO air_quality_data (city, aqi, timestamp_utc)
                        VALUES (%s, %s, %s);
                    , parameters: ('Bangkok', 110, datetime.datetime(2025, 3, 29, 20, 0, 0, 826396, tzinfo=<DstTzInfo 'Asia/Bangkok' +07+7:00:00 STD>))
[2025-03-29T13:00:01.108+0000] {sql.py:459} INFO - Rows affected: 1
[2025-03-29T13:00:16.362+0000] {fetch_multiple_cities.py:51} INFO - ✅ Chiang Mai: AQI = 174
[2025-03-29T13:00:16.367+0000] {base.py:83} INFO - Using connection ID 'postgres_conn' for task execution.
[2025-03-29T13:00:16.370+0000] {sql.py:450} INFO - Running statement: 
                        INSERT INTO air_quality_data (city, aqi, timestamp_utc)
                        VALUES (%s, %s, %s);
                    , parameters: ('Chiang Mai', 174, datetime.datetime(2025, 3, 29, 20, 0, 0, 826396, tzinfo=<DstTzInfo 'Asia/Bangkok' +07+7:00:00 STD>))
[2025-03-29T13:00:16.370+0000] {sql.py:459} INFO - Rows affected: 1
[2025-03-29T13:00:31.619+0000] {fetch_multiple_cities.py:51} INFO - ✅ Ratchaburi: AQI = 82
[2025-03-29T13:00:31.629+0000] {base.py:83} INFO - Using connection ID 'postgres_conn' for task execution.
[2025-03-29T13:00:31.633+0000] {sql.py:450} INFO - Running statement: 
                        INSERT INTO air_quality_data (city, aqi, timestamp_utc)
                        VALUES (%s, %s, %s);
                    , parameters: ('Ratchaburi', 82, datetime.datetime(2025, 3, 29, 20, 0, 0, 826396, tzinfo=<DstTzInfo 'Asia/Bangkok' +07+7:00:00 STD>))
[2025-03-29T13:00:31.635+0000] {sql.py:459} INFO - Rows affected: 1
[2025-03-29T13:00:46.894+0000] {fetch_multiple_cities.py:51} INFO - ✅ Rua Yai: AQI = 84
[2025-03-29T13:00:46.903+0000] {base.py:83} INFO - Using connection ID 'postgres_conn' for task execution.
[2025-03-29T13:00:46.907+0000] {sql.py:450} INFO - Running statement: 
                        INSERT INTO air_quality_data (city, aqi, timestamp_utc)
                        VALUES (%s, %s, %s);
                    , parameters: ('Rua Yai', 84, datetime.datetime(2025, 3, 29, 20, 0, 0, 826396, tzinfo=<DstTzInfo 'Asia/Bangkok' +07+7:00:00 STD>))
[2025-03-29T13:00:46.909+0000] {sql.py:459} INFO - Rows affected: 1
[2025-03-29T13:01:02.159+0000] {fetch_multiple_cities.py:51} INFO - ✅ Mueang Nonthaburi: AQI = 107
[2025-03-29T13:01:02.169+0000] {base.py:83} INFO - Using connection ID 'postgres_conn' for task execution.
[2025-03-29T13:01:02.173+0000] {sql.py:450} INFO - Running statement: 
                        INSERT INTO air_quality_data (city, aqi, timestamp_utc)
                        VALUES (%s, %s, %s);
                    , parameters: ('Mueang Nonthaburi', 107, datetime.datetime(2025, 3, 29, 20, 0, 0, 826396, tzinfo=<DstTzInfo 'Asia/Bangkok' +07+7:00:00 STD>))
[2025-03-29T13:01:02.174+0000] {sql.py:459} INFO - Rows affected: 1
[2025-03-29T13:01:17.188+0000] {python.py:201} INFO - Done. Returned value was: None
[2025-03-29T13:01:17.198+0000] {taskinstance.py:1138} INFO - Marking task as SUCCESS. dag_id=fetch_aqi_multiple_cities, task_id=fetch_aqi_all_cities, execution_date=20250329T120000, start_date=20250329T130000, end_date=20250329T130117
[2025-03-29T13:01:17.244+0000] {local_task_job_runner.py:234} INFO - Task exited with return code 0
[2025-03-29T13:01:17.254+0000] {taskinstance.py:3280} INFO - 0 downstream tasks scheduled from follow-on schedule check
