[2025-03-30T13:07:57.501+0000] {taskinstance.py:1956} INFO - Dependencies all met for dep_context=non-requeueable deps ti=<TaskInstance: fetch_aqi_multiple_cities.fetch_aqi_all_cities scheduled__2025-03-30T12:00:00+00:00 [queued]>
[2025-03-30T13:07:57.504+0000] {taskinstance.py:1956} INFO - Dependencies all met for dep_context=requeueable deps ti=<TaskInstance: fetch_aqi_multiple_cities.fetch_aqi_all_cities scheduled__2025-03-30T12:00:00+00:00 [queued]>
[2025-03-30T13:07:57.504+0000] {taskinstance.py:2170} INFO - Starting attempt 1 of 2
[2025-03-30T13:07:57.508+0000] {taskinstance.py:2191} INFO - Executing <Task(PythonOperator): fetch_aqi_all_cities> on 2025-03-30 12:00:00+00:00
[2025-03-30T13:07:57.510+0000] {standard_task_runner.py:60} INFO - Started process 31736 to run task
[2025-03-30T13:07:57.511+0000] {standard_task_runner.py:87} INFO - Running: ['***', 'tasks', 'run', 'fetch_aqi_multiple_cities', 'fetch_aqi_all_cities', 'scheduled__2025-03-30T12:00:00+00:00', '--job-id', '131', '--raw', '--subdir', 'DAGS_FOLDER/fetch_multiple_cities.py', '--cfg-path', '/tmp/tmppo0tmm57']
[2025-03-30T13:07:57.512+0000] {standard_task_runner.py:88} INFO - Job 131: Subtask fetch_aqi_all_cities
[2025-03-30T13:07:57.517+0000] {logging_mixin.py:188} WARNING - /home/***/.local/lib/python3.8/site-packages/***/settings.py:194 DeprecationWarning: The sql_alchemy_conn option in [core] has been moved to the sql_alchemy_conn option in [database] - the old setting has been used, but please update your config.
[2025-03-30T13:07:57.530+0000] {task_command.py:423} INFO - Running <TaskInstance: fetch_aqi_multiple_cities.fetch_aqi_all_cities scheduled__2025-03-30T12:00:00+00:00 [running]> on host f5300fe43025
[2025-03-30T13:07:57.562+0000] {taskinstance.py:2480} INFO - Exporting env vars: AIRFLOW_CTX_DAG_OWNER='***' AIRFLOW_CTX_DAG_ID='fetch_aqi_multiple_cities' AIRFLOW_CTX_TASK_ID='fetch_aqi_all_cities' AIRFLOW_CTX_EXECUTION_DATE='2025-03-30T12:00:00+00:00' AIRFLOW_CTX_TRY_NUMBER='1' AIRFLOW_CTX_DAG_RUN_ID='scheduled__2025-03-30T12:00:00+00:00'
[2025-03-30T13:07:57.976+0000] {fetch_multiple_cities.py:51} INFO - ✅ Bangkok: AQI = 86
[2025-03-30T13:07:57.979+0000] {base.py:83} INFO - Using connection ID 'postgres_conn' for task execution.
[2025-03-30T13:07:57.981+0000] {sql.py:450} INFO - Running statement: 
                        INSERT INTO air_quality_data (city, aqi, timestamp_utc)
                        VALUES (%s, %s, %s);
                    , parameters: ('Bangkok', 86, datetime.datetime(2025, 3, 30, 20, 7, 57, 563463, tzinfo=<DstTzInfo 'Asia/Bangkok' +07+7:00:00 STD>))
[2025-03-30T13:07:57.981+0000] {sql.py:459} INFO - Rows affected: 1
[2025-03-30T13:08:13.233+0000] {fetch_multiple_cities.py:51} INFO - ✅ Chiang Mai: AQI = 171
[2025-03-30T13:08:13.242+0000] {base.py:83} INFO - Using connection ID 'postgres_conn' for task execution.
[2025-03-30T13:08:13.246+0000] {sql.py:450} INFO - Running statement: 
                        INSERT INTO air_quality_data (city, aqi, timestamp_utc)
                        VALUES (%s, %s, %s);
                    , parameters: ('Chiang Mai', 171, datetime.datetime(2025, 3, 30, 20, 7, 57, 563463, tzinfo=<DstTzInfo 'Asia/Bangkok' +07+7:00:00 STD>))
[2025-03-30T13:08:13.247+0000] {sql.py:459} INFO - Rows affected: 1
[2025-03-30T13:08:28.680+0000] {fetch_multiple_cities.py:51} INFO - ✅ Ratchaburi: AQI = 54
[2025-03-30T13:08:28.689+0000] {base.py:83} INFO - Using connection ID 'postgres_conn' for task execution.
[2025-03-30T13:08:28.693+0000] {sql.py:450} INFO - Running statement: 
                        INSERT INTO air_quality_data (city, aqi, timestamp_utc)
                        VALUES (%s, %s, %s);
                    , parameters: ('Ratchaburi', 54, datetime.datetime(2025, 3, 30, 20, 7, 57, 563463, tzinfo=<DstTzInfo 'Asia/Bangkok' +07+7:00:00 STD>))
[2025-03-30T13:08:28.694+0000] {sql.py:459} INFO - Rows affected: 1
[2025-03-30T13:08:44.599+0000] {fetch_multiple_cities.py:51} INFO - ✅ Rua Yai: AQI = 153
[2025-03-30T13:08:44.609+0000] {base.py:83} INFO - Using connection ID 'postgres_conn' for task execution.
[2025-03-30T13:08:44.613+0000] {sql.py:450} INFO - Running statement: 
                        INSERT INTO air_quality_data (city, aqi, timestamp_utc)
                        VALUES (%s, %s, %s);
                    , parameters: ('Rua Yai', 153, datetime.datetime(2025, 3, 30, 20, 7, 57, 563463, tzinfo=<DstTzInfo 'Asia/Bangkok' +07+7:00:00 STD>))
[2025-03-30T13:08:44.614+0000] {sql.py:459} INFO - Rows affected: 1
[2025-03-30T13:08:59.855+0000] {fetch_multiple_cities.py:51} INFO - ✅ Mueang Nonthaburi: AQI = 99
[2025-03-30T13:08:59.861+0000] {base.py:83} INFO - Using connection ID 'postgres_conn' for task execution.
[2025-03-30T13:08:59.863+0000] {sql.py:450} INFO - Running statement: 
                        INSERT INTO air_quality_data (city, aqi, timestamp_utc)
                        VALUES (%s, %s, %s);
                    , parameters: ('Mueang Nonthaburi', 99, datetime.datetime(2025, 3, 30, 20, 7, 57, 563463, tzinfo=<DstTzInfo 'Asia/Bangkok' +07+7:00:00 STD>))
[2025-03-30T13:08:59.864+0000] {sql.py:459} INFO - Rows affected: 1
[2025-03-30T13:09:14.871+0000] {python.py:201} INFO - Done. Returned value was: None
[2025-03-30T13:09:14.879+0000] {taskinstance.py:1138} INFO - Marking task as SUCCESS. dag_id=fetch_aqi_multiple_cities, task_id=fetch_aqi_all_cities, execution_date=20250330T120000, start_date=20250330T130757, end_date=20250330T130914
[2025-03-30T13:09:14.916+0000] {local_task_job_runner.py:234} INFO - Task exited with return code 0
[2025-03-30T13:09:14.922+0000] {taskinstance.py:3280} INFO - 0 downstream tasks scheduled from follow-on schedule check
