[2025-03-28T13:02:24.398+0000] {taskinstance.py:1956} INFO - Dependencies all met for dep_context=non-requeueable deps ti=<TaskInstance: fetch_aqi_multiple_cities.fetch_aqi_all_cities scheduled__2025-03-28T12:00:00+00:00 [queued]>
[2025-03-28T13:02:24.402+0000] {taskinstance.py:1956} INFO - Dependencies all met for dep_context=requeueable deps ti=<TaskInstance: fetch_aqi_multiple_cities.fetch_aqi_all_cities scheduled__2025-03-28T12:00:00+00:00 [queued]>
[2025-03-28T13:02:24.402+0000] {taskinstance.py:2170} INFO - Starting attempt 1 of 2
[2025-03-28T13:02:24.408+0000] {taskinstance.py:2191} INFO - Executing <Task(PythonOperator): fetch_aqi_all_cities> on 2025-03-28 12:00:00+00:00
[2025-03-28T13:02:24.411+0000] {standard_task_runner.py:60} INFO - Started process 5461 to run task
[2025-03-28T13:02:24.414+0000] {standard_task_runner.py:87} INFO - Running: ['***', 'tasks', 'run', 'fetch_aqi_multiple_cities', 'fetch_aqi_all_cities', 'scheduled__2025-03-28T12:00:00+00:00', '--job-id', '79', '--raw', '--subdir', 'DAGS_FOLDER/fetch_multiple_cities.py', '--cfg-path', '/tmp/tmp51ynd0xy']
[2025-03-28T13:02:24.415+0000] {standard_task_runner.py:88} INFO - Job 79: Subtask fetch_aqi_all_cities
[2025-03-28T13:02:24.429+0000] {logging_mixin.py:188} WARNING - /home/***/.local/lib/python3.8/site-packages/***/settings.py:194 DeprecationWarning: The sql_alchemy_conn option in [core] has been moved to the sql_alchemy_conn option in [database] - the old setting has been used, but please update your config.
[2025-03-28T13:02:24.449+0000] {task_command.py:423} INFO - Running <TaskInstance: fetch_aqi_multiple_cities.fetch_aqi_all_cities scheduled__2025-03-28T12:00:00+00:00 [running]> on host f5300fe43025
[2025-03-28T13:02:24.485+0000] {taskinstance.py:2480} INFO - Exporting env vars: AIRFLOW_CTX_DAG_OWNER='***' AIRFLOW_CTX_DAG_ID='fetch_aqi_multiple_cities' AIRFLOW_CTX_TASK_ID='fetch_aqi_all_cities' AIRFLOW_CTX_EXECUTION_DATE='2025-03-28T12:00:00+00:00' AIRFLOW_CTX_TRY_NUMBER='1' AIRFLOW_CTX_DAG_RUN_ID='scheduled__2025-03-28T12:00:00+00:00'
[2025-03-28T13:02:25.213+0000] {fetch_multiple_cities.py:51} INFO - ✅ Bangkok: AQI = 103
[2025-03-28T13:02:25.217+0000] {base.py:83} INFO - Using connection ID 'postgres_conn' for task execution.
[2025-03-28T13:02:25.219+0000] {sql.py:450} INFO - Running statement: 
                        INSERT INTO air_quality_data (city, aqi, timestamp_utc)
                        VALUES (%s, %s, %s);
                    , parameters: ('Bangkok', 103, datetime.datetime(2025, 3, 28, 20, 2, 24, 485908, tzinfo=<DstTzInfo 'Asia/Bangkok' +07+7:00:00 STD>))
[2025-03-28T13:02:25.219+0000] {sql.py:459} INFO - Rows affected: 1
[2025-03-28T13:02:40.554+0000] {fetch_multiple_cities.py:51} INFO - ✅ Chiang Mai: AQI = 137
[2025-03-28T13:02:40.565+0000] {base.py:83} INFO - Using connection ID 'postgres_conn' for task execution.
[2025-03-28T13:02:40.570+0000] {sql.py:450} INFO - Running statement: 
                        INSERT INTO air_quality_data (city, aqi, timestamp_utc)
                        VALUES (%s, %s, %s);
                    , parameters: ('Chiang Mai', 137, datetime.datetime(2025, 3, 28, 20, 2, 24, 485908, tzinfo=<DstTzInfo 'Asia/Bangkok' +07+7:00:00 STD>))
[2025-03-28T13:02:40.572+0000] {sql.py:459} INFO - Rows affected: 1
[2025-03-28T13:02:55.864+0000] {fetch_multiple_cities.py:51} INFO - ✅ Ratchaburi: AQI = 64
[2025-03-28T13:02:55.875+0000] {base.py:83} INFO - Using connection ID 'postgres_conn' for task execution.
[2025-03-28T13:02:55.880+0000] {sql.py:450} INFO - Running statement: 
                        INSERT INTO air_quality_data (city, aqi, timestamp_utc)
                        VALUES (%s, %s, %s);
                    , parameters: ('Ratchaburi', 64, datetime.datetime(2025, 3, 28, 20, 2, 24, 485908, tzinfo=<DstTzInfo 'Asia/Bangkok' +07+7:00:00 STD>))
[2025-03-28T13:02:55.881+0000] {sql.py:459} INFO - Rows affected: 1
[2025-03-28T13:03:11.216+0000] {fetch_multiple_cities.py:51} INFO - ✅ Rua Yai: AQI = 75
[2025-03-28T13:03:11.227+0000] {base.py:83} INFO - Using connection ID 'postgres_conn' for task execution.
[2025-03-28T13:03:11.232+0000] {sql.py:450} INFO - Running statement: 
                        INSERT INTO air_quality_data (city, aqi, timestamp_utc)
                        VALUES (%s, %s, %s);
                    , parameters: ('Rua Yai', 75, datetime.datetime(2025, 3, 28, 20, 2, 24, 485908, tzinfo=<DstTzInfo 'Asia/Bangkok' +07+7:00:00 STD>))
[2025-03-28T13:03:11.233+0000] {sql.py:459} INFO - Rows affected: 1
[2025-03-28T13:03:26.489+0000] {fetch_multiple_cities.py:51} INFO - ✅ Mueang Nonthaburi: AQI = 106
[2025-03-28T13:03:26.500+0000] {base.py:83} INFO - Using connection ID 'postgres_conn' for task execution.
[2025-03-28T13:03:26.505+0000] {sql.py:450} INFO - Running statement: 
                        INSERT INTO air_quality_data (city, aqi, timestamp_utc)
                        VALUES (%s, %s, %s);
                    , parameters: ('Mueang Nonthaburi', 106, datetime.datetime(2025, 3, 28, 20, 2, 24, 485908, tzinfo=<DstTzInfo 'Asia/Bangkok' +07+7:00:00 STD>))
[2025-03-28T13:03:26.506+0000] {sql.py:459} INFO - Rows affected: 1
[2025-03-28T13:03:41.512+0000] {python.py:201} INFO - Done. Returned value was: None
[2025-03-28T13:03:41.516+0000] {taskinstance.py:1138} INFO - Marking task as SUCCESS. dag_id=fetch_aqi_multiple_cities, task_id=fetch_aqi_all_cities, execution_date=20250328T120000, start_date=20250328T130224, end_date=20250328T130341
[2025-03-28T13:03:41.556+0000] {local_task_job_runner.py:234} INFO - Task exited with return code 0
[2025-03-28T13:03:41.563+0000] {taskinstance.py:3280} INFO - 0 downstream tasks scheduled from follow-on schedule check
