[2025-03-28T23:06:51.455+0000] {taskinstance.py:1956} INFO - Dependencies all met for dep_context=non-requeueable deps ti=<TaskInstance: fetch_aqi_multiple_cities.fetch_aqi_all_cities scheduled__2025-03-28T22:00:00+00:00 [queued]>
[2025-03-28T23:06:51.458+0000] {taskinstance.py:1956} INFO - Dependencies all met for dep_context=requeueable deps ti=<TaskInstance: fetch_aqi_multiple_cities.fetch_aqi_all_cities scheduled__2025-03-28T22:00:00+00:00 [queued]>
[2025-03-28T23:06:51.459+0000] {taskinstance.py:2170} INFO - Starting attempt 1 of 2
[2025-03-28T23:06:51.464+0000] {taskinstance.py:2191} INFO - Executing <Task(PythonOperator): fetch_aqi_all_cities> on 2025-03-28 22:00:00+00:00
[2025-03-28T23:06:51.466+0000] {standard_task_runner.py:60} INFO - Started process 12995 to run task
[2025-03-28T23:06:51.467+0000] {standard_task_runner.py:87} INFO - Running: ['***', 'tasks', 'run', 'fetch_aqi_multiple_cities', 'fetch_aqi_all_cities', 'scheduled__2025-03-28T22:00:00+00:00', '--job-id', '89', '--raw', '--subdir', 'DAGS_FOLDER/fetch_multiple_cities.py', '--cfg-path', '/tmp/tmp_g5pfiio']
[2025-03-28T23:06:51.469+0000] {standard_task_runner.py:88} INFO - Job 89: Subtask fetch_aqi_all_cities
[2025-03-28T23:06:51.475+0000] {logging_mixin.py:188} WARNING - /home/***/.local/lib/python3.8/site-packages/***/settings.py:194 DeprecationWarning: The sql_alchemy_conn option in [core] has been moved to the sql_alchemy_conn option in [database] - the old setting has been used, but please update your config.
[2025-03-28T23:06:51.491+0000] {task_command.py:423} INFO - Running <TaskInstance: fetch_aqi_multiple_cities.fetch_aqi_all_cities scheduled__2025-03-28T22:00:00+00:00 [running]> on host f5300fe43025
[2025-03-28T23:06:51.525+0000] {taskinstance.py:2480} INFO - Exporting env vars: AIRFLOW_CTX_DAG_OWNER='***' AIRFLOW_CTX_DAG_ID='fetch_aqi_multiple_cities' AIRFLOW_CTX_TASK_ID='fetch_aqi_all_cities' AIRFLOW_CTX_EXECUTION_DATE='2025-03-28T22:00:00+00:00' AIRFLOW_CTX_TRY_NUMBER='1' AIRFLOW_CTX_DAG_RUN_ID='scheduled__2025-03-28T22:00:00+00:00'
[2025-03-28T23:06:51.759+0000] {fetch_multiple_cities.py:51} INFO - ✅ Bangkok: AQI = 112
[2025-03-28T23:06:51.765+0000] {base.py:83} INFO - Using connection ID 'postgres_conn' for task execution.
[2025-03-28T23:06:51.768+0000] {sql.py:450} INFO - Running statement: 
                        INSERT INTO air_quality_data (city, aqi, timestamp_utc)
                        VALUES (%s, %s, %s);
                    , parameters: ('Bangkok', 112, datetime.datetime(2025, 3, 29, 6, 6, 51, 525938, tzinfo=<DstTzInfo 'Asia/Bangkok' +07+7:00:00 STD>))
[2025-03-28T23:06:51.769+0000] {sql.py:459} INFO - Rows affected: 1
[2025-03-28T23:07:07.038+0000] {fetch_multiple_cities.py:51} INFO - ✅ Chiang Mai: AQI = 169
[2025-03-28T23:07:07.047+0000] {base.py:83} INFO - Using connection ID 'postgres_conn' for task execution.
[2025-03-28T23:07:07.051+0000] {sql.py:450} INFO - Running statement: 
                        INSERT INTO air_quality_data (city, aqi, timestamp_utc)
                        VALUES (%s, %s, %s);
                    , parameters: ('Chiang Mai', 169, datetime.datetime(2025, 3, 29, 6, 6, 51, 525938, tzinfo=<DstTzInfo 'Asia/Bangkok' +07+7:00:00 STD>))
[2025-03-28T23:07:07.052+0000] {sql.py:459} INFO - Rows affected: 1
[2025-03-28T23:23:16.935+0000] {fetch_multiple_cities.py:51} INFO - ✅ Ratchaburi: AQI = 109
[2025-03-28T23:23:16.942+0000] {base.py:83} INFO - Using connection ID 'postgres_conn' for task execution.
[2025-03-28T23:23:16.945+0000] {sql.py:450} INFO - Running statement: 
                        INSERT INTO air_quality_data (city, aqi, timestamp_utc)
                        VALUES (%s, %s, %s);
                    , parameters: ('Ratchaburi', 109, datetime.datetime(2025, 3, 29, 6, 6, 51, 525938, tzinfo=<DstTzInfo 'Asia/Bangkok' +07+7:00:00 STD>))
[2025-03-28T23:23:16.947+0000] {sql.py:459} INFO - Rows affected: 1
[2025-03-28T23:23:32.213+0000] {fetch_multiple_cities.py:51} INFO - ✅ Rua Yai: AQI = 87
[2025-03-28T23:23:32.227+0000] {base.py:83} INFO - Using connection ID 'postgres_conn' for task execution.
[2025-03-28T23:23:32.231+0000] {sql.py:450} INFO - Running statement: 
                        INSERT INTO air_quality_data (city, aqi, timestamp_utc)
                        VALUES (%s, %s, %s);
                    , parameters: ('Rua Yai', 87, datetime.datetime(2025, 3, 29, 6, 6, 51, 525938, tzinfo=<DstTzInfo 'Asia/Bangkok' +07+7:00:00 STD>))
[2025-03-28T23:23:32.232+0000] {sql.py:459} INFO - Rows affected: 1
[2025-03-28T23:42:21.047+0000] {fetch_multiple_cities.py:51} INFO - ✅ Mueang Nonthaburi: AQI = 112
[2025-03-28T23:42:21.057+0000] {base.py:83} INFO - Using connection ID 'postgres_conn' for task execution.
[2025-03-28T23:42:21.060+0000] {sql.py:450} INFO - Running statement: 
                        INSERT INTO air_quality_data (city, aqi, timestamp_utc)
                        VALUES (%s, %s, %s);
                    , parameters: ('Mueang Nonthaburi', 112, datetime.datetime(2025, 3, 29, 6, 6, 51, 525938, tzinfo=<DstTzInfo 'Asia/Bangkok' +07+7:00:00 STD>))
[2025-03-28T23:42:21.061+0000] {sql.py:459} INFO - Rows affected: 1
[2025-03-28T23:42:36.080+0000] {python.py:201} INFO - Done. Returned value was: None
[2025-03-28T23:42:36.093+0000] {taskinstance.py:1138} INFO - Marking task as SUCCESS. dag_id=fetch_aqi_multiple_cities, task_id=fetch_aqi_all_cities, execution_date=20250328T220000, start_date=20250328T230651, end_date=20250328T234236
[2025-03-28T23:42:36.121+0000] {local_task_job_runner.py:234} INFO - Task exited with return code 0
[2025-03-28T23:42:36.129+0000] {taskinstance.py:3280} INFO - 0 downstream tasks scheduled from follow-on schedule check
