[2025-03-29T21:03:48.045+0000] {taskinstance.py:1956} INFO - Dependencies all met for dep_context=non-requeueable deps ti=<TaskInstance: fetch_aqi_multiple_cities.fetch_aqi_all_cities scheduled__2025-03-29T20:00:00+00:00 [queued]>
[2025-03-29T21:03:48.048+0000] {taskinstance.py:1956} INFO - Dependencies all met for dep_context=requeueable deps ti=<TaskInstance: fetch_aqi_multiple_cities.fetch_aqi_all_cities scheduled__2025-03-29T20:00:00+00:00 [queued]>
[2025-03-29T21:03:48.048+0000] {taskinstance.py:2170} INFO - Starting attempt 1 of 2
[2025-03-29T21:03:48.053+0000] {taskinstance.py:2191} INFO - Executing <Task(PythonOperator): fetch_aqi_all_cities> on 2025-03-29 20:00:00+00:00
[2025-03-29T21:03:48.055+0000] {standard_task_runner.py:60} INFO - Started process 25865 to run task
[2025-03-29T21:03:48.057+0000] {standard_task_runner.py:87} INFO - Running: ['***', 'tasks', 'run', 'fetch_aqi_multiple_cities', 'fetch_aqi_all_cities', 'scheduled__2025-03-29T20:00:00+00:00', '--job-id', '114', '--raw', '--subdir', 'DAGS_FOLDER/fetch_multiple_cities.py', '--cfg-path', '/tmp/tmp67ca1ifa']
[2025-03-29T21:03:48.058+0000] {standard_task_runner.py:88} INFO - Job 114: Subtask fetch_aqi_all_cities
[2025-03-29T21:03:48.064+0000] {logging_mixin.py:188} WARNING - /home/***/.local/lib/python3.8/site-packages/***/settings.py:194 DeprecationWarning: The sql_alchemy_conn option in [core] has been moved to the sql_alchemy_conn option in [database] - the old setting has been used, but please update your config.
[2025-03-29T21:03:48.079+0000] {task_command.py:423} INFO - Running <TaskInstance: fetch_aqi_multiple_cities.fetch_aqi_all_cities scheduled__2025-03-29T20:00:00+00:00 [running]> on host f5300fe43025
[2025-03-29T21:03:48.114+0000] {taskinstance.py:2480} INFO - Exporting env vars: AIRFLOW_CTX_DAG_OWNER='***' AIRFLOW_CTX_DAG_ID='fetch_aqi_multiple_cities' AIRFLOW_CTX_TASK_ID='fetch_aqi_all_cities' AIRFLOW_CTX_EXECUTION_DATE='2025-03-29T20:00:00+00:00' AIRFLOW_CTX_TRY_NUMBER='1' AIRFLOW_CTX_DAG_RUN_ID='scheduled__2025-03-29T20:00:00+00:00'
[2025-03-29T21:03:48.390+0000] {fetch_multiple_cities.py:51} INFO - ✅ Bangkok: AQI = 118
[2025-03-29T21:03:48.394+0000] {base.py:83} INFO - Using connection ID 'postgres_conn' for task execution.
[2025-03-29T21:03:48.395+0000] {sql.py:450} INFO - Running statement: 
                        INSERT INTO air_quality_data (city, aqi, timestamp_utc)
                        VALUES (%s, %s, %s);
                    , parameters: ('Bangkok', 118, datetime.datetime(2025, 3, 30, 4, 3, 48, 114967, tzinfo=<DstTzInfo 'Asia/Bangkok' +07+7:00:00 STD>))
[2025-03-29T21:03:48.396+0000] {sql.py:459} INFO - Rows affected: 1
[2025-03-29T21:04:03.654+0000] {fetch_multiple_cities.py:51} INFO - ✅ Chiang Mai: AQI = 176
[2025-03-29T21:04:03.663+0000] {base.py:83} INFO - Using connection ID 'postgres_conn' for task execution.
[2025-03-29T21:04:03.666+0000] {sql.py:450} INFO - Running statement: 
                        INSERT INTO air_quality_data (city, aqi, timestamp_utc)
                        VALUES (%s, %s, %s);
                    , parameters: ('Chiang Mai', 176, datetime.datetime(2025, 3, 30, 4, 3, 48, 114967, tzinfo=<DstTzInfo 'Asia/Bangkok' +07+7:00:00 STD>))
[2025-03-29T21:04:03.667+0000] {sql.py:459} INFO - Rows affected: 1
[2025-03-29T21:19:18.930+0000] {fetch_multiple_cities.py:51} INFO - ✅ Ratchaburi: AQI = 75
[2025-03-29T21:19:18.933+0000] {base.py:83} INFO - Using connection ID 'postgres_conn' for task execution.
[2025-03-29T21:19:18.935+0000] {sql.py:450} INFO - Running statement: 
                        INSERT INTO air_quality_data (city, aqi, timestamp_utc)
                        VALUES (%s, %s, %s);
                    , parameters: ('Ratchaburi', 75, datetime.datetime(2025, 3, 30, 4, 3, 48, 114967, tzinfo=<DstTzInfo 'Asia/Bangkok' +07+7:00:00 STD>))
[2025-03-29T21:19:18.935+0000] {sql.py:459} INFO - Rows affected: 1
[2025-03-29T21:19:34.240+0000] {fetch_multiple_cities.py:51} INFO - ✅ Rua Yai: AQI = 135
[2025-03-29T21:19:34.249+0000] {base.py:83} INFO - Using connection ID 'postgres_conn' for task execution.
[2025-03-29T21:19:34.254+0000] {sql.py:450} INFO - Running statement: 
                        INSERT INTO air_quality_data (city, aqi, timestamp_utc)
                        VALUES (%s, %s, %s);
                    , parameters: ('Rua Yai', 135, datetime.datetime(2025, 3, 30, 4, 3, 48, 114967, tzinfo=<DstTzInfo 'Asia/Bangkok' +07+7:00:00 STD>))
[2025-03-29T21:19:34.256+0000] {sql.py:459} INFO - Rows affected: 1
[2025-03-29T21:42:27.388+0000] {fetch_multiple_cities.py:51} INFO - ✅ Mueang Nonthaburi: AQI = 112
[2025-03-29T21:42:27.398+0000] {base.py:83} INFO - Using connection ID 'postgres_conn' for task execution.
[2025-03-29T21:42:27.401+0000] {sql.py:450} INFO - Running statement: 
                        INSERT INTO air_quality_data (city, aqi, timestamp_utc)
                        VALUES (%s, %s, %s);
                    , parameters: ('Mueang Nonthaburi', 112, datetime.datetime(2025, 3, 30, 4, 3, 48, 114967, tzinfo=<DstTzInfo 'Asia/Bangkok' +07+7:00:00 STD>))
[2025-03-29T21:42:27.403+0000] {sql.py:459} INFO - Rows affected: 1
[2025-03-29T21:42:42.421+0000] {python.py:201} INFO - Done. Returned value was: None
[2025-03-29T21:42:42.434+0000] {taskinstance.py:1138} INFO - Marking task as SUCCESS. dag_id=fetch_aqi_multiple_cities, task_id=fetch_aqi_all_cities, execution_date=20250329T200000, start_date=20250329T210348, end_date=20250329T214242
[2025-03-29T21:42:42.461+0000] {local_task_job_runner.py:234} INFO - Task exited with return code 0
[2025-03-29T21:42:42.472+0000] {taskinstance.py:3280} INFO - 0 downstream tasks scheduled from follow-on schedule check
