[2025-03-29T20:14:15.199+0000] {taskinstance.py:1956} INFO - Dependencies all met for dep_context=non-requeueable deps ti=<TaskInstance: fetch_aqi_multiple_cities.fetch_aqi_all_cities scheduled__2025-03-29T19:00:00+00:00 [queued]>
[2025-03-29T20:14:15.203+0000] {taskinstance.py:1956} INFO - Dependencies all met for dep_context=requeueable deps ti=<TaskInstance: fetch_aqi_multiple_cities.fetch_aqi_all_cities scheduled__2025-03-29T19:00:00+00:00 [queued]>
[2025-03-29T20:14:15.203+0000] {taskinstance.py:2170} INFO - Starting attempt 1 of 2
[2025-03-29T20:14:15.209+0000] {taskinstance.py:2191} INFO - Executing <Task(PythonOperator): fetch_aqi_all_cities> on 2025-03-29 19:00:00+00:00
[2025-03-29T20:14:15.211+0000] {standard_task_runner.py:60} INFO - Started process 25801 to run task
[2025-03-29T20:14:15.213+0000] {standard_task_runner.py:87} INFO - Running: ['***', 'tasks', 'run', 'fetch_aqi_multiple_cities', 'fetch_aqi_all_cities', 'scheduled__2025-03-29T19:00:00+00:00', '--job-id', '113', '--raw', '--subdir', 'DAGS_FOLDER/fetch_multiple_cities.py', '--cfg-path', '/tmp/tmpr0yby3dy']
[2025-03-29T20:14:15.214+0000] {standard_task_runner.py:88} INFO - Job 113: Subtask fetch_aqi_all_cities
[2025-03-29T20:14:15.221+0000] {logging_mixin.py:188} WARNING - /home/***/.local/lib/python3.8/site-packages/***/settings.py:194 DeprecationWarning: The sql_alchemy_conn option in [core] has been moved to the sql_alchemy_conn option in [database] - the old setting has been used, but please update your config.
[2025-03-29T20:14:15.237+0000] {task_command.py:423} INFO - Running <TaskInstance: fetch_aqi_multiple_cities.fetch_aqi_all_cities scheduled__2025-03-29T19:00:00+00:00 [running]> on host f5300fe43025
[2025-03-29T20:14:15.269+0000] {taskinstance.py:2480} INFO - Exporting env vars: AIRFLOW_CTX_DAG_OWNER='***' AIRFLOW_CTX_DAG_ID='fetch_aqi_multiple_cities' AIRFLOW_CTX_TASK_ID='fetch_aqi_all_cities' AIRFLOW_CTX_EXECUTION_DATE='2025-03-29T19:00:00+00:00' AIRFLOW_CTX_TRY_NUMBER='1' AIRFLOW_CTX_DAG_RUN_ID='scheduled__2025-03-29T19:00:00+00:00'
[2025-03-29T20:14:15.722+0000] {fetch_multiple_cities.py:51} INFO - ✅ Bangkok: AQI = 118
[2025-03-29T20:14:15.726+0000] {base.py:83} INFO - Using connection ID 'postgres_conn' for task execution.
[2025-03-29T20:14:15.728+0000] {sql.py:450} INFO - Running statement: 
                        INSERT INTO air_quality_data (city, aqi, timestamp_utc)
                        VALUES (%s, %s, %s);
                    , parameters: ('Bangkok', 118, datetime.datetime(2025, 3, 30, 3, 14, 15, 270615, tzinfo=<DstTzInfo 'Asia/Bangkok' +07+7:00:00 STD>))
[2025-03-29T20:14:15.728+0000] {sql.py:459} INFO - Rows affected: 1
[2025-03-29T20:14:31.084+0000] {fetch_multiple_cities.py:51} INFO - ✅ Chiang Mai: AQI = 176
[2025-03-29T20:14:31.088+0000] {base.py:83} INFO - Using connection ID 'postgres_conn' for task execution.
[2025-03-29T20:14:31.089+0000] {sql.py:450} INFO - Running statement: 
                        INSERT INTO air_quality_data (city, aqi, timestamp_utc)
                        VALUES (%s, %s, %s);
                    , parameters: ('Chiang Mai', 176, datetime.datetime(2025, 3, 30, 3, 14, 15, 270615, tzinfo=<DstTzInfo 'Asia/Bangkok' +07+7:00:00 STD>))
[2025-03-29T20:14:31.090+0000] {sql.py:459} INFO - Rows affected: 1
[2025-03-29T20:32:49.582+0000] {fetch_multiple_cities.py:51} INFO - ✅ Ratchaburi: AQI = 69
[2025-03-29T20:32:49.591+0000] {base.py:83} INFO - Using connection ID 'postgres_conn' for task execution.
[2025-03-29T20:32:49.595+0000] {sql.py:450} INFO - Running statement: 
                        INSERT INTO air_quality_data (city, aqi, timestamp_utc)
                        VALUES (%s, %s, %s);
                    , parameters: ('Ratchaburi', 69, datetime.datetime(2025, 3, 30, 3, 14, 15, 270615, tzinfo=<DstTzInfo 'Asia/Bangkok' +07+7:00:00 STD>))
[2025-03-29T20:32:49.596+0000] {sql.py:459} INFO - Rows affected: 1
[2025-03-29T20:33:04.868+0000] {fetch_multiple_cities.py:51} INFO - ✅ Rua Yai: AQI = 146
[2025-03-29T20:33:04.879+0000] {base.py:83} INFO - Using connection ID 'postgres_conn' for task execution.
[2025-03-29T20:33:04.882+0000] {sql.py:450} INFO - Running statement: 
                        INSERT INTO air_quality_data (city, aqi, timestamp_utc)
                        VALUES (%s, %s, %s);
                    , parameters: ('Rua Yai', 146, datetime.datetime(2025, 3, 30, 3, 14, 15, 270615, tzinfo=<DstTzInfo 'Asia/Bangkok' +07+7:00:00 STD>))
[2025-03-29T20:33:04.884+0000] {sql.py:459} INFO - Rows affected: 1
[2025-03-29T20:48:20.258+0000] {fetch_multiple_cities.py:51} INFO - ✅ Mueang Nonthaburi: AQI = 115
[2025-03-29T20:48:20.267+0000] {base.py:83} INFO - Using connection ID 'postgres_conn' for task execution.
[2025-03-29T20:48:20.271+0000] {sql.py:450} INFO - Running statement: 
                        INSERT INTO air_quality_data (city, aqi, timestamp_utc)
                        VALUES (%s, %s, %s);
                    , parameters: ('Mueang Nonthaburi', 115, datetime.datetime(2025, 3, 30, 3, 14, 15, 270615, tzinfo=<DstTzInfo 'Asia/Bangkok' +07+7:00:00 STD>))
[2025-03-29T20:48:20.272+0000] {sql.py:459} INFO - Rows affected: 1
[2025-03-29T20:48:35.293+0000] {python.py:201} INFO - Done. Returned value was: None
[2025-03-29T20:48:35.306+0000] {taskinstance.py:1138} INFO - Marking task as SUCCESS. dag_id=fetch_aqi_multiple_cities, task_id=fetch_aqi_all_cities, execution_date=20250329T190000, start_date=20250329T201415, end_date=20250329T204835
[2025-03-29T20:48:35.364+0000] {local_task_job_runner.py:234} INFO - Task exited with return code 0
[2025-03-29T20:48:35.377+0000] {taskinstance.py:3280} INFO - 0 downstream tasks scheduled from follow-on schedule check
