[2025-03-29T23:16:09.386+0000] {taskinstance.py:1956} INFO - Dependencies all met for dep_context=non-requeueable deps ti=<TaskInstance: fetch_aqi_multiple_cities.fetch_aqi_all_cities scheduled__2025-03-29T22:00:00+00:00 [queued]>
[2025-03-29T23:16:09.389+0000] {taskinstance.py:1956} INFO - Dependencies all met for dep_context=requeueable deps ti=<TaskInstance: fetch_aqi_multiple_cities.fetch_aqi_all_cities scheduled__2025-03-29T22:00:00+00:00 [queued]>
[2025-03-29T23:16:09.389+0000] {taskinstance.py:2170} INFO - Starting attempt 1 of 2
[2025-03-29T23:16:09.394+0000] {taskinstance.py:2191} INFO - Executing <Task(PythonOperator): fetch_aqi_all_cities> on 2025-03-29 22:00:00+00:00
[2025-03-29T23:16:09.397+0000] {standard_task_runner.py:60} INFO - Started process 26119 to run task
[2025-03-29T23:16:09.399+0000] {standard_task_runner.py:87} INFO - Running: ['***', 'tasks', 'run', 'fetch_aqi_multiple_cities', 'fetch_aqi_all_cities', 'scheduled__2025-03-29T22:00:00+00:00', '--job-id', '116', '--raw', '--subdir', 'DAGS_FOLDER/fetch_multiple_cities.py', '--cfg-path', '/tmp/tmp4tupdyns']
[2025-03-29T23:16:09.400+0000] {standard_task_runner.py:88} INFO - Job 116: Subtask fetch_aqi_all_cities
[2025-03-29T23:16:09.406+0000] {logging_mixin.py:188} WARNING - /home/***/.local/lib/python3.8/site-packages/***/settings.py:194 DeprecationWarning: The sql_alchemy_conn option in [core] has been moved to the sql_alchemy_conn option in [database] - the old setting has been used, but please update your config.
[2025-03-29T23:16:09.423+0000] {task_command.py:423} INFO - Running <TaskInstance: fetch_aqi_multiple_cities.fetch_aqi_all_cities scheduled__2025-03-29T22:00:00+00:00 [running]> on host f5300fe43025
[2025-03-29T23:16:09.456+0000] {taskinstance.py:2480} INFO - Exporting env vars: AIRFLOW_CTX_DAG_OWNER='***' AIRFLOW_CTX_DAG_ID='fetch_aqi_multiple_cities' AIRFLOW_CTX_TASK_ID='fetch_aqi_all_cities' AIRFLOW_CTX_EXECUTION_DATE='2025-03-29T22:00:00+00:00' AIRFLOW_CTX_TRY_NUMBER='1' AIRFLOW_CTX_DAG_RUN_ID='scheduled__2025-03-29T22:00:00+00:00'
[2025-03-29T23:16:09.707+0000] {fetch_multiple_cities.py:51} INFO - ✅ Bangkok: AQI = 105
[2025-03-29T23:16:09.711+0000] {base.py:83} INFO - Using connection ID 'postgres_conn' for task execution.
[2025-03-29T23:16:09.713+0000] {sql.py:450} INFO - Running statement: 
                        INSERT INTO air_quality_data (city, aqi, timestamp_utc)
                        VALUES (%s, %s, %s);
                    , parameters: ('Bangkok', 105, datetime.datetime(2025, 3, 30, 6, 16, 9, 456991, tzinfo=<DstTzInfo 'Asia/Bangkok' +07+7:00:00 STD>))
[2025-03-29T23:16:09.714+0000] {sql.py:459} INFO - Rows affected: 1
[2025-03-29T23:16:25.016+0000] {fetch_multiple_cities.py:51} INFO - ✅ Chiang Mai: AQI = 182
[2025-03-29T23:16:25.025+0000] {base.py:83} INFO - Using connection ID 'postgres_conn' for task execution.
[2025-03-29T23:16:25.029+0000] {sql.py:450} INFO - Running statement: 
                        INSERT INTO air_quality_data (city, aqi, timestamp_utc)
                        VALUES (%s, %s, %s);
                    , parameters: ('Chiang Mai', 182, datetime.datetime(2025, 3, 30, 6, 16, 9, 456991, tzinfo=<DstTzInfo 'Asia/Bangkok' +07+7:00:00 STD>))
[2025-03-29T23:16:25.030+0000] {sql.py:459} INFO - Rows affected: 1
[2025-03-29T23:31:40.184+0000] {fetch_multiple_cities.py:51} INFO - ✅ Ratchaburi: AQI = 75
[2025-03-29T23:31:40.188+0000] {base.py:83} INFO - Using connection ID 'postgres_conn' for task execution.
[2025-03-29T23:31:40.190+0000] {sql.py:450} INFO - Running statement: 
                        INSERT INTO air_quality_data (city, aqi, timestamp_utc)
                        VALUES (%s, %s, %s);
                    , parameters: ('Ratchaburi', 75, datetime.datetime(2025, 3, 30, 6, 16, 9, 456991, tzinfo=<DstTzInfo 'Asia/Bangkok' +07+7:00:00 STD>))
[2025-03-29T23:31:40.190+0000] {sql.py:459} INFO - Rows affected: 1
[2025-03-29T23:31:55.454+0000] {fetch_multiple_cities.py:51} INFO - ✅ Rua Yai: AQI = 135
[2025-03-29T23:31:55.463+0000] {base.py:83} INFO - Using connection ID 'postgres_conn' for task execution.
[2025-03-29T23:31:55.467+0000] {sql.py:450} INFO - Running statement: 
                        INSERT INTO air_quality_data (city, aqi, timestamp_utc)
                        VALUES (%s, %s, %s);
                    , parameters: ('Rua Yai', 135, datetime.datetime(2025, 3, 30, 6, 16, 9, 456991, tzinfo=<DstTzInfo 'Asia/Bangkok' +07+7:00:00 STD>))
[2025-03-29T23:31:55.468+0000] {sql.py:459} INFO - Rows affected: 1
[2025-03-29T23:37:56.665+0000] {fetch_multiple_cities.py:51} INFO - ✅ Mueang Nonthaburi: AQI = 99
[2025-03-29T23:37:56.669+0000] {base.py:83} INFO - Using connection ID 'postgres_conn' for task execution.
[2025-03-29T23:37:56.670+0000] {sql.py:450} INFO - Running statement: 
                        INSERT INTO air_quality_data (city, aqi, timestamp_utc)
                        VALUES (%s, %s, %s);
                    , parameters: ('Mueang Nonthaburi', 99, datetime.datetime(2025, 3, 30, 6, 16, 9, 456991, tzinfo=<DstTzInfo 'Asia/Bangkok' +07+7:00:00 STD>))
[2025-03-29T23:37:56.671+0000] {sql.py:459} INFO - Rows affected: 1
[2025-03-29T23:38:11.692+0000] {python.py:201} INFO - Done. Returned value was: None
[2025-03-29T23:38:11.712+0000] {taskinstance.py:1138} INFO - Marking task as SUCCESS. dag_id=fetch_aqi_multiple_cities, task_id=fetch_aqi_all_cities, execution_date=20250329T220000, start_date=20250329T231609, end_date=20250329T233811
[2025-03-29T23:38:11.763+0000] {local_task_job_runner.py:234} INFO - Task exited with return code 0
[2025-03-29T23:38:11.775+0000] {taskinstance.py:3280} INFO - 0 downstream tasks scheduled from follow-on schedule check
