[2025-03-27T13:00:07.996+0000] {taskinstance.py:1956} INFO - Dependencies all met for dep_context=non-requeueable deps ti=<TaskInstance: fetch_aqi_multiple_cities.fetch_aqi_all_cities scheduled__2025-03-27T12:00:00+00:00 [queued]>
[2025-03-27T13:00:08.003+0000] {taskinstance.py:1956} INFO - Dependencies all met for dep_context=requeueable deps ti=<TaskInstance: fetch_aqi_multiple_cities.fetch_aqi_all_cities scheduled__2025-03-27T12:00:00+00:00 [queued]>
[2025-03-27T13:00:08.003+0000] {taskinstance.py:2170} INFO - Starting attempt 1 of 2
[2025-03-27T13:00:08.012+0000] {taskinstance.py:2191} INFO - Executing <Task(PythonOperator): fetch_aqi_all_cities> on 2025-03-27 12:00:00+00:00
[2025-03-27T13:00:08.014+0000] {standard_task_runner.py:60} INFO - Started process 190 to run task
[2025-03-27T13:00:08.017+0000] {standard_task_runner.py:87} INFO - Running: ['***', 'tasks', 'run', 'fetch_aqi_multiple_cities', 'fetch_aqi_all_cities', 'scheduled__2025-03-27T12:00:00+00:00', '--job-id', '39', '--raw', '--subdir', 'DAGS_FOLDER/fetch_multiple_cities.py', '--cfg-path', '/tmp/tmpl6tby6ss']
[2025-03-27T13:00:08.018+0000] {standard_task_runner.py:88} INFO - Job 39: Subtask fetch_aqi_all_cities
[2025-03-27T13:00:08.029+0000] {logging_mixin.py:188} WARNING - /home/***/.local/lib/python3.8/site-packages/***/settings.py:194 DeprecationWarning: The sql_alchemy_conn option in [core] has been moved to the sql_alchemy_conn option in [database] - the old setting has been used, but please update your config.
[2025-03-27T13:00:08.049+0000] {task_command.py:423} INFO - Running <TaskInstance: fetch_aqi_multiple_cities.fetch_aqi_all_cities scheduled__2025-03-27T12:00:00+00:00 [running]> on host deb394d50d01
[2025-03-27T13:00:08.093+0000] {taskinstance.py:2480} INFO - Exporting env vars: AIRFLOW_CTX_DAG_OWNER='***' AIRFLOW_CTX_DAG_ID='fetch_aqi_multiple_cities' AIRFLOW_CTX_TASK_ID='fetch_aqi_all_cities' AIRFLOW_CTX_EXECUTION_DATE='2025-03-27T12:00:00+00:00' AIRFLOW_CTX_TRY_NUMBER='1' AIRFLOW_CTX_DAG_RUN_ID='scheduled__2025-03-27T12:00:00+00:00'
[2025-03-27T13:00:08.547+0000] {fetch_multiple_cities.py:52} INFO - ✅ Bangkok: AQI = 102
[2025-03-27T13:00:08.552+0000] {base.py:83} INFO - Using connection ID 'postgres_conn' for task execution.
[2025-03-27T13:00:08.554+0000] {sql.py:450} INFO - Running statement: 
                        INSERT INTO air_quality_data (city, aqi, timestamp_utc)
                        VALUES (%s, %s, %s);
                    , parameters: ('Bangkok', 102, datetime.datetime(2025, 3, 27, 20, 0, 8, 94822, tzinfo=<DstTzInfo 'Asia/Bangkok' +07+7:00:00 STD>))
[2025-03-27T13:00:08.555+0000] {sql.py:459} INFO - Rows affected: 1
[2025-03-27T13:00:08.851+0000] {fetch_multiple_cities.py:52} INFO - ✅ Chiang Mai: AQI = 142
[2025-03-27T13:00:08.854+0000] {base.py:83} INFO - Using connection ID 'postgres_conn' for task execution.
[2025-03-27T13:00:08.855+0000] {sql.py:450} INFO - Running statement: 
                        INSERT INTO air_quality_data (city, aqi, timestamp_utc)
                        VALUES (%s, %s, %s);
                    , parameters: ('Chiang Mai', 142, datetime.datetime(2025, 3, 27, 20, 0, 8, 94822, tzinfo=<DstTzInfo 'Asia/Bangkok' +07+7:00:00 STD>))
[2025-03-27T13:00:08.855+0000] {sql.py:459} INFO - Rows affected: 1
[2025-03-27T13:00:09.074+0000] {fetch_multiple_cities.py:52} INFO - ✅ Ratchaburi: AQI = 62
[2025-03-27T13:00:09.076+0000] {base.py:83} INFO - Using connection ID 'postgres_conn' for task execution.
[2025-03-27T13:00:09.078+0000] {sql.py:450} INFO - Running statement: 
                        INSERT INTO air_quality_data (city, aqi, timestamp_utc)
                        VALUES (%s, %s, %s);
                    , parameters: ('Ratchaburi', 62, datetime.datetime(2025, 3, 27, 20, 0, 8, 94822, tzinfo=<DstTzInfo 'Asia/Bangkok' +07+7:00:00 STD>))
[2025-03-27T13:00:09.079+0000] {sql.py:459} INFO - Rows affected: 1
[2025-03-27T13:00:09.375+0000] {fetch_multiple_cities.py:61} WARNING - ❌ API error for Rua Yai: 429
[2025-03-27T13:00:09.590+0000] {fetch_multiple_cities.py:61} WARNING - ❌ API error for Mueang Nonthaburi: 429
[2025-03-27T13:00:09.591+0000] {python.py:201} INFO - Done. Returned value was: None
[2025-03-27T13:00:09.594+0000] {taskinstance.py:1138} INFO - Marking task as SUCCESS. dag_id=fetch_aqi_multiple_cities, task_id=fetch_aqi_all_cities, execution_date=20250327T120000, start_date=20250327T130007, end_date=20250327T130009
[2025-03-27T13:00:09.633+0000] {local_task_job_runner.py:234} INFO - Task exited with return code 0
[2025-03-27T13:00:09.640+0000] {taskinstance.py:3280} INFO - 0 downstream tasks scheduled from follow-on schedule check
