[2025-03-28T01:55:43.148+0000] {taskinstance.py:1956} INFO - Dependencies all met for dep_context=non-requeueable deps ti=<TaskInstance: fetch_aqi_multiple_cities.fetch_aqi_all_cities manual__2025-03-28T01:55:42.786864+00:00 [queued]>
[2025-03-28T01:55:43.152+0000] {taskinstance.py:1956} INFO - Dependencies all met for dep_context=requeueable deps ti=<TaskInstance: fetch_aqi_multiple_cities.fetch_aqi_all_cities manual__2025-03-28T01:55:42.786864+00:00 [queued]>
[2025-03-28T01:55:43.152+0000] {taskinstance.py:2170} INFO - Starting attempt 1 of 2
[2025-03-28T01:55:43.156+0000] {taskinstance.py:2191} INFO - Executing <Task(PythonOperator): fetch_aqi_all_cities> on 2025-03-28 01:55:42.786864+00:00
[2025-03-28T01:55:43.157+0000] {standard_task_runner.py:60} INFO - Started process 254 to run task
[2025-03-28T01:55:43.159+0000] {standard_task_runner.py:87} INFO - Running: ['***', 'tasks', 'run', 'fetch_aqi_multiple_cities', 'fetch_aqi_all_cities', 'manual__2025-03-28T01:55:42.786864+00:00', '--job-id', '64', '--raw', '--subdir', 'DAGS_FOLDER/fetch_multiple_cities.py', '--cfg-path', '/tmp/tmp9qjb7fc2']
[2025-03-28T01:55:43.160+0000] {standard_task_runner.py:88} INFO - Job 64: Subtask fetch_aqi_all_cities
[2025-03-28T01:55:43.165+0000] {logging_mixin.py:188} WARNING - /home/***/.local/lib/python3.8/site-packages/***/settings.py:194 DeprecationWarning: The sql_alchemy_conn option in [core] has been moved to the sql_alchemy_conn option in [database] - the old setting has been used, but please update your config.
[2025-03-28T01:55:43.177+0000] {task_command.py:423} INFO - Running <TaskInstance: fetch_aqi_multiple_cities.fetch_aqi_all_cities manual__2025-03-28T01:55:42.786864+00:00 [running]> on host bee80cc57b6d
[2025-03-28T01:55:43.205+0000] {taskinstance.py:2480} INFO - Exporting env vars: AIRFLOW_CTX_DAG_OWNER='***' AIRFLOW_CTX_DAG_ID='fetch_aqi_multiple_cities' AIRFLOW_CTX_TASK_ID='fetch_aqi_all_cities' AIRFLOW_CTX_EXECUTION_DATE='2025-03-28T01:55:42.786864+00:00' AIRFLOW_CTX_TRY_NUMBER='1' AIRFLOW_CTX_DAG_RUN_ID='manual__2025-03-28T01:55:42.786864+00:00'
[2025-03-28T01:55:43.602+0000] {fetch_multiple_cities.py:51} INFO - ✅ Bangkok: AQI = 140
[2025-03-28T01:55:43.614+0000] {base.py:83} INFO - Using connection ID 'postgres_conn' for task execution.
[2025-03-28T01:55:43.618+0000] {sql.py:450} INFO - Running statement: 
                        INSERT INTO air_quality_data (city, aqi, timestamp_utc)
                        VALUES (%s, %s, %s);
                    , parameters: ('Bangkok', 140, datetime.datetime(2025, 3, 28, 8, 55, 43, 206498, tzinfo=<DstTzInfo 'Asia/Bangkok' +07+7:00:00 STD>))
[2025-03-28T01:55:43.620+0000] {sql.py:459} INFO - Rows affected: 1
[2025-03-28T01:55:58.938+0000] {fetch_multiple_cities.py:51} INFO - ✅ Chiang Mai: AQI = 179
[2025-03-28T01:55:58.948+0000] {base.py:83} INFO - Using connection ID 'postgres_conn' for task execution.
[2025-03-28T01:55:58.952+0000] {sql.py:450} INFO - Running statement: 
                        INSERT INTO air_quality_data (city, aqi, timestamp_utc)
                        VALUES (%s, %s, %s);
                    , parameters: ('Chiang Mai', 179, datetime.datetime(2025, 3, 28, 8, 55, 43, 206498, tzinfo=<DstTzInfo 'Asia/Bangkok' +07+7:00:00 STD>))
[2025-03-28T01:55:58.953+0000] {sql.py:459} INFO - Rows affected: 1
[2025-03-28T01:56:14.591+0000] {fetch_multiple_cities.py:51} INFO - ✅ Ratchaburi: AQI = 73
[2025-03-28T01:56:14.601+0000] {base.py:83} INFO - Using connection ID 'postgres_conn' for task execution.
[2025-03-28T01:56:14.605+0000] {sql.py:450} INFO - Running statement: 
                        INSERT INTO air_quality_data (city, aqi, timestamp_utc)
                        VALUES (%s, %s, %s);
                    , parameters: ('Ratchaburi', 73, datetime.datetime(2025, 3, 28, 8, 55, 43, 206498, tzinfo=<DstTzInfo 'Asia/Bangkok' +07+7:00:00 STD>))
[2025-03-28T01:56:14.606+0000] {sql.py:459} INFO - Rows affected: 1
[2025-03-28T01:56:29.866+0000] {fetch_multiple_cities.py:51} INFO - ✅ Rua Yai: AQI = 110
[2025-03-28T01:56:29.873+0000] {base.py:83} INFO - Using connection ID 'postgres_conn' for task execution.
[2025-03-28T01:56:29.877+0000] {sql.py:450} INFO - Running statement: 
                        INSERT INTO air_quality_data (city, aqi, timestamp_utc)
                        VALUES (%s, %s, %s);
                    , parameters: ('Rua Yai', 110, datetime.datetime(2025, 3, 28, 8, 55, 43, 206498, tzinfo=<DstTzInfo 'Asia/Bangkok' +07+7:00:00 STD>))
[2025-03-28T01:56:29.879+0000] {sql.py:459} INFO - Rows affected: 1
[2025-03-28T01:56:45.191+0000] {fetch_multiple_cities.py:51} INFO - ✅ Mueang Nonthaburi: AQI = 152
[2025-03-28T01:56:45.220+0000] {base.py:83} INFO - Using connection ID 'postgres_conn' for task execution.
[2025-03-28T01:56:45.222+0000] {sql.py:450} INFO - Running statement: 
                        INSERT INTO air_quality_data (city, aqi, timestamp_utc)
                        VALUES (%s, %s, %s);
                    , parameters: ('Mueang Nonthaburi', 152, datetime.datetime(2025, 3, 28, 8, 55, 43, 206498, tzinfo=<DstTzInfo 'Asia/Bangkok' +07+7:00:00 STD>))
[2025-03-28T01:56:45.223+0000] {sql.py:459} INFO - Rows affected: 1
[2025-03-28T01:57:00.242+0000] {python.py:201} INFO - Done. Returned value was: None
[2025-03-28T01:57:00.254+0000] {taskinstance.py:1138} INFO - Marking task as SUCCESS. dag_id=fetch_aqi_multiple_cities, task_id=fetch_aqi_all_cities, execution_date=20250328T015542, start_date=20250328T015543, end_date=20250328T015700
[2025-03-28T01:57:00.292+0000] {local_task_job_runner.py:234} INFO - Task exited with return code 0
[2025-03-28T01:57:00.303+0000] {taskinstance.py:3280} INFO - 0 downstream tasks scheduled from follow-on schedule check
