[2025-03-28T21:12:50.844+0000] {taskinstance.py:1956} INFO - Dependencies all met for dep_context=non-requeueable deps ti=<TaskInstance: fetch_aqi_multiple_cities.fetch_aqi_all_cities scheduled__2025-03-28T20:00:00+00:00 [queued]>
[2025-03-28T21:12:50.849+0000] {taskinstance.py:1956} INFO - Dependencies all met for dep_context=requeueable deps ti=<TaskInstance: fetch_aqi_multiple_cities.fetch_aqi_all_cities scheduled__2025-03-28T20:00:00+00:00 [queued]>
[2025-03-28T21:12:50.849+0000] {taskinstance.py:2170} INFO - Starting attempt 1 of 2
[2025-03-28T21:12:50.856+0000] {taskinstance.py:2191} INFO - Executing <Task(PythonOperator): fetch_aqi_all_cities> on 2025-03-28 20:00:00+00:00
[2025-03-28T21:12:50.858+0000] {standard_task_runner.py:60} INFO - Started process 12769 to run task
[2025-03-28T21:12:50.861+0000] {standard_task_runner.py:87} INFO - Running: ['***', 'tasks', 'run', 'fetch_aqi_multiple_cities', 'fetch_aqi_all_cities', 'scheduled__2025-03-28T20:00:00+00:00', '--job-id', '87', '--raw', '--subdir', 'DAGS_FOLDER/fetch_multiple_cities.py', '--cfg-path', '/tmp/tmp2ba0jkau']
[2025-03-28T21:12:50.862+0000] {standard_task_runner.py:88} INFO - Job 87: Subtask fetch_aqi_all_cities
[2025-03-28T21:12:50.869+0000] {logging_mixin.py:188} WARNING - /home/***/.local/lib/python3.8/site-packages/***/settings.py:194 DeprecationWarning: The sql_alchemy_conn option in [core] has been moved to the sql_alchemy_conn option in [database] - the old setting has been used, but please update your config.
[2025-03-28T21:12:50.886+0000] {task_command.py:423} INFO - Running <TaskInstance: fetch_aqi_multiple_cities.fetch_aqi_all_cities scheduled__2025-03-28T20:00:00+00:00 [running]> on host f5300fe43025
[2025-03-28T21:12:50.924+0000] {taskinstance.py:2480} INFO - Exporting env vars: AIRFLOW_CTX_DAG_OWNER='***' AIRFLOW_CTX_DAG_ID='fetch_aqi_multiple_cities' AIRFLOW_CTX_TASK_ID='fetch_aqi_all_cities' AIRFLOW_CTX_EXECUTION_DATE='2025-03-28T20:00:00+00:00' AIRFLOW_CTX_TRY_NUMBER='1' AIRFLOW_CTX_DAG_RUN_ID='scheduled__2025-03-28T20:00:00+00:00'
[2025-03-28T21:12:51.223+0000] {fetch_multiple_cities.py:51} INFO - ✅ Bangkok: AQI = 115
[2025-03-28T21:12:51.228+0000] {base.py:83} INFO - Using connection ID 'postgres_conn' for task execution.
[2025-03-28T21:12:51.230+0000] {sql.py:450} INFO - Running statement: 
                        INSERT INTO air_quality_data (city, aqi, timestamp_utc)
                        VALUES (%s, %s, %s);
                    , parameters: ('Bangkok', 115, datetime.datetime(2025, 3, 29, 4, 12, 50, 925130, tzinfo=<DstTzInfo 'Asia/Bangkok' +07+7:00:00 STD>))
[2025-03-28T21:12:51.230+0000] {sql.py:459} INFO - Rows affected: 1
[2025-03-28T21:13:06.499+0000] {fetch_multiple_cities.py:51} INFO - ✅ Chiang Mai: AQI = 161
[2025-03-28T21:13:06.506+0000] {base.py:83} INFO - Using connection ID 'postgres_conn' for task execution.
[2025-03-28T21:13:06.508+0000] {sql.py:450} INFO - Running statement: 
                        INSERT INTO air_quality_data (city, aqi, timestamp_utc)
                        VALUES (%s, %s, %s);
                    , parameters: ('Chiang Mai', 161, datetime.datetime(2025, 3, 29, 4, 12, 50, 925130, tzinfo=<DstTzInfo 'Asia/Bangkok' +07+7:00:00 STD>))
[2025-03-28T21:13:06.508+0000] {sql.py:459} INFO - Rows affected: 1
[2025-03-28T21:17:25.971+0000] {fetch_multiple_cities.py:51} INFO - ✅ Ratchaburi: AQI = 97
[2025-03-28T21:17:25.976+0000] {base.py:83} INFO - Using connection ID 'postgres_conn' for task execution.
[2025-03-28T21:17:25.979+0000] {sql.py:450} INFO - Running statement: 
                        INSERT INTO air_quality_data (city, aqi, timestamp_utc)
                        VALUES (%s, %s, %s);
                    , parameters: ('Ratchaburi', 97, datetime.datetime(2025, 3, 29, 4, 12, 50, 925130, tzinfo=<DstTzInfo 'Asia/Bangkok' +07+7:00:00 STD>))
[2025-03-28T21:17:25.980+0000] {sql.py:459} INFO - Rows affected: 1
[2025-03-28T21:17:41.259+0000] {fetch_multiple_cities.py:51} INFO - ✅ Rua Yai: AQI = 100
[2025-03-28T21:17:41.271+0000] {base.py:83} INFO - Using connection ID 'postgres_conn' for task execution.
[2025-03-28T21:17:41.275+0000] {sql.py:450} INFO - Running statement: 
                        INSERT INTO air_quality_data (city, aqi, timestamp_utc)
                        VALUES (%s, %s, %s);
                    , parameters: ('Rua Yai', 100, datetime.datetime(2025, 3, 29, 4, 12, 50, 925130, tzinfo=<DstTzInfo 'Asia/Bangkok' +07+7:00:00 STD>))
[2025-03-28T21:17:41.276+0000] {sql.py:459} INFO - Rows affected: 1
[2025-03-28T21:32:56.566+0000] {fetch_multiple_cities.py:51} INFO - ✅ Mueang Nonthaburi: AQI = 112
[2025-03-28T21:32:56.577+0000] {base.py:83} INFO - Using connection ID 'postgres_conn' for task execution.
[2025-03-28T21:32:56.583+0000] {sql.py:450} INFO - Running statement: 
                        INSERT INTO air_quality_data (city, aqi, timestamp_utc)
                        VALUES (%s, %s, %s);
                    , parameters: ('Mueang Nonthaburi', 112, datetime.datetime(2025, 3, 29, 4, 12, 50, 925130, tzinfo=<DstTzInfo 'Asia/Bangkok' +07+7:00:00 STD>))
[2025-03-28T21:32:56.584+0000] {sql.py:459} INFO - Rows affected: 1
[2025-03-28T21:33:11.610+0000] {python.py:201} INFO - Done. Returned value was: None
[2025-03-28T21:33:11.624+0000] {taskinstance.py:1138} INFO - Marking task as SUCCESS. dag_id=fetch_aqi_multiple_cities, task_id=fetch_aqi_all_cities, execution_date=20250328T200000, start_date=20250328T211250, end_date=20250328T213311
[2025-03-28T21:33:11.652+0000] {local_task_job_runner.py:234} INFO - Task exited with return code 0
[2025-03-28T21:33:11.663+0000] {taskinstance.py:3280} INFO - 0 downstream tasks scheduled from follow-on schedule check
