[2025-03-28T11:00:00.788+0000] {taskinstance.py:1956} INFO - Dependencies all met for dep_context=non-requeueable deps ti=<TaskInstance: fetch_aqi_multiple_cities.fetch_aqi_all_cities scheduled__2025-03-28T10:00:00+00:00 [queued]>
[2025-03-28T11:00:00.791+0000] {taskinstance.py:1956} INFO - Dependencies all met for dep_context=requeueable deps ti=<TaskInstance: fetch_aqi_multiple_cities.fetch_aqi_all_cities scheduled__2025-03-28T10:00:00+00:00 [queued]>
[2025-03-28T11:00:00.791+0000] {taskinstance.py:2170} INFO - Starting attempt 1 of 2
[2025-03-28T11:00:00.796+0000] {taskinstance.py:2191} INFO - Executing <Task(PythonOperator): fetch_aqi_all_cities> on 2025-03-28 10:00:00+00:00
[2025-03-28T11:00:00.798+0000] {standard_task_runner.py:60} INFO - Started process 3446 to run task
[2025-03-28T11:00:00.800+0000] {standard_task_runner.py:87} INFO - Running: ['***', 'tasks', 'run', 'fetch_aqi_multiple_cities', 'fetch_aqi_all_cities', 'scheduled__2025-03-28T10:00:00+00:00', '--job-id', '77', '--raw', '--subdir', 'DAGS_FOLDER/fetch_multiple_cities.py', '--cfg-path', '/tmp/tmpv5fcu01a']
[2025-03-28T11:00:00.801+0000] {standard_task_runner.py:88} INFO - Job 77: Subtask fetch_aqi_all_cities
[2025-03-28T11:00:00.807+0000] {logging_mixin.py:188} WARNING - /home/***/.local/lib/python3.8/site-packages/***/settings.py:194 DeprecationWarning: The sql_alchemy_conn option in [core] has been moved to the sql_alchemy_conn option in [database] - the old setting has been used, but please update your config.
[2025-03-28T11:00:00.819+0000] {task_command.py:423} INFO - Running <TaskInstance: fetch_aqi_multiple_cities.fetch_aqi_all_cities scheduled__2025-03-28T10:00:00+00:00 [running]> on host f5300fe43025
[2025-03-28T11:00:00.848+0000] {taskinstance.py:2480} INFO - Exporting env vars: AIRFLOW_CTX_DAG_OWNER='***' AIRFLOW_CTX_DAG_ID='fetch_aqi_multiple_cities' AIRFLOW_CTX_TASK_ID='fetch_aqi_all_cities' AIRFLOW_CTX_EXECUTION_DATE='2025-03-28T10:00:00+00:00' AIRFLOW_CTX_TRY_NUMBER='1' AIRFLOW_CTX_DAG_RUN_ID='scheduled__2025-03-28T10:00:00+00:00'
[2025-03-28T11:00:01.188+0000] {fetch_multiple_cities.py:51} INFO - ✅ Bangkok: AQI = 110
[2025-03-28T11:00:01.204+0000] {base.py:83} INFO - Using connection ID 'postgres_conn' for task execution.
[2025-03-28T11:00:01.208+0000] {sql.py:450} INFO - Running statement: 
                        INSERT INTO air_quality_data (city, aqi, timestamp_utc)
                        VALUES (%s, %s, %s);
                    , parameters: ('Bangkok', 110, datetime.datetime(2025, 3, 28, 18, 0, 0, 848990, tzinfo=<DstTzInfo 'Asia/Bangkok' +07+7:00:00 STD>))
[2025-03-28T11:00:01.210+0000] {sql.py:459} INFO - Rows affected: 1
[2025-03-28T11:00:16.444+0000] {fetch_multiple_cities.py:51} INFO - ✅ Chiang Mai: AQI = 159
[2025-03-28T11:00:16.454+0000] {base.py:83} INFO - Using connection ID 'postgres_conn' for task execution.
[2025-03-28T11:00:16.458+0000] {sql.py:450} INFO - Running statement: 
                        INSERT INTO air_quality_data (city, aqi, timestamp_utc)
                        VALUES (%s, %s, %s);
                    , parameters: ('Chiang Mai', 159, datetime.datetime(2025, 3, 28, 18, 0, 0, 848990, tzinfo=<DstTzInfo 'Asia/Bangkok' +07+7:00:00 STD>))
[2025-03-28T11:00:16.460+0000] {sql.py:459} INFO - Rows affected: 1
[2025-03-28T11:00:31.716+0000] {fetch_multiple_cities.py:51} INFO - ✅ Ratchaburi: AQI = 64
[2025-03-28T11:00:31.728+0000] {base.py:83} INFO - Using connection ID 'postgres_conn' for task execution.
[2025-03-28T11:00:31.732+0000] {sql.py:450} INFO - Running statement: 
                        INSERT INTO air_quality_data (city, aqi, timestamp_utc)
                        VALUES (%s, %s, %s);
                    , parameters: ('Ratchaburi', 64, datetime.datetime(2025, 3, 28, 18, 0, 0, 848990, tzinfo=<DstTzInfo 'Asia/Bangkok' +07+7:00:00 STD>))
[2025-03-28T11:00:31.733+0000] {sql.py:459} INFO - Rows affected: 1
[2025-03-28T11:00:46.982+0000] {fetch_multiple_cities.py:51} INFO - ✅ Rua Yai: AQI = 88
[2025-03-28T11:00:46.994+0000] {base.py:83} INFO - Using connection ID 'postgres_conn' for task execution.
[2025-03-28T11:00:46.999+0000] {sql.py:450} INFO - Running statement: 
                        INSERT INTO air_quality_data (city, aqi, timestamp_utc)
                        VALUES (%s, %s, %s);
                    , parameters: ('Rua Yai', 88, datetime.datetime(2025, 3, 28, 18, 0, 0, 848990, tzinfo=<DstTzInfo 'Asia/Bangkok' +07+7:00:00 STD>))
[2025-03-28T11:00:47.000+0000] {sql.py:459} INFO - Rows affected: 1
[2025-03-28T11:01:02.227+0000] {fetch_multiple_cities.py:51} INFO - ✅ Mueang Nonthaburi: AQI = 106
[2025-03-28T11:01:02.238+0000] {base.py:83} INFO - Using connection ID 'postgres_conn' for task execution.
[2025-03-28T11:01:02.242+0000] {sql.py:450} INFO - Running statement: 
                        INSERT INTO air_quality_data (city, aqi, timestamp_utc)
                        VALUES (%s, %s, %s);
                    , parameters: ('Mueang Nonthaburi', 106, datetime.datetime(2025, 3, 28, 18, 0, 0, 848990, tzinfo=<DstTzInfo 'Asia/Bangkok' +07+7:00:00 STD>))
[2025-03-28T11:01:02.244+0000] {sql.py:459} INFO - Rows affected: 1
[2025-03-28T11:01:17.246+0000] {python.py:201} INFO - Done. Returned value was: None
[2025-03-28T11:01:17.250+0000] {taskinstance.py:1138} INFO - Marking task as SUCCESS. dag_id=fetch_aqi_multiple_cities, task_id=fetch_aqi_all_cities, execution_date=20250328T100000, start_date=20250328T110000, end_date=20250328T110117
[2025-03-28T11:01:17.262+0000] {local_task_job_runner.py:234} INFO - Task exited with return code 0
[2025-03-28T11:01:17.269+0000] {taskinstance.py:3280} INFO - 0 downstream tasks scheduled from follow-on schedule check
