[2025-03-30T12:05:59.499+0000] {taskinstance.py:1956} INFO - Dependencies all met for dep_context=non-requeueable deps ti=<TaskInstance: fetch_aqi_multiple_cities.fetch_aqi_all_cities scheduled__2025-03-30T11:00:00+00:00 [queued]>
[2025-03-30T12:05:59.502+0000] {taskinstance.py:1956} INFO - Dependencies all met for dep_context=requeueable deps ti=<TaskInstance: fetch_aqi_multiple_cities.fetch_aqi_all_cities scheduled__2025-03-30T11:00:00+00:00 [queued]>
[2025-03-30T12:05:59.503+0000] {taskinstance.py:2170} INFO - Starting attempt 1 of 2
[2025-03-30T12:05:59.509+0000] {taskinstance.py:2191} INFO - Executing <Task(PythonOperator): fetch_aqi_all_cities> on 2025-03-30 11:00:00+00:00
[2025-03-30T12:05:59.511+0000] {standard_task_runner.py:60} INFO - Started process 31131 to run task
[2025-03-30T12:05:59.513+0000] {standard_task_runner.py:87} INFO - Running: ['***', 'tasks', 'run', 'fetch_aqi_multiple_cities', 'fetch_aqi_all_cities', 'scheduled__2025-03-30T11:00:00+00:00', '--job-id', '130', '--raw', '--subdir', 'DAGS_FOLDER/fetch_multiple_cities.py', '--cfg-path', '/tmp/tmptced46hw']
[2025-03-30T12:05:59.514+0000] {standard_task_runner.py:88} INFO - Job 130: Subtask fetch_aqi_all_cities
[2025-03-30T12:05:59.522+0000] {logging_mixin.py:188} WARNING - /home/***/.local/lib/python3.8/site-packages/***/settings.py:194 DeprecationWarning: The sql_alchemy_conn option in [core] has been moved to the sql_alchemy_conn option in [database] - the old setting has been used, but please update your config.
[2025-03-30T12:05:59.546+0000] {task_command.py:423} INFO - Running <TaskInstance: fetch_aqi_multiple_cities.fetch_aqi_all_cities scheduled__2025-03-30T11:00:00+00:00 [running]> on host f5300fe43025
[2025-03-30T12:05:59.644+0000] {taskinstance.py:2480} INFO - Exporting env vars: AIRFLOW_CTX_DAG_OWNER='***' AIRFLOW_CTX_DAG_ID='fetch_aqi_multiple_cities' AIRFLOW_CTX_TASK_ID='fetch_aqi_all_cities' AIRFLOW_CTX_EXECUTION_DATE='2025-03-30T11:00:00+00:00' AIRFLOW_CTX_TRY_NUMBER='1' AIRFLOW_CTX_DAG_RUN_ID='scheduled__2025-03-30T11:00:00+00:00'
[2025-03-30T12:06:00.066+0000] {fetch_multiple_cities.py:51} INFO - ✅ Bangkok: AQI = 86
[2025-03-30T12:06:00.072+0000] {base.py:83} INFO - Using connection ID 'postgres_conn' for task execution.
[2025-03-30T12:06:00.073+0000] {sql.py:450} INFO - Running statement: 
                        INSERT INTO air_quality_data (city, aqi, timestamp_utc)
                        VALUES (%s, %s, %s);
                    , parameters: ('Bangkok', 86, datetime.datetime(2025, 3, 30, 19, 5, 59, 654064, tzinfo=<DstTzInfo 'Asia/Bangkok' +07+7:00:00 STD>))
[2025-03-30T12:06:00.074+0000] {sql.py:459} INFO - Rows affected: 1
[2025-03-30T12:06:15.320+0000] {fetch_multiple_cities.py:51} INFO - ✅ Chiang Mai: AQI = 171
[2025-03-30T12:06:15.331+0000] {base.py:83} INFO - Using connection ID 'postgres_conn' for task execution.
[2025-03-30T12:06:15.335+0000] {sql.py:450} INFO - Running statement: 
                        INSERT INTO air_quality_data (city, aqi, timestamp_utc)
                        VALUES (%s, %s, %s);
                    , parameters: ('Chiang Mai', 171, datetime.datetime(2025, 3, 30, 19, 5, 59, 654064, tzinfo=<DstTzInfo 'Asia/Bangkok' +07+7:00:00 STD>))
[2025-03-30T12:06:15.336+0000] {sql.py:459} INFO - Rows affected: 1
[2025-03-30T12:18:02.600+0000] {fetch_multiple_cities.py:51} INFO - ✅ Ratchaburi: AQI = 54
[2025-03-30T12:18:02.602+0000] {base.py:83} INFO - Using connection ID 'postgres_conn' for task execution.
[2025-03-30T12:18:02.604+0000] {sql.py:450} INFO - Running statement: 
                        INSERT INTO air_quality_data (city, aqi, timestamp_utc)
                        VALUES (%s, %s, %s);
                    , parameters: ('Ratchaburi', 54, datetime.datetime(2025, 3, 30, 19, 5, 59, 654064, tzinfo=<DstTzInfo 'Asia/Bangkok' +07+7:00:00 STD>))
[2025-03-30T12:18:02.604+0000] {sql.py:459} INFO - Rows affected: 1
[2025-03-30T12:18:17.854+0000] {fetch_multiple_cities.py:51} INFO - ✅ Rua Yai: AQI = 129
[2025-03-30T12:18:17.864+0000] {base.py:83} INFO - Using connection ID 'postgres_conn' for task execution.
[2025-03-30T12:18:17.867+0000] {sql.py:450} INFO - Running statement: 
                        INSERT INTO air_quality_data (city, aqi, timestamp_utc)
                        VALUES (%s, %s, %s);
                    , parameters: ('Rua Yai', 129, datetime.datetime(2025, 3, 30, 19, 5, 59, 654064, tzinfo=<DstTzInfo 'Asia/Bangkok' +07+7:00:00 STD>))
[2025-03-30T12:18:17.869+0000] {sql.py:459} INFO - Rows affected: 1
[2025-03-30T12:18:33.190+0000] {fetch_multiple_cities.py:51} INFO - ✅ Mueang Nonthaburi: AQI = 94
[2025-03-30T12:18:33.201+0000] {base.py:83} INFO - Using connection ID 'postgres_conn' for task execution.
[2025-03-30T12:18:33.207+0000] {sql.py:450} INFO - Running statement: 
                        INSERT INTO air_quality_data (city, aqi, timestamp_utc)
                        VALUES (%s, %s, %s);
                    , parameters: ('Mueang Nonthaburi', 94, datetime.datetime(2025, 3, 30, 19, 5, 59, 654064, tzinfo=<DstTzInfo 'Asia/Bangkok' +07+7:00:00 STD>))
[2025-03-30T12:18:33.209+0000] {sql.py:459} INFO - Rows affected: 1
[2025-03-30T12:18:48.214+0000] {python.py:201} INFO - Done. Returned value was: None
[2025-03-30T12:18:48.230+0000] {taskinstance.py:1138} INFO - Marking task as SUCCESS. dag_id=fetch_aqi_multiple_cities, task_id=fetch_aqi_all_cities, execution_date=20250330T110000, start_date=20250330T120559, end_date=20250330T121848
[2025-03-30T12:18:48.254+0000] {local_task_job_runner.py:234} INFO - Task exited with return code 0
[2025-03-30T12:18:48.264+0000] {taskinstance.py:3280} INFO - 0 downstream tasks scheduled from follow-on schedule check
