[2025-03-29T22:02:50.391+0000] {taskinstance.py:1956} INFO - Dependencies all met for dep_context=non-requeueable deps ti=<TaskInstance: fetch_aqi_multiple_cities.fetch_aqi_all_cities scheduled__2025-03-29T21:00:00+00:00 [queued]>
[2025-03-29T22:02:50.394+0000] {taskinstance.py:1956} INFO - Dependencies all met for dep_context=requeueable deps ti=<TaskInstance: fetch_aqi_multiple_cities.fetch_aqi_all_cities scheduled__2025-03-29T21:00:00+00:00 [queued]>
[2025-03-29T22:02:50.394+0000] {taskinstance.py:2170} INFO - Starting attempt 1 of 2
[2025-03-29T22:02:50.398+0000] {taskinstance.py:2191} INFO - Executing <Task(PythonOperator): fetch_aqi_all_cities> on 2025-03-29 21:00:00+00:00
[2025-03-29T22:02:50.399+0000] {standard_task_runner.py:60} INFO - Started process 26021 to run task
[2025-03-29T22:02:50.400+0000] {standard_task_runner.py:87} INFO - Running: ['***', 'tasks', 'run', 'fetch_aqi_multiple_cities', 'fetch_aqi_all_cities', 'scheduled__2025-03-29T21:00:00+00:00', '--job-id', '115', '--raw', '--subdir', 'DAGS_FOLDER/fetch_multiple_cities.py', '--cfg-path', '/tmp/tmpb0zitah3']
[2025-03-29T22:02:50.401+0000] {standard_task_runner.py:88} INFO - Job 115: Subtask fetch_aqi_all_cities
[2025-03-29T22:02:50.406+0000] {logging_mixin.py:188} WARNING - /home/***/.local/lib/python3.8/site-packages/***/settings.py:194 DeprecationWarning: The sql_alchemy_conn option in [core] has been moved to the sql_alchemy_conn option in [database] - the old setting has been used, but please update your config.
[2025-03-29T22:02:50.416+0000] {task_command.py:423} INFO - Running <TaskInstance: fetch_aqi_multiple_cities.fetch_aqi_all_cities scheduled__2025-03-29T21:00:00+00:00 [running]> on host f5300fe43025
[2025-03-29T22:02:50.440+0000] {taskinstance.py:2480} INFO - Exporting env vars: AIRFLOW_CTX_DAG_OWNER='***' AIRFLOW_CTX_DAG_ID='fetch_aqi_multiple_cities' AIRFLOW_CTX_TASK_ID='fetch_aqi_all_cities' AIRFLOW_CTX_EXECUTION_DATE='2025-03-29T21:00:00+00:00' AIRFLOW_CTX_TRY_NUMBER='1' AIRFLOW_CTX_DAG_RUN_ID='scheduled__2025-03-29T21:00:00+00:00'
[2025-03-29T22:02:50.688+0000] {fetch_multiple_cities.py:51} INFO - ✅ Bangkok: AQI = 113
[2025-03-29T22:02:50.698+0000] {base.py:83} INFO - Using connection ID 'postgres_conn' for task execution.
[2025-03-29T22:02:50.702+0000] {sql.py:450} INFO - Running statement: 
                        INSERT INTO air_quality_data (city, aqi, timestamp_utc)
                        VALUES (%s, %s, %s);
                    , parameters: ('Bangkok', 113, datetime.datetime(2025, 3, 30, 5, 2, 50, 441116, tzinfo=<DstTzInfo 'Asia/Bangkok' +07+7:00:00 STD>))
[2025-03-29T22:02:50.703+0000] {sql.py:459} INFO - Rows affected: 1
[2025-03-29T22:03:06.052+0000] {fetch_multiple_cities.py:51} INFO - ✅ Chiang Mai: AQI = 180
[2025-03-29T22:03:06.061+0000] {base.py:83} INFO - Using connection ID 'postgres_conn' for task execution.
[2025-03-29T22:03:06.065+0000] {sql.py:450} INFO - Running statement: 
                        INSERT INTO air_quality_data (city, aqi, timestamp_utc)
                        VALUES (%s, %s, %s);
                    , parameters: ('Chiang Mai', 180, datetime.datetime(2025, 3, 30, 5, 2, 50, 441116, tzinfo=<DstTzInfo 'Asia/Bangkok' +07+7:00:00 STD>))
[2025-03-29T22:03:06.067+0000] {sql.py:459} INFO - Rows affected: 1
[2025-03-29T22:18:32.505+0000] {fetch_multiple_cities.py:51} INFO - ✅ Ratchaburi: AQI = 77
[2025-03-29T22:18:32.514+0000] {base.py:83} INFO - Using connection ID 'postgres_conn' for task execution.
[2025-03-29T22:18:32.517+0000] {sql.py:450} INFO - Running statement: 
                        INSERT INTO air_quality_data (city, aqi, timestamp_utc)
                        VALUES (%s, %s, %s);
                    , parameters: ('Ratchaburi', 77, datetime.datetime(2025, 3, 30, 5, 2, 50, 441116, tzinfo=<DstTzInfo 'Asia/Bangkok' +07+7:00:00 STD>))
[2025-03-29T22:18:32.519+0000] {sql.py:459} INFO - Rows affected: 1
[2025-03-29T22:18:47.782+0000] {fetch_multiple_cities.py:51} INFO - ✅ Rua Yai: AQI = 132
[2025-03-29T22:18:47.792+0000] {base.py:83} INFO - Using connection ID 'postgres_conn' for task execution.
[2025-03-29T22:18:47.795+0000] {sql.py:450} INFO - Running statement: 
                        INSERT INTO air_quality_data (city, aqi, timestamp_utc)
                        VALUES (%s, %s, %s);
                    , parameters: ('Rua Yai', 132, datetime.datetime(2025, 3, 30, 5, 2, 50, 441116, tzinfo=<DstTzInfo 'Asia/Bangkok' +07+7:00:00 STD>))
[2025-03-29T22:18:47.797+0000] {sql.py:459} INFO - Rows affected: 1
[2025-03-29T22:34:03.078+0000] {fetch_multiple_cities.py:51} INFO - ✅ Mueang Nonthaburi: AQI = 105
[2025-03-29T22:34:03.089+0000] {base.py:83} INFO - Using connection ID 'postgres_conn' for task execution.
[2025-03-29T22:34:03.092+0000] {sql.py:450} INFO - Running statement: 
                        INSERT INTO air_quality_data (city, aqi, timestamp_utc)
                        VALUES (%s, %s, %s);
                    , parameters: ('Mueang Nonthaburi', 105, datetime.datetime(2025, 3, 30, 5, 2, 50, 441116, tzinfo=<DstTzInfo 'Asia/Bangkok' +07+7:00:00 STD>))
[2025-03-29T22:34:03.094+0000] {sql.py:459} INFO - Rows affected: 1
[2025-03-29T22:34:18.101+0000] {python.py:201} INFO - Done. Returned value was: None
[2025-03-29T22:34:18.114+0000] {taskinstance.py:1138} INFO - Marking task as SUCCESS. dag_id=fetch_aqi_multiple_cities, task_id=fetch_aqi_all_cities, execution_date=20250329T210000, start_date=20250329T220250, end_date=20250329T223418
[2025-03-29T22:34:18.143+0000] {local_task_job_runner.py:234} INFO - Task exited with return code 0
[2025-03-29T22:34:18.153+0000] {taskinstance.py:3280} INFO - 0 downstream tasks scheduled from follow-on schedule check
