[2025-03-29T04:00:29.510+0000] {taskinstance.py:1956} INFO - Dependencies all met for dep_context=non-requeueable deps ti=<TaskInstance: fetch_aqi_multiple_cities.fetch_aqi_all_cities scheduled__2025-03-29T03:00:00+00:00 [queued]>
[2025-03-29T04:00:29.514+0000] {taskinstance.py:1956} INFO - Dependencies all met for dep_context=requeueable deps ti=<TaskInstance: fetch_aqi_multiple_cities.fetch_aqi_all_cities scheduled__2025-03-29T03:00:00+00:00 [queued]>
[2025-03-29T04:00:29.514+0000] {taskinstance.py:2170} INFO - Starting attempt 1 of 2
[2025-03-29T04:00:29.520+0000] {taskinstance.py:2191} INFO - Executing <Task(PythonOperator): fetch_aqi_all_cities> on 2025-03-29 03:00:00+00:00
[2025-03-29T04:00:29.522+0000] {standard_task_runner.py:60} INFO - Started process 17919 to run task
[2025-03-29T04:00:29.524+0000] {standard_task_runner.py:87} INFO - Running: ['***', 'tasks', 'run', 'fetch_aqi_multiple_cities', 'fetch_aqi_all_cities', 'scheduled__2025-03-29T03:00:00+00:00', '--job-id', '95', '--raw', '--subdir', 'DAGS_FOLDER/fetch_multiple_cities.py', '--cfg-path', '/tmp/tmpbp9njonx']
[2025-03-29T04:00:29.525+0000] {standard_task_runner.py:88} INFO - Job 95: Subtask fetch_aqi_all_cities
[2025-03-29T04:00:29.532+0000] {logging_mixin.py:188} WARNING - /home/***/.local/lib/python3.8/site-packages/***/settings.py:194 DeprecationWarning: The sql_alchemy_conn option in [core] has been moved to the sql_alchemy_conn option in [database] - the old setting has been used, but please update your config.
[2025-03-29T04:00:29.547+0000] {task_command.py:423} INFO - Running <TaskInstance: fetch_aqi_multiple_cities.fetch_aqi_all_cities scheduled__2025-03-29T03:00:00+00:00 [running]> on host f5300fe43025
[2025-03-29T04:00:29.586+0000] {taskinstance.py:2480} INFO - Exporting env vars: AIRFLOW_CTX_DAG_OWNER='***' AIRFLOW_CTX_DAG_ID='fetch_aqi_multiple_cities' AIRFLOW_CTX_TASK_ID='fetch_aqi_all_cities' AIRFLOW_CTX_EXECUTION_DATE='2025-03-29T03:00:00+00:00' AIRFLOW_CTX_TRY_NUMBER='1' AIRFLOW_CTX_DAG_RUN_ID='scheduled__2025-03-29T03:00:00+00:00'
[2025-03-29T04:00:29.827+0000] {fetch_multiple_cities.py:51} INFO - ✅ Bangkok: AQI = 124
[2025-03-29T04:00:29.831+0000] {base.py:83} INFO - Using connection ID 'postgres_conn' for task execution.
[2025-03-29T04:00:29.833+0000] {sql.py:450} INFO - Running statement: 
                        INSERT INTO air_quality_data (city, aqi, timestamp_utc)
                        VALUES (%s, %s, %s);
                    , parameters: ('Bangkok', 124, datetime.datetime(2025, 3, 29, 11, 0, 29, 587492, tzinfo=<DstTzInfo 'Asia/Bangkok' +07+7:00:00 STD>))
[2025-03-29T04:00:29.834+0000] {sql.py:459} INFO - Rows affected: 1
[2025-03-29T04:00:45.130+0000] {fetch_multiple_cities.py:51} INFO - ✅ Chiang Mai: AQI = 184
[2025-03-29T04:00:45.136+0000] {base.py:83} INFO - Using connection ID 'postgres_conn' for task execution.
[2025-03-29T04:00:45.138+0000] {sql.py:450} INFO - Running statement: 
                        INSERT INTO air_quality_data (city, aqi, timestamp_utc)
                        VALUES (%s, %s, %s);
                    , parameters: ('Chiang Mai', 184, datetime.datetime(2025, 3, 29, 11, 0, 29, 587492, tzinfo=<DstTzInfo 'Asia/Bangkok' +07+7:00:00 STD>))
[2025-03-29T04:00:45.139+0000] {sql.py:459} INFO - Rows affected: 1
[2025-03-29T04:01:00.440+0000] {fetch_multiple_cities.py:51} INFO - ✅ Ratchaburi: AQI = 95
[2025-03-29T04:01:00.446+0000] {base.py:83} INFO - Using connection ID 'postgres_conn' for task execution.
[2025-03-29T04:01:00.448+0000] {sql.py:450} INFO - Running statement: 
                        INSERT INTO air_quality_data (city, aqi, timestamp_utc)
                        VALUES (%s, %s, %s);
                    , parameters: ('Ratchaburi', 95, datetime.datetime(2025, 3, 29, 11, 0, 29, 587492, tzinfo=<DstTzInfo 'Asia/Bangkok' +07+7:00:00 STD>))
[2025-03-29T04:01:00.449+0000] {sql.py:459} INFO - Rows affected: 1
[2025-03-29T04:01:15.685+0000] {fetch_multiple_cities.py:51} INFO - ✅ Rua Yai: AQI = 144
[2025-03-29T04:01:15.694+0000] {base.py:83} INFO - Using connection ID 'postgres_conn' for task execution.
[2025-03-29T04:01:15.698+0000] {sql.py:450} INFO - Running statement: 
                        INSERT INTO air_quality_data (city, aqi, timestamp_utc)
                        VALUES (%s, %s, %s);
                    , parameters: ('Rua Yai', 144, datetime.datetime(2025, 3, 29, 11, 0, 29, 587492, tzinfo=<DstTzInfo 'Asia/Bangkok' +07+7:00:00 STD>))
[2025-03-29T04:01:15.699+0000] {sql.py:459} INFO - Rows affected: 1
[2025-03-29T04:01:30.951+0000] {fetch_multiple_cities.py:51} INFO - ✅ Mueang Nonthaburi: AQI = 122
[2025-03-29T04:01:30.957+0000] {base.py:83} INFO - Using connection ID 'postgres_conn' for task execution.
[2025-03-29T04:01:30.960+0000] {sql.py:450} INFO - Running statement: 
                        INSERT INTO air_quality_data (city, aqi, timestamp_utc)
                        VALUES (%s, %s, %s);
                    , parameters: ('Mueang Nonthaburi', 122, datetime.datetime(2025, 3, 29, 11, 0, 29, 587492, tzinfo=<DstTzInfo 'Asia/Bangkok' +07+7:00:00 STD>))
[2025-03-29T04:01:30.961+0000] {sql.py:459} INFO - Rows affected: 1
[2025-03-29T04:01:45.978+0000] {python.py:201} INFO - Done. Returned value was: None
[2025-03-29T04:01:45.991+0000] {taskinstance.py:1138} INFO - Marking task as SUCCESS. dag_id=fetch_aqi_multiple_cities, task_id=fetch_aqi_all_cities, execution_date=20250329T030000, start_date=20250329T040029, end_date=20250329T040145
[2025-03-29T04:01:46.041+0000] {local_task_job_runner.py:234} INFO - Task exited with return code 0
[2025-03-29T04:01:46.053+0000] {taskinstance.py:3280} INFO - 0 downstream tasks scheduled from follow-on schedule check
