[2025-03-26T15:11:04.747+0000] {processor.py:161} INFO - Started process (PID=166) to work on /opt/airflow/dags/iqair_dag.py
[2025-03-26T15:11:04.748+0000] {processor.py:830} INFO - Processing file /opt/airflow/dags/iqair_dag.py for tasks to queue
[2025-03-26T15:11:04.749+0000] {logging_mixin.py:188} INFO - [2025-03-26T15:11:04.748+0000] {dagbag.py:538} INFO - Filling up the DagBag from /opt/airflow/dags/iqair_dag.py
[2025-03-26T15:11:04.763+0000] {processor.py:840} INFO - DAG(s) 'iqair_api_example' retrieved from /opt/airflow/dags/iqair_dag.py
[2025-03-26T15:11:04.858+0000] {logging_mixin.py:188} INFO - [2025-03-26T15:11:04.858+0000] {override.py:1769} INFO - Created Permission View: can edit on DAG:iqair_api_example
[2025-03-26T15:11:04.861+0000] {logging_mixin.py:188} INFO - [2025-03-26T15:11:04.861+0000] {override.py:1769} INFO - Created Permission View: can delete on DAG:iqair_api_example
[2025-03-26T15:11:04.863+0000] {logging_mixin.py:188} INFO - [2025-03-26T15:11:04.862+0000] {override.py:1769} INFO - Created Permission View: can read on DAG:iqair_api_example
[2025-03-26T15:11:04.863+0000] {logging_mixin.py:188} INFO - [2025-03-26T15:11:04.863+0000] {dag.py:3036} INFO - Sync 1 DAGs
[2025-03-26T15:11:04.867+0000] {logging_mixin.py:188} INFO - [2025-03-26T15:11:04.867+0000] {dag.py:3058} INFO - Creating ORM DAG for iqair_api_example
[2025-03-26T15:11:04.870+0000] {logging_mixin.py:188} INFO - [2025-03-26T15:11:04.870+0000] {dag.py:3823} INFO - Setting next_dagrun for iqair_api_example to 2025-03-26 14:00:00+00:00, run_after=2025-03-26 15:00:00+00:00
[2025-03-26T15:11:04.877+0000] {processor.py:183} INFO - Processing /opt/airflow/dags/iqair_dag.py took 0.131 seconds
[2025-03-26T15:11:34.977+0000] {processor.py:161} INFO - Started process (PID=175) to work on /opt/airflow/dags/iqair_dag.py
[2025-03-26T15:11:34.978+0000] {processor.py:830} INFO - Processing file /opt/airflow/dags/iqair_dag.py for tasks to queue
[2025-03-26T15:11:34.979+0000] {logging_mixin.py:188} INFO - [2025-03-26T15:11:34.979+0000] {dagbag.py:538} INFO - Filling up the DagBag from /opt/airflow/dags/iqair_dag.py
[2025-03-26T15:11:34.989+0000] {processor.py:840} INFO - DAG(s) 'iqair_api_example' retrieved from /opt/airflow/dags/iqair_dag.py
[2025-03-26T15:11:35.004+0000] {logging_mixin.py:188} INFO - [2025-03-26T15:11:35.004+0000] {dag.py:3036} INFO - Sync 1 DAGs
[2025-03-26T15:11:35.015+0000] {logging_mixin.py:188} INFO - [2025-03-26T15:11:35.015+0000] {dag.py:3823} INFO - Setting next_dagrun for iqair_api_example to 2025-03-26 15:00:00+00:00, run_after=2025-03-26 16:00:00+00:00
[2025-03-26T15:11:35.023+0000] {processor.py:183} INFO - Processing /opt/airflow/dags/iqair_dag.py took 0.049 seconds
[2025-03-26T15:12:05.248+0000] {processor.py:161} INFO - Started process (PID=180) to work on /opt/airflow/dags/iqair_dag.py
[2025-03-26T15:12:05.249+0000] {processor.py:830} INFO - Processing file /opt/airflow/dags/iqair_dag.py for tasks to queue
[2025-03-26T15:12:05.250+0000] {logging_mixin.py:188} INFO - [2025-03-26T15:12:05.250+0000] {dagbag.py:538} INFO - Filling up the DagBag from /opt/airflow/dags/iqair_dag.py
[2025-03-26T15:12:05.261+0000] {processor.py:840} INFO - DAG(s) 'iqair_api_example' retrieved from /opt/airflow/dags/iqair_dag.py
[2025-03-26T15:12:05.279+0000] {logging_mixin.py:188} INFO - [2025-03-26T15:12:05.279+0000] {dag.py:3036} INFO - Sync 1 DAGs
[2025-03-26T15:12:05.289+0000] {logging_mixin.py:188} INFO - [2025-03-26T15:12:05.289+0000] {dag.py:3823} INFO - Setting next_dagrun for iqair_api_example to 2025-03-26 15:00:00+00:00, run_after=2025-03-26 16:00:00+00:00
[2025-03-26T15:12:05.296+0000] {processor.py:183} INFO - Processing /opt/airflow/dags/iqair_dag.py took 0.051 seconds
[2025-03-26T15:12:35.548+0000] {processor.py:161} INFO - Started process (PID=185) to work on /opt/airflow/dags/iqair_dag.py
[2025-03-26T15:12:35.549+0000] {processor.py:830} INFO - Processing file /opt/airflow/dags/iqair_dag.py for tasks to queue
[2025-03-26T15:12:35.550+0000] {logging_mixin.py:188} INFO - [2025-03-26T15:12:35.550+0000] {dagbag.py:538} INFO - Filling up the DagBag from /opt/airflow/dags/iqair_dag.py
[2025-03-26T15:12:35.560+0000] {processor.py:840} INFO - DAG(s) 'iqair_api_example' retrieved from /opt/airflow/dags/iqair_dag.py
[2025-03-26T15:12:35.574+0000] {logging_mixin.py:188} INFO - [2025-03-26T15:12:35.574+0000] {dag.py:3036} INFO - Sync 1 DAGs
[2025-03-26T15:12:35.586+0000] {logging_mixin.py:188} INFO - [2025-03-26T15:12:35.585+0000] {dag.py:3823} INFO - Setting next_dagrun for iqair_api_example to 2025-03-26 15:00:00+00:00, run_after=2025-03-26 16:00:00+00:00
[2025-03-26T15:12:35.593+0000] {processor.py:183} INFO - Processing /opt/airflow/dags/iqair_dag.py took 0.048 seconds
[2025-03-26T15:13:05.824+0000] {processor.py:161} INFO - Started process (PID=190) to work on /opt/airflow/dags/iqair_dag.py
[2025-03-26T15:13:05.825+0000] {processor.py:830} INFO - Processing file /opt/airflow/dags/iqair_dag.py for tasks to queue
[2025-03-26T15:13:05.825+0000] {logging_mixin.py:188} INFO - [2025-03-26T15:13:05.825+0000] {dagbag.py:538} INFO - Filling up the DagBag from /opt/airflow/dags/iqair_dag.py
[2025-03-26T15:13:05.834+0000] {processor.py:840} INFO - DAG(s) 'iqair_api_example' retrieved from /opt/airflow/dags/iqair_dag.py
[2025-03-26T15:13:05.851+0000] {logging_mixin.py:188} INFO - [2025-03-26T15:13:05.851+0000] {dag.py:3036} INFO - Sync 1 DAGs
[2025-03-26T15:13:05.865+0000] {logging_mixin.py:188} INFO - [2025-03-26T15:13:05.865+0000] {dag.py:3823} INFO - Setting next_dagrun for iqair_api_example to 2025-03-26 15:00:00+00:00, run_after=2025-03-26 16:00:00+00:00
[2025-03-26T15:13:05.874+0000] {processor.py:183} INFO - Processing /opt/airflow/dags/iqair_dag.py took 0.053 seconds
[2025-03-26T15:13:36.114+0000] {processor.py:161} INFO - Started process (PID=195) to work on /opt/airflow/dags/iqair_dag.py
[2025-03-26T15:13:36.115+0000] {processor.py:830} INFO - Processing file /opt/airflow/dags/iqair_dag.py for tasks to queue
[2025-03-26T15:13:36.116+0000] {logging_mixin.py:188} INFO - [2025-03-26T15:13:36.115+0000] {dagbag.py:538} INFO - Filling up the DagBag from /opt/airflow/dags/iqair_dag.py
[2025-03-26T15:13:36.125+0000] {processor.py:840} INFO - DAG(s) 'iqair_api_example' retrieved from /opt/airflow/dags/iqair_dag.py
[2025-03-26T15:13:36.141+0000] {logging_mixin.py:188} INFO - [2025-03-26T15:13:36.141+0000] {dag.py:3036} INFO - Sync 1 DAGs
[2025-03-26T15:13:36.153+0000] {logging_mixin.py:188} INFO - [2025-03-26T15:13:36.153+0000] {dag.py:3823} INFO - Setting next_dagrun for iqair_api_example to 2025-03-26 15:00:00+00:00, run_after=2025-03-26 16:00:00+00:00
[2025-03-26T15:13:36.161+0000] {processor.py:183} INFO - Processing /opt/airflow/dags/iqair_dag.py took 0.050 seconds
[2025-03-26T15:14:06.390+0000] {processor.py:161} INFO - Started process (PID=200) to work on /opt/airflow/dags/iqair_dag.py
[2025-03-26T15:14:06.391+0000] {processor.py:830} INFO - Processing file /opt/airflow/dags/iqair_dag.py for tasks to queue
[2025-03-26T15:14:06.392+0000] {logging_mixin.py:188} INFO - [2025-03-26T15:14:06.392+0000] {dagbag.py:538} INFO - Filling up the DagBag from /opt/airflow/dags/iqair_dag.py
[2025-03-26T15:14:06.402+0000] {processor.py:840} INFO - DAG(s) 'iqair_api_example' retrieved from /opt/airflow/dags/iqair_dag.py
[2025-03-26T15:14:06.418+0000] {logging_mixin.py:188} INFO - [2025-03-26T15:14:06.418+0000] {dag.py:3036} INFO - Sync 1 DAGs
[2025-03-26T15:14:06.430+0000] {logging_mixin.py:188} INFO - [2025-03-26T15:14:06.430+0000] {dag.py:3823} INFO - Setting next_dagrun for iqair_api_example to 2025-03-26 15:00:00+00:00, run_after=2025-03-26 16:00:00+00:00
[2025-03-26T15:14:06.438+0000] {processor.py:183} INFO - Processing /opt/airflow/dags/iqair_dag.py took 0.051 seconds
[2025-03-26T15:14:36.624+0000] {processor.py:161} INFO - Started process (PID=205) to work on /opt/airflow/dags/iqair_dag.py
[2025-03-26T15:14:36.627+0000] {processor.py:830} INFO - Processing file /opt/airflow/dags/iqair_dag.py for tasks to queue
[2025-03-26T15:14:36.628+0000] {logging_mixin.py:188} INFO - [2025-03-26T15:14:36.628+0000] {dagbag.py:538} INFO - Filling up the DagBag from /opt/airflow/dags/iqair_dag.py
[2025-03-26T15:14:36.638+0000] {processor.py:840} INFO - DAG(s) 'iqair_api_example' retrieved from /opt/airflow/dags/iqair_dag.py
[2025-03-26T15:14:36.652+0000] {logging_mixin.py:188} INFO - [2025-03-26T15:14:36.652+0000] {dag.py:3036} INFO - Sync 1 DAGs
[2025-03-26T15:14:36.664+0000] {logging_mixin.py:188} INFO - [2025-03-26T15:14:36.664+0000] {dag.py:3823} INFO - Setting next_dagrun for iqair_api_example to 2025-03-26 15:00:00+00:00, run_after=2025-03-26 16:00:00+00:00
[2025-03-26T15:14:36.671+0000] {processor.py:183} INFO - Processing /opt/airflow/dags/iqair_dag.py took 0.050 seconds
[2025-03-26T15:15:06.882+0000] {processor.py:161} INFO - Started process (PID=210) to work on /opt/airflow/dags/iqair_dag.py
[2025-03-26T15:15:06.883+0000] {processor.py:830} INFO - Processing file /opt/airflow/dags/iqair_dag.py for tasks to queue
[2025-03-26T15:15:06.884+0000] {logging_mixin.py:188} INFO - [2025-03-26T15:15:06.883+0000] {dagbag.py:538} INFO - Filling up the DagBag from /opt/airflow/dags/iqair_dag.py
[2025-03-26T15:15:06.893+0000] {processor.py:840} INFO - DAG(s) 'iqair_api_example' retrieved from /opt/airflow/dags/iqair_dag.py
[2025-03-26T15:15:06.908+0000] {logging_mixin.py:188} INFO - [2025-03-26T15:15:06.908+0000] {dag.py:3036} INFO - Sync 1 DAGs
[2025-03-26T15:15:06.920+0000] {logging_mixin.py:188} INFO - [2025-03-26T15:15:06.919+0000] {dag.py:3823} INFO - Setting next_dagrun for iqair_api_example to 2025-03-26 15:00:00+00:00, run_after=2025-03-26 16:00:00+00:00
[2025-03-26T15:15:06.927+0000] {processor.py:183} INFO - Processing /opt/airflow/dags/iqair_dag.py took 0.048 seconds
[2025-03-26T15:15:37.122+0000] {processor.py:161} INFO - Started process (PID=215) to work on /opt/airflow/dags/iqair_dag.py
[2025-03-26T15:15:37.123+0000] {processor.py:830} INFO - Processing file /opt/airflow/dags/iqair_dag.py for tasks to queue
[2025-03-26T15:15:37.124+0000] {logging_mixin.py:188} INFO - [2025-03-26T15:15:37.123+0000] {dagbag.py:538} INFO - Filling up the DagBag from /opt/airflow/dags/iqair_dag.py
[2025-03-26T15:15:37.133+0000] {processor.py:840} INFO - DAG(s) 'iqair_api_example' retrieved from /opt/airflow/dags/iqair_dag.py
[2025-03-26T15:15:37.146+0000] {logging_mixin.py:188} INFO - [2025-03-26T15:15:37.146+0000] {dag.py:3036} INFO - Sync 1 DAGs
[2025-03-26T15:15:37.157+0000] {logging_mixin.py:188} INFO - [2025-03-26T15:15:37.157+0000] {dag.py:3823} INFO - Setting next_dagrun for iqair_api_example to 2025-03-26 15:00:00+00:00, run_after=2025-03-26 16:00:00+00:00
[2025-03-26T15:15:37.165+0000] {processor.py:183} INFO - Processing /opt/airflow/dags/iqair_dag.py took 0.047 seconds
[2025-03-26T15:16:07.402+0000] {processor.py:161} INFO - Started process (PID=220) to work on /opt/airflow/dags/iqair_dag.py
[2025-03-26T15:16:07.403+0000] {processor.py:830} INFO - Processing file /opt/airflow/dags/iqair_dag.py for tasks to queue
[2025-03-26T15:16:07.404+0000] {logging_mixin.py:188} INFO - [2025-03-26T15:16:07.404+0000] {dagbag.py:538} INFO - Filling up the DagBag from /opt/airflow/dags/iqair_dag.py
[2025-03-26T15:16:07.412+0000] {processor.py:840} INFO - DAG(s) 'iqair_api_example' retrieved from /opt/airflow/dags/iqair_dag.py
[2025-03-26T15:16:07.425+0000] {logging_mixin.py:188} INFO - [2025-03-26T15:16:07.425+0000] {dag.py:3036} INFO - Sync 1 DAGs
[2025-03-26T15:16:07.437+0000] {logging_mixin.py:188} INFO - [2025-03-26T15:16:07.437+0000] {dag.py:3823} INFO - Setting next_dagrun for iqair_api_example to 2025-03-26 15:00:00+00:00, run_after=2025-03-26 16:00:00+00:00
[2025-03-26T15:16:07.444+0000] {processor.py:183} INFO - Processing /opt/airflow/dags/iqair_dag.py took 0.044 seconds
[2025-03-26T15:16:37.674+0000] {processor.py:161} INFO - Started process (PID=225) to work on /opt/airflow/dags/iqair_dag.py
[2025-03-26T15:16:37.675+0000] {processor.py:830} INFO - Processing file /opt/airflow/dags/iqair_dag.py for tasks to queue
[2025-03-26T15:16:37.676+0000] {logging_mixin.py:188} INFO - [2025-03-26T15:16:37.676+0000] {dagbag.py:538} INFO - Filling up the DagBag from /opt/airflow/dags/iqair_dag.py
[2025-03-26T15:16:37.686+0000] {processor.py:840} INFO - DAG(s) 'iqair_api_example' retrieved from /opt/airflow/dags/iqair_dag.py
[2025-03-26T15:16:37.701+0000] {logging_mixin.py:188} INFO - [2025-03-26T15:16:37.701+0000] {dag.py:3036} INFO - Sync 1 DAGs
[2025-03-26T15:16:37.713+0000] {logging_mixin.py:188} INFO - [2025-03-26T15:16:37.713+0000] {dag.py:3823} INFO - Setting next_dagrun for iqair_api_example to 2025-03-26 15:00:00+00:00, run_after=2025-03-26 16:00:00+00:00
[2025-03-26T15:16:37.721+0000] {processor.py:183} INFO - Processing /opt/airflow/dags/iqair_dag.py took 0.050 seconds
[2025-03-26T15:17:07.931+0000] {processor.py:161} INFO - Started process (PID=230) to work on /opt/airflow/dags/iqair_dag.py
[2025-03-26T15:17:07.931+0000] {processor.py:830} INFO - Processing file /opt/airflow/dags/iqair_dag.py for tasks to queue
[2025-03-26T15:17:07.932+0000] {logging_mixin.py:188} INFO - [2025-03-26T15:17:07.932+0000] {dagbag.py:538} INFO - Filling up the DagBag from /opt/airflow/dags/iqair_dag.py
[2025-03-26T15:17:07.942+0000] {processor.py:840} INFO - DAG(s) 'iqair_api_example' retrieved from /opt/airflow/dags/iqair_dag.py
[2025-03-26T15:17:07.958+0000] {logging_mixin.py:188} INFO - [2025-03-26T15:17:07.958+0000] {dag.py:3036} INFO - Sync 1 DAGs
[2025-03-26T15:17:07.971+0000] {logging_mixin.py:188} INFO - [2025-03-26T15:17:07.971+0000] {dag.py:3823} INFO - Setting next_dagrun for iqair_api_example to 2025-03-26 15:00:00+00:00, run_after=2025-03-26 16:00:00+00:00
[2025-03-26T15:17:07.979+0000] {processor.py:183} INFO - Processing /opt/airflow/dags/iqair_dag.py took 0.050 seconds
[2025-03-26T15:17:38.199+0000] {processor.py:161} INFO - Started process (PID=235) to work on /opt/airflow/dags/iqair_dag.py
[2025-03-26T15:17:38.200+0000] {processor.py:830} INFO - Processing file /opt/airflow/dags/iqair_dag.py for tasks to queue
[2025-03-26T15:17:38.201+0000] {logging_mixin.py:188} INFO - [2025-03-26T15:17:38.201+0000] {dagbag.py:538} INFO - Filling up the DagBag from /opt/airflow/dags/iqair_dag.py
[2025-03-26T15:17:38.210+0000] {processor.py:840} INFO - DAG(s) 'iqair_api_example' retrieved from /opt/airflow/dags/iqair_dag.py
[2025-03-26T15:17:38.225+0000] {logging_mixin.py:188} INFO - [2025-03-26T15:17:38.225+0000] {dag.py:3036} INFO - Sync 1 DAGs
[2025-03-26T15:17:38.237+0000] {logging_mixin.py:188} INFO - [2025-03-26T15:17:38.237+0000] {dag.py:3823} INFO - Setting next_dagrun for iqair_api_example to 2025-03-26 15:00:00+00:00, run_after=2025-03-26 16:00:00+00:00
[2025-03-26T15:17:38.244+0000] {processor.py:183} INFO - Processing /opt/airflow/dags/iqair_dag.py took 0.048 seconds
[2025-03-26T15:18:08.444+0000] {processor.py:161} INFO - Started process (PID=240) to work on /opt/airflow/dags/iqair_dag.py
[2025-03-26T15:18:08.445+0000] {processor.py:830} INFO - Processing file /opt/airflow/dags/iqair_dag.py for tasks to queue
[2025-03-26T15:18:08.446+0000] {logging_mixin.py:188} INFO - [2025-03-26T15:18:08.445+0000] {dagbag.py:538} INFO - Filling up the DagBag from /opt/airflow/dags/iqair_dag.py
[2025-03-26T15:18:08.455+0000] {processor.py:840} INFO - DAG(s) 'iqair_api_example' retrieved from /opt/airflow/dags/iqair_dag.py
[2025-03-26T15:18:08.468+0000] {logging_mixin.py:188} INFO - [2025-03-26T15:18:08.468+0000] {dag.py:3036} INFO - Sync 1 DAGs
[2025-03-26T15:18:08.480+0000] {logging_mixin.py:188} INFO - [2025-03-26T15:18:08.480+0000] {dag.py:3823} INFO - Setting next_dagrun for iqair_api_example to 2025-03-26 15:00:00+00:00, run_after=2025-03-26 16:00:00+00:00
[2025-03-26T15:18:08.487+0000] {processor.py:183} INFO - Processing /opt/airflow/dags/iqair_dag.py took 0.046 seconds
[2025-03-26T15:18:38.711+0000] {processor.py:161} INFO - Started process (PID=245) to work on /opt/airflow/dags/iqair_dag.py
[2025-03-26T15:18:38.712+0000] {processor.py:830} INFO - Processing file /opt/airflow/dags/iqair_dag.py for tasks to queue
[2025-03-26T15:18:38.713+0000] {logging_mixin.py:188} INFO - [2025-03-26T15:18:38.713+0000] {dagbag.py:538} INFO - Filling up the DagBag from /opt/airflow/dags/iqair_dag.py
[2025-03-26T15:18:38.723+0000] {processor.py:840} INFO - DAG(s) 'iqair_api_example' retrieved from /opt/airflow/dags/iqair_dag.py
[2025-03-26T15:18:38.737+0000] {logging_mixin.py:188} INFO - [2025-03-26T15:18:38.737+0000] {dag.py:3036} INFO - Sync 1 DAGs
[2025-03-26T15:18:38.749+0000] {logging_mixin.py:188} INFO - [2025-03-26T15:18:38.748+0000] {dag.py:3823} INFO - Setting next_dagrun for iqair_api_example to 2025-03-26 15:00:00+00:00, run_after=2025-03-26 16:00:00+00:00
[2025-03-26T15:18:38.756+0000] {processor.py:183} INFO - Processing /opt/airflow/dags/iqair_dag.py took 0.048 seconds
[2025-03-26T15:19:08.979+0000] {processor.py:161} INFO - Started process (PID=250) to work on /opt/airflow/dags/iqair_dag.py
[2025-03-26T15:19:08.980+0000] {processor.py:830} INFO - Processing file /opt/airflow/dags/iqair_dag.py for tasks to queue
[2025-03-26T15:19:08.981+0000] {logging_mixin.py:188} INFO - [2025-03-26T15:19:08.981+0000] {dagbag.py:538} INFO - Filling up the DagBag from /opt/airflow/dags/iqair_dag.py
[2025-03-26T15:19:08.991+0000] {processor.py:840} INFO - DAG(s) 'iqair_api_example' retrieved from /opt/airflow/dags/iqair_dag.py
[2025-03-26T15:19:09.005+0000] {logging_mixin.py:188} INFO - [2025-03-26T15:19:09.005+0000] {dag.py:3036} INFO - Sync 1 DAGs
[2025-03-26T15:19:09.017+0000] {logging_mixin.py:188} INFO - [2025-03-26T15:19:09.017+0000] {dag.py:3823} INFO - Setting next_dagrun for iqair_api_example to 2025-03-26 15:00:00+00:00, run_after=2025-03-26 16:00:00+00:00
[2025-03-26T15:19:09.025+0000] {processor.py:183} INFO - Processing /opt/airflow/dags/iqair_dag.py took 0.050 seconds
[2025-03-26T15:19:39.224+0000] {processor.py:161} INFO - Started process (PID=255) to work on /opt/airflow/dags/iqair_dag.py
[2025-03-26T15:19:39.225+0000] {processor.py:830} INFO - Processing file /opt/airflow/dags/iqair_dag.py for tasks to queue
[2025-03-26T15:19:39.226+0000] {logging_mixin.py:188} INFO - [2025-03-26T15:19:39.225+0000] {dagbag.py:538} INFO - Filling up the DagBag from /opt/airflow/dags/iqair_dag.py
[2025-03-26T15:19:39.235+0000] {processor.py:840} INFO - DAG(s) 'iqair_api_example' retrieved from /opt/airflow/dags/iqair_dag.py
[2025-03-26T15:19:39.249+0000] {logging_mixin.py:188} INFO - [2025-03-26T15:19:39.249+0000] {dag.py:3036} INFO - Sync 1 DAGs
[2025-03-26T15:19:39.260+0000] {logging_mixin.py:188} INFO - [2025-03-26T15:19:39.260+0000] {dag.py:3823} INFO - Setting next_dagrun for iqair_api_example to 2025-03-26 15:00:00+00:00, run_after=2025-03-26 16:00:00+00:00
[2025-03-26T15:19:39.267+0000] {processor.py:183} INFO - Processing /opt/airflow/dags/iqair_dag.py took 0.047 seconds
[2025-03-26T15:20:09.468+0000] {processor.py:161} INFO - Started process (PID=260) to work on /opt/airflow/dags/iqair_dag.py
[2025-03-26T15:20:09.469+0000] {processor.py:830} INFO - Processing file /opt/airflow/dags/iqair_dag.py for tasks to queue
[2025-03-26T15:20:09.470+0000] {logging_mixin.py:188} INFO - [2025-03-26T15:20:09.469+0000] {dagbag.py:538} INFO - Filling up the DagBag from /opt/airflow/dags/iqair_dag.py
[2025-03-26T15:20:09.480+0000] {processor.py:840} INFO - DAG(s) 'iqair_api_example' retrieved from /opt/airflow/dags/iqair_dag.py
[2025-03-26T15:20:09.494+0000] {logging_mixin.py:188} INFO - [2025-03-26T15:20:09.494+0000] {dag.py:3036} INFO - Sync 1 DAGs
[2025-03-26T15:20:09.505+0000] {logging_mixin.py:188} INFO - [2025-03-26T15:20:09.505+0000] {dag.py:3823} INFO - Setting next_dagrun for iqair_api_example to 2025-03-26 15:00:00+00:00, run_after=2025-03-26 16:00:00+00:00
[2025-03-26T15:20:09.513+0000] {processor.py:183} INFO - Processing /opt/airflow/dags/iqair_dag.py took 0.048 seconds
[2025-03-26T15:20:39.736+0000] {processor.py:161} INFO - Started process (PID=265) to work on /opt/airflow/dags/iqair_dag.py
[2025-03-26T15:20:39.737+0000] {processor.py:830} INFO - Processing file /opt/airflow/dags/iqair_dag.py for tasks to queue
[2025-03-26T15:20:39.738+0000] {logging_mixin.py:188} INFO - [2025-03-26T15:20:39.737+0000] {dagbag.py:538} INFO - Filling up the DagBag from /opt/airflow/dags/iqair_dag.py
[2025-03-26T15:20:39.747+0000] {processor.py:840} INFO - DAG(s) 'iqair_api_example' retrieved from /opt/airflow/dags/iqair_dag.py
[2025-03-26T15:20:39.762+0000] {logging_mixin.py:188} INFO - [2025-03-26T15:20:39.762+0000] {dag.py:3036} INFO - Sync 1 DAGs
[2025-03-26T15:20:39.773+0000] {logging_mixin.py:188} INFO - [2025-03-26T15:20:39.773+0000] {dag.py:3823} INFO - Setting next_dagrun for iqair_api_example to 2025-03-26 15:00:00+00:00, run_after=2025-03-26 16:00:00+00:00
[2025-03-26T15:20:39.780+0000] {processor.py:183} INFO - Processing /opt/airflow/dags/iqair_dag.py took 0.047 seconds
[2025-03-26T15:21:10.085+0000] {processor.py:161} INFO - Started process (PID=270) to work on /opt/airflow/dags/iqair_dag.py
[2025-03-26T15:21:10.086+0000] {processor.py:830} INFO - Processing file /opt/airflow/dags/iqair_dag.py for tasks to queue
[2025-03-26T15:21:10.087+0000] {logging_mixin.py:188} INFO - [2025-03-26T15:21:10.086+0000] {dagbag.py:538} INFO - Filling up the DagBag from /opt/airflow/dags/iqair_dag.py
[2025-03-26T15:21:10.095+0000] {processor.py:840} INFO - DAG(s) 'iqair_api_example' retrieved from /opt/airflow/dags/iqair_dag.py
[2025-03-26T15:21:10.109+0000] {logging_mixin.py:188} INFO - [2025-03-26T15:21:10.109+0000] {dag.py:3036} INFO - Sync 1 DAGs
[2025-03-26T15:21:10.120+0000] {logging_mixin.py:188} INFO - [2025-03-26T15:21:10.120+0000] {dag.py:3823} INFO - Setting next_dagrun for iqair_api_example to 2025-03-26 15:00:00+00:00, run_after=2025-03-26 16:00:00+00:00
[2025-03-26T15:21:10.127+0000] {processor.py:183} INFO - Processing /opt/airflow/dags/iqair_dag.py took 0.044 seconds
[2025-03-26T15:21:40.337+0000] {processor.py:161} INFO - Started process (PID=275) to work on /opt/airflow/dags/iqair_dag.py
[2025-03-26T15:21:40.338+0000] {processor.py:830} INFO - Processing file /opt/airflow/dags/iqair_dag.py for tasks to queue
[2025-03-26T15:21:40.338+0000] {logging_mixin.py:188} INFO - [2025-03-26T15:21:40.338+0000] {dagbag.py:538} INFO - Filling up the DagBag from /opt/airflow/dags/iqair_dag.py
[2025-03-26T15:21:40.348+0000] {processor.py:840} INFO - DAG(s) 'iqair_api_example' retrieved from /opt/airflow/dags/iqair_dag.py
[2025-03-26T15:21:40.362+0000] {logging_mixin.py:188} INFO - [2025-03-26T15:21:40.362+0000] {dag.py:3036} INFO - Sync 1 DAGs
[2025-03-26T15:21:40.374+0000] {logging_mixin.py:188} INFO - [2025-03-26T15:21:40.374+0000] {dag.py:3823} INFO - Setting next_dagrun for iqair_api_example to 2025-03-26 15:00:00+00:00, run_after=2025-03-26 16:00:00+00:00
[2025-03-26T15:21:40.382+0000] {processor.py:183} INFO - Processing /opt/airflow/dags/iqair_dag.py took 0.048 seconds
[2025-03-26T15:22:10.589+0000] {processor.py:161} INFO - Started process (PID=280) to work on /opt/airflow/dags/iqair_dag.py
[2025-03-26T15:22:10.590+0000] {processor.py:830} INFO - Processing file /opt/airflow/dags/iqair_dag.py for tasks to queue
[2025-03-26T15:22:10.591+0000] {logging_mixin.py:188} INFO - [2025-03-26T15:22:10.590+0000] {dagbag.py:538} INFO - Filling up the DagBag from /opt/airflow/dags/iqair_dag.py
[2025-03-26T15:22:10.599+0000] {processor.py:840} INFO - DAG(s) 'iqair_api_example' retrieved from /opt/airflow/dags/iqair_dag.py
[2025-03-26T15:22:10.612+0000] {logging_mixin.py:188} INFO - [2025-03-26T15:22:10.612+0000] {dag.py:3036} INFO - Sync 1 DAGs
[2025-03-26T15:22:10.623+0000] {logging_mixin.py:188} INFO - [2025-03-26T15:22:10.623+0000] {dag.py:3823} INFO - Setting next_dagrun for iqair_api_example to 2025-03-26 15:00:00+00:00, run_after=2025-03-26 16:00:00+00:00
[2025-03-26T15:22:10.630+0000] {processor.py:183} INFO - Processing /opt/airflow/dags/iqair_dag.py took 0.043 seconds
[2025-03-26T15:22:40.823+0000] {processor.py:161} INFO - Started process (PID=285) to work on /opt/airflow/dags/iqair_dag.py
[2025-03-26T15:22:40.824+0000] {processor.py:830} INFO - Processing file /opt/airflow/dags/iqair_dag.py for tasks to queue
[2025-03-26T15:22:40.825+0000] {logging_mixin.py:188} INFO - [2025-03-26T15:22:40.824+0000] {dagbag.py:538} INFO - Filling up the DagBag from /opt/airflow/dags/iqair_dag.py
[2025-03-26T15:22:40.832+0000] {processor.py:840} INFO - DAG(s) 'iqair_api_example' retrieved from /opt/airflow/dags/iqair_dag.py
[2025-03-26T15:22:40.845+0000] {logging_mixin.py:188} INFO - [2025-03-26T15:22:40.845+0000] {dag.py:3036} INFO - Sync 1 DAGs
[2025-03-26T15:22:40.855+0000] {logging_mixin.py:188} INFO - [2025-03-26T15:22:40.855+0000] {dag.py:3823} INFO - Setting next_dagrun for iqair_api_example to 2025-03-26 15:00:00+00:00, run_after=2025-03-26 16:00:00+00:00
[2025-03-26T15:22:40.862+0000] {processor.py:183} INFO - Processing /opt/airflow/dags/iqair_dag.py took 0.041 seconds
[2025-03-26T15:23:11.080+0000] {processor.py:161} INFO - Started process (PID=290) to work on /opt/airflow/dags/iqair_dag.py
[2025-03-26T15:23:11.081+0000] {processor.py:830} INFO - Processing file /opt/airflow/dags/iqair_dag.py for tasks to queue
[2025-03-26T15:23:11.082+0000] {logging_mixin.py:188} INFO - [2025-03-26T15:23:11.082+0000] {dagbag.py:538} INFO - Filling up the DagBag from /opt/airflow/dags/iqair_dag.py
[2025-03-26T15:23:11.091+0000] {processor.py:840} INFO - DAG(s) 'iqair_api_example' retrieved from /opt/airflow/dags/iqair_dag.py
[2025-03-26T15:23:11.105+0000] {logging_mixin.py:188} INFO - [2025-03-26T15:23:11.105+0000] {dag.py:3036} INFO - Sync 1 DAGs
[2025-03-26T15:23:11.117+0000] {logging_mixin.py:188} INFO - [2025-03-26T15:23:11.117+0000] {dag.py:3823} INFO - Setting next_dagrun for iqair_api_example to 2025-03-26 15:00:00+00:00, run_after=2025-03-26 16:00:00+00:00
[2025-03-26T15:23:11.124+0000] {processor.py:183} INFO - Processing /opt/airflow/dags/iqair_dag.py took 0.047 seconds
[2025-03-26T15:23:41.359+0000] {processor.py:161} INFO - Started process (PID=295) to work on /opt/airflow/dags/iqair_dag.py
[2025-03-26T15:23:41.359+0000] {processor.py:830} INFO - Processing file /opt/airflow/dags/iqair_dag.py for tasks to queue
[2025-03-26T15:23:41.360+0000] {logging_mixin.py:188} INFO - [2025-03-26T15:23:41.360+0000] {dagbag.py:538} INFO - Filling up the DagBag from /opt/airflow/dags/iqair_dag.py
[2025-03-26T15:23:41.370+0000] {processor.py:840} INFO - DAG(s) 'iqair_api_example' retrieved from /opt/airflow/dags/iqair_dag.py
[2025-03-26T15:23:41.384+0000] {logging_mixin.py:188} INFO - [2025-03-26T15:23:41.384+0000] {dag.py:3036} INFO - Sync 1 DAGs
[2025-03-26T15:23:41.395+0000] {logging_mixin.py:188} INFO - [2025-03-26T15:23:41.395+0000] {dag.py:3823} INFO - Setting next_dagrun for iqair_api_example to 2025-03-26 15:00:00+00:00, run_after=2025-03-26 16:00:00+00:00
[2025-03-26T15:23:41.402+0000] {processor.py:183} INFO - Processing /opt/airflow/dags/iqair_dag.py took 0.046 seconds
[2025-03-26T15:24:11.615+0000] {processor.py:161} INFO - Started process (PID=300) to work on /opt/airflow/dags/iqair_dag.py
[2025-03-26T15:24:11.616+0000] {processor.py:830} INFO - Processing file /opt/airflow/dags/iqair_dag.py for tasks to queue
[2025-03-26T15:24:11.617+0000] {logging_mixin.py:188} INFO - [2025-03-26T15:24:11.617+0000] {dagbag.py:538} INFO - Filling up the DagBag from /opt/airflow/dags/iqair_dag.py
[2025-03-26T15:24:11.626+0000] {processor.py:840} INFO - DAG(s) 'iqair_api_example' retrieved from /opt/airflow/dags/iqair_dag.py
[2025-03-26T15:24:11.641+0000] {logging_mixin.py:188} INFO - [2025-03-26T15:24:11.641+0000] {dag.py:3036} INFO - Sync 1 DAGs
[2025-03-26T15:24:11.652+0000] {logging_mixin.py:188} INFO - [2025-03-26T15:24:11.652+0000] {dag.py:3823} INFO - Setting next_dagrun for iqair_api_example to 2025-03-26 15:00:00+00:00, run_after=2025-03-26 16:00:00+00:00
[2025-03-26T15:24:11.660+0000] {processor.py:183} INFO - Processing /opt/airflow/dags/iqair_dag.py took 0.048 seconds
[2025-03-26T15:24:41.875+0000] {processor.py:161} INFO - Started process (PID=305) to work on /opt/airflow/dags/iqair_dag.py
[2025-03-26T15:24:41.876+0000] {processor.py:830} INFO - Processing file /opt/airflow/dags/iqair_dag.py for tasks to queue
[2025-03-26T15:24:41.877+0000] {logging_mixin.py:188} INFO - [2025-03-26T15:24:41.877+0000] {dagbag.py:538} INFO - Filling up the DagBag from /opt/airflow/dags/iqair_dag.py
[2025-03-26T15:24:41.886+0000] {processor.py:840} INFO - DAG(s) 'iqair_api_example' retrieved from /opt/airflow/dags/iqair_dag.py
[2025-03-26T15:24:41.900+0000] {logging_mixin.py:188} INFO - [2025-03-26T15:24:41.900+0000] {dag.py:3036} INFO - Sync 1 DAGs
[2025-03-26T15:24:41.912+0000] {logging_mixin.py:188} INFO - [2025-03-26T15:24:41.912+0000] {dag.py:3823} INFO - Setting next_dagrun for iqair_api_example to 2025-03-26 15:00:00+00:00, run_after=2025-03-26 16:00:00+00:00
[2025-03-26T15:24:41.920+0000] {processor.py:183} INFO - Processing /opt/airflow/dags/iqair_dag.py took 0.047 seconds
[2025-03-26T15:25:12.134+0000] {processor.py:161} INFO - Started process (PID=310) to work on /opt/airflow/dags/iqair_dag.py
[2025-03-26T15:25:12.135+0000] {processor.py:830} INFO - Processing file /opt/airflow/dags/iqair_dag.py for tasks to queue
[2025-03-26T15:25:12.135+0000] {logging_mixin.py:188} INFO - [2025-03-26T15:25:12.135+0000] {dagbag.py:538} INFO - Filling up the DagBag from /opt/airflow/dags/iqair_dag.py
[2025-03-26T15:25:12.143+0000] {processor.py:840} INFO - DAG(s) 'iqair_api_example' retrieved from /opt/airflow/dags/iqair_dag.py
[2025-03-26T15:25:12.156+0000] {logging_mixin.py:188} INFO - [2025-03-26T15:25:12.156+0000] {dag.py:3036} INFO - Sync 1 DAGs
[2025-03-26T15:25:12.167+0000] {logging_mixin.py:188} INFO - [2025-03-26T15:25:12.167+0000] {dag.py:3823} INFO - Setting next_dagrun for iqair_api_example to 2025-03-26 15:00:00+00:00, run_after=2025-03-26 16:00:00+00:00
[2025-03-26T15:25:12.174+0000] {processor.py:183} INFO - Processing /opt/airflow/dags/iqair_dag.py took 0.042 seconds
[2025-03-26T15:25:42.391+0000] {processor.py:161} INFO - Started process (PID=315) to work on /opt/airflow/dags/iqair_dag.py
[2025-03-26T15:25:42.392+0000] {processor.py:830} INFO - Processing file /opt/airflow/dags/iqair_dag.py for tasks to queue
[2025-03-26T15:25:42.393+0000] {logging_mixin.py:188} INFO - [2025-03-26T15:25:42.393+0000] {dagbag.py:538} INFO - Filling up the DagBag from /opt/airflow/dags/iqair_dag.py
[2025-03-26T15:25:42.401+0000] {processor.py:840} INFO - DAG(s) 'iqair_api_example' retrieved from /opt/airflow/dags/iqair_dag.py
[2025-03-26T15:25:42.415+0000] {logging_mixin.py:188} INFO - [2025-03-26T15:25:42.414+0000] {dag.py:3036} INFO - Sync 1 DAGs
[2025-03-26T15:25:42.425+0000] {logging_mixin.py:188} INFO - [2025-03-26T15:25:42.425+0000] {dag.py:3823} INFO - Setting next_dagrun for iqair_api_example to 2025-03-26 15:00:00+00:00, run_after=2025-03-26 16:00:00+00:00
[2025-03-26T15:25:42.431+0000] {processor.py:183} INFO - Processing /opt/airflow/dags/iqair_dag.py took 0.042 seconds
[2025-03-26T15:26:12.664+0000] {processor.py:161} INFO - Started process (PID=320) to work on /opt/airflow/dags/iqair_dag.py
[2025-03-26T15:26:12.665+0000] {processor.py:830} INFO - Processing file /opt/airflow/dags/iqair_dag.py for tasks to queue
[2025-03-26T15:26:12.665+0000] {logging_mixin.py:188} INFO - [2025-03-26T15:26:12.665+0000] {dagbag.py:538} INFO - Filling up the DagBag from /opt/airflow/dags/iqair_dag.py
[2025-03-26T15:26:12.674+0000] {processor.py:840} INFO - DAG(s) 'iqair_api_example' retrieved from /opt/airflow/dags/iqair_dag.py
[2025-03-26T15:26:12.686+0000] {logging_mixin.py:188} INFO - [2025-03-26T15:26:12.686+0000] {dag.py:3036} INFO - Sync 1 DAGs
[2025-03-26T15:26:12.697+0000] {logging_mixin.py:188} INFO - [2025-03-26T15:26:12.697+0000] {dag.py:3823} INFO - Setting next_dagrun for iqair_api_example to 2025-03-26 15:00:00+00:00, run_after=2025-03-26 16:00:00+00:00
[2025-03-26T15:26:12.703+0000] {processor.py:183} INFO - Processing /opt/airflow/dags/iqair_dag.py took 0.042 seconds
[2025-03-26T15:26:42.935+0000] {processor.py:161} INFO - Started process (PID=325) to work on /opt/airflow/dags/iqair_dag.py
[2025-03-26T15:26:42.935+0000] {processor.py:830} INFO - Processing file /opt/airflow/dags/iqair_dag.py for tasks to queue
[2025-03-26T15:26:42.936+0000] {logging_mixin.py:188} INFO - [2025-03-26T15:26:42.936+0000] {dagbag.py:538} INFO - Filling up the DagBag from /opt/airflow/dags/iqair_dag.py
[2025-03-26T15:26:42.942+0000] {processor.py:840} INFO - DAG(s) 'iqair_api_example' retrieved from /opt/airflow/dags/iqair_dag.py
[2025-03-26T15:26:42.954+0000] {logging_mixin.py:188} INFO - [2025-03-26T15:26:42.954+0000] {dag.py:3036} INFO - Sync 1 DAGs
[2025-03-26T15:26:42.964+0000] {logging_mixin.py:188} INFO - [2025-03-26T15:26:42.964+0000] {dag.py:3823} INFO - Setting next_dagrun for iqair_api_example to 2025-03-26 15:00:00+00:00, run_after=2025-03-26 16:00:00+00:00
[2025-03-26T15:26:42.970+0000] {processor.py:183} INFO - Processing /opt/airflow/dags/iqair_dag.py took 0.037 seconds
[2025-03-26T15:27:13.217+0000] {processor.py:161} INFO - Started process (PID=330) to work on /opt/airflow/dags/iqair_dag.py
[2025-03-26T15:27:13.218+0000] {processor.py:830} INFO - Processing file /opt/airflow/dags/iqair_dag.py for tasks to queue
[2025-03-26T15:27:13.218+0000] {logging_mixin.py:188} INFO - [2025-03-26T15:27:13.218+0000] {dagbag.py:538} INFO - Filling up the DagBag from /opt/airflow/dags/iqair_dag.py
[2025-03-26T15:27:13.226+0000] {processor.py:840} INFO - DAG(s) 'iqair_api_example' retrieved from /opt/airflow/dags/iqair_dag.py
[2025-03-26T15:27:13.239+0000] {logging_mixin.py:188} INFO - [2025-03-26T15:27:13.239+0000] {dag.py:3036} INFO - Sync 1 DAGs
[2025-03-26T15:27:13.249+0000] {logging_mixin.py:188} INFO - [2025-03-26T15:27:13.249+0000] {dag.py:3823} INFO - Setting next_dagrun for iqair_api_example to 2025-03-26 15:00:00+00:00, run_after=2025-03-26 16:00:00+00:00
[2025-03-26T15:27:13.257+0000] {processor.py:183} INFO - Processing /opt/airflow/dags/iqair_dag.py took 0.042 seconds
[2025-03-26T15:27:43.501+0000] {processor.py:161} INFO - Started process (PID=335) to work on /opt/airflow/dags/iqair_dag.py
[2025-03-26T15:27:43.502+0000] {processor.py:830} INFO - Processing file /opt/airflow/dags/iqair_dag.py for tasks to queue
[2025-03-26T15:27:43.502+0000] {logging_mixin.py:188} INFO - [2025-03-26T15:27:43.502+0000] {dagbag.py:538} INFO - Filling up the DagBag from /opt/airflow/dags/iqair_dag.py
[2025-03-26T15:27:43.511+0000] {processor.py:840} INFO - DAG(s) 'iqair_api_example' retrieved from /opt/airflow/dags/iqair_dag.py
[2025-03-26T15:27:43.527+0000] {logging_mixin.py:188} INFO - [2025-03-26T15:27:43.527+0000] {dag.py:3036} INFO - Sync 1 DAGs
[2025-03-26T15:27:43.538+0000] {logging_mixin.py:188} INFO - [2025-03-26T15:27:43.538+0000] {dag.py:3823} INFO - Setting next_dagrun for iqair_api_example to 2025-03-26 15:00:00+00:00, run_after=2025-03-26 16:00:00+00:00
[2025-03-26T15:27:43.544+0000] {processor.py:183} INFO - Processing /opt/airflow/dags/iqair_dag.py took 0.046 seconds
[2025-03-26T15:28:13.765+0000] {processor.py:161} INFO - Started process (PID=340) to work on /opt/airflow/dags/iqair_dag.py
[2025-03-26T15:28:13.766+0000] {processor.py:830} INFO - Processing file /opt/airflow/dags/iqair_dag.py for tasks to queue
[2025-03-26T15:28:13.767+0000] {logging_mixin.py:188} INFO - [2025-03-26T15:28:13.767+0000] {dagbag.py:538} INFO - Filling up the DagBag from /opt/airflow/dags/iqair_dag.py
[2025-03-26T15:28:13.776+0000] {processor.py:840} INFO - DAG(s) 'iqair_api_example' retrieved from /opt/airflow/dags/iqair_dag.py
[2025-03-26T15:28:13.790+0000] {logging_mixin.py:188} INFO - [2025-03-26T15:28:13.790+0000] {dag.py:3036} INFO - Sync 1 DAGs
[2025-03-26T15:28:13.801+0000] {logging_mixin.py:188} INFO - [2025-03-26T15:28:13.801+0000] {dag.py:3823} INFO - Setting next_dagrun for iqair_api_example to 2025-03-26 15:00:00+00:00, run_after=2025-03-26 16:00:00+00:00
[2025-03-26T15:28:13.808+0000] {processor.py:183} INFO - Processing /opt/airflow/dags/iqair_dag.py took 0.045 seconds
[2025-03-26T15:28:44.039+0000] {processor.py:161} INFO - Started process (PID=345) to work on /opt/airflow/dags/iqair_dag.py
[2025-03-26T15:28:44.040+0000] {processor.py:830} INFO - Processing file /opt/airflow/dags/iqair_dag.py for tasks to queue
[2025-03-26T15:28:44.041+0000] {logging_mixin.py:188} INFO - [2025-03-26T15:28:44.040+0000] {dagbag.py:538} INFO - Filling up the DagBag from /opt/airflow/dags/iqair_dag.py
[2025-03-26T15:28:44.049+0000] {processor.py:840} INFO - DAG(s) 'iqair_api_example' retrieved from /opt/airflow/dags/iqair_dag.py
[2025-03-26T15:28:44.065+0000] {logging_mixin.py:188} INFO - [2025-03-26T15:28:44.064+0000] {dag.py:3036} INFO - Sync 1 DAGs
[2025-03-26T15:28:44.075+0000] {logging_mixin.py:188} INFO - [2025-03-26T15:28:44.075+0000] {dag.py:3823} INFO - Setting next_dagrun for iqair_api_example to 2025-03-26 15:00:00+00:00, run_after=2025-03-26 16:00:00+00:00
[2025-03-26T15:28:44.081+0000] {processor.py:183} INFO - Processing /opt/airflow/dags/iqair_dag.py took 0.045 seconds
[2025-03-26T15:29:14.300+0000] {processor.py:161} INFO - Started process (PID=350) to work on /opt/airflow/dags/iqair_dag.py
[2025-03-26T15:29:14.301+0000] {processor.py:830} INFO - Processing file /opt/airflow/dags/iqair_dag.py for tasks to queue
[2025-03-26T15:29:14.302+0000] {logging_mixin.py:188} INFO - [2025-03-26T15:29:14.302+0000] {dagbag.py:538} INFO - Filling up the DagBag from /opt/airflow/dags/iqair_dag.py
[2025-03-26T15:29:14.311+0000] {processor.py:840} INFO - DAG(s) 'iqair_api_example' retrieved from /opt/airflow/dags/iqair_dag.py
[2025-03-26T15:29:14.326+0000] {logging_mixin.py:188} INFO - [2025-03-26T15:29:14.326+0000] {dag.py:3036} INFO - Sync 1 DAGs
[2025-03-26T15:29:14.337+0000] {logging_mixin.py:188} INFO - [2025-03-26T15:29:14.337+0000] {dag.py:3823} INFO - Setting next_dagrun for iqair_api_example to 2025-03-26 15:00:00+00:00, run_after=2025-03-26 16:00:00+00:00
[2025-03-26T15:29:14.344+0000] {processor.py:183} INFO - Processing /opt/airflow/dags/iqair_dag.py took 0.046 seconds
[2025-03-26T15:29:44.548+0000] {processor.py:161} INFO - Started process (PID=355) to work on /opt/airflow/dags/iqair_dag.py
[2025-03-26T15:29:44.549+0000] {processor.py:830} INFO - Processing file /opt/airflow/dags/iqair_dag.py for tasks to queue
[2025-03-26T15:29:44.549+0000] {logging_mixin.py:188} INFO - [2025-03-26T15:29:44.549+0000] {dagbag.py:538} INFO - Filling up the DagBag from /opt/airflow/dags/iqair_dag.py
[2025-03-26T15:29:44.558+0000] {processor.py:840} INFO - DAG(s) 'iqair_api_example' retrieved from /opt/airflow/dags/iqair_dag.py
[2025-03-26T15:29:44.572+0000] {logging_mixin.py:188} INFO - [2025-03-26T15:29:44.572+0000] {dag.py:3036} INFO - Sync 1 DAGs
[2025-03-26T15:29:44.583+0000] {logging_mixin.py:188} INFO - [2025-03-26T15:29:44.582+0000] {dag.py:3823} INFO - Setting next_dagrun for iqair_api_example to 2025-03-26 15:00:00+00:00, run_after=2025-03-26 16:00:00+00:00
[2025-03-26T15:29:44.589+0000] {processor.py:183} INFO - Processing /opt/airflow/dags/iqair_dag.py took 0.044 seconds
[2025-03-26T15:30:14.802+0000] {processor.py:161} INFO - Started process (PID=360) to work on /opt/airflow/dags/iqair_dag.py
[2025-03-26T15:30:14.802+0000] {processor.py:830} INFO - Processing file /opt/airflow/dags/iqair_dag.py for tasks to queue
[2025-03-26T15:30:14.803+0000] {logging_mixin.py:188} INFO - [2025-03-26T15:30:14.803+0000] {dagbag.py:538} INFO - Filling up the DagBag from /opt/airflow/dags/iqair_dag.py
[2025-03-26T15:30:14.811+0000] {processor.py:840} INFO - DAG(s) 'iqair_api_example' retrieved from /opt/airflow/dags/iqair_dag.py
[2025-03-26T15:30:14.824+0000] {logging_mixin.py:188} INFO - [2025-03-26T15:30:14.824+0000] {dag.py:3036} INFO - Sync 1 DAGs
[2025-03-26T15:30:14.834+0000] {logging_mixin.py:188} INFO - [2025-03-26T15:30:14.834+0000] {dag.py:3823} INFO - Setting next_dagrun for iqair_api_example to 2025-03-26 15:00:00+00:00, run_after=2025-03-26 16:00:00+00:00
[2025-03-26T15:30:14.841+0000] {processor.py:183} INFO - Processing /opt/airflow/dags/iqair_dag.py took 0.042 seconds
[2025-03-26T15:30:45.084+0000] {processor.py:161} INFO - Started process (PID=365) to work on /opt/airflow/dags/iqair_dag.py
[2025-03-26T15:30:45.085+0000] {processor.py:830} INFO - Processing file /opt/airflow/dags/iqair_dag.py for tasks to queue
[2025-03-26T15:30:45.088+0000] {logging_mixin.py:188} INFO - [2025-03-26T15:30:45.088+0000] {dagbag.py:538} INFO - Filling up the DagBag from /opt/airflow/dags/iqair_dag.py
[2025-03-26T15:30:45.094+0000] {processor.py:840} INFO - DAG(s) 'iqair_api_example' retrieved from /opt/airflow/dags/iqair_dag.py
[2025-03-26T15:30:45.109+0000] {logging_mixin.py:188} INFO - [2025-03-26T15:30:45.109+0000] {dag.py:3036} INFO - Sync 1 DAGs
[2025-03-26T15:30:45.120+0000] {logging_mixin.py:188} INFO - [2025-03-26T15:30:45.120+0000] {dag.py:3823} INFO - Setting next_dagrun for iqair_api_example to 2025-03-26 15:00:00+00:00, run_after=2025-03-26 16:00:00+00:00
[2025-03-26T15:30:45.127+0000] {processor.py:183} INFO - Processing /opt/airflow/dags/iqair_dag.py took 0.045 seconds
[2025-03-26T15:31:15.364+0000] {processor.py:161} INFO - Started process (PID=370) to work on /opt/airflow/dags/iqair_dag.py
[2025-03-26T15:31:15.365+0000] {processor.py:830} INFO - Processing file /opt/airflow/dags/iqair_dag.py for tasks to queue
[2025-03-26T15:31:15.366+0000] {logging_mixin.py:188} INFO - [2025-03-26T15:31:15.365+0000] {dagbag.py:538} INFO - Filling up the DagBag from /opt/airflow/dags/iqair_dag.py
[2025-03-26T15:31:15.373+0000] {processor.py:840} INFO - DAG(s) 'iqair_api_example' retrieved from /opt/airflow/dags/iqair_dag.py
[2025-03-26T15:31:15.387+0000] {logging_mixin.py:188} INFO - [2025-03-26T15:31:15.387+0000] {dag.py:3036} INFO - Sync 1 DAGs
[2025-03-26T15:31:15.397+0000] {logging_mixin.py:188} INFO - [2025-03-26T15:31:15.397+0000] {dag.py:3823} INFO - Setting next_dagrun for iqair_api_example to 2025-03-26 15:00:00+00:00, run_after=2025-03-26 16:00:00+00:00
[2025-03-26T15:31:15.403+0000] {processor.py:183} INFO - Processing /opt/airflow/dags/iqair_dag.py took 0.041 seconds
[2025-03-26T15:31:45.616+0000] {processor.py:161} INFO - Started process (PID=375) to work on /opt/airflow/dags/iqair_dag.py
[2025-03-26T15:31:45.617+0000] {processor.py:830} INFO - Processing file /opt/airflow/dags/iqair_dag.py for tasks to queue
[2025-03-26T15:31:45.618+0000] {logging_mixin.py:188} INFO - [2025-03-26T15:31:45.618+0000] {dagbag.py:538} INFO - Filling up the DagBag from /opt/airflow/dags/iqair_dag.py
[2025-03-26T15:31:45.630+0000] {processor.py:840} INFO - DAG(s) 'iqair_api_example' retrieved from /opt/airflow/dags/iqair_dag.py
[2025-03-26T15:31:45.648+0000] {logging_mixin.py:188} INFO - [2025-03-26T15:31:45.647+0000] {dag.py:3036} INFO - Sync 1 DAGs
[2025-03-26T15:31:45.660+0000] {logging_mixin.py:188} INFO - [2025-03-26T15:31:45.660+0000] {dag.py:3823} INFO - Setting next_dagrun for iqair_api_example to 2025-03-26 15:00:00+00:00, run_after=2025-03-26 16:00:00+00:00
[2025-03-26T15:31:45.667+0000] {processor.py:183} INFO - Processing /opt/airflow/dags/iqair_dag.py took 0.054 seconds
[2025-03-26T15:32:15.916+0000] {processor.py:161} INFO - Started process (PID=380) to work on /opt/airflow/dags/iqair_dag.py
[2025-03-26T15:32:15.917+0000] {processor.py:830} INFO - Processing file /opt/airflow/dags/iqair_dag.py for tasks to queue
[2025-03-26T15:32:15.917+0000] {logging_mixin.py:188} INFO - [2025-03-26T15:32:15.917+0000] {dagbag.py:538} INFO - Filling up the DagBag from /opt/airflow/dags/iqair_dag.py
[2025-03-26T15:32:15.925+0000] {processor.py:840} INFO - DAG(s) 'iqair_api_example' retrieved from /opt/airflow/dags/iqair_dag.py
[2025-03-26T15:32:15.939+0000] {logging_mixin.py:188} INFO - [2025-03-26T15:32:15.938+0000] {dag.py:3036} INFO - Sync 1 DAGs
[2025-03-26T15:32:15.950+0000] {logging_mixin.py:188} INFO - [2025-03-26T15:32:15.950+0000] {dag.py:3823} INFO - Setting next_dagrun for iqair_api_example to 2025-03-26 15:00:00+00:00, run_after=2025-03-26 16:00:00+00:00
[2025-03-26T15:32:15.958+0000] {processor.py:183} INFO - Processing /opt/airflow/dags/iqair_dag.py took 0.044 seconds
[2025-03-26T15:32:46.216+0000] {processor.py:161} INFO - Started process (PID=385) to work on /opt/airflow/dags/iqair_dag.py
[2025-03-26T15:32:46.216+0000] {processor.py:830} INFO - Processing file /opt/airflow/dags/iqair_dag.py for tasks to queue
[2025-03-26T15:32:46.217+0000] {logging_mixin.py:188} INFO - [2025-03-26T15:32:46.217+0000] {dagbag.py:538} INFO - Filling up the DagBag from /opt/airflow/dags/iqair_dag.py
[2025-03-26T15:32:46.224+0000] {processor.py:840} INFO - DAG(s) 'iqair_api_example' retrieved from /opt/airflow/dags/iqair_dag.py
[2025-03-26T15:32:46.237+0000] {logging_mixin.py:188} INFO - [2025-03-26T15:32:46.236+0000] {dag.py:3036} INFO - Sync 1 DAGs
[2025-03-26T15:32:46.249+0000] {logging_mixin.py:188} INFO - [2025-03-26T15:32:46.248+0000] {dag.py:3823} INFO - Setting next_dagrun for iqair_api_example to 2025-03-26 15:00:00+00:00, run_after=2025-03-26 16:00:00+00:00
[2025-03-26T15:32:46.258+0000] {processor.py:183} INFO - Processing /opt/airflow/dags/iqair_dag.py took 0.044 seconds
[2025-03-26T15:33:16.483+0000] {processor.py:161} INFO - Started process (PID=390) to work on /opt/airflow/dags/iqair_dag.py
[2025-03-26T15:33:16.483+0000] {processor.py:830} INFO - Processing file /opt/airflow/dags/iqair_dag.py for tasks to queue
[2025-03-26T15:33:16.484+0000] {logging_mixin.py:188} INFO - [2025-03-26T15:33:16.484+0000] {dagbag.py:538} INFO - Filling up the DagBag from /opt/airflow/dags/iqair_dag.py
[2025-03-26T15:33:16.492+0000] {processor.py:840} INFO - DAG(s) 'iqair_api_example' retrieved from /opt/airflow/dags/iqair_dag.py
[2025-03-26T15:33:16.505+0000] {logging_mixin.py:188} INFO - [2025-03-26T15:33:16.505+0000] {dag.py:3036} INFO - Sync 1 DAGs
[2025-03-26T15:33:16.515+0000] {logging_mixin.py:188} INFO - [2025-03-26T15:33:16.515+0000] {dag.py:3823} INFO - Setting next_dagrun for iqair_api_example to 2025-03-26 15:00:00+00:00, run_after=2025-03-26 16:00:00+00:00
[2025-03-26T15:33:16.522+0000] {processor.py:183} INFO - Processing /opt/airflow/dags/iqair_dag.py took 0.041 seconds
[2025-03-26T15:33:46.731+0000] {processor.py:161} INFO - Started process (PID=395) to work on /opt/airflow/dags/iqair_dag.py
[2025-03-26T15:33:46.731+0000] {processor.py:830} INFO - Processing file /opt/airflow/dags/iqair_dag.py for tasks to queue
[2025-03-26T15:33:46.732+0000] {logging_mixin.py:188} INFO - [2025-03-26T15:33:46.732+0000] {dagbag.py:538} INFO - Filling up the DagBag from /opt/airflow/dags/iqair_dag.py
[2025-03-26T15:33:46.740+0000] {processor.py:840} INFO - DAG(s) 'iqair_api_example' retrieved from /opt/airflow/dags/iqair_dag.py
[2025-03-26T15:33:46.754+0000] {logging_mixin.py:188} INFO - [2025-03-26T15:33:46.754+0000] {dag.py:3036} INFO - Sync 1 DAGs
[2025-03-26T15:33:46.765+0000] {logging_mixin.py:188} INFO - [2025-03-26T15:33:46.765+0000] {dag.py:3823} INFO - Setting next_dagrun for iqair_api_example to 2025-03-26 15:00:00+00:00, run_after=2025-03-26 16:00:00+00:00
[2025-03-26T15:33:46.771+0000] {processor.py:183} INFO - Processing /opt/airflow/dags/iqair_dag.py took 0.043 seconds
[2025-03-26T15:34:16.985+0000] {processor.py:161} INFO - Started process (PID=400) to work on /opt/airflow/dags/iqair_dag.py
[2025-03-26T15:34:16.985+0000] {processor.py:830} INFO - Processing file /opt/airflow/dags/iqair_dag.py for tasks to queue
[2025-03-26T15:34:16.986+0000] {logging_mixin.py:188} INFO - [2025-03-26T15:34:16.986+0000] {dagbag.py:538} INFO - Filling up the DagBag from /opt/airflow/dags/iqair_dag.py
[2025-03-26T15:34:16.994+0000] {processor.py:840} INFO - DAG(s) 'iqair_api_example' retrieved from /opt/airflow/dags/iqair_dag.py
[2025-03-26T15:34:17.007+0000] {logging_mixin.py:188} INFO - [2025-03-26T15:34:17.007+0000] {dag.py:3036} INFO - Sync 1 DAGs
[2025-03-26T15:34:17.017+0000] {logging_mixin.py:188} INFO - [2025-03-26T15:34:17.017+0000] {dag.py:3823} INFO - Setting next_dagrun for iqair_api_example to 2025-03-26 15:00:00+00:00, run_after=2025-03-26 16:00:00+00:00
[2025-03-26T15:34:17.024+0000] {processor.py:183} INFO - Processing /opt/airflow/dags/iqair_dag.py took 0.041 seconds
[2025-03-26T15:34:47.253+0000] {processor.py:161} INFO - Started process (PID=405) to work on /opt/airflow/dags/iqair_dag.py
[2025-03-26T15:34:47.254+0000] {processor.py:830} INFO - Processing file /opt/airflow/dags/iqair_dag.py for tasks to queue
[2025-03-26T15:34:47.254+0000] {logging_mixin.py:188} INFO - [2025-03-26T15:34:47.254+0000] {dagbag.py:538} INFO - Filling up the DagBag from /opt/airflow/dags/iqair_dag.py
[2025-03-26T15:34:47.264+0000] {processor.py:840} INFO - DAG(s) 'iqair_api_example' retrieved from /opt/airflow/dags/iqair_dag.py
[2025-03-26T15:34:47.277+0000] {logging_mixin.py:188} INFO - [2025-03-26T15:34:47.277+0000] {dag.py:3036} INFO - Sync 1 DAGs
[2025-03-26T15:34:47.287+0000] {logging_mixin.py:188} INFO - [2025-03-26T15:34:47.287+0000] {dag.py:3823} INFO - Setting next_dagrun for iqair_api_example to 2025-03-26 15:00:00+00:00, run_after=2025-03-26 16:00:00+00:00
[2025-03-26T15:34:47.294+0000] {processor.py:183} INFO - Processing /opt/airflow/dags/iqair_dag.py took 0.043 seconds
[2025-03-26T15:35:17.515+0000] {processor.py:161} INFO - Started process (PID=410) to work on /opt/airflow/dags/iqair_dag.py
[2025-03-26T15:35:17.516+0000] {processor.py:830} INFO - Processing file /opt/airflow/dags/iqair_dag.py for tasks to queue
[2025-03-26T15:35:17.516+0000] {logging_mixin.py:188} INFO - [2025-03-26T15:35:17.516+0000] {dagbag.py:538} INFO - Filling up the DagBag from /opt/airflow/dags/iqair_dag.py
[2025-03-26T15:35:17.524+0000] {processor.py:840} INFO - DAG(s) 'iqair_api_example' retrieved from /opt/airflow/dags/iqair_dag.py
[2025-03-26T15:35:17.539+0000] {logging_mixin.py:188} INFO - [2025-03-26T15:35:17.539+0000] {dag.py:3036} INFO - Sync 1 DAGs
[2025-03-26T15:35:17.549+0000] {logging_mixin.py:188} INFO - [2025-03-26T15:35:17.549+0000] {dag.py:3823} INFO - Setting next_dagrun for iqair_api_example to 2025-03-26 15:00:00+00:00, run_after=2025-03-26 16:00:00+00:00
[2025-03-26T15:35:17.556+0000] {processor.py:183} INFO - Processing /opt/airflow/dags/iqair_dag.py took 0.043 seconds
[2025-03-26T15:35:47.808+0000] {processor.py:161} INFO - Started process (PID=415) to work on /opt/airflow/dags/iqair_dag.py
[2025-03-26T15:35:47.809+0000] {processor.py:830} INFO - Processing file /opt/airflow/dags/iqair_dag.py for tasks to queue
[2025-03-26T15:35:47.810+0000] {logging_mixin.py:188} INFO - [2025-03-26T15:35:47.810+0000] {dagbag.py:538} INFO - Filling up the DagBag from /opt/airflow/dags/iqair_dag.py
[2025-03-26T15:35:47.818+0000] {processor.py:840} INFO - DAG(s) 'iqair_api_example' retrieved from /opt/airflow/dags/iqair_dag.py
[2025-03-26T15:35:47.833+0000] {logging_mixin.py:188} INFO - [2025-03-26T15:35:47.832+0000] {dag.py:3036} INFO - Sync 1 DAGs
[2025-03-26T15:35:47.842+0000] {logging_mixin.py:188} INFO - [2025-03-26T15:35:47.842+0000] {dag.py:3823} INFO - Setting next_dagrun for iqair_api_example to 2025-03-26 15:00:00+00:00, run_after=2025-03-26 16:00:00+00:00
[2025-03-26T15:35:47.850+0000] {processor.py:183} INFO - Processing /opt/airflow/dags/iqair_dag.py took 0.044 seconds
[2025-03-26T15:36:18.060+0000] {processor.py:161} INFO - Started process (PID=420) to work on /opt/airflow/dags/iqair_dag.py
[2025-03-26T15:36:18.061+0000] {processor.py:830} INFO - Processing file /opt/airflow/dags/iqair_dag.py for tasks to queue
[2025-03-26T15:36:18.062+0000] {logging_mixin.py:188} INFO - [2025-03-26T15:36:18.061+0000] {dagbag.py:538} INFO - Filling up the DagBag from /opt/airflow/dags/iqair_dag.py
[2025-03-26T15:36:18.070+0000] {processor.py:840} INFO - DAG(s) 'iqair_api_example' retrieved from /opt/airflow/dags/iqair_dag.py
[2025-03-26T15:36:18.082+0000] {logging_mixin.py:188} INFO - [2025-03-26T15:36:18.082+0000] {dag.py:3036} INFO - Sync 1 DAGs
[2025-03-26T15:36:18.092+0000] {logging_mixin.py:188} INFO - [2025-03-26T15:36:18.092+0000] {dag.py:3823} INFO - Setting next_dagrun for iqair_api_example to 2025-03-26 15:00:00+00:00, run_after=2025-03-26 16:00:00+00:00
[2025-03-26T15:36:18.099+0000] {processor.py:183} INFO - Processing /opt/airflow/dags/iqair_dag.py took 0.041 seconds
[2025-03-26T15:36:48.349+0000] {processor.py:161} INFO - Started process (PID=425) to work on /opt/airflow/dags/iqair_dag.py
[2025-03-26T15:36:48.350+0000] {processor.py:830} INFO - Processing file /opt/airflow/dags/iqair_dag.py for tasks to queue
[2025-03-26T15:36:48.350+0000] {logging_mixin.py:188} INFO - [2025-03-26T15:36:48.350+0000] {dagbag.py:538} INFO - Filling up the DagBag from /opt/airflow/dags/iqair_dag.py
[2025-03-26T15:36:48.359+0000] {processor.py:840} INFO - DAG(s) 'iqair_api_example' retrieved from /opt/airflow/dags/iqair_dag.py
[2025-03-26T15:36:48.371+0000] {logging_mixin.py:188} INFO - [2025-03-26T15:36:48.371+0000] {dag.py:3036} INFO - Sync 1 DAGs
[2025-03-26T15:36:48.381+0000] {logging_mixin.py:188} INFO - [2025-03-26T15:36:48.381+0000] {dag.py:3823} INFO - Setting next_dagrun for iqair_api_example to 2025-03-26 15:00:00+00:00, run_after=2025-03-26 16:00:00+00:00
[2025-03-26T15:36:48.387+0000] {processor.py:183} INFO - Processing /opt/airflow/dags/iqair_dag.py took 0.040 seconds
[2025-03-26T15:37:18.630+0000] {processor.py:161} INFO - Started process (PID=430) to work on /opt/airflow/dags/iqair_dag.py
[2025-03-26T15:37:18.631+0000] {processor.py:830} INFO - Processing file /opt/airflow/dags/iqair_dag.py for tasks to queue
[2025-03-26T15:37:18.632+0000] {logging_mixin.py:188} INFO - [2025-03-26T15:37:18.631+0000] {dagbag.py:538} INFO - Filling up the DagBag from /opt/airflow/dags/iqair_dag.py
[2025-03-26T15:37:18.640+0000] {processor.py:840} INFO - DAG(s) 'iqair_api_example' retrieved from /opt/airflow/dags/iqair_dag.py
[2025-03-26T15:37:18.653+0000] {logging_mixin.py:188} INFO - [2025-03-26T15:37:18.653+0000] {dag.py:3036} INFO - Sync 1 DAGs
[2025-03-26T15:37:18.667+0000] {logging_mixin.py:188} INFO - [2025-03-26T15:37:18.666+0000] {dag.py:3823} INFO - Setting next_dagrun for iqair_api_example to 2025-03-26 15:00:00+00:00, run_after=2025-03-26 16:00:00+00:00
[2025-03-26T15:37:18.675+0000] {processor.py:183} INFO - Processing /opt/airflow/dags/iqair_dag.py took 0.047 seconds
[2025-03-26T15:37:48.870+0000] {processor.py:161} INFO - Started process (PID=435) to work on /opt/airflow/dags/iqair_dag.py
[2025-03-26T15:37:48.871+0000] {processor.py:830} INFO - Processing file /opt/airflow/dags/iqair_dag.py for tasks to queue
[2025-03-26T15:37:48.871+0000] {logging_mixin.py:188} INFO - [2025-03-26T15:37:48.871+0000] {dagbag.py:538} INFO - Filling up the DagBag from /opt/airflow/dags/iqair_dag.py
[2025-03-26T15:37:48.878+0000] {processor.py:840} INFO - DAG(s) 'iqair_api_example' retrieved from /opt/airflow/dags/iqair_dag.py
[2025-03-26T15:37:48.890+0000] {logging_mixin.py:188} INFO - [2025-03-26T15:37:48.890+0000] {dag.py:3036} INFO - Sync 1 DAGs
[2025-03-26T15:37:48.901+0000] {logging_mixin.py:188} INFO - [2025-03-26T15:37:48.900+0000] {dag.py:3823} INFO - Setting next_dagrun for iqair_api_example to 2025-03-26 15:00:00+00:00, run_after=2025-03-26 16:00:00+00:00
[2025-03-26T15:37:48.907+0000] {processor.py:183} INFO - Processing /opt/airflow/dags/iqair_dag.py took 0.039 seconds
[2025-03-26T15:38:19.160+0000] {processor.py:161} INFO - Started process (PID=440) to work on /opt/airflow/dags/iqair_dag.py
[2025-03-26T15:38:19.161+0000] {processor.py:830} INFO - Processing file /opt/airflow/dags/iqair_dag.py for tasks to queue
[2025-03-26T15:38:19.161+0000] {logging_mixin.py:188} INFO - [2025-03-26T15:38:19.161+0000] {dagbag.py:538} INFO - Filling up the DagBag from /opt/airflow/dags/iqair_dag.py
[2025-03-26T15:38:19.170+0000] {processor.py:840} INFO - DAG(s) 'iqair_api_example' retrieved from /opt/airflow/dags/iqair_dag.py
[2025-03-26T15:38:19.184+0000] {logging_mixin.py:188} INFO - [2025-03-26T15:38:19.184+0000] {dag.py:3036} INFO - Sync 1 DAGs
[2025-03-26T15:38:19.194+0000] {logging_mixin.py:188} INFO - [2025-03-26T15:38:19.194+0000] {dag.py:3823} INFO - Setting next_dagrun for iqair_api_example to 2025-03-26 15:00:00+00:00, run_after=2025-03-26 16:00:00+00:00
[2025-03-26T15:38:19.201+0000] {processor.py:183} INFO - Processing /opt/airflow/dags/iqair_dag.py took 0.044 seconds
[2025-03-26T15:38:49.412+0000] {processor.py:161} INFO - Started process (PID=445) to work on /opt/airflow/dags/iqair_dag.py
[2025-03-26T15:38:49.413+0000] {processor.py:830} INFO - Processing file /opt/airflow/dags/iqair_dag.py for tasks to queue
[2025-03-26T15:38:49.413+0000] {logging_mixin.py:188} INFO - [2025-03-26T15:38:49.413+0000] {dagbag.py:538} INFO - Filling up the DagBag from /opt/airflow/dags/iqair_dag.py
[2025-03-26T15:38:49.422+0000] {processor.py:840} INFO - DAG(s) 'iqair_api_example' retrieved from /opt/airflow/dags/iqair_dag.py
[2025-03-26T15:38:49.434+0000] {logging_mixin.py:188} INFO - [2025-03-26T15:38:49.434+0000] {dag.py:3036} INFO - Sync 1 DAGs
[2025-03-26T15:38:49.444+0000] {logging_mixin.py:188} INFO - [2025-03-26T15:38:49.444+0000] {dag.py:3823} INFO - Setting next_dagrun for iqair_api_example to 2025-03-26 15:00:00+00:00, run_after=2025-03-26 16:00:00+00:00
[2025-03-26T15:38:49.451+0000] {processor.py:183} INFO - Processing /opt/airflow/dags/iqair_dag.py took 0.042 seconds
[2025-03-26T15:39:19.708+0000] {processor.py:161} INFO - Started process (PID=450) to work on /opt/airflow/dags/iqair_dag.py
[2025-03-26T15:39:19.708+0000] {processor.py:830} INFO - Processing file /opt/airflow/dags/iqair_dag.py for tasks to queue
[2025-03-26T15:39:19.709+0000] {logging_mixin.py:188} INFO - [2025-03-26T15:39:19.709+0000] {dagbag.py:538} INFO - Filling up the DagBag from /opt/airflow/dags/iqair_dag.py
[2025-03-26T15:39:19.717+0000] {processor.py:840} INFO - DAG(s) 'iqair_api_example' retrieved from /opt/airflow/dags/iqair_dag.py
[2025-03-26T15:39:19.731+0000] {logging_mixin.py:188} INFO - [2025-03-26T15:39:19.731+0000] {dag.py:3036} INFO - Sync 1 DAGs
[2025-03-26T15:39:19.741+0000] {logging_mixin.py:188} INFO - [2025-03-26T15:39:19.741+0000] {dag.py:3823} INFO - Setting next_dagrun for iqair_api_example to 2025-03-26 15:00:00+00:00, run_after=2025-03-26 16:00:00+00:00
[2025-03-26T15:39:19.748+0000] {processor.py:183} INFO - Processing /opt/airflow/dags/iqair_dag.py took 0.043 seconds
[2025-03-26T15:39:49.981+0000] {processor.py:161} INFO - Started process (PID=455) to work on /opt/airflow/dags/iqair_dag.py
[2025-03-26T15:39:49.982+0000] {processor.py:830} INFO - Processing file /opt/airflow/dags/iqair_dag.py for tasks to queue
[2025-03-26T15:39:49.983+0000] {logging_mixin.py:188} INFO - [2025-03-26T15:39:49.983+0000] {dagbag.py:538} INFO - Filling up the DagBag from /opt/airflow/dags/iqair_dag.py
[2025-03-26T15:39:49.993+0000] {processor.py:840} INFO - DAG(s) 'iqair_api_example' retrieved from /opt/airflow/dags/iqair_dag.py
[2025-03-26T15:39:50.008+0000] {logging_mixin.py:188} INFO - [2025-03-26T15:39:50.008+0000] {dag.py:3036} INFO - Sync 1 DAGs
[2025-03-26T15:39:50.020+0000] {logging_mixin.py:188} INFO - [2025-03-26T15:39:50.020+0000] {dag.py:3823} INFO - Setting next_dagrun for iqair_api_example to 2025-03-26 15:00:00+00:00, run_after=2025-03-26 16:00:00+00:00
[2025-03-26T15:39:50.027+0000] {processor.py:183} INFO - Processing /opt/airflow/dags/iqair_dag.py took 0.048 seconds
[2025-03-26T15:40:20.279+0000] {processor.py:161} INFO - Started process (PID=460) to work on /opt/airflow/dags/iqair_dag.py
[2025-03-26T15:40:20.280+0000] {processor.py:830} INFO - Processing file /opt/airflow/dags/iqair_dag.py for tasks to queue
[2025-03-26T15:40:20.280+0000] {logging_mixin.py:188} INFO - [2025-03-26T15:40:20.280+0000] {dagbag.py:538} INFO - Filling up the DagBag from /opt/airflow/dags/iqair_dag.py
[2025-03-26T15:40:20.288+0000] {processor.py:840} INFO - DAG(s) 'iqair_api_example' retrieved from /opt/airflow/dags/iqair_dag.py
[2025-03-26T15:40:20.302+0000] {logging_mixin.py:188} INFO - [2025-03-26T15:40:20.302+0000] {dag.py:3036} INFO - Sync 1 DAGs
[2025-03-26T15:40:20.314+0000] {logging_mixin.py:188} INFO - [2025-03-26T15:40:20.314+0000] {dag.py:3823} INFO - Setting next_dagrun for iqair_api_example to 2025-03-26 15:00:00+00:00, run_after=2025-03-26 16:00:00+00:00
[2025-03-26T15:40:20.323+0000] {processor.py:183} INFO - Processing /opt/airflow/dags/iqair_dag.py took 0.045 seconds
[2025-03-26T15:40:50.581+0000] {processor.py:161} INFO - Started process (PID=465) to work on /opt/airflow/dags/iqair_dag.py
[2025-03-26T15:40:50.581+0000] {processor.py:830} INFO - Processing file /opt/airflow/dags/iqair_dag.py for tasks to queue
[2025-03-26T15:40:50.582+0000] {logging_mixin.py:188} INFO - [2025-03-26T15:40:50.582+0000] {dagbag.py:538} INFO - Filling up the DagBag from /opt/airflow/dags/iqair_dag.py
[2025-03-26T15:40:50.591+0000] {processor.py:840} INFO - DAG(s) 'iqair_api_example' retrieved from /opt/airflow/dags/iqair_dag.py
[2025-03-26T15:40:50.606+0000] {logging_mixin.py:188} INFO - [2025-03-26T15:40:50.606+0000] {dag.py:3036} INFO - Sync 1 DAGs
[2025-03-26T15:40:50.618+0000] {logging_mixin.py:188} INFO - [2025-03-26T15:40:50.618+0000] {dag.py:3823} INFO - Setting next_dagrun for iqair_api_example to 2025-03-26 15:00:00+00:00, run_after=2025-03-26 16:00:00+00:00
[2025-03-26T15:40:50.626+0000] {processor.py:183} INFO - Processing /opt/airflow/dags/iqair_dag.py took 0.048 seconds
[2025-03-26T15:41:20.872+0000] {processor.py:161} INFO - Started process (PID=470) to work on /opt/airflow/dags/iqair_dag.py
[2025-03-26T15:41:20.873+0000] {processor.py:830} INFO - Processing file /opt/airflow/dags/iqair_dag.py for tasks to queue
[2025-03-26T15:41:20.874+0000] {logging_mixin.py:188} INFO - [2025-03-26T15:41:20.873+0000] {dagbag.py:538} INFO - Filling up the DagBag from /opt/airflow/dags/iqair_dag.py
[2025-03-26T15:41:20.883+0000] {processor.py:840} INFO - DAG(s) 'iqair_api_example' retrieved from /opt/airflow/dags/iqair_dag.py
[2025-03-26T15:41:20.897+0000] {logging_mixin.py:188} INFO - [2025-03-26T15:41:20.897+0000] {dag.py:3036} INFO - Sync 1 DAGs
[2025-03-26T15:41:20.911+0000] {logging_mixin.py:188} INFO - [2025-03-26T15:41:20.911+0000] {dag.py:3823} INFO - Setting next_dagrun for iqair_api_example to 2025-03-26 15:00:00+00:00, run_after=2025-03-26 16:00:00+00:00
[2025-03-26T15:41:20.920+0000] {processor.py:183} INFO - Processing /opt/airflow/dags/iqair_dag.py took 0.050 seconds
[2025-03-26T15:41:51.169+0000] {processor.py:161} INFO - Started process (PID=475) to work on /opt/airflow/dags/iqair_dag.py
[2025-03-26T15:41:51.170+0000] {processor.py:830} INFO - Processing file /opt/airflow/dags/iqair_dag.py for tasks to queue
[2025-03-26T15:41:51.170+0000] {logging_mixin.py:188} INFO - [2025-03-26T15:41:51.170+0000] {dagbag.py:538} INFO - Filling up the DagBag from /opt/airflow/dags/iqair_dag.py
[2025-03-26T15:41:51.180+0000] {processor.py:840} INFO - DAG(s) 'iqair_api_example' retrieved from /opt/airflow/dags/iqair_dag.py
[2025-03-26T15:41:51.195+0000] {logging_mixin.py:188} INFO - [2025-03-26T15:41:51.195+0000] {dag.py:3036} INFO - Sync 1 DAGs
[2025-03-26T15:41:51.206+0000] {logging_mixin.py:188} INFO - [2025-03-26T15:41:51.206+0000] {dag.py:3823} INFO - Setting next_dagrun for iqair_api_example to 2025-03-26 15:00:00+00:00, run_after=2025-03-26 16:00:00+00:00
[2025-03-26T15:41:51.213+0000] {processor.py:183} INFO - Processing /opt/airflow/dags/iqair_dag.py took 0.047 seconds
[2025-03-26T15:42:21.473+0000] {processor.py:161} INFO - Started process (PID=480) to work on /opt/airflow/dags/iqair_dag.py
[2025-03-26T15:42:21.474+0000] {processor.py:830} INFO - Processing file /opt/airflow/dags/iqair_dag.py for tasks to queue
[2025-03-26T15:42:21.474+0000] {logging_mixin.py:188} INFO - [2025-03-26T15:42:21.474+0000] {dagbag.py:538} INFO - Filling up the DagBag from /opt/airflow/dags/iqair_dag.py
[2025-03-26T15:42:21.485+0000] {processor.py:840} INFO - DAG(s) 'iqair_api_example' retrieved from /opt/airflow/dags/iqair_dag.py
[2025-03-26T15:42:21.501+0000] {logging_mixin.py:188} INFO - [2025-03-26T15:42:21.501+0000] {dag.py:3036} INFO - Sync 1 DAGs
[2025-03-26T15:42:21.513+0000] {logging_mixin.py:188} INFO - [2025-03-26T15:42:21.513+0000] {dag.py:3823} INFO - Setting next_dagrun for iqair_api_example to 2025-03-26 15:00:00+00:00, run_after=2025-03-26 16:00:00+00:00
[2025-03-26T15:42:21.521+0000] {processor.py:183} INFO - Processing /opt/airflow/dags/iqair_dag.py took 0.051 seconds
[2025-03-26T15:42:51.772+0000] {processor.py:161} INFO - Started process (PID=485) to work on /opt/airflow/dags/iqair_dag.py
[2025-03-26T15:42:51.773+0000] {processor.py:830} INFO - Processing file /opt/airflow/dags/iqair_dag.py for tasks to queue
[2025-03-26T15:42:51.773+0000] {logging_mixin.py:188} INFO - [2025-03-26T15:42:51.773+0000] {dagbag.py:538} INFO - Filling up the DagBag from /opt/airflow/dags/iqair_dag.py
[2025-03-26T15:42:51.782+0000] {processor.py:840} INFO - DAG(s) 'iqair_api_example' retrieved from /opt/airflow/dags/iqair_dag.py
[2025-03-26T15:42:51.798+0000] {logging_mixin.py:188} INFO - [2025-03-26T15:42:51.798+0000] {dag.py:3036} INFO - Sync 1 DAGs
[2025-03-26T15:42:51.808+0000] {logging_mixin.py:188} INFO - [2025-03-26T15:42:51.808+0000] {dag.py:3823} INFO - Setting next_dagrun for iqair_api_example to 2025-03-26 15:00:00+00:00, run_after=2025-03-26 16:00:00+00:00
[2025-03-26T15:42:51.815+0000] {processor.py:183} INFO - Processing /opt/airflow/dags/iqair_dag.py took 0.046 seconds
[2025-03-26T15:43:22.103+0000] {processor.py:161} INFO - Started process (PID=490) to work on /opt/airflow/dags/iqair_dag.py
[2025-03-26T15:43:22.103+0000] {processor.py:830} INFO - Processing file /opt/airflow/dags/iqair_dag.py for tasks to queue
[2025-03-26T15:43:22.104+0000] {logging_mixin.py:188} INFO - [2025-03-26T15:43:22.104+0000] {dagbag.py:538} INFO - Filling up the DagBag from /opt/airflow/dags/iqair_dag.py
[2025-03-26T15:43:22.114+0000] {processor.py:840} INFO - DAG(s) 'iqair_api_example' retrieved from /opt/airflow/dags/iqair_dag.py
[2025-03-26T15:43:22.129+0000] {logging_mixin.py:188} INFO - [2025-03-26T15:43:22.129+0000] {dag.py:3036} INFO - Sync 1 DAGs
[2025-03-26T15:43:22.140+0000] {logging_mixin.py:188} INFO - [2025-03-26T15:43:22.140+0000] {dag.py:3823} INFO - Setting next_dagrun for iqair_api_example to 2025-03-26 15:00:00+00:00, run_after=2025-03-26 16:00:00+00:00
[2025-03-26T15:43:22.147+0000] {processor.py:183} INFO - Processing /opt/airflow/dags/iqair_dag.py took 0.048 seconds
[2025-03-26T15:43:52.422+0000] {processor.py:161} INFO - Started process (PID=495) to work on /opt/airflow/dags/iqair_dag.py
[2025-03-26T15:43:52.423+0000] {processor.py:830} INFO - Processing file /opt/airflow/dags/iqair_dag.py for tasks to queue
[2025-03-26T15:43:52.423+0000] {logging_mixin.py:188} INFO - [2025-03-26T15:43:52.423+0000] {dagbag.py:538} INFO - Filling up the DagBag from /opt/airflow/dags/iqair_dag.py
[2025-03-26T15:43:52.433+0000] {processor.py:840} INFO - DAG(s) 'iqair_api_example' retrieved from /opt/airflow/dags/iqair_dag.py
[2025-03-26T15:43:52.448+0000] {logging_mixin.py:188} INFO - [2025-03-26T15:43:52.448+0000] {dag.py:3036} INFO - Sync 1 DAGs
[2025-03-26T15:43:52.458+0000] {logging_mixin.py:188} INFO - [2025-03-26T15:43:52.458+0000] {dag.py:3823} INFO - Setting next_dagrun for iqair_api_example to 2025-03-26 15:00:00+00:00, run_after=2025-03-26 16:00:00+00:00
[2025-03-26T15:43:52.465+0000] {processor.py:183} INFO - Processing /opt/airflow/dags/iqair_dag.py took 0.047 seconds
[2025-03-26T15:44:22.734+0000] {processor.py:161} INFO - Started process (PID=500) to work on /opt/airflow/dags/iqair_dag.py
[2025-03-26T15:44:22.735+0000] {processor.py:830} INFO - Processing file /opt/airflow/dags/iqair_dag.py for tasks to queue
[2025-03-26T15:44:22.736+0000] {logging_mixin.py:188} INFO - [2025-03-26T15:44:22.735+0000] {dagbag.py:538} INFO - Filling up the DagBag from /opt/airflow/dags/iqair_dag.py
[2025-03-26T15:44:22.745+0000] {processor.py:840} INFO - DAG(s) 'iqair_api_example' retrieved from /opt/airflow/dags/iqair_dag.py
[2025-03-26T15:44:22.760+0000] {logging_mixin.py:188} INFO - [2025-03-26T15:44:22.760+0000] {dag.py:3036} INFO - Sync 1 DAGs
[2025-03-26T15:44:22.770+0000] {logging_mixin.py:188} INFO - [2025-03-26T15:44:22.770+0000] {dag.py:3823} INFO - Setting next_dagrun for iqair_api_example to 2025-03-26 15:00:00+00:00, run_after=2025-03-26 16:00:00+00:00
[2025-03-26T15:44:22.778+0000] {processor.py:183} INFO - Processing /opt/airflow/dags/iqair_dag.py took 0.047 seconds
[2025-03-26T15:44:53.041+0000] {processor.py:161} INFO - Started process (PID=505) to work on /opt/airflow/dags/iqair_dag.py
[2025-03-26T15:44:53.042+0000] {processor.py:830} INFO - Processing file /opt/airflow/dags/iqair_dag.py for tasks to queue
[2025-03-26T15:44:53.042+0000] {logging_mixin.py:188} INFO - [2025-03-26T15:44:53.042+0000] {dagbag.py:538} INFO - Filling up the DagBag from /opt/airflow/dags/iqair_dag.py
[2025-03-26T15:44:53.051+0000] {processor.py:840} INFO - DAG(s) 'iqair_api_example' retrieved from /opt/airflow/dags/iqair_dag.py
[2025-03-26T15:44:53.065+0000] {logging_mixin.py:188} INFO - [2025-03-26T15:44:53.064+0000] {dag.py:3036} INFO - Sync 1 DAGs
[2025-03-26T15:44:53.075+0000] {logging_mixin.py:188} INFO - [2025-03-26T15:44:53.075+0000] {dag.py:3823} INFO - Setting next_dagrun for iqair_api_example to 2025-03-26 15:00:00+00:00, run_after=2025-03-26 16:00:00+00:00
[2025-03-26T15:44:53.081+0000] {processor.py:183} INFO - Processing /opt/airflow/dags/iqair_dag.py took 0.043 seconds
[2025-03-26T15:45:23.359+0000] {processor.py:161} INFO - Started process (PID=510) to work on /opt/airflow/dags/iqair_dag.py
[2025-03-26T15:45:23.360+0000] {processor.py:830} INFO - Processing file /opt/airflow/dags/iqair_dag.py for tasks to queue
[2025-03-26T15:45:23.360+0000] {logging_mixin.py:188} INFO - [2025-03-26T15:45:23.360+0000] {dagbag.py:538} INFO - Filling up the DagBag from /opt/airflow/dags/iqair_dag.py
[2025-03-26T15:45:23.369+0000] {processor.py:840} INFO - DAG(s) 'iqair_api_example' retrieved from /opt/airflow/dags/iqair_dag.py
[2025-03-26T15:45:23.383+0000] {logging_mixin.py:188} INFO - [2025-03-26T15:45:23.383+0000] {dag.py:3036} INFO - Sync 1 DAGs
[2025-03-26T15:45:23.393+0000] {logging_mixin.py:188} INFO - [2025-03-26T15:45:23.393+0000] {dag.py:3823} INFO - Setting next_dagrun for iqair_api_example to 2025-03-26 15:00:00+00:00, run_after=2025-03-26 16:00:00+00:00
[2025-03-26T15:45:23.400+0000] {processor.py:183} INFO - Processing /opt/airflow/dags/iqair_dag.py took 0.044 seconds
[2025-03-26T15:45:53.693+0000] {processor.py:161} INFO - Started process (PID=515) to work on /opt/airflow/dags/iqair_dag.py
[2025-03-26T15:45:53.693+0000] {processor.py:830} INFO - Processing file /opt/airflow/dags/iqair_dag.py for tasks to queue
[2025-03-26T15:45:53.694+0000] {logging_mixin.py:188} INFO - [2025-03-26T15:45:53.694+0000] {dagbag.py:538} INFO - Filling up the DagBag from /opt/airflow/dags/iqair_dag.py
[2025-03-26T15:45:53.704+0000] {processor.py:840} INFO - DAG(s) 'iqair_api_example' retrieved from /opt/airflow/dags/iqair_dag.py
[2025-03-26T15:45:53.720+0000] {logging_mixin.py:188} INFO - [2025-03-26T15:45:53.720+0000] {dag.py:3036} INFO - Sync 1 DAGs
[2025-03-26T15:45:53.730+0000] {logging_mixin.py:188} INFO - [2025-03-26T15:45:53.730+0000] {dag.py:3823} INFO - Setting next_dagrun for iqair_api_example to 2025-03-26 15:00:00+00:00, run_after=2025-03-26 16:00:00+00:00
[2025-03-26T15:45:53.737+0000] {processor.py:183} INFO - Processing /opt/airflow/dags/iqair_dag.py took 0.047 seconds
[2025-03-26T15:46:24.032+0000] {processor.py:161} INFO - Started process (PID=520) to work on /opt/airflow/dags/iqair_dag.py
[2025-03-26T15:46:24.033+0000] {processor.py:830} INFO - Processing file /opt/airflow/dags/iqair_dag.py for tasks to queue
[2025-03-26T15:46:24.034+0000] {logging_mixin.py:188} INFO - [2025-03-26T15:46:24.033+0000] {dagbag.py:538} INFO - Filling up the DagBag from /opt/airflow/dags/iqair_dag.py
[2025-03-26T15:46:24.043+0000] {processor.py:840} INFO - DAG(s) 'iqair_api_example' retrieved from /opt/airflow/dags/iqair_dag.py
[2025-03-26T15:46:24.060+0000] {logging_mixin.py:188} INFO - [2025-03-26T15:46:24.059+0000] {dag.py:3036} INFO - Sync 1 DAGs
[2025-03-26T15:46:24.070+0000] {logging_mixin.py:188} INFO - [2025-03-26T15:46:24.070+0000] {dag.py:3823} INFO - Setting next_dagrun for iqair_api_example to 2025-03-26 15:00:00+00:00, run_after=2025-03-26 16:00:00+00:00
[2025-03-26T15:46:24.077+0000] {processor.py:183} INFO - Processing /opt/airflow/dags/iqair_dag.py took 0.048 seconds
