[2025-03-27T15:06:05.734+0000] {taskinstance.py:1956} INFO - Dependencies all met for dep_context=non-requeueable deps ti=<TaskInstance: fetch_aqi_multiple_cities.fetch_aqi_all_cities manual__2025-03-27T15:06:05.425644+00:00 [queued]>
[2025-03-27T15:06:05.739+0000] {taskinstance.py:1956} INFO - Dependencies all met for dep_context=requeueable deps ti=<TaskInstance: fetch_aqi_multiple_cities.fetch_aqi_all_cities manual__2025-03-27T15:06:05.425644+00:00 [queued]>
[2025-03-27T15:06:05.739+0000] {taskinstance.py:2170} INFO - Starting attempt 1 of 2
[2025-03-27T15:06:05.746+0000] {taskinstance.py:2191} INFO - Executing <Task(PythonOperator): fetch_aqi_all_cities> on 2025-03-27 15:06:05.425644+00:00
[2025-03-27T15:06:05.748+0000] {standard_task_runner.py:60} INFO - Started process 1502 to run task
[2025-03-27T15:06:05.751+0000] {standard_task_runner.py:87} INFO - Running: ['***', 'tasks', 'run', 'fetch_aqi_multiple_cities', 'fetch_aqi_all_cities', 'manual__2025-03-27T15:06:05.425644+00:00', '--job-id', '49', '--raw', '--subdir', 'DAGS_FOLDER/fetch_multiple_cities.py', '--cfg-path', '/tmp/tmphf_nvvhw']
[2025-03-27T15:06:05.752+0000] {standard_task_runner.py:88} INFO - Job 49: Subtask fetch_aqi_all_cities
[2025-03-27T15:06:05.759+0000] {logging_mixin.py:188} WARNING - /home/***/.local/lib/python3.8/site-packages/***/settings.py:194 DeprecationWarning: The sql_alchemy_conn option in [core] has been moved to the sql_alchemy_conn option in [database] - the old setting has been used, but please update your config.
[2025-03-27T15:06:05.774+0000] {task_command.py:423} INFO - Running <TaskInstance: fetch_aqi_multiple_cities.fetch_aqi_all_cities manual__2025-03-27T15:06:05.425644+00:00 [running]> on host 75125d84c351
[2025-03-27T15:06:05.806+0000] {taskinstance.py:2480} INFO - Exporting env vars: AIRFLOW_CTX_DAG_OWNER='***' AIRFLOW_CTX_DAG_ID='fetch_aqi_multiple_cities' AIRFLOW_CTX_TASK_ID='fetch_aqi_all_cities' AIRFLOW_CTX_EXECUTION_DATE='2025-03-27T15:06:05.425644+00:00' AIRFLOW_CTX_TRY_NUMBER='1' AIRFLOW_CTX_DAG_RUN_ID='manual__2025-03-27T15:06:05.425644+00:00'
[2025-03-27T15:06:06.144+0000] {fetch_multiple_cities.py:51} INFO - ✅ Bangkok: AQI = 117
[2025-03-27T15:06:06.154+0000] {base.py:83} INFO - Using connection ID 'postgres_conn' for task execution.
[2025-03-27T15:06:06.158+0000] {sql.py:450} INFO - Running statement: 
                        INSERT INTO air_quality_data (city, aqi, timestamp_utc)
                        VALUES (%s, %s, %s);
                    , parameters: ('Bangkok', 117, datetime.datetime(2025, 3, 27, 22, 6, 5, 807065, tzinfo=<DstTzInfo 'Asia/Bangkok' +07+7:00:00 STD>))
[2025-03-27T15:06:06.159+0000] {sql.py:459} INFO - Rows affected: 1
[2025-03-27T15:06:08.462+0000] {fetch_multiple_cities.py:51} INFO - ✅ Chiang Mai: AQI = 155
[2025-03-27T15:06:08.470+0000] {base.py:83} INFO - Using connection ID 'postgres_conn' for task execution.
[2025-03-27T15:06:08.474+0000] {sql.py:450} INFO - Running statement: 
                        INSERT INTO air_quality_data (city, aqi, timestamp_utc)
                        VALUES (%s, %s, %s);
                    , parameters: ('Chiang Mai', 155, datetime.datetime(2025, 3, 27, 22, 6, 5, 807065, tzinfo=<DstTzInfo 'Asia/Bangkok' +07+7:00:00 STD>))
[2025-03-27T15:06:08.476+0000] {sql.py:459} INFO - Rows affected: 1
[2025-03-27T15:06:10.705+0000] {fetch_multiple_cities.py:60} WARNING - ❌ API error for Ratchaburi: 429
[2025-03-27T15:06:13.073+0000] {fetch_multiple_cities.py:60} WARNING - ❌ API error for Rua Yai: 429
[2025-03-27T15:06:15.305+0000] {fetch_multiple_cities.py:60} WARNING - ❌ API error for Mueang Nonthaburi: 429
[2025-03-27T15:06:17.307+0000] {python.py:201} INFO - Done. Returned value was: None
[2025-03-27T15:06:17.314+0000] {taskinstance.py:1138} INFO - Marking task as SUCCESS. dag_id=fetch_aqi_multiple_cities, task_id=fetch_aqi_all_cities, execution_date=20250327T150605, start_date=20250327T150605, end_date=20250327T150617
[2025-03-27T15:06:17.354+0000] {local_task_job_runner.py:234} INFO - Task exited with return code 0
[2025-03-27T15:06:17.362+0000] {taskinstance.py:3280} INFO - 0 downstream tasks scheduled from follow-on schedule check
