[2025-03-27T12:03:57.312+0000] {taskinstance.py:1956} INFO - Dependencies all met for dep_context=non-requeueable deps ti=<TaskInstance: fetch_aqi_multiple_cities.fetch_aqi_all_cities scheduled__2025-03-27T11:00:00+00:00 [queued]>
[2025-03-27T12:03:57.317+0000] {taskinstance.py:1956} INFO - Dependencies all met for dep_context=requeueable deps ti=<TaskInstance: fetch_aqi_multiple_cities.fetch_aqi_all_cities scheduled__2025-03-27T11:00:00+00:00 [queued]>
[2025-03-27T12:03:57.317+0000] {taskinstance.py:2170} INFO - Starting attempt 1 of 2
[2025-03-27T12:03:57.321+0000] {taskinstance.py:2191} INFO - Executing <Task(PythonOperator): fetch_aqi_all_cities> on 2025-03-27 11:00:00+00:00
[2025-03-27T12:03:57.323+0000] {standard_task_runner.py:60} INFO - Started process 1978 to run task
[2025-03-27T12:03:57.325+0000] {standard_task_runner.py:87} INFO - Running: ['***', 'tasks', 'run', 'fetch_aqi_multiple_cities', 'fetch_aqi_all_cities', 'scheduled__2025-03-27T11:00:00+00:00', '--job-id', '32', '--raw', '--subdir', 'DAGS_FOLDER/fetch_multiple_cities.py', '--cfg-path', '/tmp/tmpkm5bmw4e']
[2025-03-27T12:03:57.326+0000] {standard_task_runner.py:88} INFO - Job 32: Subtask fetch_aqi_all_cities
[2025-03-27T12:03:57.333+0000] {logging_mixin.py:188} WARNING - /home/***/.local/lib/python3.8/site-packages/***/settings.py:194 DeprecationWarning: The sql_alchemy_conn option in [core] has been moved to the sql_alchemy_conn option in [database] - the old setting has been used, but please update your config.
[2025-03-27T12:03:57.347+0000] {task_command.py:423} INFO - Running <TaskInstance: fetch_aqi_multiple_cities.fetch_aqi_all_cities scheduled__2025-03-27T11:00:00+00:00 [running]> on host 79a5714298e2
[2025-03-27T12:03:57.377+0000] {taskinstance.py:2480} INFO - Exporting env vars: AIRFLOW_CTX_DAG_OWNER='***' AIRFLOW_CTX_DAG_ID='fetch_aqi_multiple_cities' AIRFLOW_CTX_TASK_ID='fetch_aqi_all_cities' AIRFLOW_CTX_EXECUTION_DATE='2025-03-27T11:00:00+00:00' AIRFLOW_CTX_TRY_NUMBER='1' AIRFLOW_CTX_DAG_RUN_ID='scheduled__2025-03-27T11:00:00+00:00'
[2025-03-27T12:03:57.627+0000] {fetch_multiple_cities.py:50} INFO - ✅ Bangkok: AQI = 110
[2025-03-27T12:03:57.640+0000] {base.py:83} INFO - Using connection ID 'postgres_conn' for task execution.
[2025-03-27T12:03:57.644+0000] {sql.py:450} INFO - Running statement: 
                        INSERT INTO air_quality_data (city, aqi, timestamp_utc)
                        VALUES (%s, %s, %s);
                    , parameters: ('Bangkok', 110, datetime.datetime(2025, 3, 27, 12, 3, 57, 377768))
[2025-03-27T12:03:57.646+0000] {sql.py:459} INFO - Rows affected: 1
[2025-03-27T12:03:57.874+0000] {fetch_multiple_cities.py:50} INFO - ✅ Chiang Mai: AQI = 136
[2025-03-27T12:03:57.885+0000] {base.py:83} INFO - Using connection ID 'postgres_conn' for task execution.
[2025-03-27T12:03:57.889+0000] {sql.py:450} INFO - Running statement: 
                        INSERT INTO air_quality_data (city, aqi, timestamp_utc)
                        VALUES (%s, %s, %s);
                    , parameters: ('Chiang Mai', 136, datetime.datetime(2025, 3, 27, 12, 3, 57, 377768))
[2025-03-27T12:03:57.890+0000] {sql.py:459} INFO - Rows affected: 1
[2025-03-27T12:03:58.128+0000] {fetch_multiple_cities.py:50} INFO - ✅ Ratchaburi: AQI = 64
[2025-03-27T12:03:58.131+0000] {base.py:83} INFO - Using connection ID 'postgres_conn' for task execution.
[2025-03-27T12:03:58.133+0000] {sql.py:450} INFO - Running statement: 
                        INSERT INTO air_quality_data (city, aqi, timestamp_utc)
                        VALUES (%s, %s, %s);
                    , parameters: ('Ratchaburi', 64, datetime.datetime(2025, 3, 27, 12, 3, 57, 377768))
[2025-03-27T12:03:58.134+0000] {sql.py:459} INFO - Rows affected: 1
[2025-03-27T12:03:58.369+0000] {fetch_multiple_cities.py:59} WARNING - ❌ API error for Rua Yai: 429
[2025-03-27T12:03:58.592+0000] {fetch_multiple_cities.py:59} WARNING - ❌ API error for Mueang Nonthaburi: 429
[2025-03-27T12:03:58.592+0000] {python.py:201} INFO - Done. Returned value was: None
[2025-03-27T12:03:58.596+0000] {taskinstance.py:1138} INFO - Marking task as SUCCESS. dag_id=fetch_aqi_multiple_cities, task_id=fetch_aqi_all_cities, execution_date=20250327T110000, start_date=20250327T120357, end_date=20250327T120358
[2025-03-27T12:03:58.642+0000] {local_task_job_runner.py:234} INFO - Task exited with return code 0
[2025-03-27T12:03:58.650+0000] {taskinstance.py:3280} INFO - 0 downstream tasks scheduled from follow-on schedule check
