[2025-03-28T14:02:22.455+0000] {taskinstance.py:1956} INFO - Dependencies all met for dep_context=non-requeueable deps ti=<TaskInstance: fetch_aqi_multiple_cities.fetch_aqi_all_cities scheduled__2025-03-28T13:00:00+00:00 [queued]>
[2025-03-28T14:02:22.458+0000] {taskinstance.py:1956} INFO - Dependencies all met for dep_context=requeueable deps ti=<TaskInstance: fetch_aqi_multiple_cities.fetch_aqi_all_cities scheduled__2025-03-28T13:00:00+00:00 [queued]>
[2025-03-28T14:02:22.458+0000] {taskinstance.py:2170} INFO - Starting attempt 1 of 2
[2025-03-28T14:02:22.463+0000] {taskinstance.py:2191} INFO - Executing <Task(PythonOperator): fetch_aqi_all_cities> on 2025-03-28 13:00:00+00:00
[2025-03-28T14:02:22.465+0000] {standard_task_runner.py:60} INFO - Started process 6562 to run task
[2025-03-28T14:02:22.467+0000] {standard_task_runner.py:87} INFO - Running: ['***', 'tasks', 'run', 'fetch_aqi_multiple_cities', 'fetch_aqi_all_cities', 'scheduled__2025-03-28T13:00:00+00:00', '--job-id', '80', '--raw', '--subdir', 'DAGS_FOLDER/fetch_multiple_cities.py', '--cfg-path', '/tmp/tmpeklqn0o2']
[2025-03-28T14:02:22.468+0000] {standard_task_runner.py:88} INFO - Job 80: Subtask fetch_aqi_all_cities
[2025-03-28T14:02:22.474+0000] {logging_mixin.py:188} WARNING - /home/***/.local/lib/python3.8/site-packages/***/settings.py:194 DeprecationWarning: The sql_alchemy_conn option in [core] has been moved to the sql_alchemy_conn option in [database] - the old setting has been used, but please update your config.
[2025-03-28T14:02:22.489+0000] {task_command.py:423} INFO - Running <TaskInstance: fetch_aqi_multiple_cities.fetch_aqi_all_cities scheduled__2025-03-28T13:00:00+00:00 [running]> on host f5300fe43025
[2025-03-28T14:02:22.523+0000] {taskinstance.py:2480} INFO - Exporting env vars: AIRFLOW_CTX_DAG_OWNER='***' AIRFLOW_CTX_DAG_ID='fetch_aqi_multiple_cities' AIRFLOW_CTX_TASK_ID='fetch_aqi_all_cities' AIRFLOW_CTX_EXECUTION_DATE='2025-03-28T13:00:00+00:00' AIRFLOW_CTX_TRY_NUMBER='1' AIRFLOW_CTX_DAG_RUN_ID='scheduled__2025-03-28T13:00:00+00:00'
[2025-03-28T14:02:22.822+0000] {fetch_multiple_cities.py:51} INFO - ✅ Bangkok: AQI = 107
[2025-03-28T14:02:22.827+0000] {base.py:83} INFO - Using connection ID 'postgres_conn' for task execution.
[2025-03-28T14:02:22.829+0000] {sql.py:450} INFO - Running statement: 
                        INSERT INTO air_quality_data (city, aqi, timestamp_utc)
                        VALUES (%s, %s, %s);
                    , parameters: ('Bangkok', 107, datetime.datetime(2025, 3, 28, 21, 2, 22, 524351, tzinfo=<DstTzInfo 'Asia/Bangkok' +07+7:00:00 STD>))
[2025-03-28T14:02:22.830+0000] {sql.py:459} INFO - Rows affected: 1
[2025-03-28T14:02:38.207+0000] {fetch_multiple_cities.py:51} INFO - ✅ Chiang Mai: AQI = 139
[2025-03-28T14:02:38.218+0000] {base.py:83} INFO - Using connection ID 'postgres_conn' for task execution.
[2025-03-28T14:02:38.223+0000] {sql.py:450} INFO - Running statement: 
                        INSERT INTO air_quality_data (city, aqi, timestamp_utc)
                        VALUES (%s, %s, %s);
                    , parameters: ('Chiang Mai', 139, datetime.datetime(2025, 3, 28, 21, 2, 22, 524351, tzinfo=<DstTzInfo 'Asia/Bangkok' +07+7:00:00 STD>))
[2025-03-28T14:02:38.224+0000] {sql.py:459} INFO - Rows affected: 1
[2025-03-28T14:02:53.479+0000] {fetch_multiple_cities.py:51} INFO - ✅ Ratchaburi: AQI = 67
[2025-03-28T14:02:53.490+0000] {base.py:83} INFO - Using connection ID 'postgres_conn' for task execution.
[2025-03-28T14:02:53.495+0000] {sql.py:450} INFO - Running statement: 
                        INSERT INTO air_quality_data (city, aqi, timestamp_utc)
                        VALUES (%s, %s, %s);
                    , parameters: ('Ratchaburi', 67, datetime.datetime(2025, 3, 28, 21, 2, 22, 524351, tzinfo=<DstTzInfo 'Asia/Bangkok' +07+7:00:00 STD>))
[2025-03-28T14:02:53.496+0000] {sql.py:459} INFO - Rows affected: 1
[2025-03-28T14:03:08.808+0000] {fetch_multiple_cities.py:51} INFO - ✅ Rua Yai: AQI = 66
[2025-03-28T14:03:08.813+0000] {base.py:83} INFO - Using connection ID 'postgres_conn' for task execution.
[2025-03-28T14:03:08.816+0000] {sql.py:450} INFO - Running statement: 
                        INSERT INTO air_quality_data (city, aqi, timestamp_utc)
                        VALUES (%s, %s, %s);
                    , parameters: ('Rua Yai', 66, datetime.datetime(2025, 3, 28, 21, 2, 22, 524351, tzinfo=<DstTzInfo 'Asia/Bangkok' +07+7:00:00 STD>))
[2025-03-28T14:03:08.816+0000] {sql.py:459} INFO - Rows affected: 1
[2025-03-28T14:03:24.133+0000] {fetch_multiple_cities.py:51} INFO - ✅ Mueang Nonthaburi: AQI = 106
[2025-03-28T14:03:24.144+0000] {base.py:83} INFO - Using connection ID 'postgres_conn' for task execution.
[2025-03-28T14:03:24.149+0000] {sql.py:450} INFO - Running statement: 
                        INSERT INTO air_quality_data (city, aqi, timestamp_utc)
                        VALUES (%s, %s, %s);
                    , parameters: ('Mueang Nonthaburi', 106, datetime.datetime(2025, 3, 28, 21, 2, 22, 524351, tzinfo=<DstTzInfo 'Asia/Bangkok' +07+7:00:00 STD>))
[2025-03-28T14:03:24.150+0000] {sql.py:459} INFO - Rows affected: 1
[2025-03-28T14:03:39.170+0000] {python.py:201} INFO - Done. Returned value was: None
[2025-03-28T14:03:39.185+0000] {taskinstance.py:1138} INFO - Marking task as SUCCESS. dag_id=fetch_aqi_multiple_cities, task_id=fetch_aqi_all_cities, execution_date=20250328T130000, start_date=20250328T140222, end_date=20250328T140339
[2025-03-28T14:03:39.204+0000] {local_task_job_runner.py:234} INFO - Task exited with return code 0
[2025-03-28T14:03:39.215+0000] {taskinstance.py:3280} INFO - 0 downstream tasks scheduled from follow-on schedule check
