[2025-03-30T18:10:33.834+0000] {taskinstance.py:1956} INFO - Dependencies all met for dep_context=non-requeueable deps ti=<TaskInstance: fetch_aqi_multiple_cities.fetch_aqi_all_cities scheduled__2025-03-30T17:00:00+00:00 [queued]>
[2025-03-30T18:10:33.837+0000] {taskinstance.py:1956} INFO - Dependencies all met for dep_context=requeueable deps ti=<TaskInstance: fetch_aqi_multiple_cities.fetch_aqi_all_cities scheduled__2025-03-30T17:00:00+00:00 [queued]>
[2025-03-30T18:10:33.837+0000] {taskinstance.py:2170} INFO - Starting attempt 1 of 2
[2025-03-30T18:10:33.842+0000] {taskinstance.py:2191} INFO - Executing <Task(PythonOperator): fetch_aqi_all_cities> on 2025-03-30 17:00:00+00:00
[2025-03-30T18:10:33.844+0000] {standard_task_runner.py:60} INFO - Started process 36398 to run task
[2025-03-30T18:10:33.845+0000] {standard_task_runner.py:87} INFO - Running: ['***', 'tasks', 'run', 'fetch_aqi_multiple_cities', 'fetch_aqi_all_cities', 'scheduled__2025-03-30T17:00:00+00:00', '--job-id', '136', '--raw', '--subdir', 'DAGS_FOLDER/fetch_multiple_cities.py', '--cfg-path', '/tmp/tmp4fuqlhkl']
[2025-03-30T18:10:33.847+0000] {standard_task_runner.py:88} INFO - Job 136: Subtask fetch_aqi_all_cities
[2025-03-30T18:10:33.852+0000] {logging_mixin.py:188} WARNING - /home/***/.local/lib/python3.8/site-packages/***/settings.py:194 DeprecationWarning: The sql_alchemy_conn option in [core] has been moved to the sql_alchemy_conn option in [database] - the old setting has been used, but please update your config.
[2025-03-30T18:10:33.865+0000] {task_command.py:423} INFO - Running <TaskInstance: fetch_aqi_multiple_cities.fetch_aqi_all_cities scheduled__2025-03-30T17:00:00+00:00 [running]> on host f5300fe43025
[2025-03-30T18:10:33.895+0000] {taskinstance.py:2480} INFO - Exporting env vars: AIRFLOW_CTX_DAG_OWNER='***' AIRFLOW_CTX_DAG_ID='fetch_aqi_multiple_cities' AIRFLOW_CTX_TASK_ID='fetch_aqi_all_cities' AIRFLOW_CTX_EXECUTION_DATE='2025-03-30T17:00:00+00:00' AIRFLOW_CTX_TRY_NUMBER='1' AIRFLOW_CTX_DAG_RUN_ID='scheduled__2025-03-30T17:00:00+00:00'
[2025-03-30T18:10:34.190+0000] {fetch_multiple_cities.py:51} INFO - ✅ Bangkok: AQI = 92
[2025-03-30T18:10:34.194+0000] {base.py:83} INFO - Using connection ID 'postgres_conn' for task execution.
[2025-03-30T18:10:34.196+0000] {sql.py:450} INFO - Running statement: 
                        INSERT INTO air_quality_data (city, aqi, timestamp_utc)
                        VALUES (%s, %s, %s);
                    , parameters: ('Bangkok', 92, datetime.datetime(2025, 3, 31, 1, 10, 33, 896662, tzinfo=<DstTzInfo 'Asia/Bangkok' +07+7:00:00 STD>))
[2025-03-30T18:10:34.197+0000] {sql.py:459} INFO - Rows affected: 1
[2025-03-30T18:10:49.474+0000] {fetch_multiple_cities.py:51} INFO - ✅ Chiang Mai: AQI = 172
[2025-03-30T18:10:49.483+0000] {base.py:83} INFO - Using connection ID 'postgres_conn' for task execution.
[2025-03-30T18:10:49.486+0000] {sql.py:450} INFO - Running statement: 
                        INSERT INTO air_quality_data (city, aqi, timestamp_utc)
                        VALUES (%s, %s, %s);
                    , parameters: ('Chiang Mai', 172, datetime.datetime(2025, 3, 31, 1, 10, 33, 896662, tzinfo=<DstTzInfo 'Asia/Bangkok' +07+7:00:00 STD>))
[2025-03-30T18:10:49.487+0000] {sql.py:459} INFO - Rows affected: 1
[2025-03-30T18:38:16.113+0000] {fetch_multiple_cities.py:51} INFO - ✅ Ratchaburi: AQI = 44
[2025-03-30T18:38:16.116+0000] {base.py:83} INFO - Using connection ID 'postgres_conn' for task execution.
[2025-03-30T18:38:16.117+0000] {sql.py:450} INFO - Running statement: 
                        INSERT INTO air_quality_data (city, aqi, timestamp_utc)
                        VALUES (%s, %s, %s);
                    , parameters: ('Ratchaburi', 44, datetime.datetime(2025, 3, 31, 1, 10, 33, 896662, tzinfo=<DstTzInfo 'Asia/Bangkok' +07+7:00:00 STD>))
[2025-03-30T18:38:16.118+0000] {sql.py:459} INFO - Rows affected: 1
[2025-03-30T18:38:31.375+0000] {fetch_multiple_cities.py:51} INFO - ✅ Rua Yai: AQI = 74
[2025-03-30T18:38:31.384+0000] {base.py:83} INFO - Using connection ID 'postgres_conn' for task execution.
[2025-03-30T18:38:31.388+0000] {sql.py:450} INFO - Running statement: 
                        INSERT INTO air_quality_data (city, aqi, timestamp_utc)
                        VALUES (%s, %s, %s);
                    , parameters: ('Rua Yai', 74, datetime.datetime(2025, 3, 31, 1, 10, 33, 896662, tzinfo=<DstTzInfo 'Asia/Bangkok' +07+7:00:00 STD>))
[2025-03-30T18:38:31.389+0000] {sql.py:459} INFO - Rows affected: 1
[2025-03-30T18:39:43.029+0000] {fetch_multiple_cities.py:51} INFO - ✅ Mueang Nonthaburi: AQI = 77
[2025-03-30T18:39:43.040+0000] {base.py:83} INFO - Using connection ID 'postgres_conn' for task execution.
[2025-03-30T18:39:43.044+0000] {sql.py:450} INFO - Running statement: 
                        INSERT INTO air_quality_data (city, aqi, timestamp_utc)
                        VALUES (%s, %s, %s);
                    , parameters: ('Mueang Nonthaburi', 77, datetime.datetime(2025, 3, 31, 1, 10, 33, 896662, tzinfo=<DstTzInfo 'Asia/Bangkok' +07+7:00:00 STD>))
[2025-03-30T18:39:43.046+0000] {sql.py:459} INFO - Rows affected: 1
[2025-03-30T18:39:58.062+0000] {python.py:201} INFO - Done. Returned value was: None
[2025-03-30T18:39:58.075+0000] {taskinstance.py:1138} INFO - Marking task as SUCCESS. dag_id=fetch_aqi_multiple_cities, task_id=fetch_aqi_all_cities, execution_date=20250330T170000, start_date=20250330T181033, end_date=20250330T183958
[2025-03-30T18:39:58.103+0000] {local_task_job_runner.py:234} INFO - Task exited with return code 0
[2025-03-30T18:39:58.113+0000] {taskinstance.py:3280} INFO - 0 downstream tasks scheduled from follow-on schedule check
