[2025-03-30T20:05:32.524+0000] {taskinstance.py:1956} INFO - Dependencies all met for dep_context=non-requeueable deps ti=<TaskInstance: fetch_aqi_multiple_cities.fetch_aqi_all_cities scheduled__2025-03-30T19:00:00+00:00 [queued]>
[2025-03-30T20:05:32.527+0000] {taskinstance.py:1956} INFO - Dependencies all met for dep_context=requeueable deps ti=<TaskInstance: fetch_aqi_multiple_cities.fetch_aqi_all_cities scheduled__2025-03-30T19:00:00+00:00 [queued]>
[2025-03-30T20:05:32.527+0000] {taskinstance.py:2170} INFO - Starting attempt 1 of 2
[2025-03-30T20:05:32.531+0000] {taskinstance.py:2191} INFO - Executing <Task(PythonOperator): fetch_aqi_all_cities> on 2025-03-30 19:00:00+00:00
[2025-03-30T20:05:32.532+0000] {standard_task_runner.py:60} INFO - Started process 36604 to run task
[2025-03-30T20:05:32.534+0000] {standard_task_runner.py:87} INFO - Running: ['***', 'tasks', 'run', 'fetch_aqi_multiple_cities', 'fetch_aqi_all_cities', 'scheduled__2025-03-30T19:00:00+00:00', '--job-id', '138', '--raw', '--subdir', 'DAGS_FOLDER/fetch_multiple_cities.py', '--cfg-path', '/tmp/tmpom7qnpha']
[2025-03-30T20:05:32.534+0000] {standard_task_runner.py:88} INFO - Job 138: Subtask fetch_aqi_all_cities
[2025-03-30T20:05:32.539+0000] {logging_mixin.py:188} WARNING - /home/***/.local/lib/python3.8/site-packages/***/settings.py:194 DeprecationWarning: The sql_alchemy_conn option in [core] has been moved to the sql_alchemy_conn option in [database] - the old setting has been used, but please update your config.
[2025-03-30T20:05:32.550+0000] {task_command.py:423} INFO - Running <TaskInstance: fetch_aqi_multiple_cities.fetch_aqi_all_cities scheduled__2025-03-30T19:00:00+00:00 [running]> on host f5300fe43025
[2025-03-30T20:05:32.574+0000] {taskinstance.py:2480} INFO - Exporting env vars: AIRFLOW_CTX_DAG_OWNER='***' AIRFLOW_CTX_DAG_ID='fetch_aqi_multiple_cities' AIRFLOW_CTX_TASK_ID='fetch_aqi_all_cities' AIRFLOW_CTX_EXECUTION_DATE='2025-03-30T19:00:00+00:00' AIRFLOW_CTX_TRY_NUMBER='1' AIRFLOW_CTX_DAG_RUN_ID='scheduled__2025-03-30T19:00:00+00:00'
[2025-03-30T20:05:32.865+0000] {fetch_multiple_cities.py:51} INFO - ✅ Bangkok: AQI = 88
[2025-03-30T20:05:32.876+0000] {base.py:83} INFO - Using connection ID 'postgres_conn' for task execution.
[2025-03-30T20:05:32.880+0000] {sql.py:450} INFO - Running statement: 
                        INSERT INTO air_quality_data (city, aqi, timestamp_utc)
                        VALUES (%s, %s, %s);
                    , parameters: ('Bangkok', 88, datetime.datetime(2025, 3, 31, 3, 5, 32, 574969, tzinfo=<DstTzInfo 'Asia/Bangkok' +07+7:00:00 STD>))
[2025-03-30T20:05:32.881+0000] {sql.py:459} INFO - Rows affected: 1
[2025-03-30T20:05:48.142+0000] {fetch_multiple_cities.py:51} INFO - ✅ Chiang Mai: AQI = 170
[2025-03-30T20:05:48.151+0000] {base.py:83} INFO - Using connection ID 'postgres_conn' for task execution.
[2025-03-30T20:05:48.155+0000] {sql.py:450} INFO - Running statement: 
                        INSERT INTO air_quality_data (city, aqi, timestamp_utc)
                        VALUES (%s, %s, %s);
                    , parameters: ('Chiang Mai', 170, datetime.datetime(2025, 3, 31, 3, 5, 32, 574969, tzinfo=<DstTzInfo 'Asia/Bangkok' +07+7:00:00 STD>))
[2025-03-30T20:05:48.156+0000] {sql.py:459} INFO - Rows affected: 1
[2025-03-30T20:21:03.476+0000] {fetch_multiple_cities.py:51} INFO - ✅ Ratchaburi: AQI = 52
[2025-03-30T20:21:03.480+0000] {base.py:83} INFO - Using connection ID 'postgres_conn' for task execution.
[2025-03-30T20:21:03.481+0000] {sql.py:450} INFO - Running statement: 
                        INSERT INTO air_quality_data (city, aqi, timestamp_utc)
                        VALUES (%s, %s, %s);
                    , parameters: ('Ratchaburi', 52, datetime.datetime(2025, 3, 31, 3, 5, 32, 574969, tzinfo=<DstTzInfo 'Asia/Bangkok' +07+7:00:00 STD>))
[2025-03-30T20:21:03.482+0000] {sql.py:459} INFO - Rows affected: 1
[2025-03-30T20:21:18.746+0000] {fetch_multiple_cities.py:51} INFO - ✅ Rua Yai: AQI = 66
[2025-03-30T20:21:18.755+0000] {base.py:83} INFO - Using connection ID 'postgres_conn' for task execution.
[2025-03-30T20:21:18.758+0000] {sql.py:450} INFO - Running statement: 
                        INSERT INTO air_quality_data (city, aqi, timestamp_utc)
                        VALUES (%s, %s, %s);
                    , parameters: ('Rua Yai', 66, datetime.datetime(2025, 3, 31, 3, 5, 32, 574969, tzinfo=<DstTzInfo 'Asia/Bangkok' +07+7:00:00 STD>))
[2025-03-30T20:21:18.760+0000] {sql.py:459} INFO - Rows affected: 1
[2025-03-30T20:37:40.365+0000] {fetch_multiple_cities.py:51} INFO - ✅ Mueang Nonthaburi: AQI = 88
[2025-03-30T20:37:40.374+0000] {base.py:83} INFO - Using connection ID 'postgres_conn' for task execution.
[2025-03-30T20:37:40.378+0000] {sql.py:450} INFO - Running statement: 
                        INSERT INTO air_quality_data (city, aqi, timestamp_utc)
                        VALUES (%s, %s, %s);
                    , parameters: ('Mueang Nonthaburi', 88, datetime.datetime(2025, 3, 31, 3, 5, 32, 574969, tzinfo=<DstTzInfo 'Asia/Bangkok' +07+7:00:00 STD>))
[2025-03-30T20:37:40.379+0000] {sql.py:459} INFO - Rows affected: 1
[2025-03-30T20:37:55.404+0000] {python.py:201} INFO - Done. Returned value was: None
[2025-03-30T20:37:55.417+0000] {taskinstance.py:1138} INFO - Marking task as SUCCESS. dag_id=fetch_aqi_multiple_cities, task_id=fetch_aqi_all_cities, execution_date=20250330T190000, start_date=20250330T200532, end_date=20250330T203755
[2025-03-30T20:37:55.454+0000] {local_task_job_runner.py:234} INFO - Task exited with return code 0
[2025-03-30T20:37:55.465+0000] {taskinstance.py:3280} INFO - 0 downstream tasks scheduled from follow-on schedule check
