[2025-03-28T02:25:18.925+0000] {taskinstance.py:1956} INFO - Dependencies all met for dep_context=non-requeueable deps ti=<TaskInstance: backfill_aqi_data.run_backfill_aqi manual__2025-03-28T02:25:18.697973+00:00 [queued]>
[2025-03-28T02:25:18.929+0000] {taskinstance.py:1956} INFO - Dependencies all met for dep_context=requeueable deps ti=<TaskInstance: backfill_aqi_data.run_backfill_aqi manual__2025-03-28T02:25:18.697973+00:00 [queued]>
[2025-03-28T02:25:18.929+0000] {taskinstance.py:2170} INFO - Starting attempt 1 of 2
[2025-03-28T02:25:18.934+0000] {taskinstance.py:2191} INFO - Executing <Task(PythonOperator): run_backfill_aqi> on 2025-03-28 02:25:18.697973+00:00
[2025-03-28T02:25:18.936+0000] {standard_task_runner.py:60} INFO - Started process 1454 to run task
[2025-03-28T02:25:18.938+0000] {standard_task_runner.py:87} INFO - Running: ['***', 'tasks', 'run', 'backfill_aqi_data', 'run_backfill_aqi', 'manual__2025-03-28T02:25:18.697973+00:00', '--job-id', '69', '--raw', '--subdir', 'DAGS_FOLDER/backfill_aqi_dag.py', '--cfg-path', '/tmp/tmpmgb7kkpg']
[2025-03-28T02:25:18.939+0000] {standard_task_runner.py:88} INFO - Job 69: Subtask run_backfill_aqi
[2025-03-28T02:25:18.950+0000] {logging_mixin.py:188} WARNING - /home/***/.local/lib/python3.8/site-packages/***/settings.py:194 DeprecationWarning: The sql_alchemy_conn option in [core] has been moved to the sql_alchemy_conn option in [database] - the old setting has been used, but please update your config.
[2025-03-28T02:25:18.980+0000] {task_command.py:423} INFO - Running <TaskInstance: backfill_aqi_data.run_backfill_aqi manual__2025-03-28T02:25:18.697973+00:00 [running]> on host bee80cc57b6d
[2025-03-28T02:25:19.030+0000] {taskinstance.py:2480} INFO - Exporting env vars: AIRFLOW_CTX_DAG_OWNER='***' AIRFLOW_CTX_DAG_ID='backfill_aqi_data' AIRFLOW_CTX_TASK_ID='run_backfill_aqi' AIRFLOW_CTX_EXECUTION_DATE='2025-03-28T02:25:18.697973+00:00' AIRFLOW_CTX_TRY_NUMBER='1' AIRFLOW_CTX_DAG_RUN_ID='manual__2025-03-28T02:25:18.697973+00:00'
[2025-03-28T02:25:19.035+0000] {base.py:83} INFO - Using connection ID 'postgres_conn' for task execution.
[2025-03-28T02:25:19.376+0000] {backfill_aqi_dag.py:63} INFO - ✅ Inserted: Bangkok @ 2025-03-28 08:00:00+07:00 → AQI: 140
[2025-03-28T02:25:24.700+0000] {backfill_aqi_dag.py:63} INFO - ✅ Inserted: Chiang Mai @ 2025-03-28 08:00:00+07:00 → AQI: 179
[2025-03-28T02:25:30.018+0000] {backfill_aqi_dag.py:63} INFO - ✅ Inserted: Ratchaburi @ 2025-03-28 08:00:00+07:00 → AQI: 80
[2025-03-28T02:25:35.326+0000] {backfill_aqi_dag.py:63} INFO - ✅ Inserted: Rua Yai @ 2025-03-28 08:00:00+07:00 → AQI: 110
[2025-03-28T02:25:40.598+0000] {backfill_aqi_dag.py:63} INFO - ✅ Inserted: Mueang Nonthaburi @ 2025-03-28 08:00:00+07:00 → AQI: 142
[2025-03-28T02:25:45.876+0000] {backfill_aqi_dag.py:67} WARNING - ❌ API error 429 for Bangkok
[2025-03-28T02:25:51.163+0000] {backfill_aqi_dag.py:67} WARNING - ❌ API error 429 for Chiang Mai
[2025-03-28T02:25:56.498+0000] {backfill_aqi_dag.py:67} WARNING - ❌ API error 429 for Ratchaburi
[2025-03-28T02:26:02.121+0000] {backfill_aqi_dag.py:67} WARNING - ❌ API error 429 for Rua Yai
[2025-03-28T02:26:07.447+0000] {backfill_aqi_dag.py:67} WARNING - ❌ API error 429 for Mueang Nonthaburi
[2025-03-28T02:26:12.737+0000] {backfill_aqi_dag.py:67} WARNING - ❌ API error 429 for Bangkok
[2025-03-28T02:26:18.024+0000] {backfill_aqi_dag.py:67} WARNING - ❌ API error 429 for Chiang Mai
[2025-03-28T02:26:23.613+0000] {backfill_aqi_dag.py:63} INFO - ✅ Inserted: Ratchaburi @ 2025-03-28 06:00:00+07:00 → AQI: 80
[2025-03-28T02:26:28.922+0000] {backfill_aqi_dag.py:63} INFO - ✅ Inserted: Rua Yai @ 2025-03-28 06:00:00+07:00 → AQI: 110
[2025-03-28T02:26:34.709+0000] {backfill_aqi_dag.py:63} INFO - ✅ Inserted: Mueang Nonthaburi @ 2025-03-28 06:00:00+07:00 → AQI: 142
[2025-03-28T02:26:40.030+0000] {backfill_aqi_dag.py:63} INFO - ✅ Inserted: Bangkok @ 2025-03-28 05:00:00+07:00 → AQI: 140
[2025-03-28T02:26:45.335+0000] {backfill_aqi_dag.py:63} INFO - ✅ Inserted: Chiang Mai @ 2025-03-28 05:00:00+07:00 → AQI: 179
[2025-03-28T02:26:50.620+0000] {backfill_aqi_dag.py:67} WARNING - ❌ API error 429 for Ratchaburi
[2025-03-28T02:26:55.893+0000] {backfill_aqi_dag.py:67} WARNING - ❌ API error 429 for Rua Yai
[2025-03-28T02:27:01.191+0000] {backfill_aqi_dag.py:67} WARNING - ❌ API error 429 for Mueang Nonthaburi
[2025-03-28T02:27:06.498+0000] {backfill_aqi_dag.py:67} WARNING - ❌ API error 429 for Bangkok
[2025-03-28T02:27:11.805+0000] {backfill_aqi_dag.py:67} WARNING - ❌ API error 429 for Chiang Mai
[2025-03-28T02:27:17.698+0000] {backfill_aqi_dag.py:67} WARNING - ❌ API error 429 for Ratchaburi
[2025-03-28T02:27:22.980+0000] {backfill_aqi_dag.py:67} WARNING - ❌ API error 429 for Rua Yai
[2025-03-28T02:27:28.262+0000] {backfill_aqi_dag.py:63} INFO - ✅ Inserted: Mueang Nonthaburi @ 2025-03-28 04:00:00+07:00 → AQI: 142
[2025-03-28T02:27:33.585+0000] {backfill_aqi_dag.py:63} INFO - ✅ Inserted: Bangkok @ 2025-03-28 03:00:00+07:00 → AQI: 140
[2025-03-28T02:27:39.213+0000] {backfill_aqi_dag.py:63} INFO - ✅ Inserted: Chiang Mai @ 2025-03-28 03:00:00+07:00 → AQI: 179
[2025-03-28T02:27:44.489+0000] {backfill_aqi_dag.py:63} INFO - ✅ Inserted: Ratchaburi @ 2025-03-28 03:00:00+07:00 → AQI: 80
[2025-03-28T02:27:49.803+0000] {backfill_aqi_dag.py:63} INFO - ✅ Inserted: Rua Yai @ 2025-03-28 03:00:00+07:00 → AQI: 110
[2025-03-28T02:27:55.075+0000] {backfill_aqi_dag.py:67} WARNING - ❌ API error 429 for Mueang Nonthaburi
[2025-03-28T02:28:00.701+0000] {backfill_aqi_dag.py:67} WARNING - ❌ API error 429 for Bangkok
[2025-03-28T02:28:06.547+0000] {backfill_aqi_dag.py:67} WARNING - ❌ API error 429 for Chiang Mai
[2025-03-28T02:28:12.386+0000] {backfill_aqi_dag.py:67} WARNING - ❌ API error 429 for Ratchaburi
[2025-03-28T02:28:18.225+0000] {backfill_aqi_dag.py:67} WARNING - ❌ API error 429 for Rua Yai
[2025-03-28T02:28:23.543+0000] {backfill_aqi_dag.py:67} WARNING - ❌ API error 429 for Mueang Nonthaburi
[2025-03-28T02:28:28.830+0000] {backfill_aqi_dag.py:63} INFO - ✅ Inserted: Bangkok @ 2025-03-28 01:00:00+07:00 → AQI: 140
[2025-03-28T02:28:34.204+0000] {backfill_aqi_dag.py:63} INFO - ✅ Inserted: Chiang Mai @ 2025-03-28 01:00:00+07:00 → AQI: 179
[2025-03-28T02:28:39.503+0000] {backfill_aqi_dag.py:63} INFO - ✅ Inserted: Ratchaburi @ 2025-03-28 01:00:00+07:00 → AQI: 80
[2025-03-28T02:28:44.804+0000] {backfill_aqi_dag.py:63} INFO - ✅ Inserted: Rua Yai @ 2025-03-28 01:00:00+07:00 → AQI: 110
[2025-03-28T02:28:50.144+0000] {backfill_aqi_dag.py:63} INFO - ✅ Inserted: Mueang Nonthaburi @ 2025-03-28 01:00:00+07:00 → AQI: 142
[2025-03-28T02:28:55.446+0000] {backfill_aqi_dag.py:67} WARNING - ❌ API error 429 for Bangkok
[2025-03-28T02:29:00.756+0000] {backfill_aqi_dag.py:67} WARNING - ❌ API error 429 for Chiang Mai
[2025-03-28T02:29:06.036+0000] {backfill_aqi_dag.py:67} WARNING - ❌ API error 429 for Ratchaburi
[2025-03-28T02:29:11.362+0000] {backfill_aqi_dag.py:67} WARNING - ❌ API error 429 for Rua Yai
[2025-03-28T02:29:16.656+0000] {backfill_aqi_dag.py:67} WARNING - ❌ API error 429 for Mueang Nonthaburi
[2025-03-28T02:29:21.940+0000] {backfill_aqi_dag.py:67} WARNING - ❌ API error 429 for Bangkok
[2025-03-28T02:29:27.238+0000] {backfill_aqi_dag.py:67} WARNING - ❌ API error 429 for Chiang Mai
[2025-03-28T02:29:32.583+0000] {backfill_aqi_dag.py:63} INFO - ✅ Inserted: Ratchaburi @ 2025-03-27 23:00:00+07:00 → AQI: 80
[2025-03-28T02:29:37.888+0000] {backfill_aqi_dag.py:63} INFO - ✅ Inserted: Rua Yai @ 2025-03-27 23:00:00+07:00 → AQI: 110
[2025-03-28T02:29:43.157+0000] {backfill_aqi_dag.py:63} INFO - ✅ Inserted: Mueang Nonthaburi @ 2025-03-27 23:00:00+07:00 → AQI: 142
[2025-03-28T02:29:48.448+0000] {backfill_aqi_dag.py:63} INFO - ✅ Inserted: Bangkok @ 2025-03-27 22:00:00+07:00 → AQI: 140
[2025-03-28T02:29:53.775+0000] {backfill_aqi_dag.py:63} INFO - ✅ Inserted: Chiang Mai @ 2025-03-27 22:00:00+07:00 → AQI: 179
[2025-03-28T02:29:59.055+0000] {backfill_aqi_dag.py:67} WARNING - ❌ API error 429 for Ratchaburi
[2025-03-28T02:30:04.332+0000] {backfill_aqi_dag.py:67} WARNING - ❌ API error 429 for Rua Yai
[2025-03-28T02:30:09.659+0000] {backfill_aqi_dag.py:67} WARNING - ❌ API error 429 for Mueang Nonthaburi
[2025-03-28T02:30:14.955+0000] {backfill_aqi_dag.py:67} WARNING - ❌ API error 429 for Bangkok
[2025-03-28T02:30:20.236+0000] {backfill_aqi_dag.py:67} WARNING - ❌ API error 429 for Chiang Mai
[2025-03-28T02:30:25.514+0000] {backfill_aqi_dag.py:67} WARNING - ❌ API error 429 for Ratchaburi
[2025-03-28T02:30:30.808+0000] {backfill_aqi_dag.py:67} WARNING - ❌ API error 429 for Rua Yai
[2025-03-28T02:30:36.102+0000] {backfill_aqi_dag.py:63} INFO - ✅ Inserted: Mueang Nonthaburi @ 2025-03-27 21:00:00+07:00 → AQI: 142
[2025-03-28T02:30:41.113+0000] {backfill_aqi_dag.py:75} INFO - 🎉 Backfill completed.
[2025-03-28T02:30:41.114+0000] {python.py:201} INFO - Done. Returned value was: None
[2025-03-28T02:30:41.124+0000] {taskinstance.py:1138} INFO - Marking task as SUCCESS. dag_id=backfill_aqi_data, task_id=run_backfill_aqi, execution_date=20250328T022518, start_date=20250328T022518, end_date=20250328T023041
[2025-03-28T02:30:41.172+0000] {local_task_job_runner.py:234} INFO - Task exited with return code 0
[2025-03-28T02:30:41.185+0000] {taskinstance.py:3280} INFO - 0 downstream tasks scheduled from follow-on schedule check
