[2025-03-28T19:02:12.639+0000] {taskinstance.py:1956} INFO - Dependencies all met for dep_context=non-requeueable deps ti=<TaskInstance: fetch_aqi_multiple_cities.fetch_aqi_all_cities scheduled__2025-03-28T18:00:00+00:00 [queued]>
[2025-03-28T19:02:12.643+0000] {taskinstance.py:1956} INFO - Dependencies all met for dep_context=requeueable deps ti=<TaskInstance: fetch_aqi_multiple_cities.fetch_aqi_all_cities scheduled__2025-03-28T18:00:00+00:00 [queued]>
[2025-03-28T19:02:12.643+0000] {taskinstance.py:2170} INFO - Starting attempt 1 of 2
[2025-03-28T19:02:12.648+0000] {taskinstance.py:2191} INFO - Executing <Task(PythonOperator): fetch_aqi_all_cities> on 2025-03-28 18:00:00+00:00
[2025-03-28T19:02:12.650+0000] {standard_task_runner.py:60} INFO - Started process 12511 to run task
[2025-03-28T19:02:12.651+0000] {standard_task_runner.py:87} INFO - Running: ['***', 'tasks', 'run', 'fetch_aqi_multiple_cities', 'fetch_aqi_all_cities', 'scheduled__2025-03-28T18:00:00+00:00', '--job-id', '85', '--raw', '--subdir', 'DAGS_FOLDER/fetch_multiple_cities.py', '--cfg-path', '/tmp/tmp_9w1grg4']
[2025-03-28T19:02:12.652+0000] {standard_task_runner.py:88} INFO - Job 85: Subtask fetch_aqi_all_cities
[2025-03-28T19:02:12.657+0000] {logging_mixin.py:188} WARNING - /home/***/.local/lib/python3.8/site-packages/***/settings.py:194 DeprecationWarning: The sql_alchemy_conn option in [core] has been moved to the sql_alchemy_conn option in [database] - the old setting has been used, but please update your config.
[2025-03-28T19:02:12.670+0000] {task_command.py:423} INFO - Running <TaskInstance: fetch_aqi_multiple_cities.fetch_aqi_all_cities scheduled__2025-03-28T18:00:00+00:00 [running]> on host f5300fe43025
[2025-03-28T19:02:12.703+0000] {taskinstance.py:2480} INFO - Exporting env vars: AIRFLOW_CTX_DAG_OWNER='***' AIRFLOW_CTX_DAG_ID='fetch_aqi_multiple_cities' AIRFLOW_CTX_TASK_ID='fetch_aqi_all_cities' AIRFLOW_CTX_EXECUTION_DATE='2025-03-28T18:00:00+00:00' AIRFLOW_CTX_TRY_NUMBER='1' AIRFLOW_CTX_DAG_RUN_ID='scheduled__2025-03-28T18:00:00+00:00'
[2025-03-28T19:02:12.969+0000] {fetch_multiple_cities.py:51} INFO - ✅ Bangkok: AQI = 124
[2025-03-28T19:02:12.975+0000] {base.py:83} INFO - Using connection ID 'postgres_conn' for task execution.
[2025-03-28T19:02:12.976+0000] {sql.py:450} INFO - Running statement: 
                        INSERT INTO air_quality_data (city, aqi, timestamp_utc)
                        VALUES (%s, %s, %s);
                    , parameters: ('Bangkok', 124, datetime.datetime(2025, 3, 29, 2, 2, 12, 704618, tzinfo=<DstTzInfo 'Asia/Bangkok' +07+7:00:00 STD>))
[2025-03-28T19:02:12.979+0000] {sql.py:459} INFO - Rows affected: 1
[2025-03-28T19:02:28.225+0000] {fetch_multiple_cities.py:51} INFO - ✅ Chiang Mai: AQI = 154
[2025-03-28T19:02:28.234+0000] {base.py:83} INFO - Using connection ID 'postgres_conn' for task execution.
[2025-03-28T19:02:28.237+0000] {sql.py:450} INFO - Running statement: 
                        INSERT INTO air_quality_data (city, aqi, timestamp_utc)
                        VALUES (%s, %s, %s);
                    , parameters: ('Chiang Mai', 154, datetime.datetime(2025, 3, 29, 2, 2, 12, 704618, tzinfo=<DstTzInfo 'Asia/Bangkok' +07+7:00:00 STD>))
[2025-03-28T19:02:28.238+0000] {sql.py:459} INFO - Rows affected: 1
[2025-03-28T19:07:20.622+0000] {fetch_multiple_cities.py:51} INFO - ✅ Ratchaburi: AQI = 88
[2025-03-28T19:07:20.625+0000] {base.py:83} INFO - Using connection ID 'postgres_conn' for task execution.
[2025-03-28T19:07:20.627+0000] {sql.py:450} INFO - Running statement: 
                        INSERT INTO air_quality_data (city, aqi, timestamp_utc)
                        VALUES (%s, %s, %s);
                    , parameters: ('Ratchaburi', 88, datetime.datetime(2025, 3, 29, 2, 2, 12, 704618, tzinfo=<DstTzInfo 'Asia/Bangkok' +07+7:00:00 STD>))
[2025-03-28T19:07:20.627+0000] {sql.py:459} INFO - Rows affected: 1
[2025-03-28T19:07:35.935+0000] {fetch_multiple_cities.py:51} INFO - ✅ Rua Yai: AQI = 111
[2025-03-28T19:07:35.945+0000] {base.py:83} INFO - Using connection ID 'postgres_conn' for task execution.
[2025-03-28T19:07:35.949+0000] {sql.py:450} INFO - Running statement: 
                        INSERT INTO air_quality_data (city, aqi, timestamp_utc)
                        VALUES (%s, %s, %s);
                    , parameters: ('Rua Yai', 111, datetime.datetime(2025, 3, 29, 2, 2, 12, 704618, tzinfo=<DstTzInfo 'Asia/Bangkok' +07+7:00:00 STD>))
[2025-03-28T19:07:35.950+0000] {sql.py:459} INFO - Rows affected: 1
[2025-03-28T19:22:51.423+0000] {fetch_multiple_cities.py:51} INFO - ✅ Mueang Nonthaburi: AQI = 117
[2025-03-28T19:22:51.426+0000] {base.py:83} INFO - Using connection ID 'postgres_conn' for task execution.
[2025-03-28T19:22:51.427+0000] {sql.py:450} INFO - Running statement: 
                        INSERT INTO air_quality_data (city, aqi, timestamp_utc)
                        VALUES (%s, %s, %s);
                    , parameters: ('Mueang Nonthaburi', 117, datetime.datetime(2025, 3, 29, 2, 2, 12, 704618, tzinfo=<DstTzInfo 'Asia/Bangkok' +07+7:00:00 STD>))
[2025-03-28T19:22:51.428+0000] {sql.py:459} INFO - Rows affected: 1
[2025-03-28T19:23:06.454+0000] {python.py:201} INFO - Done. Returned value was: None
[2025-03-28T19:23:06.465+0000] {taskinstance.py:1138} INFO - Marking task as SUCCESS. dag_id=fetch_aqi_multiple_cities, task_id=fetch_aqi_all_cities, execution_date=20250328T180000, start_date=20250328T190212, end_date=20250328T192306
[2025-03-28T19:23:06.503+0000] {local_task_job_runner.py:234} INFO - Task exited with return code 0
[2025-03-28T19:23:06.512+0000] {taskinstance.py:3280} INFO - 0 downstream tasks scheduled from follow-on schedule check
