[2025-03-29T17:06:41.259+0000] {taskinstance.py:1956} INFO - Dependencies all met for dep_context=non-requeueable deps ti=<TaskInstance: fetch_aqi_multiple_cities.fetch_aqi_all_cities scheduled__2025-03-29T16:00:00+00:00 [queued]>
[2025-03-29T17:06:41.261+0000] {taskinstance.py:1956} INFO - Dependencies all met for dep_context=requeueable deps ti=<TaskInstance: fetch_aqi_multiple_cities.fetch_aqi_all_cities scheduled__2025-03-29T16:00:00+00:00 [queued]>
[2025-03-29T17:06:41.261+0000] {taskinstance.py:2170} INFO - Starting attempt 1 of 2
[2025-03-29T17:06:41.265+0000] {taskinstance.py:2191} INFO - Executing <Task(PythonOperator): fetch_aqi_all_cities> on 2025-03-29 16:00:00+00:00
[2025-03-29T17:06:41.267+0000] {standard_task_runner.py:60} INFO - Started process 25398 to run task
[2025-03-29T17:06:41.268+0000] {standard_task_runner.py:87} INFO - Running: ['***', 'tasks', 'run', 'fetch_aqi_multiple_cities', 'fetch_aqi_all_cities', 'scheduled__2025-03-29T16:00:00+00:00', '--job-id', '110', '--raw', '--subdir', 'DAGS_FOLDER/fetch_multiple_cities.py', '--cfg-path', '/tmp/tmporni4v6c']
[2025-03-29T17:06:41.270+0000] {standard_task_runner.py:88} INFO - Job 110: Subtask fetch_aqi_all_cities
[2025-03-29T17:06:41.274+0000] {logging_mixin.py:188} WARNING - /home/***/.local/lib/python3.8/site-packages/***/settings.py:194 DeprecationWarning: The sql_alchemy_conn option in [core] has been moved to the sql_alchemy_conn option in [database] - the old setting has been used, but please update your config.
[2025-03-29T17:06:41.284+0000] {task_command.py:423} INFO - Running <TaskInstance: fetch_aqi_multiple_cities.fetch_aqi_all_cities scheduled__2025-03-29T16:00:00+00:00 [running]> on host f5300fe43025
[2025-03-29T17:06:41.309+0000] {taskinstance.py:2480} INFO - Exporting env vars: AIRFLOW_CTX_DAG_OWNER='***' AIRFLOW_CTX_DAG_ID='fetch_aqi_multiple_cities' AIRFLOW_CTX_TASK_ID='fetch_aqi_all_cities' AIRFLOW_CTX_EXECUTION_DATE='2025-03-29T16:00:00+00:00' AIRFLOW_CTX_TRY_NUMBER='1' AIRFLOW_CTX_DAG_RUN_ID='scheduled__2025-03-29T16:00:00+00:00'
[2025-03-29T17:06:41.560+0000] {fetch_multiple_cities.py:51} INFO - ✅ Bangkok: AQI = 115
[2025-03-29T17:06:41.571+0000] {base.py:83} INFO - Using connection ID 'postgres_conn' for task execution.
[2025-03-29T17:06:41.574+0000] {sql.py:450} INFO - Running statement: 
                        INSERT INTO air_quality_data (city, aqi, timestamp_utc)
                        VALUES (%s, %s, %s);
                    , parameters: ('Bangkok', 115, datetime.datetime(2025, 3, 30, 0, 6, 41, 310441, tzinfo=<DstTzInfo 'Asia/Bangkok' +07+7:00:00 STD>))
[2025-03-29T17:06:41.575+0000] {sql.py:459} INFO - Rows affected: 1
[2025-03-29T17:06:56.925+0000] {fetch_multiple_cities.py:51} INFO - ✅ Chiang Mai: AQI = 177
[2025-03-29T17:06:56.935+0000] {base.py:83} INFO - Using connection ID 'postgres_conn' for task execution.
[2025-03-29T17:06:56.939+0000] {sql.py:450} INFO - Running statement: 
                        INSERT INTO air_quality_data (city, aqi, timestamp_utc)
                        VALUES (%s, %s, %s);
                    , parameters: ('Chiang Mai', 177, datetime.datetime(2025, 3, 30, 0, 6, 41, 310441, tzinfo=<DstTzInfo 'Asia/Bangkok' +07+7:00:00 STD>))
[2025-03-29T17:06:56.941+0000] {sql.py:459} INFO - Rows affected: 1
[2025-03-29T17:22:12.164+0000] {fetch_multiple_cities.py:51} INFO - ✅ Ratchaburi: AQI = 69
[2025-03-29T17:22:12.167+0000] {base.py:83} INFO - Using connection ID 'postgres_conn' for task execution.
[2025-03-29T17:22:12.169+0000] {sql.py:450} INFO - Running statement: 
                        INSERT INTO air_quality_data (city, aqi, timestamp_utc)
                        VALUES (%s, %s, %s);
                    , parameters: ('Ratchaburi', 69, datetime.datetime(2025, 3, 30, 0, 6, 41, 310441, tzinfo=<DstTzInfo 'Asia/Bangkok' +07+7:00:00 STD>))
[2025-03-29T17:22:12.169+0000] {sql.py:459} INFO - Rows affected: 1
[2025-03-29T17:22:27.445+0000] {fetch_multiple_cities.py:51} INFO - ✅ Rua Yai: AQI = 144
[2025-03-29T17:22:27.451+0000] {base.py:83} INFO - Using connection ID 'postgres_conn' for task execution.
[2025-03-29T17:22:27.453+0000] {sql.py:450} INFO - Running statement: 
                        INSERT INTO air_quality_data (city, aqi, timestamp_utc)
                        VALUES (%s, %s, %s);
                    , parameters: ('Rua Yai', 144, datetime.datetime(2025, 3, 30, 0, 6, 41, 310441, tzinfo=<DstTzInfo 'Asia/Bangkok' +07+7:00:00 STD>))
[2025-03-29T17:22:27.454+0000] {sql.py:459} INFO - Rows affected: 1
[2025-03-29T17:45:16.344+0000] {fetch_multiple_cities.py:51} INFO - ✅ Mueang Nonthaburi: AQI = 115
[2025-03-29T17:45:16.347+0000] {base.py:83} INFO - Using connection ID 'postgres_conn' for task execution.
[2025-03-29T17:45:16.349+0000] {sql.py:450} INFO - Running statement: 
                        INSERT INTO air_quality_data (city, aqi, timestamp_utc)
                        VALUES (%s, %s, %s);
                    , parameters: ('Mueang Nonthaburi', 115, datetime.datetime(2025, 3, 30, 0, 6, 41, 310441, tzinfo=<DstTzInfo 'Asia/Bangkok' +07+7:00:00 STD>))
[2025-03-29T17:45:16.349+0000] {sql.py:459} INFO - Rows affected: 1
[2025-03-29T17:45:31.372+0000] {python.py:201} INFO - Done. Returned value was: None
[2025-03-29T17:45:31.382+0000] {taskinstance.py:1138} INFO - Marking task as SUCCESS. dag_id=fetch_aqi_multiple_cities, task_id=fetch_aqi_all_cities, execution_date=20250329T160000, start_date=20250329T170641, end_date=20250329T174531
[2025-03-29T17:45:31.414+0000] {local_task_job_runner.py:234} INFO - Task exited with return code 0
[2025-03-29T17:45:31.424+0000] {taskinstance.py:3280} INFO - 0 downstream tasks scheduled from follow-on schedule check
