[2025-03-28T17:00:00.139+0000] {taskinstance.py:1956} INFO - Dependencies all met for dep_context=non-requeueable deps ti=<TaskInstance: fetch_aqi_multiple_cities.fetch_aqi_all_cities scheduled__2025-03-28T16:00:00+00:00 [queued]>
[2025-03-28T17:00:00.142+0000] {taskinstance.py:1956} INFO - Dependencies all met for dep_context=requeueable deps ti=<TaskInstance: fetch_aqi_multiple_cities.fetch_aqi_all_cities scheduled__2025-03-28T16:00:00+00:00 [queued]>
[2025-03-28T17:00:00.142+0000] {taskinstance.py:2170} INFO - Starting attempt 1 of 2
[2025-03-28T17:00:00.146+0000] {taskinstance.py:2191} INFO - Executing <Task(PythonOperator): fetch_aqi_all_cities> on 2025-03-28 16:00:00+00:00
[2025-03-28T17:00:00.148+0000] {standard_task_runner.py:60} INFO - Started process 11258 to run task
[2025-03-28T17:00:00.150+0000] {standard_task_runner.py:87} INFO - Running: ['***', 'tasks', 'run', 'fetch_aqi_multiple_cities', 'fetch_aqi_all_cities', 'scheduled__2025-03-28T16:00:00+00:00', '--job-id', '83', '--raw', '--subdir', 'DAGS_FOLDER/fetch_multiple_cities.py', '--cfg-path', '/tmp/tmpfvya2off']
[2025-03-28T17:00:00.151+0000] {standard_task_runner.py:88} INFO - Job 83: Subtask fetch_aqi_all_cities
[2025-03-28T17:00:00.157+0000] {logging_mixin.py:188} WARNING - /home/***/.local/lib/python3.8/site-packages/***/settings.py:194 DeprecationWarning: The sql_alchemy_conn option in [core] has been moved to the sql_alchemy_conn option in [database] - the old setting has been used, but please update your config.
[2025-03-28T17:00:00.168+0000] {task_command.py:423} INFO - Running <TaskInstance: fetch_aqi_multiple_cities.fetch_aqi_all_cities scheduled__2025-03-28T16:00:00+00:00 [running]> on host f5300fe43025
[2025-03-28T17:00:00.194+0000] {taskinstance.py:2480} INFO - Exporting env vars: AIRFLOW_CTX_DAG_OWNER='***' AIRFLOW_CTX_DAG_ID='fetch_aqi_multiple_cities' AIRFLOW_CTX_TASK_ID='fetch_aqi_all_cities' AIRFLOW_CTX_EXECUTION_DATE='2025-03-28T16:00:00+00:00' AIRFLOW_CTX_TRY_NUMBER='1' AIRFLOW_CTX_DAG_RUN_ID='scheduled__2025-03-28T16:00:00+00:00'
[2025-03-28T17:00:00.434+0000] {fetch_multiple_cities.py:51} INFO - ✅ Bangkok: AQI = 125
[2025-03-28T17:00:00.441+0000] {base.py:83} INFO - Using connection ID 'postgres_conn' for task execution.
[2025-03-28T17:00:00.443+0000] {sql.py:450} INFO - Running statement: 
                        INSERT INTO air_quality_data (city, aqi, timestamp_utc)
                        VALUES (%s, %s, %s);
                    , parameters: ('Bangkok', 125, datetime.datetime(2025, 3, 29, 0, 0, 0, 195253, tzinfo=<DstTzInfo 'Asia/Bangkok' +07+7:00:00 STD>))
[2025-03-28T17:00:00.444+0000] {sql.py:459} INFO - Rows affected: 1
[2025-03-28T17:00:15.783+0000] {fetch_multiple_cities.py:51} INFO - ✅ Chiang Mai: AQI = 151
[2025-03-28T17:00:15.793+0000] {base.py:83} INFO - Using connection ID 'postgres_conn' for task execution.
[2025-03-28T17:00:15.798+0000] {sql.py:450} INFO - Running statement: 
                        INSERT INTO air_quality_data (city, aqi, timestamp_utc)
                        VALUES (%s, %s, %s);
                    , parameters: ('Chiang Mai', 151, datetime.datetime(2025, 3, 29, 0, 0, 0, 195253, tzinfo=<DstTzInfo 'Asia/Bangkok' +07+7:00:00 STD>))
[2025-03-28T17:00:15.800+0000] {sql.py:459} INFO - Rows affected: 1
[2025-03-28T17:00:31.098+0000] {fetch_multiple_cities.py:51} INFO - ✅ Ratchaburi: AQI = 84
[2025-03-28T17:00:31.107+0000] {base.py:83} INFO - Using connection ID 'postgres_conn' for task execution.
[2025-03-28T17:00:31.111+0000] {sql.py:450} INFO - Running statement: 
                        INSERT INTO air_quality_data (city, aqi, timestamp_utc)
                        VALUES (%s, %s, %s);
                    , parameters: ('Ratchaburi', 84, datetime.datetime(2025, 3, 29, 0, 0, 0, 195253, tzinfo=<DstTzInfo 'Asia/Bangkok' +07+7:00:00 STD>))
[2025-03-28T17:00:31.113+0000] {sql.py:459} INFO - Rows affected: 1
[2025-03-28T17:00:46.402+0000] {fetch_multiple_cities.py:51} INFO - ✅ Rua Yai: AQI = 102
[2025-03-28T17:00:46.411+0000] {base.py:83} INFO - Using connection ID 'postgres_conn' for task execution.
[2025-03-28T17:00:46.415+0000] {sql.py:450} INFO - Running statement: 
                        INSERT INTO air_quality_data (city, aqi, timestamp_utc)
                        VALUES (%s, %s, %s);
                    , parameters: ('Rua Yai', 102, datetime.datetime(2025, 3, 29, 0, 0, 0, 195253, tzinfo=<DstTzInfo 'Asia/Bangkok' +07+7:00:00 STD>))
[2025-03-28T17:00:46.417+0000] {sql.py:459} INFO - Rows affected: 1
[2025-03-28T17:01:01.662+0000] {fetch_multiple_cities.py:51} INFO - ✅ Mueang Nonthaburi: AQI = 115
[2025-03-28T17:01:01.671+0000] {base.py:83} INFO - Using connection ID 'postgres_conn' for task execution.
[2025-03-28T17:01:01.675+0000] {sql.py:450} INFO - Running statement: 
                        INSERT INTO air_quality_data (city, aqi, timestamp_utc)
                        VALUES (%s, %s, %s);
                    , parameters: ('Mueang Nonthaburi', 115, datetime.datetime(2025, 3, 29, 0, 0, 0, 195253, tzinfo=<DstTzInfo 'Asia/Bangkok' +07+7:00:00 STD>))
[2025-03-28T17:01:01.676+0000] {sql.py:459} INFO - Rows affected: 1
[2025-03-28T17:01:16.695+0000] {python.py:201} INFO - Done. Returned value was: None
[2025-03-28T17:01:16.708+0000] {taskinstance.py:1138} INFO - Marking task as SUCCESS. dag_id=fetch_aqi_multiple_cities, task_id=fetch_aqi_all_cities, execution_date=20250328T160000, start_date=20250328T170000, end_date=20250328T170116
[2025-03-28T17:01:16.728+0000] {local_task_job_runner.py:234} INFO - Task exited with return code 0
[2025-03-28T17:01:16.738+0000] {taskinstance.py:3280} INFO - 0 downstream tasks scheduled from follow-on schedule check
