[2025-03-28T12:00:00.631+0000] {taskinstance.py:1956} INFO - Dependencies all met for dep_context=non-requeueable deps ti=<TaskInstance: fetch_aqi_multiple_cities.fetch_aqi_all_cities scheduled__2025-03-28T11:00:00+00:00 [queued]>
[2025-03-28T12:00:00.634+0000] {taskinstance.py:1956} INFO - Dependencies all met for dep_context=requeueable deps ti=<TaskInstance: fetch_aqi_multiple_cities.fetch_aqi_all_cities scheduled__2025-03-28T11:00:00+00:00 [queued]>
[2025-03-28T12:00:00.634+0000] {taskinstance.py:2170} INFO - Starting attempt 1 of 2
[2025-03-28T12:00:00.638+0000] {taskinstance.py:2191} INFO - Executing <Task(PythonOperator): fetch_aqi_all_cities> on 2025-03-28 11:00:00+00:00
[2025-03-28T12:00:00.640+0000] {standard_task_runner.py:60} INFO - Started process 4806 to run task
[2025-03-28T12:00:00.641+0000] {standard_task_runner.py:87} INFO - Running: ['***', 'tasks', 'run', 'fetch_aqi_multiple_cities', 'fetch_aqi_all_cities', 'scheduled__2025-03-28T11:00:00+00:00', '--job-id', '78', '--raw', '--subdir', 'DAGS_FOLDER/fetch_multiple_cities.py', '--cfg-path', '/tmp/tmp0puhpp0x']
[2025-03-28T12:00:00.642+0000] {standard_task_runner.py:88} INFO - Job 78: Subtask fetch_aqi_all_cities
[2025-03-28T12:00:00.647+0000] {logging_mixin.py:188} WARNING - /home/***/.local/lib/python3.8/site-packages/***/settings.py:194 DeprecationWarning: The sql_alchemy_conn option in [core] has been moved to the sql_alchemy_conn option in [database] - the old setting has been used, but please update your config.
[2025-03-28T12:00:00.657+0000] {task_command.py:423} INFO - Running <TaskInstance: fetch_aqi_multiple_cities.fetch_aqi_all_cities scheduled__2025-03-28T11:00:00+00:00 [running]> on host f5300fe43025
[2025-03-28T12:00:00.683+0000] {taskinstance.py:2480} INFO - Exporting env vars: AIRFLOW_CTX_DAG_OWNER='***' AIRFLOW_CTX_DAG_ID='fetch_aqi_multiple_cities' AIRFLOW_CTX_TASK_ID='fetch_aqi_all_cities' AIRFLOW_CTX_EXECUTION_DATE='2025-03-28T11:00:00+00:00' AIRFLOW_CTX_TRY_NUMBER='1' AIRFLOW_CTX_DAG_RUN_ID='scheduled__2025-03-28T11:00:00+00:00'
[2025-03-28T12:00:00.927+0000] {fetch_multiple_cities.py:51} INFO - ✅ Bangkok: AQI = 107
[2025-03-28T12:00:00.941+0000] {base.py:83} INFO - Using connection ID 'postgres_conn' for task execution.
[2025-03-28T12:00:00.945+0000] {sql.py:450} INFO - Running statement: 
                        INSERT INTO air_quality_data (city, aqi, timestamp_utc)
                        VALUES (%s, %s, %s);
                    , parameters: ('Bangkok', 107, datetime.datetime(2025, 3, 28, 19, 0, 0, 683870, tzinfo=<DstTzInfo 'Asia/Bangkok' +07+7:00:00 STD>))
[2025-03-28T12:00:00.946+0000] {sql.py:459} INFO - Rows affected: 1
[2025-03-28T12:00:16.195+0000] {fetch_multiple_cities.py:51} INFO - ✅ Chiang Mai: AQI = 136
[2025-03-28T12:00:16.199+0000] {base.py:83} INFO - Using connection ID 'postgres_conn' for task execution.
[2025-03-28T12:00:16.201+0000] {sql.py:450} INFO - Running statement: 
                        INSERT INTO air_quality_data (city, aqi, timestamp_utc)
                        VALUES (%s, %s, %s);
                    , parameters: ('Chiang Mai', 136, datetime.datetime(2025, 3, 28, 19, 0, 0, 683870, tzinfo=<DstTzInfo 'Asia/Bangkok' +07+7:00:00 STD>))
[2025-03-28T12:00:16.202+0000] {sql.py:459} INFO - Rows affected: 1
[2025-03-28T12:00:31.434+0000] {fetch_multiple_cities.py:51} INFO - ✅ Ratchaburi: AQI = 60
[2025-03-28T12:00:31.438+0000] {base.py:83} INFO - Using connection ID 'postgres_conn' for task execution.
[2025-03-28T12:00:31.440+0000] {sql.py:450} INFO - Running statement: 
                        INSERT INTO air_quality_data (city, aqi, timestamp_utc)
                        VALUES (%s, %s, %s);
                    , parameters: ('Ratchaburi', 60, datetime.datetime(2025, 3, 28, 19, 0, 0, 683870, tzinfo=<DstTzInfo 'Asia/Bangkok' +07+7:00:00 STD>))
[2025-03-28T12:00:31.441+0000] {sql.py:459} INFO - Rows affected: 1
[2025-03-28T12:00:46.742+0000] {fetch_multiple_cities.py:51} INFO - ✅ Rua Yai: AQI = 65
[2025-03-28T12:00:46.751+0000] {base.py:83} INFO - Using connection ID 'postgres_conn' for task execution.
[2025-03-28T12:00:46.755+0000] {sql.py:450} INFO - Running statement: 
                        INSERT INTO air_quality_data (city, aqi, timestamp_utc)
                        VALUES (%s, %s, %s);
                    , parameters: ('Rua Yai', 65, datetime.datetime(2025, 3, 28, 19, 0, 0, 683870, tzinfo=<DstTzInfo 'Asia/Bangkok' +07+7:00:00 STD>))
[2025-03-28T12:00:46.756+0000] {sql.py:459} INFO - Rows affected: 1
[2025-03-28T12:01:02.012+0000] {fetch_multiple_cities.py:51} INFO - ✅ Mueang Nonthaburi: AQI = 110
[2025-03-28T12:01:02.025+0000] {base.py:83} INFO - Using connection ID 'postgres_conn' for task execution.
[2025-03-28T12:01:02.030+0000] {sql.py:450} INFO - Running statement: 
                        INSERT INTO air_quality_data (city, aqi, timestamp_utc)
                        VALUES (%s, %s, %s);
                    , parameters: ('Mueang Nonthaburi', 110, datetime.datetime(2025, 3, 28, 19, 0, 0, 683870, tzinfo=<DstTzInfo 'Asia/Bangkok' +07+7:00:00 STD>))
[2025-03-28T12:01:02.031+0000] {sql.py:459} INFO - Rows affected: 1
[2025-03-28T12:01:17.051+0000] {python.py:201} INFO - Done. Returned value was: None
[2025-03-28T12:01:17.066+0000] {taskinstance.py:1138} INFO - Marking task as SUCCESS. dag_id=fetch_aqi_multiple_cities, task_id=fetch_aqi_all_cities, execution_date=20250328T110000, start_date=20250328T120000, end_date=20250328T120117
[2025-03-28T12:01:17.105+0000] {local_task_job_runner.py:234} INFO - Task exited with return code 0
[2025-03-28T12:01:17.113+0000] {taskinstance.py:3280} INFO - 0 downstream tasks scheduled from follow-on schedule check
