[2025-03-28T16:03:54.707+0000] {taskinstance.py:1956} INFO - Dependencies all met for dep_context=non-requeueable deps ti=<TaskInstance: fetch_aqi_multiple_cities.fetch_aqi_all_cities scheduled__2025-03-28T15:00:00+00:00 [queued]>
[2025-03-28T16:03:54.711+0000] {taskinstance.py:1956} INFO - Dependencies all met for dep_context=requeueable deps ti=<TaskInstance: fetch_aqi_multiple_cities.fetch_aqi_all_cities scheduled__2025-03-28T15:00:00+00:00 [queued]>
[2025-03-28T16:03:54.712+0000] {taskinstance.py:2170} INFO - Starting attempt 1 of 2
[2025-03-28T16:03:54.717+0000] {taskinstance.py:2191} INFO - Executing <Task(PythonOperator): fetch_aqi_all_cities> on 2025-03-28 15:00:00+00:00
[2025-03-28T16:03:54.719+0000] {standard_task_runner.py:60} INFO - Started process 9452 to run task
[2025-03-28T16:03:54.721+0000] {standard_task_runner.py:87} INFO - Running: ['***', 'tasks', 'run', 'fetch_aqi_multiple_cities', 'fetch_aqi_all_cities', 'scheduled__2025-03-28T15:00:00+00:00', '--job-id', '82', '--raw', '--subdir', 'DAGS_FOLDER/fetch_multiple_cities.py', '--cfg-path', '/tmp/tmpbk8dhddj']
[2025-03-28T16:03:54.722+0000] {standard_task_runner.py:88} INFO - Job 82: Subtask fetch_aqi_all_cities
[2025-03-28T16:03:54.729+0000] {logging_mixin.py:188} WARNING - /home/***/.local/lib/python3.8/site-packages/***/settings.py:194 DeprecationWarning: The sql_alchemy_conn option in [core] has been moved to the sql_alchemy_conn option in [database] - the old setting has been used, but please update your config.
[2025-03-28T16:03:54.746+0000] {task_command.py:423} INFO - Running <TaskInstance: fetch_aqi_multiple_cities.fetch_aqi_all_cities scheduled__2025-03-28T15:00:00+00:00 [running]> on host f5300fe43025
[2025-03-28T16:03:54.778+0000] {taskinstance.py:2480} INFO - Exporting env vars: AIRFLOW_CTX_DAG_OWNER='***' AIRFLOW_CTX_DAG_ID='fetch_aqi_multiple_cities' AIRFLOW_CTX_TASK_ID='fetch_aqi_all_cities' AIRFLOW_CTX_EXECUTION_DATE='2025-03-28T15:00:00+00:00' AIRFLOW_CTX_TRY_NUMBER='1' AIRFLOW_CTX_DAG_RUN_ID='scheduled__2025-03-28T15:00:00+00:00'
[2025-03-28T16:03:55.062+0000] {fetch_multiple_cities.py:51} INFO - ✅ Bangkok: AQI = 118
[2025-03-28T16:03:55.066+0000] {base.py:83} INFO - Using connection ID 'postgres_conn' for task execution.
[2025-03-28T16:03:55.068+0000] {sql.py:450} INFO - Running statement: 
                        INSERT INTO air_quality_data (city, aqi, timestamp_utc)
                        VALUES (%s, %s, %s);
                    , parameters: ('Bangkok', 118, datetime.datetime(2025, 3, 28, 23, 3, 54, 779682, tzinfo=<DstTzInfo 'Asia/Bangkok' +07+7:00:00 STD>))
[2025-03-28T16:03:55.068+0000] {sql.py:459} INFO - Rows affected: 1
[2025-03-28T16:04:10.740+0000] {fetch_multiple_cities.py:51} INFO - ✅ Chiang Mai: AQI = 148
[2025-03-28T16:04:10.753+0000] {base.py:83} INFO - Using connection ID 'postgres_conn' for task execution.
[2025-03-28T16:04:10.758+0000] {sql.py:450} INFO - Running statement: 
                        INSERT INTO air_quality_data (city, aqi, timestamp_utc)
                        VALUES (%s, %s, %s);
                    , parameters: ('Chiang Mai', 148, datetime.datetime(2025, 3, 28, 23, 3, 54, 779682, tzinfo=<DstTzInfo 'Asia/Bangkok' +07+7:00:00 STD>))
[2025-03-28T16:04:10.759+0000] {sql.py:459} INFO - Rows affected: 1
[2025-03-28T16:12:32.278+0000] {fetch_multiple_cities.py:51} INFO - ✅ Ratchaburi: AQI = 84
[2025-03-28T16:12:32.288+0000] {base.py:83} INFO - Using connection ID 'postgres_conn' for task execution.
[2025-03-28T16:12:32.292+0000] {sql.py:450} INFO - Running statement: 
                        INSERT INTO air_quality_data (city, aqi, timestamp_utc)
                        VALUES (%s, %s, %s);
                    , parameters: ('Ratchaburi', 84, datetime.datetime(2025, 3, 28, 23, 3, 54, 779682, tzinfo=<DstTzInfo 'Asia/Bangkok' +07+7:00:00 STD>))
[2025-03-28T16:12:32.293+0000] {sql.py:459} INFO - Rows affected: 1
[2025-03-28T16:12:47.608+0000] {fetch_multiple_cities.py:51} INFO - ✅ Rua Yai: AQI = 66
[2025-03-28T16:12:47.618+0000] {base.py:83} INFO - Using connection ID 'postgres_conn' for task execution.
[2025-03-28T16:12:47.622+0000] {sql.py:450} INFO - Running statement: 
                        INSERT INTO air_quality_data (city, aqi, timestamp_utc)
                        VALUES (%s, %s, %s);
                    , parameters: ('Rua Yai', 66, datetime.datetime(2025, 3, 28, 23, 3, 54, 779682, tzinfo=<DstTzInfo 'Asia/Bangkok' +07+7:00:00 STD>))
[2025-03-28T16:12:47.624+0000] {sql.py:459} INFO - Rows affected: 1
[2025-03-28T16:13:02.877+0000] {fetch_multiple_cities.py:51} INFO - ✅ Mueang Nonthaburi: AQI = 116
[2025-03-28T16:13:02.884+0000] {base.py:83} INFO - Using connection ID 'postgres_conn' for task execution.
[2025-03-28T16:13:02.886+0000] {sql.py:450} INFO - Running statement: 
                        INSERT INTO air_quality_data (city, aqi, timestamp_utc)
                        VALUES (%s, %s, %s);
                    , parameters: ('Mueang Nonthaburi', 116, datetime.datetime(2025, 3, 28, 23, 3, 54, 779682, tzinfo=<DstTzInfo 'Asia/Bangkok' +07+7:00:00 STD>))
[2025-03-28T16:13:02.887+0000] {sql.py:459} INFO - Rows affected: 1
[2025-03-28T16:13:17.898+0000] {python.py:201} INFO - Done. Returned value was: None
[2025-03-28T16:13:17.911+0000] {taskinstance.py:1138} INFO - Marking task as SUCCESS. dag_id=fetch_aqi_multiple_cities, task_id=fetch_aqi_all_cities, execution_date=20250328T150000, start_date=20250328T160354, end_date=20250328T161317
[2025-03-28T16:13:17.928+0000] {local_task_job_runner.py:234} INFO - Task exited with return code 0
[2025-03-28T16:13:17.939+0000] {taskinstance.py:3280} INFO - 0 downstream tasks scheduled from follow-on schedule check
