[2025-03-28T18:07:07.635+0000] {taskinstance.py:1956} INFO - Dependencies all met for dep_context=non-requeueable deps ti=<TaskInstance: fetch_aqi_multiple_cities.fetch_aqi_all_cities scheduled__2025-03-28T17:00:00+00:00 [queued]>
[2025-03-28T18:07:07.644+0000] {taskinstance.py:1956} INFO - Dependencies all met for dep_context=requeueable deps ti=<TaskInstance: fetch_aqi_multiple_cities.fetch_aqi_all_cities scheduled__2025-03-28T17:00:00+00:00 [queued]>
[2025-03-28T18:07:07.646+0000] {taskinstance.py:2170} INFO - Starting attempt 1 of 2
[2025-03-28T18:07:07.658+0000] {taskinstance.py:2191} INFO - Executing <Task(PythonOperator): fetch_aqi_all_cities> on 2025-03-28 17:00:00+00:00
[2025-03-28T18:07:07.666+0000] {standard_task_runner.py:60} INFO - Started process 11795 to run task
[2025-03-28T18:07:07.668+0000] {standard_task_runner.py:87} INFO - Running: ['***', 'tasks', 'run', 'fetch_aqi_multiple_cities', 'fetch_aqi_all_cities', 'scheduled__2025-03-28T17:00:00+00:00', '--job-id', '84', '--raw', '--subdir', 'DAGS_FOLDER/fetch_multiple_cities.py', '--cfg-path', '/tmp/tmpr7aqi3o8']
[2025-03-28T18:07:07.670+0000] {standard_task_runner.py:88} INFO - Job 84: Subtask fetch_aqi_all_cities
[2025-03-28T18:07:07.682+0000] {logging_mixin.py:188} WARNING - /home/***/.local/lib/python3.8/site-packages/***/settings.py:194 DeprecationWarning: The sql_alchemy_conn option in [core] has been moved to the sql_alchemy_conn option in [database] - the old setting has been used, but please update your config.
[2025-03-28T18:07:07.712+0000] {task_command.py:423} INFO - Running <TaskInstance: fetch_aqi_multiple_cities.fetch_aqi_all_cities scheduled__2025-03-28T17:00:00+00:00 [running]> on host f5300fe43025
[2025-03-28T18:07:07.779+0000] {taskinstance.py:2480} INFO - Exporting env vars: AIRFLOW_CTX_DAG_OWNER='***' AIRFLOW_CTX_DAG_ID='fetch_aqi_multiple_cities' AIRFLOW_CTX_TASK_ID='fetch_aqi_all_cities' AIRFLOW_CTX_EXECUTION_DATE='2025-03-28T17:00:00+00:00' AIRFLOW_CTX_TRY_NUMBER='1' AIRFLOW_CTX_DAG_RUN_ID='scheduled__2025-03-28T17:00:00+00:00'
[2025-03-28T18:07:08.071+0000] {fetch_multiple_cities.py:51} INFO - ✅ Bangkok: AQI = 127
[2025-03-28T18:07:08.081+0000] {base.py:83} INFO - Using connection ID 'postgres_conn' for task execution.
[2025-03-28T18:07:08.084+0000] {sql.py:450} INFO - Running statement: 
                        INSERT INTO air_quality_data (city, aqi, timestamp_utc)
                        VALUES (%s, %s, %s);
                    , parameters: ('Bangkok', 127, datetime.datetime(2025, 3, 29, 1, 7, 7, 781317, tzinfo=<DstTzInfo 'Asia/Bangkok' +07+7:00:00 STD>))
[2025-03-28T18:07:08.085+0000] {sql.py:459} INFO - Rows affected: 1
[2025-03-28T18:07:23.396+0000] {fetch_multiple_cities.py:51} INFO - ✅ Chiang Mai: AQI = 153
[2025-03-28T18:07:23.406+0000] {base.py:83} INFO - Using connection ID 'postgres_conn' for task execution.
[2025-03-28T18:07:23.411+0000] {sql.py:450} INFO - Running statement: 
                        INSERT INTO air_quality_data (city, aqi, timestamp_utc)
                        VALUES (%s, %s, %s);
                    , parameters: ('Chiang Mai', 153, datetime.datetime(2025, 3, 29, 1, 7, 7, 781317, tzinfo=<DstTzInfo 'Asia/Bangkok' +07+7:00:00 STD>))
[2025-03-28T18:07:23.412+0000] {sql.py:459} INFO - Rows affected: 1
[2025-03-28T18:07:38.696+0000] {fetch_multiple_cities.py:51} INFO - ✅ Ratchaburi: AQI = 93
[2025-03-28T18:07:38.708+0000] {base.py:83} INFO - Using connection ID 'postgres_conn' for task execution.
[2025-03-28T18:07:38.712+0000] {sql.py:450} INFO - Running statement: 
                        INSERT INTO air_quality_data (city, aqi, timestamp_utc)
                        VALUES (%s, %s, %s);
                    , parameters: ('Ratchaburi', 93, datetime.datetime(2025, 3, 29, 1, 7, 7, 781317, tzinfo=<DstTzInfo 'Asia/Bangkok' +07+7:00:00 STD>))
[2025-03-28T18:07:38.714+0000] {sql.py:459} INFO - Rows affected: 1
[2025-03-28T18:07:53.962+0000] {fetch_multiple_cities.py:51} INFO - ✅ Rua Yai: AQI = 112
[2025-03-28T18:07:53.970+0000] {base.py:83} INFO - Using connection ID 'postgres_conn' for task execution.
[2025-03-28T18:07:53.974+0000] {sql.py:450} INFO - Running statement: 
                        INSERT INTO air_quality_data (city, aqi, timestamp_utc)
                        VALUES (%s, %s, %s);
                    , parameters: ('Rua Yai', 112, datetime.datetime(2025, 3, 29, 1, 7, 7, 781317, tzinfo=<DstTzInfo 'Asia/Bangkok' +07+7:00:00 STD>))
[2025-03-28T18:07:53.974+0000] {sql.py:459} INFO - Rows affected: 1
[2025-03-28T18:08:09.229+0000] {fetch_multiple_cities.py:51} INFO - ✅ Mueang Nonthaburi: AQI = 109
[2025-03-28T18:08:09.241+0000] {base.py:83} INFO - Using connection ID 'postgres_conn' for task execution.
[2025-03-28T18:08:09.245+0000] {sql.py:450} INFO - Running statement: 
                        INSERT INTO air_quality_data (city, aqi, timestamp_utc)
                        VALUES (%s, %s, %s);
                    , parameters: ('Mueang Nonthaburi', 109, datetime.datetime(2025, 3, 29, 1, 7, 7, 781317, tzinfo=<DstTzInfo 'Asia/Bangkok' +07+7:00:00 STD>))
[2025-03-28T18:08:09.247+0000] {sql.py:459} INFO - Rows affected: 1
[2025-03-28T18:08:24.264+0000] {python.py:201} INFO - Done. Returned value was: None
[2025-03-28T18:08:24.272+0000] {taskinstance.py:1138} INFO - Marking task as SUCCESS. dag_id=fetch_aqi_multiple_cities, task_id=fetch_aqi_all_cities, execution_date=20250328T170000, start_date=20250328T180707, end_date=20250328T180824
[2025-03-28T18:08:24.326+0000] {local_task_job_runner.py:234} INFO - Task exited with return code 0
[2025-03-28T18:08:24.337+0000] {taskinstance.py:3280} INFO - 0 downstream tasks scheduled from follow-on schedule check
