[2025-03-30T03:03:43.653+0000] {taskinstance.py:1956} INFO - Dependencies all met for dep_context=non-requeueable deps ti=<TaskInstance: fetch_aqi_multiple_cities.fetch_aqi_all_cities scheduled__2025-03-30T02:00:00+00:00 [queued]>
[2025-03-30T03:03:43.655+0000] {taskinstance.py:1956} INFO - Dependencies all met for dep_context=requeueable deps ti=<TaskInstance: fetch_aqi_multiple_cities.fetch_aqi_all_cities scheduled__2025-03-30T02:00:00+00:00 [queued]>
[2025-03-30T03:03:43.655+0000] {taskinstance.py:2170} INFO - Starting attempt 1 of 2
[2025-03-30T03:03:43.659+0000] {taskinstance.py:2191} INFO - Executing <Task(PythonOperator): fetch_aqi_all_cities> on 2025-03-30 02:00:00+00:00
[2025-03-30T03:03:43.661+0000] {standard_task_runner.py:60} INFO - Started process 28034 to run task
[2025-03-30T03:03:43.662+0000] {standard_task_runner.py:87} INFO - Running: ['***', 'tasks', 'run', 'fetch_aqi_multiple_cities', 'fetch_aqi_all_cities', 'scheduled__2025-03-30T02:00:00+00:00', '--job-id', '121', '--raw', '--subdir', 'DAGS_FOLDER/fetch_multiple_cities.py', '--cfg-path', '/tmp/tmp74i99ele']
[2025-03-30T03:03:43.663+0000] {standard_task_runner.py:88} INFO - Job 121: Subtask fetch_aqi_all_cities
[2025-03-30T03:03:43.669+0000] {logging_mixin.py:188} WARNING - /home/***/.local/lib/python3.8/site-packages/***/settings.py:194 DeprecationWarning: The sql_alchemy_conn option in [core] has been moved to the sql_alchemy_conn option in [database] - the old setting has been used, but please update your config.
[2025-03-30T03:03:43.680+0000] {task_command.py:423} INFO - Running <TaskInstance: fetch_aqi_multiple_cities.fetch_aqi_all_cities scheduled__2025-03-30T02:00:00+00:00 [running]> on host f5300fe43025
[2025-03-30T03:03:43.707+0000] {taskinstance.py:2480} INFO - Exporting env vars: AIRFLOW_CTX_DAG_OWNER='***' AIRFLOW_CTX_DAG_ID='fetch_aqi_multiple_cities' AIRFLOW_CTX_TASK_ID='fetch_aqi_all_cities' AIRFLOW_CTX_EXECUTION_DATE='2025-03-30T02:00:00+00:00' AIRFLOW_CTX_TRY_NUMBER='1' AIRFLOW_CTX_DAG_RUN_ID='scheduled__2025-03-30T02:00:00+00:00'
[2025-03-30T03:03:44.351+0000] {fetch_multiple_cities.py:51} INFO - ✅ Bangkok: AQI = 102
[2025-03-30T03:03:44.356+0000] {base.py:83} INFO - Using connection ID 'postgres_conn' for task execution.
[2025-03-30T03:03:44.357+0000] {sql.py:450} INFO - Running statement: 
                        INSERT INTO air_quality_data (city, aqi, timestamp_utc)
                        VALUES (%s, %s, %s);
                    , parameters: ('Bangkok', 102, datetime.datetime(2025, 3, 30, 10, 3, 43, 707820, tzinfo=<DstTzInfo 'Asia/Bangkok' +07+7:00:00 STD>))
[2025-03-30T03:03:44.358+0000] {sql.py:459} INFO - Rows affected: 1
[2025-03-30T03:03:59.612+0000] {fetch_multiple_cities.py:51} INFO - ✅ Chiang Mai: AQI = 188
[2025-03-30T03:03:59.617+0000] {base.py:83} INFO - Using connection ID 'postgres_conn' for task execution.
[2025-03-30T03:03:59.620+0000] {sql.py:450} INFO - Running statement: 
                        INSERT INTO air_quality_data (city, aqi, timestamp_utc)
                        VALUES (%s, %s, %s);
                    , parameters: ('Chiang Mai', 188, datetime.datetime(2025, 3, 30, 10, 3, 43, 707820, tzinfo=<DstTzInfo 'Asia/Bangkok' +07+7:00:00 STD>))
[2025-03-30T03:03:59.620+0000] {sql.py:459} INFO - Rows affected: 1
[2025-03-30T03:04:14.875+0000] {fetch_multiple_cities.py:51} INFO - ✅ Ratchaburi: AQI = 84
[2025-03-30T03:04:14.887+0000] {base.py:83} INFO - Using connection ID 'postgres_conn' for task execution.
[2025-03-30T03:04:14.892+0000] {sql.py:450} INFO - Running statement: 
                        INSERT INTO air_quality_data (city, aqi, timestamp_utc)
                        VALUES (%s, %s, %s);
                    , parameters: ('Ratchaburi', 84, datetime.datetime(2025, 3, 30, 10, 3, 43, 707820, tzinfo=<DstTzInfo 'Asia/Bangkok' +07+7:00:00 STD>))
[2025-03-30T03:04:14.894+0000] {sql.py:459} INFO - Rows affected: 1
[2025-03-30T03:04:30.143+0000] {fetch_multiple_cities.py:51} INFO - ✅ Rua Yai: AQI = 113
[2025-03-30T03:04:30.155+0000] {base.py:83} INFO - Using connection ID 'postgres_conn' for task execution.
[2025-03-30T03:04:30.160+0000] {sql.py:450} INFO - Running statement: 
                        INSERT INTO air_quality_data (city, aqi, timestamp_utc)
                        VALUES (%s, %s, %s);
                    , parameters: ('Rua Yai', 113, datetime.datetime(2025, 3, 30, 10, 3, 43, 707820, tzinfo=<DstTzInfo 'Asia/Bangkok' +07+7:00:00 STD>))
[2025-03-30T03:04:30.161+0000] {sql.py:459} INFO - Rows affected: 1
[2025-03-30T03:04:45.409+0000] {fetch_multiple_cities.py:51} INFO - ✅ Mueang Nonthaburi: AQI = 103
[2025-03-30T03:04:45.420+0000] {base.py:83} INFO - Using connection ID 'postgres_conn' for task execution.
[2025-03-30T03:04:45.424+0000] {sql.py:450} INFO - Running statement: 
                        INSERT INTO air_quality_data (city, aqi, timestamp_utc)
                        VALUES (%s, %s, %s);
                    , parameters: ('Mueang Nonthaburi', 103, datetime.datetime(2025, 3, 30, 10, 3, 43, 707820, tzinfo=<DstTzInfo 'Asia/Bangkok' +07+7:00:00 STD>))
[2025-03-30T03:04:45.425+0000] {sql.py:459} INFO - Rows affected: 1
[2025-03-30T03:05:00.437+0000] {python.py:201} INFO - Done. Returned value was: None
[2025-03-30T03:05:00.453+0000] {taskinstance.py:1138} INFO - Marking task as SUCCESS. dag_id=fetch_aqi_multiple_cities, task_id=fetch_aqi_all_cities, execution_date=20250330T020000, start_date=20250330T030343, end_date=20250330T030500
[2025-03-30T03:05:00.479+0000] {local_task_job_runner.py:234} INFO - Task exited with return code 0
[2025-03-30T03:05:00.489+0000] {taskinstance.py:3280} INFO - 0 downstream tasks scheduled from follow-on schedule check
