[2025-03-31T03:00:00.521+0000] {taskinstance.py:1956} INFO - Dependencies all met for dep_context=non-requeueable deps ti=<TaskInstance: fetch_aqi_multiple_cities.fetch_aqi_all_cities scheduled__2025-03-31T02:00:00+00:00 [queued]>
[2025-03-31T03:00:00.524+0000] {taskinstance.py:1956} INFO - Dependencies all met for dep_context=requeueable deps ti=<TaskInstance: fetch_aqi_multiple_cities.fetch_aqi_all_cities scheduled__2025-03-31T02:00:00+00:00 [queued]>
[2025-03-31T03:00:00.524+0000] {taskinstance.py:2170} INFO - Starting attempt 1 of 2
[2025-03-31T03:00:00.528+0000] {taskinstance.py:2191} INFO - Executing <Task(PythonOperator): fetch_aqi_all_cities> on 2025-03-31 02:00:00+00:00
[2025-03-31T03:00:00.530+0000] {standard_task_runner.py:60} INFO - Started process 42094 to run task
[2025-03-31T03:00:00.532+0000] {standard_task_runner.py:87} INFO - Running: ['***', 'tasks', 'run', 'fetch_aqi_multiple_cities', 'fetch_aqi_all_cities', 'scheduled__2025-03-31T02:00:00+00:00', '--job-id', '146', '--raw', '--subdir', 'DAGS_FOLDER/fetch_multiple_cities.py', '--cfg-path', '/tmp/tmp_ctuh7wt']
[2025-03-31T03:00:00.533+0000] {standard_task_runner.py:88} INFO - Job 146: Subtask fetch_aqi_all_cities
[2025-03-31T03:00:00.539+0000] {logging_mixin.py:188} WARNING - /home/***/.local/lib/python3.8/site-packages/***/settings.py:194 DeprecationWarning: The sql_alchemy_conn option in [core] has been moved to the sql_alchemy_conn option in [database] - the old setting has been used, but please update your config.
[2025-03-31T03:00:00.551+0000] {task_command.py:423} INFO - Running <TaskInstance: fetch_aqi_multiple_cities.fetch_aqi_all_cities scheduled__2025-03-31T02:00:00+00:00 [running]> on host f5300fe43025
[2025-03-31T03:00:00.578+0000] {taskinstance.py:2480} INFO - Exporting env vars: AIRFLOW_CTX_DAG_OWNER='***' AIRFLOW_CTX_DAG_ID='fetch_aqi_multiple_cities' AIRFLOW_CTX_TASK_ID='fetch_aqi_all_cities' AIRFLOW_CTX_EXECUTION_DATE='2025-03-31T02:00:00+00:00' AIRFLOW_CTX_TRY_NUMBER='1' AIRFLOW_CTX_DAG_RUN_ID='scheduled__2025-03-31T02:00:00+00:00'
[2025-03-31T03:00:00.933+0000] {fetch_multiple_cities.py:51} INFO - ✅ Bangkok: AQI = 88
[2025-03-31T03:00:00.943+0000] {base.py:83} INFO - Using connection ID 'postgres_conn' for task execution.
[2025-03-31T03:00:00.947+0000] {sql.py:450} INFO - Running statement: 
                        INSERT INTO air_quality_data (city, aqi, timestamp_utc)
                        VALUES (%s, %s, %s);
                    , parameters: ('Bangkok', 88, datetime.datetime(2025, 3, 31, 10, 0, 0, 579579, tzinfo=<DstTzInfo 'Asia/Bangkok' +07+7:00:00 STD>))
[2025-03-31T03:00:00.948+0000] {sql.py:459} INFO - Rows affected: 1
[2025-03-31T03:00:16.274+0000] {fetch_multiple_cities.py:51} INFO - ✅ Chiang Mai: AQI = 167
[2025-03-31T03:00:16.281+0000] {base.py:83} INFO - Using connection ID 'postgres_conn' for task execution.
[2025-03-31T03:00:16.283+0000] {sql.py:450} INFO - Running statement: 
                        INSERT INTO air_quality_data (city, aqi, timestamp_utc)
                        VALUES (%s, %s, %s);
                    , parameters: ('Chiang Mai', 167, datetime.datetime(2025, 3, 31, 10, 0, 0, 579579, tzinfo=<DstTzInfo 'Asia/Bangkok' +07+7:00:00 STD>))
[2025-03-31T03:00:16.284+0000] {sql.py:459} INFO - Rows affected: 1
[2025-03-31T03:00:31.578+0000] {fetch_multiple_cities.py:51} INFO - ✅ Ratchaburi: AQI = 52
[2025-03-31T03:00:31.587+0000] {base.py:83} INFO - Using connection ID 'postgres_conn' for task execution.
[2025-03-31T03:00:31.591+0000] {sql.py:450} INFO - Running statement: 
                        INSERT INTO air_quality_data (city, aqi, timestamp_utc)
                        VALUES (%s, %s, %s);
                    , parameters: ('Ratchaburi', 52, datetime.datetime(2025, 3, 31, 10, 0, 0, 579579, tzinfo=<DstTzInfo 'Asia/Bangkok' +07+7:00:00 STD>))
[2025-03-31T03:00:31.593+0000] {sql.py:459} INFO - Rows affected: 1
[2025-03-31T03:00:46.875+0000] {fetch_multiple_cities.py:51} INFO - ✅ Rua Yai: AQI = 58
[2025-03-31T03:00:46.883+0000] {base.py:83} INFO - Using connection ID 'postgres_conn' for task execution.
[2025-03-31T03:00:46.886+0000] {sql.py:450} INFO - Running statement: 
                        INSERT INTO air_quality_data (city, aqi, timestamp_utc)
                        VALUES (%s, %s, %s);
                    , parameters: ('Rua Yai', 58, datetime.datetime(2025, 3, 31, 10, 0, 0, 579579, tzinfo=<DstTzInfo 'Asia/Bangkok' +07+7:00:00 STD>))
[2025-03-31T03:00:46.887+0000] {sql.py:459} INFO - Rows affected: 1
[2025-03-31T03:01:02.223+0000] {fetch_multiple_cities.py:51} INFO - ✅ Mueang Nonthaburi: AQI = 69
[2025-03-31T03:01:02.231+0000] {base.py:83} INFO - Using connection ID 'postgres_conn' for task execution.
[2025-03-31T03:01:02.235+0000] {sql.py:450} INFO - Running statement: 
                        INSERT INTO air_quality_data (city, aqi, timestamp_utc)
                        VALUES (%s, %s, %s);
                    , parameters: ('Mueang Nonthaburi', 69, datetime.datetime(2025, 3, 31, 10, 0, 0, 579579, tzinfo=<DstTzInfo 'Asia/Bangkok' +07+7:00:00 STD>))
[2025-03-31T03:01:02.236+0000] {sql.py:459} INFO - Rows affected: 1
[2025-03-31T03:01:17.259+0000] {python.py:201} INFO - Done. Returned value was: None
[2025-03-31T03:01:17.272+0000] {taskinstance.py:1138} INFO - Marking task as SUCCESS. dag_id=fetch_aqi_multiple_cities, task_id=fetch_aqi_all_cities, execution_date=20250331T020000, start_date=20250331T030000, end_date=20250331T030117
[2025-03-31T03:01:17.311+0000] {local_task_job_runner.py:234} INFO - Task exited with return code 0
[2025-03-31T03:01:17.322+0000] {taskinstance.py:3280} INFO - 0 downstream tasks scheduled from follow-on schedule check
