[2025-03-31T02:00:01.070+0000] {taskinstance.py:1956} INFO - Dependencies all met for dep_context=non-requeueable deps ti=<TaskInstance: fetch_aqi_multiple_cities.fetch_aqi_all_cities scheduled__2025-03-31T01:00:00+00:00 [queued]>
[2025-03-31T02:00:01.072+0000] {taskinstance.py:1956} INFO - Dependencies all met for dep_context=requeueable deps ti=<TaskInstance: fetch_aqi_multiple_cities.fetch_aqi_all_cities scheduled__2025-03-31T01:00:00+00:00 [queued]>
[2025-03-31T02:00:01.072+0000] {taskinstance.py:2170} INFO - Starting attempt 1 of 2
[2025-03-31T02:00:01.077+0000] {taskinstance.py:2191} INFO - Executing <Task(PythonOperator): fetch_aqi_all_cities> on 2025-03-31 01:00:00+00:00
[2025-03-31T02:00:01.079+0000] {standard_task_runner.py:60} INFO - Started process 38640 to run task
[2025-03-31T02:00:01.080+0000] {standard_task_runner.py:87} INFO - Running: ['***', 'tasks', 'run', 'fetch_aqi_multiple_cities', 'fetch_aqi_all_cities', 'scheduled__2025-03-31T01:00:00+00:00', '--job-id', '145', '--raw', '--subdir', 'DAGS_FOLDER/fetch_multiple_cities.py', '--cfg-path', '/tmp/tmp45ghl6ty']
[2025-03-31T02:00:01.081+0000] {standard_task_runner.py:88} INFO - Job 145: Subtask fetch_aqi_all_cities
[2025-03-31T02:00:01.087+0000] {logging_mixin.py:188} WARNING - /home/***/.local/lib/python3.8/site-packages/***/settings.py:194 DeprecationWarning: The sql_alchemy_conn option in [core] has been moved to the sql_alchemy_conn option in [database] - the old setting has been used, but please update your config.
[2025-03-31T02:00:01.099+0000] {task_command.py:423} INFO - Running <TaskInstance: fetch_aqi_multiple_cities.fetch_aqi_all_cities scheduled__2025-03-31T01:00:00+00:00 [running]> on host f5300fe43025
[2025-03-31T02:00:01.125+0000] {taskinstance.py:2480} INFO - Exporting env vars: AIRFLOW_CTX_DAG_OWNER='***' AIRFLOW_CTX_DAG_ID='fetch_aqi_multiple_cities' AIRFLOW_CTX_TASK_ID='fetch_aqi_all_cities' AIRFLOW_CTX_EXECUTION_DATE='2025-03-31T01:00:00+00:00' AIRFLOW_CTX_TRY_NUMBER='1' AIRFLOW_CTX_DAG_RUN_ID='scheduled__2025-03-31T01:00:00+00:00'
[2025-03-31T02:00:01.562+0000] {fetch_multiple_cities.py:51} INFO - ✅ Bangkok: AQI = 86
[2025-03-31T02:00:01.569+0000] {base.py:83} INFO - Using connection ID 'postgres_conn' for task execution.
[2025-03-31T02:00:01.571+0000] {sql.py:450} INFO - Running statement: 
                        INSERT INTO air_quality_data (city, aqi, timestamp_utc)
                        VALUES (%s, %s, %s);
                    , parameters: ('Bangkok', 86, datetime.datetime(2025, 3, 31, 9, 0, 1, 126423, tzinfo=<DstTzInfo 'Asia/Bangkok' +07+7:00:00 STD>))
[2025-03-31T02:00:01.571+0000] {sql.py:459} INFO - Rows affected: 1
[2025-03-31T02:00:16.896+0000] {fetch_multiple_cities.py:51} INFO - ✅ Chiang Mai: AQI = 167
[2025-03-31T02:00:16.905+0000] {base.py:83} INFO - Using connection ID 'postgres_conn' for task execution.
[2025-03-31T02:00:16.909+0000] {sql.py:450} INFO - Running statement: 
                        INSERT INTO air_quality_data (city, aqi, timestamp_utc)
                        VALUES (%s, %s, %s);
                    , parameters: ('Chiang Mai', 167, datetime.datetime(2025, 3, 31, 9, 0, 1, 126423, tzinfo=<DstTzInfo 'Asia/Bangkok' +07+7:00:00 STD>))
[2025-03-31T02:00:16.910+0000] {sql.py:459} INFO - Rows affected: 1
[2025-03-31T02:00:32.200+0000] {fetch_multiple_cities.py:51} INFO - ✅ Ratchaburi: AQI = 52
[2025-03-31T02:00:32.210+0000] {base.py:83} INFO - Using connection ID 'postgres_conn' for task execution.
[2025-03-31T02:00:32.214+0000] {sql.py:450} INFO - Running statement: 
                        INSERT INTO air_quality_data (city, aqi, timestamp_utc)
                        VALUES (%s, %s, %s);
                    , parameters: ('Ratchaburi', 52, datetime.datetime(2025, 3, 31, 9, 0, 1, 126423, tzinfo=<DstTzInfo 'Asia/Bangkok' +07+7:00:00 STD>))
[2025-03-31T02:00:32.215+0000] {sql.py:459} INFO - Rows affected: 1
[2025-03-31T02:00:47.522+0000] {fetch_multiple_cities.py:51} INFO - ✅ Rua Yai: AQI = 52
[2025-03-31T02:00:47.532+0000] {base.py:83} INFO - Using connection ID 'postgres_conn' for task execution.
[2025-03-31T02:00:47.536+0000] {sql.py:450} INFO - Running statement: 
                        INSERT INTO air_quality_data (city, aqi, timestamp_utc)
                        VALUES (%s, %s, %s);
                    , parameters: ('Rua Yai', 52, datetime.datetime(2025, 3, 31, 9, 0, 1, 126423, tzinfo=<DstTzInfo 'Asia/Bangkok' +07+7:00:00 STD>))
[2025-03-31T02:00:47.538+0000] {sql.py:459} INFO - Rows affected: 1
[2025-03-31T02:01:02.830+0000] {fetch_multiple_cities.py:51} INFO - ✅ Mueang Nonthaburi: AQI = 83
[2025-03-31T02:01:02.840+0000] {base.py:83} INFO - Using connection ID 'postgres_conn' for task execution.
[2025-03-31T02:01:02.844+0000] {sql.py:450} INFO - Running statement: 
                        INSERT INTO air_quality_data (city, aqi, timestamp_utc)
                        VALUES (%s, %s, %s);
                    , parameters: ('Mueang Nonthaburi', 83, datetime.datetime(2025, 3, 31, 9, 0, 1, 126423, tzinfo=<DstTzInfo 'Asia/Bangkok' +07+7:00:00 STD>))
[2025-03-31T02:01:02.845+0000] {sql.py:459} INFO - Rows affected: 1
[2025-03-31T02:01:17.851+0000] {python.py:201} INFO - Done. Returned value was: None
[2025-03-31T02:01:17.864+0000] {taskinstance.py:1138} INFO - Marking task as SUCCESS. dag_id=fetch_aqi_multiple_cities, task_id=fetch_aqi_all_cities, execution_date=20250331T010000, start_date=20250331T020001, end_date=20250331T020117
[2025-03-31T02:01:17.890+0000] {local_task_job_runner.py:234} INFO - Task exited with return code 0
[2025-03-31T02:01:17.900+0000] {taskinstance.py:3280} INFO - 0 downstream tasks scheduled from follow-on schedule check
