[2025-03-30T21:13:37.266+0000] {taskinstance.py:1956} INFO - Dependencies all met for dep_context=non-requeueable deps ti=<TaskInstance: fetch_aqi_multiple_cities.fetch_aqi_all_cities scheduled__2025-03-30T20:00:00+00:00 [queued]>
[2025-03-30T21:13:37.269+0000] {taskinstance.py:1956} INFO - Dependencies all met for dep_context=requeueable deps ti=<TaskInstance: fetch_aqi_multiple_cities.fetch_aqi_all_cities scheduled__2025-03-30T20:00:00+00:00 [queued]>
[2025-03-30T21:13:37.270+0000] {taskinstance.py:2170} INFO - Starting attempt 1 of 2
[2025-03-30T21:13:37.275+0000] {taskinstance.py:2191} INFO - Executing <Task(PythonOperator): fetch_aqi_all_cities> on 2025-03-30 20:00:00+00:00
[2025-03-30T21:13:37.277+0000] {standard_task_runner.py:60} INFO - Started process 36757 to run task
[2025-03-30T21:13:37.278+0000] {standard_task_runner.py:87} INFO - Running: ['***', 'tasks', 'run', 'fetch_aqi_multiple_cities', 'fetch_aqi_all_cities', 'scheduled__2025-03-30T20:00:00+00:00', '--job-id', '139', '--raw', '--subdir', 'DAGS_FOLDER/fetch_multiple_cities.py', '--cfg-path', '/tmp/tmpwe5xh2g4']
[2025-03-30T21:13:37.279+0000] {standard_task_runner.py:88} INFO - Job 139: Subtask fetch_aqi_all_cities
[2025-03-30T21:13:37.286+0000] {logging_mixin.py:188} WARNING - /home/***/.local/lib/python3.8/site-packages/***/settings.py:194 DeprecationWarning: The sql_alchemy_conn option in [core] has been moved to the sql_alchemy_conn option in [database] - the old setting has been used, but please update your config.
[2025-03-30T21:13:37.301+0000] {task_command.py:423} INFO - Running <TaskInstance: fetch_aqi_multiple_cities.fetch_aqi_all_cities scheduled__2025-03-30T20:00:00+00:00 [running]> on host f5300fe43025
[2025-03-30T21:13:37.334+0000] {taskinstance.py:2480} INFO - Exporting env vars: AIRFLOW_CTX_DAG_OWNER='***' AIRFLOW_CTX_DAG_ID='fetch_aqi_multiple_cities' AIRFLOW_CTX_TASK_ID='fetch_aqi_all_cities' AIRFLOW_CTX_EXECUTION_DATE='2025-03-30T20:00:00+00:00' AIRFLOW_CTX_TRY_NUMBER='1' AIRFLOW_CTX_DAG_RUN_ID='scheduled__2025-03-30T20:00:00+00:00'
[2025-03-30T21:13:37.591+0000] {fetch_multiple_cities.py:51} INFO - ✅ Bangkok: AQI = 90
[2025-03-30T21:13:37.595+0000] {base.py:83} INFO - Using connection ID 'postgres_conn' for task execution.
[2025-03-30T21:13:37.596+0000] {sql.py:450} INFO - Running statement: 
                        INSERT INTO air_quality_data (city, aqi, timestamp_utc)
                        VALUES (%s, %s, %s);
                    , parameters: ('Bangkok', 90, datetime.datetime(2025, 3, 31, 4, 13, 37, 335476, tzinfo=<DstTzInfo 'Asia/Bangkok' +07+7:00:00 STD>))
[2025-03-30T21:13:37.597+0000] {sql.py:459} INFO - Rows affected: 1
[2025-03-30T21:13:52.844+0000] {fetch_multiple_cities.py:51} INFO - ✅ Chiang Mai: AQI = 163
[2025-03-30T21:13:52.853+0000] {base.py:83} INFO - Using connection ID 'postgres_conn' for task execution.
[2025-03-30T21:13:52.857+0000] {sql.py:450} INFO - Running statement: 
                        INSERT INTO air_quality_data (city, aqi, timestamp_utc)
                        VALUES (%s, %s, %s);
                    , parameters: ('Chiang Mai', 163, datetime.datetime(2025, 3, 31, 4, 13, 37, 335476, tzinfo=<DstTzInfo 'Asia/Bangkok' +07+7:00:00 STD>))
[2025-03-30T21:13:52.858+0000] {sql.py:459} INFO - Rows affected: 1
[2025-03-30T21:29:08.106+0000] {fetch_multiple_cities.py:51} INFO - ✅ Ratchaburi: AQI = 52
[2025-03-30T21:29:08.109+0000] {base.py:83} INFO - Using connection ID 'postgres_conn' for task execution.
[2025-03-30T21:29:08.110+0000] {sql.py:450} INFO - Running statement: 
                        INSERT INTO air_quality_data (city, aqi, timestamp_utc)
                        VALUES (%s, %s, %s);
                    , parameters: ('Ratchaburi', 52, datetime.datetime(2025, 3, 31, 4, 13, 37, 335476, tzinfo=<DstTzInfo 'Asia/Bangkok' +07+7:00:00 STD>))
[2025-03-30T21:29:08.111+0000] {sql.py:459} INFO - Rows affected: 1
[2025-03-30T21:29:23.433+0000] {fetch_multiple_cities.py:51} INFO - ✅ Rua Yai: AQI = 89
[2025-03-30T21:29:23.442+0000] {base.py:83} INFO - Using connection ID 'postgres_conn' for task execution.
[2025-03-30T21:29:23.446+0000] {sql.py:450} INFO - Running statement: 
                        INSERT INTO air_quality_data (city, aqi, timestamp_utc)
                        VALUES (%s, %s, %s);
                    , parameters: ('Rua Yai', 89, datetime.datetime(2025, 3, 31, 4, 13, 37, 335476, tzinfo=<DstTzInfo 'Asia/Bangkok' +07+7:00:00 STD>))
[2025-03-30T21:29:23.448+0000] {sql.py:459} INFO - Rows affected: 1
[2025-03-30T21:44:38.626+0000] {fetch_multiple_cities.py:51} INFO - ✅ Mueang Nonthaburi: AQI = 99
[2025-03-30T21:44:38.630+0000] {base.py:83} INFO - Using connection ID 'postgres_conn' for task execution.
[2025-03-30T21:44:38.631+0000] {sql.py:450} INFO - Running statement: 
                        INSERT INTO air_quality_data (city, aqi, timestamp_utc)
                        VALUES (%s, %s, %s);
                    , parameters: ('Mueang Nonthaburi', 99, datetime.datetime(2025, 3, 31, 4, 13, 37, 335476, tzinfo=<DstTzInfo 'Asia/Bangkok' +07+7:00:00 STD>))
[2025-03-30T21:44:38.632+0000] {sql.py:459} INFO - Rows affected: 1
[2025-03-30T21:44:53.650+0000] {python.py:201} INFO - Done. Returned value was: None
[2025-03-30T21:44:53.656+0000] {taskinstance.py:1138} INFO - Marking task as SUCCESS. dag_id=fetch_aqi_multiple_cities, task_id=fetch_aqi_all_cities, execution_date=20250330T200000, start_date=20250330T211337, end_date=20250330T214453
[2025-03-30T21:44:53.670+0000] {local_task_job_runner.py:234} INFO - Task exited with return code 0
[2025-03-30T21:44:53.677+0000] {taskinstance.py:3280} INFO - 0 downstream tasks scheduled from follow-on schedule check
