[2025-03-30T19:14:30.303+0000] {taskinstance.py:1956} INFO - Dependencies all met for dep_context=non-requeueable deps ti=<TaskInstance: fetch_aqi_multiple_cities.fetch_aqi_all_cities scheduled__2025-03-30T18:00:00+00:00 [queued]>
[2025-03-30T19:14:30.306+0000] {taskinstance.py:1956} INFO - Dependencies all met for dep_context=requeueable deps ti=<TaskInstance: fetch_aqi_multiple_cities.fetch_aqi_all_cities scheduled__2025-03-30T18:00:00+00:00 [queued]>
[2025-03-30T19:14:30.307+0000] {taskinstance.py:2170} INFO - Starting attempt 1 of 2
[2025-03-30T19:14:30.311+0000] {taskinstance.py:2191} INFO - Executing <Task(PythonOperator): fetch_aqi_all_cities> on 2025-03-30 18:00:00+00:00
[2025-03-30T19:14:30.313+0000] {standard_task_runner.py:60} INFO - Started process 36510 to run task
[2025-03-30T19:14:30.315+0000] {standard_task_runner.py:87} INFO - Running: ['***', 'tasks', 'run', 'fetch_aqi_multiple_cities', 'fetch_aqi_all_cities', 'scheduled__2025-03-30T18:00:00+00:00', '--job-id', '137', '--raw', '--subdir', 'DAGS_FOLDER/fetch_multiple_cities.py', '--cfg-path', '/tmp/tmppgipz6qk']
[2025-03-30T19:14:30.316+0000] {standard_task_runner.py:88} INFO - Job 137: Subtask fetch_aqi_all_cities
[2025-03-30T19:14:30.322+0000] {logging_mixin.py:188} WARNING - /home/***/.local/lib/python3.8/site-packages/***/settings.py:194 DeprecationWarning: The sql_alchemy_conn option in [core] has been moved to the sql_alchemy_conn option in [database] - the old setting has been used, but please update your config.
[2025-03-30T19:14:30.337+0000] {task_command.py:423} INFO - Running <TaskInstance: fetch_aqi_multiple_cities.fetch_aqi_all_cities scheduled__2025-03-30T18:00:00+00:00 [running]> on host f5300fe43025
[2025-03-30T19:14:30.370+0000] {taskinstance.py:2480} INFO - Exporting env vars: AIRFLOW_CTX_DAG_OWNER='***' AIRFLOW_CTX_DAG_ID='fetch_aqi_multiple_cities' AIRFLOW_CTX_TASK_ID='fetch_aqi_all_cities' AIRFLOW_CTX_EXECUTION_DATE='2025-03-30T18:00:00+00:00' AIRFLOW_CTX_TRY_NUMBER='1' AIRFLOW_CTX_DAG_RUN_ID='scheduled__2025-03-30T18:00:00+00:00'
[2025-03-30T19:14:30.709+0000] {fetch_multiple_cities.py:51} INFO - ✅ Bangkok: AQI = 88
[2025-03-30T19:14:30.713+0000] {base.py:83} INFO - Using connection ID 'postgres_conn' for task execution.
[2025-03-30T19:14:30.715+0000] {sql.py:450} INFO - Running statement: 
                        INSERT INTO air_quality_data (city, aqi, timestamp_utc)
                        VALUES (%s, %s, %s);
                    , parameters: ('Bangkok', 88, datetime.datetime(2025, 3, 31, 2, 14, 30, 371430, tzinfo=<DstTzInfo 'Asia/Bangkok' +07+7:00:00 STD>))
[2025-03-30T19:14:30.715+0000] {sql.py:459} INFO - Rows affected: 1
[2025-03-30T19:14:45.961+0000] {fetch_multiple_cities.py:51} INFO - ✅ Chiang Mai: AQI = 171
[2025-03-30T19:14:45.964+0000] {base.py:83} INFO - Using connection ID 'postgres_conn' for task execution.
[2025-03-30T19:14:45.966+0000] {sql.py:450} INFO - Running statement: 
                        INSERT INTO air_quality_data (city, aqi, timestamp_utc)
                        VALUES (%s, %s, %s);
                    , parameters: ('Chiang Mai', 171, datetime.datetime(2025, 3, 31, 2, 14, 30, 371430, tzinfo=<DstTzInfo 'Asia/Bangkok' +07+7:00:00 STD>))
[2025-03-30T19:14:45.967+0000] {sql.py:459} INFO - Rows affected: 1
[2025-03-30T19:34:12.945+0000] {fetch_multiple_cities.py:51} INFO - ✅ Ratchaburi: AQI = 49
[2025-03-30T19:34:12.955+0000] {base.py:83} INFO - Using connection ID 'postgres_conn' for task execution.
[2025-03-30T19:34:12.959+0000] {sql.py:450} INFO - Running statement: 
                        INSERT INTO air_quality_data (city, aqi, timestamp_utc)
                        VALUES (%s, %s, %s);
                    , parameters: ('Ratchaburi', 49, datetime.datetime(2025, 3, 31, 2, 14, 30, 371430, tzinfo=<DstTzInfo 'Asia/Bangkok' +07+7:00:00 STD>))
[2025-03-30T19:34:12.960+0000] {sql.py:459} INFO - Rows affected: 1
[2025-03-30T19:34:28.275+0000] {fetch_multiple_cities.py:51} INFO - ✅ Rua Yai: AQI = 81
[2025-03-30T19:34:28.284+0000] {base.py:83} INFO - Using connection ID 'postgres_conn' for task execution.
[2025-03-30T19:34:28.288+0000] {sql.py:450} INFO - Running statement: 
                        INSERT INTO air_quality_data (city, aqi, timestamp_utc)
                        VALUES (%s, %s, %s);
                    , parameters: ('Rua Yai', 81, datetime.datetime(2025, 3, 31, 2, 14, 30, 371430, tzinfo=<DstTzInfo 'Asia/Bangkok' +07+7:00:00 STD>))
[2025-03-30T19:34:28.289+0000] {sql.py:459} INFO - Rows affected: 1
[2025-03-30T19:50:04.814+0000] {fetch_multiple_cities.py:51} INFO - ✅ Mueang Nonthaburi: AQI = 82
[2025-03-30T19:50:04.822+0000] {base.py:83} INFO - Using connection ID 'postgres_conn' for task execution.
[2025-03-30T19:50:04.826+0000] {sql.py:450} INFO - Running statement: 
                        INSERT INTO air_quality_data (city, aqi, timestamp_utc)
                        VALUES (%s, %s, %s);
                    , parameters: ('Mueang Nonthaburi', 82, datetime.datetime(2025, 3, 31, 2, 14, 30, 371430, tzinfo=<DstTzInfo 'Asia/Bangkok' +07+7:00:00 STD>))
[2025-03-30T19:50:04.827+0000] {sql.py:459} INFO - Rows affected: 1
[2025-03-30T19:50:19.847+0000] {python.py:201} INFO - Done. Returned value was: None
[2025-03-30T19:50:19.860+0000] {taskinstance.py:1138} INFO - Marking task as SUCCESS. dag_id=fetch_aqi_multiple_cities, task_id=fetch_aqi_all_cities, execution_date=20250330T180000, start_date=20250330T191430, end_date=20250330T195019
[2025-03-30T19:50:19.878+0000] {local_task_job_runner.py:234} INFO - Task exited with return code 0
[2025-03-30T19:50:19.888+0000] {taskinstance.py:3280} INFO - 0 downstream tasks scheduled from follow-on schedule check
