[2025-03-27T15:00:00.484+0000] {taskinstance.py:1956} INFO - Dependencies all met for dep_context=non-requeueable deps ti=<TaskInstance: fetch_aqi_multiple_cities.fetch_aqi_all_cities scheduled__2025-03-27T14:00:00+00:00 [queued]>
[2025-03-27T15:00:00.487+0000] {taskinstance.py:1956} INFO - Dependencies all met for dep_context=requeueable deps ti=<TaskInstance: fetch_aqi_multiple_cities.fetch_aqi_all_cities scheduled__2025-03-27T14:00:00+00:00 [queued]>
[2025-03-27T15:00:00.487+0000] {taskinstance.py:2170} INFO - Starting attempt 1 of 2
[2025-03-27T15:00:00.492+0000] {taskinstance.py:2191} INFO - Executing <Task(PythonOperator): fetch_aqi_all_cities> on 2025-03-27 14:00:00+00:00
[2025-03-27T15:00:00.494+0000] {standard_task_runner.py:60} INFO - Started process 1251 to run task
[2025-03-27T15:00:00.497+0000] {standard_task_runner.py:87} INFO - Running: ['***', 'tasks', 'run', 'fetch_aqi_multiple_cities', 'fetch_aqi_all_cities', 'scheduled__2025-03-27T14:00:00+00:00', '--job-id', '46', '--raw', '--subdir', 'DAGS_FOLDER/fetch_multiple_cities.py', '--cfg-path', '/tmp/tmpjfzt6qn1']
[2025-03-27T15:00:00.498+0000] {standard_task_runner.py:88} INFO - Job 46: Subtask fetch_aqi_all_cities
[2025-03-27T15:00:00.504+0000] {logging_mixin.py:188} WARNING - /home/***/.local/lib/python3.8/site-packages/***/settings.py:194 DeprecationWarning: The sql_alchemy_conn option in [core] has been moved to the sql_alchemy_conn option in [database] - the old setting has been used, but please update your config.
[2025-03-27T15:00:00.518+0000] {task_command.py:423} INFO - Running <TaskInstance: fetch_aqi_multiple_cities.fetch_aqi_all_cities scheduled__2025-03-27T14:00:00+00:00 [running]> on host 75125d84c351
[2025-03-27T15:00:00.551+0000] {taskinstance.py:2480} INFO - Exporting env vars: AIRFLOW_CTX_DAG_OWNER='***' AIRFLOW_CTX_DAG_ID='fetch_aqi_multiple_cities' AIRFLOW_CTX_TASK_ID='fetch_aqi_all_cities' AIRFLOW_CTX_EXECUTION_DATE='2025-03-27T14:00:00+00:00' AIRFLOW_CTX_TRY_NUMBER='1' AIRFLOW_CTX_DAG_RUN_ID='scheduled__2025-03-27T14:00:00+00:00'
[2025-03-27T15:00:01.031+0000] {fetch_multiple_cities.py:51} INFO - ✅ Bangkok: AQI = 117
[2025-03-27T15:00:01.041+0000] {base.py:83} INFO - Using connection ID 'postgres_conn' for task execution.
[2025-03-27T15:00:01.045+0000] {sql.py:450} INFO - Running statement: 
                        INSERT INTO air_quality_data (city, aqi, timestamp_utc)
                        VALUES (%s, %s, %s);
                    , parameters: ('Bangkok', 117, datetime.datetime(2025, 3, 27, 22, 0, 0, 552579, tzinfo=<DstTzInfo 'Asia/Bangkok' +07+7:00:00 STD>))
[2025-03-27T15:00:01.047+0000] {sql.py:459} INFO - Rows affected: 1
[2025-03-27T15:00:02.811+0000] {fetch_multiple_cities.py:51} INFO - ✅ Chiang Mai: AQI = 147
[2025-03-27T15:00:02.818+0000] {base.py:83} INFO - Using connection ID 'postgres_conn' for task execution.
[2025-03-27T15:00:02.821+0000] {sql.py:450} INFO - Running statement: 
                        INSERT INTO air_quality_data (city, aqi, timestamp_utc)
                        VALUES (%s, %s, %s);
                    , parameters: ('Chiang Mai', 147, datetime.datetime(2025, 3, 27, 22, 0, 0, 552579, tzinfo=<DstTzInfo 'Asia/Bangkok' +07+7:00:00 STD>))
[2025-03-27T15:00:02.823+0000] {sql.py:459} INFO - Rows affected: 1
[2025-03-27T15:00:04.605+0000] {fetch_multiple_cities.py:51} INFO - ✅ Ratchaburi: AQI = 64
[2025-03-27T15:00:04.613+0000] {base.py:83} INFO - Using connection ID 'postgres_conn' for task execution.
[2025-03-27T15:00:04.616+0000] {sql.py:450} INFO - Running statement: 
                        INSERT INTO air_quality_data (city, aqi, timestamp_utc)
                        VALUES (%s, %s, %s);
                    , parameters: ('Ratchaburi', 64, datetime.datetime(2025, 3, 27, 22, 0, 0, 552579, tzinfo=<DstTzInfo 'Asia/Bangkok' +07+7:00:00 STD>))
[2025-03-27T15:00:04.617+0000] {sql.py:459} INFO - Rows affected: 1
[2025-03-27T15:00:06.481+0000] {fetch_multiple_cities.py:60} WARNING - ❌ Rate limit exceeded for Rua Yai (429)
[2025-03-27T15:00:08.267+0000] {fetch_multiple_cities.py:60} WARNING - ❌ Rate limit exceeded for Mueang Nonthaburi (429)
[2025-03-27T15:00:09.771+0000] {python.py:201} INFO - Done. Returned value was: None
[2025-03-27T15:00:09.782+0000] {taskinstance.py:1138} INFO - Marking task as SUCCESS. dag_id=fetch_aqi_multiple_cities, task_id=fetch_aqi_all_cities, execution_date=20250327T140000, start_date=20250327T150000, end_date=20250327T150009
[2025-03-27T15:00:09.818+0000] {local_task_job_runner.py:234} INFO - Task exited with return code 0
[2025-03-27T15:00:09.828+0000] {taskinstance.py:3280} INFO - 0 downstream tasks scheduled from follow-on schedule check
