[2025-03-28T22:07:44.853+0000] {taskinstance.py:1956} INFO - Dependencies all met for dep_context=non-requeueable deps ti=<TaskInstance: fetch_aqi_multiple_cities.fetch_aqi_all_cities scheduled__2025-03-28T21:00:00+00:00 [queued]>
[2025-03-28T22:07:44.858+0000] {taskinstance.py:1956} INFO - Dependencies all met for dep_context=requeueable deps ti=<TaskInstance: fetch_aqi_multiple_cities.fetch_aqi_all_cities scheduled__2025-03-28T21:00:00+00:00 [queued]>
[2025-03-28T22:07:44.858+0000] {taskinstance.py:2170} INFO - Starting attempt 1 of 2
[2025-03-28T22:07:44.863+0000] {taskinstance.py:2191} INFO - Executing <Task(PythonOperator): fetch_aqi_all_cities> on 2025-03-28 21:00:00+00:00
[2025-03-28T22:07:44.865+0000] {standard_task_runner.py:60} INFO - Started process 12899 to run task
[2025-03-28T22:07:44.867+0000] {standard_task_runner.py:87} INFO - Running: ['***', 'tasks', 'run', 'fetch_aqi_multiple_cities', 'fetch_aqi_all_cities', 'scheduled__2025-03-28T21:00:00+00:00', '--job-id', '88', '--raw', '--subdir', 'DAGS_FOLDER/fetch_multiple_cities.py', '--cfg-path', '/tmp/tmpfh58ojn6']
[2025-03-28T22:07:44.868+0000] {standard_task_runner.py:88} INFO - Job 88: Subtask fetch_aqi_all_cities
[2025-03-28T22:07:44.873+0000] {logging_mixin.py:188} WARNING - /home/***/.local/lib/python3.8/site-packages/***/settings.py:194 DeprecationWarning: The sql_alchemy_conn option in [core] has been moved to the sql_alchemy_conn option in [database] - the old setting has been used, but please update your config.
[2025-03-28T22:07:44.884+0000] {task_command.py:423} INFO - Running <TaskInstance: fetch_aqi_multiple_cities.fetch_aqi_all_cities scheduled__2025-03-28T21:00:00+00:00 [running]> on host f5300fe43025
[2025-03-28T22:07:44.908+0000] {taskinstance.py:2480} INFO - Exporting env vars: AIRFLOW_CTX_DAG_OWNER='***' AIRFLOW_CTX_DAG_ID='fetch_aqi_multiple_cities' AIRFLOW_CTX_TASK_ID='fetch_aqi_all_cities' AIRFLOW_CTX_EXECUTION_DATE='2025-03-28T21:00:00+00:00' AIRFLOW_CTX_TRY_NUMBER='1' AIRFLOW_CTX_DAG_RUN_ID='scheduled__2025-03-28T21:00:00+00:00'
[2025-03-28T22:07:45.138+0000] {fetch_multiple_cities.py:51} INFO - ✅ Bangkok: AQI = 115
[2025-03-28T22:07:45.142+0000] {base.py:83} INFO - Using connection ID 'postgres_conn' for task execution.
[2025-03-28T22:07:45.144+0000] {sql.py:450} INFO - Running statement: 
                        INSERT INTO air_quality_data (city, aqi, timestamp_utc)
                        VALUES (%s, %s, %s);
                    , parameters: ('Bangkok', 115, datetime.datetime(2025, 3, 29, 5, 7, 44, 909243, tzinfo=<DstTzInfo 'Asia/Bangkok' +07+7:00:00 STD>))
[2025-03-28T22:07:45.144+0000] {sql.py:459} INFO - Rows affected: 1
[2025-03-28T22:08:00.469+0000] {fetch_multiple_cities.py:51} INFO - ✅ Chiang Mai: AQI = 165
[2025-03-28T22:08:00.478+0000] {base.py:83} INFO - Using connection ID 'postgres_conn' for task execution.
[2025-03-28T22:08:00.481+0000] {sql.py:450} INFO - Running statement: 
                        INSERT INTO air_quality_data (city, aqi, timestamp_utc)
                        VALUES (%s, %s, %s);
                    , parameters: ('Chiang Mai', 165, datetime.datetime(2025, 3, 29, 5, 7, 44, 909243, tzinfo=<DstTzInfo 'Asia/Bangkok' +07+7:00:00 STD>))
[2025-03-28T22:08:00.483+0000] {sql.py:459} INFO - Rows affected: 1
[2025-03-28T22:23:15.713+0000] {fetch_multiple_cities.py:51} INFO - ✅ Ratchaburi: AQI = 97
[2025-03-28T22:23:15.716+0000] {base.py:83} INFO - Using connection ID 'postgres_conn' for task execution.
[2025-03-28T22:23:15.718+0000] {sql.py:450} INFO - Running statement: 
                        INSERT INTO air_quality_data (city, aqi, timestamp_utc)
                        VALUES (%s, %s, %s);
                    , parameters: ('Ratchaburi', 97, datetime.datetime(2025, 3, 29, 5, 7, 44, 909243, tzinfo=<DstTzInfo 'Asia/Bangkok' +07+7:00:00 STD>))
[2025-03-28T22:23:15.719+0000] {sql.py:459} INFO - Rows affected: 1
[2025-03-28T22:23:31.033+0000] {fetch_multiple_cities.py:51} INFO - ✅ Rua Yai: AQI = 108
[2025-03-28T22:23:31.043+0000] {base.py:83} INFO - Using connection ID 'postgres_conn' for task execution.
[2025-03-28T22:23:31.048+0000] {sql.py:450} INFO - Running statement: 
                        INSERT INTO air_quality_data (city, aqi, timestamp_utc)
                        VALUES (%s, %s, %s);
                    , parameters: ('Rua Yai', 108, datetime.datetime(2025, 3, 29, 5, 7, 44, 909243, tzinfo=<DstTzInfo 'Asia/Bangkok' +07+7:00:00 STD>))
[2025-03-28T22:23:31.049+0000] {sql.py:459} INFO - Rows affected: 1
[2025-03-28T22:41:27.094+0000] {fetch_multiple_cities.py:51} INFO - ✅ Mueang Nonthaburi: AQI = 110
[2025-03-28T22:41:27.098+0000] {base.py:83} INFO - Using connection ID 'postgres_conn' for task execution.
[2025-03-28T22:41:27.099+0000] {sql.py:450} INFO - Running statement: 
                        INSERT INTO air_quality_data (city, aqi, timestamp_utc)
                        VALUES (%s, %s, %s);
                    , parameters: ('Mueang Nonthaburi', 110, datetime.datetime(2025, 3, 29, 5, 7, 44, 909243, tzinfo=<DstTzInfo 'Asia/Bangkok' +07+7:00:00 STD>))
[2025-03-28T22:41:27.100+0000] {sql.py:459} INFO - Rows affected: 1
[2025-03-28T22:41:42.121+0000] {python.py:201} INFO - Done. Returned value was: None
[2025-03-28T22:41:42.134+0000] {taskinstance.py:1138} INFO - Marking task as SUCCESS. dag_id=fetch_aqi_multiple_cities, task_id=fetch_aqi_all_cities, execution_date=20250328T210000, start_date=20250328T220744, end_date=20250328T224142
[2025-03-28T22:41:42.162+0000] {local_task_job_runner.py:234} INFO - Task exited with return code 0
[2025-03-28T22:41:42.172+0000] {taskinstance.py:3280} INFO - 0 downstream tasks scheduled from follow-on schedule check
