[2025-03-28T20:04:37.429+0000] {taskinstance.py:1956} INFO - Dependencies all met for dep_context=non-requeueable deps ti=<TaskInstance: fetch_aqi_multiple_cities.fetch_aqi_all_cities scheduled__2025-03-28T19:00:00+00:00 [queued]>
[2025-03-28T20:04:37.432+0000] {taskinstance.py:1956} INFO - Dependencies all met for dep_context=requeueable deps ti=<TaskInstance: fetch_aqi_multiple_cities.fetch_aqi_all_cities scheduled__2025-03-28T19:00:00+00:00 [queued]>
[2025-03-28T20:04:37.432+0000] {taskinstance.py:2170} INFO - Starting attempt 1 of 2
[2025-03-28T20:04:37.437+0000] {taskinstance.py:2191} INFO - Executing <Task(PythonOperator): fetch_aqi_all_cities> on 2025-03-28 19:00:00+00:00
[2025-03-28T20:04:37.439+0000] {standard_task_runner.py:60} INFO - Started process 12650 to run task
[2025-03-28T20:04:37.440+0000] {standard_task_runner.py:87} INFO - Running: ['***', 'tasks', 'run', 'fetch_aqi_multiple_cities', 'fetch_aqi_all_cities', 'scheduled__2025-03-28T19:00:00+00:00', '--job-id', '86', '--raw', '--subdir', 'DAGS_FOLDER/fetch_multiple_cities.py', '--cfg-path', '/tmp/tmpwommt3pp']
[2025-03-28T20:04:37.442+0000] {standard_task_runner.py:88} INFO - Job 86: Subtask fetch_aqi_all_cities
[2025-03-28T20:04:37.448+0000] {logging_mixin.py:188} WARNING - /home/***/.local/lib/python3.8/site-packages/***/settings.py:194 DeprecationWarning: The sql_alchemy_conn option in [core] has been moved to the sql_alchemy_conn option in [database] - the old setting has been used, but please update your config.
[2025-03-28T20:04:37.459+0000] {task_command.py:423} INFO - Running <TaskInstance: fetch_aqi_multiple_cities.fetch_aqi_all_cities scheduled__2025-03-28T19:00:00+00:00 [running]> on host f5300fe43025
[2025-03-28T20:04:37.486+0000] {taskinstance.py:2480} INFO - Exporting env vars: AIRFLOW_CTX_DAG_OWNER='***' AIRFLOW_CTX_DAG_ID='fetch_aqi_multiple_cities' AIRFLOW_CTX_TASK_ID='fetch_aqi_all_cities' AIRFLOW_CTX_EXECUTION_DATE='2025-03-28T19:00:00+00:00' AIRFLOW_CTX_TRY_NUMBER='1' AIRFLOW_CTX_DAG_RUN_ID='scheduled__2025-03-28T19:00:00+00:00'
[2025-03-28T20:04:37.718+0000] {fetch_multiple_cities.py:51} INFO - ✅ Bangkok: AQI = 124
[2025-03-28T20:04:37.723+0000] {base.py:83} INFO - Using connection ID 'postgres_conn' for task execution.
[2025-03-28T20:04:37.725+0000] {sql.py:450} INFO - Running statement: 
                        INSERT INTO air_quality_data (city, aqi, timestamp_utc)
                        VALUES (%s, %s, %s);
                    , parameters: ('Bangkok', 124, datetime.datetime(2025, 3, 29, 3, 4, 37, 486715, tzinfo=<DstTzInfo 'Asia/Bangkok' +07+7:00:00 STD>))
[2025-03-28T20:04:37.725+0000] {sql.py:459} INFO - Rows affected: 1
[2025-03-28T20:04:52.984+0000] {fetch_multiple_cities.py:51} INFO - ✅ Chiang Mai: AQI = 157
[2025-03-28T20:04:52.993+0000] {base.py:83} INFO - Using connection ID 'postgres_conn' for task execution.
[2025-03-28T20:04:52.997+0000] {sql.py:450} INFO - Running statement: 
                        INSERT INTO air_quality_data (city, aqi, timestamp_utc)
                        VALUES (%s, %s, %s);
                    , parameters: ('Chiang Mai', 157, datetime.datetime(2025, 3, 29, 3, 4, 37, 486715, tzinfo=<DstTzInfo 'Asia/Bangkok' +07+7:00:00 STD>))
[2025-03-28T20:04:52.998+0000] {sql.py:459} INFO - Rows affected: 1
[2025-03-28T20:20:08.315+0000] {fetch_multiple_cities.py:51} INFO - ✅ Ratchaburi: AQI = 97
[2025-03-28T20:20:08.318+0000] {base.py:83} INFO - Using connection ID 'postgres_conn' for task execution.
[2025-03-28T20:20:08.319+0000] {sql.py:450} INFO - Running statement: 
                        INSERT INTO air_quality_data (city, aqi, timestamp_utc)
                        VALUES (%s, %s, %s);
                    , parameters: ('Ratchaburi', 97, datetime.datetime(2025, 3, 29, 3, 4, 37, 486715, tzinfo=<DstTzInfo 'Asia/Bangkok' +07+7:00:00 STD>))
[2025-03-28T20:20:08.320+0000] {sql.py:459} INFO - Rows affected: 1
[2025-03-28T20:20:23.813+0000] {fetch_multiple_cities.py:51} INFO - ✅ Rua Yai: AQI = 87
[2025-03-28T20:20:23.824+0000] {base.py:83} INFO - Using connection ID 'postgres_conn' for task execution.
[2025-03-28T20:20:23.828+0000] {sql.py:450} INFO - Running statement: 
                        INSERT INTO air_quality_data (city, aqi, timestamp_utc)
                        VALUES (%s, %s, %s);
                    , parameters: ('Rua Yai', 87, datetime.datetime(2025, 3, 29, 3, 4, 37, 486715, tzinfo=<DstTzInfo 'Asia/Bangkok' +07+7:00:00 STD>))
[2025-03-28T20:20:23.830+0000] {sql.py:459} INFO - Rows affected: 1
[2025-03-28T20:26:52.232+0000] {fetch_multiple_cities.py:51} INFO - ✅ Mueang Nonthaburi: AQI = 115
[2025-03-28T20:26:52.242+0000] {base.py:83} INFO - Using connection ID 'postgres_conn' for task execution.
[2025-03-28T20:26:52.245+0000] {sql.py:450} INFO - Running statement: 
                        INSERT INTO air_quality_data (city, aqi, timestamp_utc)
                        VALUES (%s, %s, %s);
                    , parameters: ('Mueang Nonthaburi', 115, datetime.datetime(2025, 3, 29, 3, 4, 37, 486715, tzinfo=<DstTzInfo 'Asia/Bangkok' +07+7:00:00 STD>))
[2025-03-28T20:26:52.246+0000] {sql.py:459} INFO - Rows affected: 1
[2025-03-28T20:27:07.274+0000] {python.py:201} INFO - Done. Returned value was: None
[2025-03-28T20:27:07.288+0000] {taskinstance.py:1138} INFO - Marking task as SUCCESS. dag_id=fetch_aqi_multiple_cities, task_id=fetch_aqi_all_cities, execution_date=20250328T190000, start_date=20250328T200437, end_date=20250328T202707
[2025-03-28T20:27:07.314+0000] {local_task_job_runner.py:234} INFO - Task exited with return code 0
[2025-03-28T20:27:07.325+0000] {taskinstance.py:3280} INFO - 0 downstream tasks scheduled from follow-on schedule check
