[2025-03-27T14:00:00.630+0000] {taskinstance.py:1956} INFO - Dependencies all met for dep_context=non-requeueable deps ti=<TaskInstance: insert_aqi_to_postgres.fetch_and_insert_aqi scheduled__2025-03-27T13:00:00+00:00 [queued]>
[2025-03-27T14:00:00.634+0000] {taskinstance.py:1956} INFO - Dependencies all met for dep_context=requeueable deps ti=<TaskInstance: insert_aqi_to_postgres.fetch_and_insert_aqi scheduled__2025-03-27T13:00:00+00:00 [queued]>
[2025-03-27T14:00:00.635+0000] {taskinstance.py:2170} INFO - Starting attempt 1 of 2
[2025-03-27T14:00:00.640+0000] {taskinstance.py:2191} INFO - Executing <Task(PythonOperator): fetch_and_insert_aqi> on 2025-03-27 13:00:00+00:00
[2025-03-27T14:00:00.642+0000] {standard_task_runner.py:60} INFO - Started process 2556 to run task
[2025-03-27T14:00:00.645+0000] {standard_task_runner.py:87} INFO - Running: ['***', 'tasks', 'run', 'insert_aqi_to_postgres', 'fetch_and_insert_aqi', 'scheduled__2025-03-27T13:00:00+00:00', '--job-id', '40', '--raw', '--subdir', 'DAGS_FOLDER/insert_aqi_to_db.py', '--cfg-path', '/tmp/tmpubyek1ip']
[2025-03-27T14:00:00.646+0000] {standard_task_runner.py:88} INFO - Job 40: Subtask fetch_and_insert_aqi
[2025-03-27T14:00:00.653+0000] {logging_mixin.py:188} WARNING - /home/***/.local/lib/python3.8/site-packages/***/settings.py:194 DeprecationWarning: The sql_alchemy_conn option in [core] has been moved to the sql_alchemy_conn option in [database] - the old setting has been used, but please update your config.
[2025-03-27T14:00:00.670+0000] {task_command.py:423} INFO - Running <TaskInstance: insert_aqi_to_postgres.fetch_and_insert_aqi scheduled__2025-03-27T13:00:00+00:00 [running]> on host deb394d50d01
[2025-03-27T14:00:00.704+0000] {taskinstance.py:2480} INFO - Exporting env vars: AIRFLOW_CTX_DAG_OWNER='***' AIRFLOW_CTX_DAG_ID='insert_aqi_to_postgres' AIRFLOW_CTX_TASK_ID='fetch_and_insert_aqi' AIRFLOW_CTX_EXECUTION_DATE='2025-03-27T13:00:00+00:00' AIRFLOW_CTX_TRY_NUMBER='1' AIRFLOW_CTX_DAG_RUN_ID='scheduled__2025-03-27T13:00:00+00:00'
[2025-03-27T14:00:01.176+0000] {insert_aqi_to_db.py:37} INFO - ✅ AQI in Bangkok: 110 at 2025-03-27 14:00:01.176157
[2025-03-27T14:00:01.181+0000] {base.py:83} INFO - Using connection ID 'postgres_conn' for task execution.
[2025-03-27T14:00:01.183+0000] {sql.py:450} INFO - Running statement: 
                INSERT INTO air_quality_data (city, aqi, timestamp_utc)
                VALUES (%s, %s, %s);
            , parameters: ('Bangkok', 110, datetime.datetime(2025, 3, 27, 14, 0, 1, 176157))
[2025-03-27T14:00:01.183+0000] {sql.py:459} INFO - Rows affected: 1
[2025-03-27T14:00:01.184+0000] {python.py:201} INFO - Done. Returned value was: None
[2025-03-27T14:00:01.188+0000] {taskinstance.py:1138} INFO - Marking task as SUCCESS. dag_id=insert_aqi_to_postgres, task_id=fetch_and_insert_aqi, execution_date=20250327T130000, start_date=20250327T140000, end_date=20250327T140001
[2025-03-27T14:00:01.199+0000] {local_task_job_runner.py:234} INFO - Task exited with return code 0
[2025-03-27T14:00:01.208+0000] {taskinstance.py:3280} INFO - 0 downstream tasks scheduled from follow-on schedule check
