[2025-03-29T15:08:13.066+0000] {taskinstance.py:1956} INFO - Dependencies all met for dep_context=non-requeueable deps ti=<TaskInstance: fetch_aqi_multiple_cities.fetch_aqi_all_cities scheduled__2025-03-29T14:00:00+00:00 [queued]>
[2025-03-29T15:08:13.073+0000] {taskinstance.py:1956} INFO - Dependencies all met for dep_context=requeueable deps ti=<TaskInstance: fetch_aqi_multiple_cities.fetch_aqi_all_cities scheduled__2025-03-29T14:00:00+00:00 [queued]>
[2025-03-29T15:08:13.075+0000] {taskinstance.py:2170} INFO - Starting attempt 1 of 2
[2025-03-29T15:08:13.084+0000] {taskinstance.py:2191} INFO - Executing <Task(PythonOperator): fetch_aqi_all_cities> on 2025-03-29 14:00:00+00:00
[2025-03-29T15:08:13.087+0000] {standard_task_runner.py:60} INFO - Started process 24933 to run task
[2025-03-29T15:08:13.090+0000] {standard_task_runner.py:87} INFO - Running: ['***', 'tasks', 'run', 'fetch_aqi_multiple_cities', 'fetch_aqi_all_cities', 'scheduled__2025-03-29T14:00:00+00:00', '--job-id', '108', '--raw', '--subdir', 'DAGS_FOLDER/fetch_multiple_cities.py', '--cfg-path', '/tmp/tmpd5a8j0oj']
[2025-03-29T15:08:13.091+0000] {standard_task_runner.py:88} INFO - Job 108: Subtask fetch_aqi_all_cities
[2025-03-29T15:08:13.102+0000] {logging_mixin.py:188} WARNING - /home/***/.local/lib/python3.8/site-packages/***/settings.py:194 DeprecationWarning: The sql_alchemy_conn option in [core] has been moved to the sql_alchemy_conn option in [database] - the old setting has been used, but please update your config.
[2025-03-29T15:08:13.134+0000] {task_command.py:423} INFO - Running <TaskInstance: fetch_aqi_multiple_cities.fetch_aqi_all_cities scheduled__2025-03-29T14:00:00+00:00 [running]> on host f5300fe43025
[2025-03-29T15:08:13.178+0000] {taskinstance.py:2480} INFO - Exporting env vars: AIRFLOW_CTX_DAG_OWNER='***' AIRFLOW_CTX_DAG_ID='fetch_aqi_multiple_cities' AIRFLOW_CTX_TASK_ID='fetch_aqi_all_cities' AIRFLOW_CTX_EXECUTION_DATE='2025-03-29T14:00:00+00:00' AIRFLOW_CTX_TRY_NUMBER='1' AIRFLOW_CTX_DAG_RUN_ID='scheduled__2025-03-29T14:00:00+00:00'
[2025-03-29T15:08:13.592+0000] {fetch_multiple_cities.py:51} INFO - ✅ Bangkok: AQI = 118
[2025-03-29T15:08:13.598+0000] {base.py:83} INFO - Using connection ID 'postgres_conn' for task execution.
[2025-03-29T15:08:13.599+0000] {sql.py:450} INFO - Running statement: 
                        INSERT INTO air_quality_data (city, aqi, timestamp_utc)
                        VALUES (%s, %s, %s);
                    , parameters: ('Bangkok', 118, datetime.datetime(2025, 3, 29, 22, 8, 13, 179322, tzinfo=<DstTzInfo 'Asia/Bangkok' +07+7:00:00 STD>))
[2025-03-29T15:08:13.600+0000] {sql.py:459} INFO - Rows affected: 1
[2025-03-29T15:08:29.202+0000] {fetch_multiple_cities.py:51} INFO - ✅ Chiang Mai: AQI = 178
[2025-03-29T15:08:29.207+0000] {base.py:83} INFO - Using connection ID 'postgres_conn' for task execution.
[2025-03-29T15:08:29.209+0000] {sql.py:450} INFO - Running statement: 
                        INSERT INTO air_quality_data (city, aqi, timestamp_utc)
                        VALUES (%s, %s, %s);
                    , parameters: ('Chiang Mai', 178, datetime.datetime(2025, 3, 29, 22, 8, 13, 179322, tzinfo=<DstTzInfo 'Asia/Bangkok' +07+7:00:00 STD>))
[2025-03-29T15:08:29.210+0000] {sql.py:459} INFO - Rows affected: 1
[2025-03-29T15:08:44.480+0000] {fetch_multiple_cities.py:51} INFO - ✅ Ratchaburi: AQI = 69
[2025-03-29T15:08:44.490+0000] {base.py:83} INFO - Using connection ID 'postgres_conn' for task execution.
[2025-03-29T15:08:44.495+0000] {sql.py:450} INFO - Running statement: 
                        INSERT INTO air_quality_data (city, aqi, timestamp_utc)
                        VALUES (%s, %s, %s);
                    , parameters: ('Ratchaburi', 69, datetime.datetime(2025, 3, 29, 22, 8, 13, 179322, tzinfo=<DstTzInfo 'Asia/Bangkok' +07+7:00:00 STD>))
[2025-03-29T15:08:44.497+0000] {sql.py:459} INFO - Rows affected: 1
[2025-03-29T15:08:59.743+0000] {fetch_multiple_cities.py:51} INFO - ✅ Rua Yai: AQI = 106
[2025-03-29T15:08:59.752+0000] {base.py:83} INFO - Using connection ID 'postgres_conn' for task execution.
[2025-03-29T15:08:59.756+0000] {sql.py:450} INFO - Running statement: 
                        INSERT INTO air_quality_data (city, aqi, timestamp_utc)
                        VALUES (%s, %s, %s);
                    , parameters: ('Rua Yai', 106, datetime.datetime(2025, 3, 29, 22, 8, 13, 179322, tzinfo=<DstTzInfo 'Asia/Bangkok' +07+7:00:00 STD>))
[2025-03-29T15:08:59.758+0000] {sql.py:459} INFO - Rows affected: 1
[2025-03-29T15:09:15.000+0000] {fetch_multiple_cities.py:51} INFO - ✅ Mueang Nonthaburi: AQI = 104
[2025-03-29T15:09:15.010+0000] {base.py:83} INFO - Using connection ID 'postgres_conn' for task execution.
[2025-03-29T15:09:15.014+0000] {sql.py:450} INFO - Running statement: 
                        INSERT INTO air_quality_data (city, aqi, timestamp_utc)
                        VALUES (%s, %s, %s);
                    , parameters: ('Mueang Nonthaburi', 104, datetime.datetime(2025, 3, 29, 22, 8, 13, 179322, tzinfo=<DstTzInfo 'Asia/Bangkok' +07+7:00:00 STD>))
[2025-03-29T15:09:15.015+0000] {sql.py:459} INFO - Rows affected: 1
[2025-03-29T15:09:30.034+0000] {python.py:201} INFO - Done. Returned value was: None
[2025-03-29T15:09:30.048+0000] {taskinstance.py:1138} INFO - Marking task as SUCCESS. dag_id=fetch_aqi_multiple_cities, task_id=fetch_aqi_all_cities, execution_date=20250329T140000, start_date=20250329T150813, end_date=20250329T150930
[2025-03-29T15:09:30.074+0000] {local_task_job_runner.py:234} INFO - Task exited with return code 0
[2025-03-29T15:09:30.085+0000] {taskinstance.py:3280} INFO - 0 downstream tasks scheduled from follow-on schedule check
