[2025-03-29T01:00:00.428+0000] {taskinstance.py:1956} INFO - Dependencies all met for dep_context=non-requeueable deps ti=<TaskInstance: fetch_aqi_multiple_cities.fetch_aqi_all_cities scheduled__2025-03-29T00:00:00+00:00 [queued]>
[2025-03-29T01:00:00.431+0000] {taskinstance.py:1956} INFO - Dependencies all met for dep_context=requeueable deps ti=<TaskInstance: fetch_aqi_multiple_cities.fetch_aqi_all_cities scheduled__2025-03-29T00:00:00+00:00 [queued]>
[2025-03-29T01:00:00.431+0000] {taskinstance.py:2170} INFO - Starting attempt 1 of 2
[2025-03-29T01:00:00.435+0000] {taskinstance.py:2191} INFO - Executing <Task(PythonOperator): fetch_aqi_all_cities> on 2025-03-29 00:00:00+00:00
[2025-03-29T01:00:00.437+0000] {standard_task_runner.py:60} INFO - Started process 13845 to run task
[2025-03-29T01:00:00.439+0000] {standard_task_runner.py:87} INFO - Running: ['***', 'tasks', 'run', 'fetch_aqi_multiple_cities', 'fetch_aqi_all_cities', 'scheduled__2025-03-29T00:00:00+00:00', '--job-id', '92', '--raw', '--subdir', 'DAGS_FOLDER/fetch_multiple_cities.py', '--cfg-path', '/tmp/tmpqgggovsv']
[2025-03-29T01:00:00.440+0000] {standard_task_runner.py:88} INFO - Job 92: Subtask fetch_aqi_all_cities
[2025-03-29T01:00:00.446+0000] {logging_mixin.py:188} WARNING - /home/***/.local/lib/python3.8/site-packages/***/settings.py:194 DeprecationWarning: The sql_alchemy_conn option in [core] has been moved to the sql_alchemy_conn option in [database] - the old setting has been used, but please update your config.
[2025-03-29T01:00:00.457+0000] {task_command.py:423} INFO - Running <TaskInstance: fetch_aqi_multiple_cities.fetch_aqi_all_cities scheduled__2025-03-29T00:00:00+00:00 [running]> on host f5300fe43025
[2025-03-29T01:00:00.483+0000] {taskinstance.py:2480} INFO - Exporting env vars: AIRFLOW_CTX_DAG_OWNER='***' AIRFLOW_CTX_DAG_ID='fetch_aqi_multiple_cities' AIRFLOW_CTX_TASK_ID='fetch_aqi_all_cities' AIRFLOW_CTX_EXECUTION_DATE='2025-03-29T00:00:00+00:00' AIRFLOW_CTX_TRY_NUMBER='1' AIRFLOW_CTX_DAG_RUN_ID='scheduled__2025-03-29T00:00:00+00:00'
[2025-03-29T01:00:00.716+0000] {fetch_multiple_cities.py:51} INFO - ✅ Bangkok: AQI = 115
[2025-03-29T01:00:00.729+0000] {base.py:83} INFO - Using connection ID 'postgres_conn' for task execution.
[2025-03-29T01:00:00.733+0000] {sql.py:450} INFO - Running statement: 
                        INSERT INTO air_quality_data (city, aqi, timestamp_utc)
                        VALUES (%s, %s, %s);
                    , parameters: ('Bangkok', 115, datetime.datetime(2025, 3, 29, 8, 0, 0, 484007, tzinfo=<DstTzInfo 'Asia/Bangkok' +07+7:00:00 STD>))
[2025-03-29T01:00:00.734+0000] {sql.py:459} INFO - Rows affected: 1
[2025-03-29T01:00:15.966+0000] {fetch_multiple_cities.py:51} INFO - ✅ Chiang Mai: AQI = 173
[2025-03-29T01:00:15.975+0000] {base.py:83} INFO - Using connection ID 'postgres_conn' for task execution.
[2025-03-29T01:00:15.978+0000] {sql.py:450} INFO - Running statement: 
                        INSERT INTO air_quality_data (city, aqi, timestamp_utc)
                        VALUES (%s, %s, %s);
                    , parameters: ('Chiang Mai', 173, datetime.datetime(2025, 3, 29, 8, 0, 0, 484007, tzinfo=<DstTzInfo 'Asia/Bangkok' +07+7:00:00 STD>))
[2025-03-29T01:00:15.979+0000] {sql.py:459} INFO - Rows affected: 1
[2025-03-29T01:00:31.250+0000] {fetch_multiple_cities.py:51} INFO - ✅ Ratchaburi: AQI = 114
[2025-03-29T01:00:31.261+0000] {base.py:83} INFO - Using connection ID 'postgres_conn' for task execution.
[2025-03-29T01:00:31.265+0000] {sql.py:450} INFO - Running statement: 
                        INSERT INTO air_quality_data (city, aqi, timestamp_utc)
                        VALUES (%s, %s, %s);
                    , parameters: ('Ratchaburi', 114, datetime.datetime(2025, 3, 29, 8, 0, 0, 484007, tzinfo=<DstTzInfo 'Asia/Bangkok' +07+7:00:00 STD>))
[2025-03-29T01:00:31.266+0000] {sql.py:459} INFO - Rows affected: 1
[2025-03-29T01:00:46.529+0000] {fetch_multiple_cities.py:51} INFO - ✅ Rua Yai: AQI = 97
[2025-03-29T01:00:46.540+0000] {base.py:83} INFO - Using connection ID 'postgres_conn' for task execution.
[2025-03-29T01:00:46.545+0000] {sql.py:450} INFO - Running statement: 
                        INSERT INTO air_quality_data (city, aqi, timestamp_utc)
                        VALUES (%s, %s, %s);
                    , parameters: ('Rua Yai', 97, datetime.datetime(2025, 3, 29, 8, 0, 0, 484007, tzinfo=<DstTzInfo 'Asia/Bangkok' +07+7:00:00 STD>))
[2025-03-29T01:00:46.546+0000] {sql.py:459} INFO - Rows affected: 1
[2025-03-29T01:01:01.797+0000] {fetch_multiple_cities.py:51} INFO - ✅ Mueang Nonthaburi: AQI = 116
[2025-03-29T01:01:01.808+0000] {base.py:83} INFO - Using connection ID 'postgres_conn' for task execution.
[2025-03-29T01:01:01.814+0000] {sql.py:450} INFO - Running statement: 
                        INSERT INTO air_quality_data (city, aqi, timestamp_utc)
                        VALUES (%s, %s, %s);
                    , parameters: ('Mueang Nonthaburi', 116, datetime.datetime(2025, 3, 29, 8, 0, 0, 484007, tzinfo=<DstTzInfo 'Asia/Bangkok' +07+7:00:00 STD>))
[2025-03-29T01:01:01.816+0000] {sql.py:459} INFO - Rows affected: 1
[2025-03-29T01:01:16.835+0000] {python.py:201} INFO - Done. Returned value was: None
[2025-03-29T01:01:16.850+0000] {taskinstance.py:1138} INFO - Marking task as SUCCESS. dag_id=fetch_aqi_multiple_cities, task_id=fetch_aqi_all_cities, execution_date=20250329T000000, start_date=20250329T010000, end_date=20250329T010116
[2025-03-29T01:01:16.875+0000] {local_task_job_runner.py:234} INFO - Task exited with return code 0
[2025-03-29T01:01:16.885+0000] {taskinstance.py:3280} INFO - 0 downstream tasks scheduled from follow-on schedule check
